[0.005s] Invoking command in '/home/dakota/.local/repos/control_framework/build/lockstep_sim': CMAKE_PREFIX_PATH=/home/dakota/.local/repos/control_framework/install/control_framework_interfaces:/home/dakota/.local/repos/control_framework/install/lockstep_sim:/opt/ros/humble /usr/bin/cmake --build /home/dakota/.local/repos/control_framework/build/lockstep_sim -- -j28 -l28
[0.030s] [35m[1mConsolidate compiler generated dependencies of target lockstep_sim[0m
[0.044s] [ 25%] [32mBuilding CXX object CMakeFiles/lockstep_sim.dir/src/main.cpp.o[0m
[0.045s] [ 50%] [32mBuilding CXX object CMakeFiles/lockstep_sim.dir/src/lockstep_sim.cpp.o[0m
[0.175s] In file included from [01m[K/home/dakota/.local/repos/control_framework/src/lockstep_sim/src/main.cpp:4[m[K:
[0.175s] [01m[K/home/dakota/.local/repos/control_framework/src/lockstep_sim/src/../include/lockstep_sim/lockstep_sim.hpp:12:10:[m[K [01;31m[Kfatal error: [m[Ksensor_msgs/msg/joint_state.hpp: No such file or directory
[0.175s]    12 | #include [01;31m[K<sensor_msgs/msg/joint_state.hpp>[m[K
[0.175s]       |          [01;31m[K^~~~~~~~~~~~~~~~~~~~~~~~~~~~~~~~~[m[K
[0.175s] In file included from [01m[K/home/dakota/.local/repos/control_framework/src/lockstep_sim/src/lockstep_sim.cpp:3[m[K:
[0.175s] [01m[K/home/dakota/.local/repos/control_framework/src/lockstep_sim/src/../include/lockstep_sim/lockstep_sim.hpp:12:10:[m[K [01;31m[Kfatal error: [m[Ksensor_msgs/msg/joint_state.hpp: No such file or directory
[0.176s]    12 | #include [01;31m[K<sensor_msgs/msg/joint_state.hpp>[m[K
[0.176s]       |          [01;31m[K^~~~~~~~~~~~~~~~~~~~~~~~~~~~~~~~~[m[K
[0.176s] compilation terminated.
[0.176s] compilation terminated.
[0.177s] gmake[2]: *** [CMakeFiles/lockstep_sim.dir/build.make:76: CMakeFiles/lockstep_sim.dir/src/main.cpp.o] Error 1
[0.177s] gmake[2]: *** Waiting for unfinished jobs....
[0.177s] gmake[2]: *** [CMakeFiles/lockstep_sim.dir/build.make:90: CMakeFiles/lockstep_sim.dir/src/lockstep_sim.cpp.o] Error 1
[0.177s] gmake[1]: *** [CMakeFiles/Makefile2:137: CMakeFiles/lockstep_sim.dir/all] Error 2
[0.177s] gmake: *** [Makefile:146: all] Error 2
[0.178s] Invoked command in '/home/dakota/.local/repos/control_framework/build/lockstep_sim' returned '2': CMAKE_PREFIX_PATH=/home/dakota/.local/repos/control_framework/install/control_framework_interfaces:/home/dakota/.local/repos/control_framework/install/lockstep_sim:/opt/ros/humble /usr/bin/cmake --build /home/dakota/.local/repos/control_framework/build/lockstep_sim -- -j28 -l28
