-- Found ament_cmake: 1.3.14 (/opt/ros/humble/share/ament_cmake/cmake)
-- Found rclcpp: 16.0.19 (/opt/ros/humble/share/rclcpp/cmake)
-- Found rosidl_generator_c: 3.1.8 (/opt/ros/humble/share/rosidl_generator_c/cmake)
-- Found rosidl_adapter: 3.1.8 (/opt/ros/humble/share/rosidl_adapter/cmake)
-- Found rosidl_generator_cpp: 3.1.8 (/opt/ros/humble/share/rosidl_generator_cpp/cmake)
-- Using all available rosidl_typesupport_c: rosidl_typesupport_fastrtps_c;rosidl_typesupport_introspection_c
-- Using all available rosidl_typesupport_cpp: rosidl_typesupport_fastrtps_cpp;rosidl_typesupport_introspection_cpp
-- Found rmw_implementation_cmake: 6.1.2 (/opt/ros/humble/share/rmw_implementation_cmake/cmake)
-- Found rmw_fastrtps_cpp: 6.2.10 (/opt/ros/humble/share/rmw_fastrtps_cpp/cmake)
-- Using RMW implementation 'rmw_fastrtps_cpp' as default
-- Found sensor_msgs: 4.9.1 (/opt/ros/humble/share/sensor_msgs/cmake)
-- Found control_framework_interfaces: 0.0.0 (/home/dakota/.local/repos/control_framework/install/control_framework_interfaces/share/control_framework_interfaces/cmake)
-- Found std_srvs: 4.9.1 (/opt/ros/humble/share/std_srvs/cmake)
-- Found controller: 0.0.0 (/home/dakota/.local/repos/control_framework/install/controller/share/controller/cmake)
-- Found ament_lint_auto: 0.12.15 (/opt/ros/humble/share/ament_lint_auto/cmake)
-- Added test 'cppcheck' to perform static code analysis on C / C++ code
-- Configured cppcheck include dirs: 
-- Configured cppcheck exclude dirs and/or files: 
-- Added test 'lint_cmake' to check CMake code style
-- Added test 'uncrustify' to check C / C++ code style
-- Configured uncrustify additional arguments: 
-- Added test 'xmllint' to check XML markup files
-- Configuring done
-- Generating done
-- Build files have been written to: /home/dakota/.local/repos/control_framework/build/sim
[35m[1mConsolidate compiler generated dependencies of target lockstep_sim[0m
[ 37%] [32mBuilding CXX object CMakeFiles/parallel_sim.dir/src/main_parallel.cpp.o[0m
[ 37%] [32mBuilding CXX object CMakeFiles/parallel_sim.dir/src/render.cpp.o[0m
[ 37%] [32mBuilding CXX object CMakeFiles/parallel_sim.dir/src/parallel_sim.cpp.o[0m
[ 50%] [32mBuilding CXX object CMakeFiles/lockstep_sim.dir/src/main_lockstep.cpp.o[0m
[ 75%] [32mBuilding CXX object CMakeFiles/lockstep_sim.dir/src/render.cpp.o[0m
[ 75%] [32mBuilding CXX object CMakeFiles/lockstep_sim.dir/src/lockstep_sim.cpp.o[0m
