[0.005s] Invoking command in '/home/dakota/.local/repos/control_framework/build/lockstep_sim': AMENT_PREFIX_PATH=/home/dakota/.local/repos/control_framework/install/control_framework_interfaces:${AMENT_PREFIX_PATH} CMAKE_PREFIX_PATH=/home/dakota/.local/repos/control_framework/install/control_framework_interfaces:/opt/ros/humble LD_LIBRARY_PATH=/home/dakota/.local/repos/control_framework/install/control_framework_interfaces/lib:${LD_LIBRARY_PATH} PYTHONPATH=/home/dakota/.local/repos/control_framework/install/control_framework_interfaces/local/lib/python3.10/dist-packages:${PYTHONPATH} /usr/bin/cmake --build /home/dakota/.local/repos/control_framework/build/lockstep_sim -- -j28 -l28
[0.032s] [35m[1mConsolidate compiler generated dependencies of target lockstep_sim[0m
[0.043s] [ 25%] [32mBuilding CXX object CMakeFiles/lockstep_sim.dir/src/main.cpp.o[0m
[1.078s] [01m[K/home/dakota/.local/repos/control_framework/src/lockstep_sim/src/main.cpp:[m[K In function ‘[01m[Kint main(int, char**)[m[K’:
[1.078s] [01m[K/home/dakota/.local/repos/control_framework/src/lockstep_sim/src/main.cpp:23:31:[m[K [01;31m[Kerror: [m[Kinvalid initialization of reference of type ‘[01m[Kstd::thread&[m[K’ from expression of type ‘[01m[Krclcpp::executors::SingleThreadedExecutor[m[K’
[1.078s]    23 |   bool ret = configure_thread([01;31m[Ksim_executor[m[K, ThreadPriority::HIGH, CPU_ZERO);
[1.078s]       |                               [01;31m[K^~~~~~~~~~~~[m[K
[1.078s] In file included from [01m[K/home/dakota/.local/repos/control_framework/src/lockstep_sim/src/main.cpp:4[m[K:
[1.078s] [01m[K/home/dakota/.local/repos/control_framework/src/lockstep_sim/src/../include/lockstep_sim/utilities.hpp:184:44:[m[K [01;36m[Knote: [m[Kin passing argument 1 of ‘[01m[Kbool utilities::configure_thread(std::thread&, utilities::ThreadPriority, int)[m[K’
[1.078s]   184 | inline bool configure_thread([01;36m[Kstd::thread & thread[m[K, ThreadPriority priority, int cpu_id)
[1.078s]       |                              [01;36m[K~~~~~~~~~~~~~~^~~~~~[m[K
[1.081s] In file included from [01m[K/opt/ros/humble/include/rclcpp/rclcpp/client.hpp:40[m[K,
[1.081s]                  from [01m[K/opt/ros/humble/include/rclcpp/rclcpp/callback_group.hpp:24[m[K,
[1.081s]                  from [01m[K/opt/ros/humble/include/rclcpp/rclcpp/any_executable.hpp:20[m[K,
[1.081s]                  from [01m[K/opt/ros/humble/include/rclcpp/rclcpp/memory_strategy.hpp:25[m[K,
[1.081s]                  from [01m[K/opt/ros/humble/include/rclcpp/rclcpp/memory_strategies.hpp:18[m[K,
[1.081s]                  from [01m[K/opt/ros/humble/include/rclcpp/rclcpp/executor_options.hpp:20[m[K,
[1.081s]                  from [01m[K/opt/ros/humble/include/rclcpp/rclcpp/executor.hpp:37[m[K,
[1.081s]                  from [01m[K/opt/ros/humble/include/rclcpp/rclcpp/executors/multi_threaded_executor.hpp:25[m[K,
[1.081s]                  from [01m[K/opt/ros/humble/include/rclcpp/rclcpp/executors.hpp:21[m[K,
[1.081s]                  from [01m[K/opt/ros/humble/include/rclcpp/rclcpp/rclcpp.hpp:155[m[K,
[1.081s]                  from [01m[K/home/dakota/.local/repos/control_framework/src/lockstep_sim/src/../include/lockstep_sim/lockstep_sim.hpp:11[m[K,
[1.081s]                  from [01m[K/home/dakota/.local/repos/control_framework/src/lockstep_sim/src/main.cpp:2[m[K:
[1.082s] [01m[K/home/dakota/.local/repos/control_framework/src/lockstep_sim/src/main.cpp:25:17:[m[K [01;31m[Kerror: [m[K‘[01m[Klogger[m[K’ was not declared in this scope
[1.082s]    25 |     RCLCPP_WARN([01;31m[Klogger[m[K, "Failed to configure high priority thread, are you root?");
[1.082s]       |                 [01;31m[K^~~~~~[m[K
[1.082s] [01m[K/home/dakota/.local/repos/control_framework/src/lockstep_sim/src/main.cpp:25:5:[m[K [01;31m[Kerror: [m[Ktemplate argument 1 is invalid
[1.082s]    25 |     [01;31m[KRCLCPP_WARN[m[K(logger, "Failed to configure high priority thread, are you root?");
[1.082s]       |     [01;31m[K^~~~~~~~~~~[m[K
[1.281s] gmake[2]: *** [CMakeFiles/lockstep_sim.dir/build.make:76: CMakeFiles/lockstep_sim.dir/src/main.cpp.o] Error 1
[1.281s] gmake[1]: *** [CMakeFiles/Makefile2:137: CMakeFiles/lockstep_sim.dir/all] Error 2
[1.282s] gmake: *** [Makefile:146: all] Error 2
[1.283s] Invoked command in '/home/dakota/.local/repos/control_framework/build/lockstep_sim' returned '2': AMENT_PREFIX_PATH=/home/dakota/.local/repos/control_framework/install/control_framework_interfaces:${AMENT_PREFIX_PATH} CMAKE_PREFIX_PATH=/home/dakota/.local/repos/control_framework/install/control_framework_interfaces:/opt/ros/humble LD_LIBRARY_PATH=/home/dakota/.local/repos/control_framework/install/control_framework_interfaces/lib:${LD_LIBRARY_PATH} PYTHONPATH=/home/dakota/.local/repos/control_framework/install/control_framework_interfaces/local/lib/python3.10/dist-packages:${PYTHONPATH} /usr/bin/cmake --build /home/dakota/.local/repos/control_framework/build/lockstep_sim -- -j28 -l28
