[0.005s] Invoking command in '/home/dakota/.local/repos/control_framework/build/excel_record_logging': CMAKE_PREFIX_PATH=/home/dakota/.local/repos/control_framework/install/control_framework_interfaces:/home/dakota/.local/repos/control_framework/install/lockstep_sim:/home/dakota/.local/repos/control_framework/install/excel_record_logging:/home/dakota/.local/repos/control_framework/install/controller:/opt/ros/humble LD_LIBRARY_PATH=/home/dakota/.local/repos/control_framework/install/control_framework_interfaces/lib:/home/dakota/.local/repos/control_framework/install/controller/lib:/opt/ros/humble/opt/rviz_ogre_vendor/lib:/opt/ros/humble/lib/x86_64-linux-gnu:/opt/ros/humble/lib /usr/bin/cmake --build /home/dakota/.local/repos/control_framework/build/excel_record_logging -- -j28 -l28
[0.022s] -- Found ament_cmake: 1.3.14 (/opt/ros/humble/share/ament_cmake/cmake)
[0.086s] -- Found rclcpp: 16.0.19 (/opt/ros/humble/share/rclcpp/cmake)
[0.099s] -- Found rosidl_generator_c: 3.1.8 (/opt/ros/humble/share/rosidl_generator_c/cmake)
[0.100s] -- Found rosidl_adapter: 3.1.8 (/opt/ros/humble/share/rosidl_adapter/cmake)
[0.103s] -- Found rosidl_generator_cpp: 3.1.8 (/opt/ros/humble/share/rosidl_generator_cpp/cmake)
[0.107s] -- Using all available rosidl_typesupport_c: rosidl_typesupport_fastrtps_c;rosidl_typesupport_introspection_c
[0.113s] -- Using all available rosidl_typesupport_cpp: rosidl_typesupport_fastrtps_cpp;rosidl_typesupport_introspection_cpp
[0.128s] -- Found rmw_implementation_cmake: 6.1.2 (/opt/ros/humble/share/rmw_implementation_cmake/cmake)
[0.128s] -- Found rmw_fastrtps_cpp: 6.2.10 (/opt/ros/humble/share/rmw_fastrtps_cpp/cmake)
[0.181s] -- Using RMW implementation 'rmw_fastrtps_cpp' as default
[0.205s] -- Found sensor_msgs: 4.9.1 (/opt/ros/humble/share/sensor_msgs/cmake)
[0.219s] -- Found control_framework_interfaces: 0.0.0 (/home/dakota/.local/repos/control_framework/install/control_framework_interfaces/share/control_framework_interfaces/cmake)
[0.223s] -- Found ament_lint_auto: 0.12.15 (/opt/ros/humble/share/ament_lint_auto/cmake)
[0.257s] -- Added test 'cppcheck' to perform static code analysis on C / C++ code
[0.257s] -- Configured cppcheck include dirs: 
[0.257s] -- Configured cppcheck exclude dirs and/or files: 
[0.257s] -- Added test 'lint_cmake' to check CMake code style
[0.257s] -- Added test 'uncrustify' to check C / C++ code style
[0.257s] -- Configured uncrustify additional arguments: 
[0.257s] -- Added test 'xmllint' to check XML markup files
[0.257s] -- Configuring done
[0.262s] -- Generating done
[0.264s] -- Build files have been written to: /home/dakota/.local/repos/control_framework/build/excel_record_logging
[0.282s] [35m[1mConsolidate compiler generated dependencies of target excel_record_logging[0m
[0.297s] [ 33%] [32mBuilding CXX object CMakeFiles/excel_record_logging.dir/src/main.cpp.o[0m
[0.297s] [ 66%] [32mBuilding CXX object CMakeFiles/excel_record_logging.dir/src/excel_record_logging.cpp.o[0m
[1.387s] [01m[K/home/dakota/.local/repos/control_framework/src/excel_record_logging/src/excel_record_logging.cpp:[m[K In constructor ‘[01m[KExcelRecordLogging::ExcelRecordLogging()[m[K’:
[1.387s] [01m[K/home/dakota/.local/repos/control_framework/src/excel_record_logging/src/excel_record_logging.cpp:9:80:[m[K [01;31m[Kerror: [m[Kno matching function for call to ‘[01m[KExcelRecordLogging::create_subscription<sensor_msgs::msg::JointState>(const char [13], int)[m[K’
[1.387s]     9 |     state_subscriber_ = [01;31m[Kthis->create_subscription<sensor_msgs::msg::JointState>("joint_states", 10)[m[K; //Need custom msg
[1.387s]       |                         [01;31m[K~~~~~~~~~~~~~~~~~~~~~~~~~~~~~~~~~~~~~~~~~~~~~~~~~~~~~~~^~~~~~~~~~~~~~~~~~~~[m[K
[1.387s] In file included from [01m[K/opt/ros/humble/include/rclcpp/rclcpp/executors/single_threaded_executor.hpp:28[m[K,
[1.387s]                  from [01m[K/opt/ros/humble/include/rclcpp/rclcpp/executors.hpp:22[m[K,
[1.387s]                  from [01m[K/opt/ros/humble/include/rclcpp/rclcpp/rclcpp.hpp:155[m[K,
[1.387s]                  from [01m[K/home/dakota/.local/repos/control_framework/src/excel_record_logging/src/../include/excel_record_logging/excel_record_logging.hpp:4[m[K,
[1.387s]                  from [01m[K/home/dakota/.local/repos/control_framework/src/excel_record_logging/src/excel_record_logging.cpp:1[m[K:
[1.387s] [01m[K/opt/ros/humble/include/rclcpp/rclcpp/node.hpp:219:3:[m[K [01;36m[Knote: [m[Kcandidate: ‘[01m[Ktemplate<class MessageT, class CallbackT, class AllocatorT, class SubscriptionT, class MessageMemoryStrategyT> std::shared_ptr<ROSMessageT> rclcpp::Node::create_subscription(const string&, const rclcpp::QoS&, CallbackT&&, const rclcpp::SubscriptionOptionsWithAllocator<AllocatorT>&, typename MessageMemoryStrategyT::SharedPtr)[m[K’
[1.387s]   219 |   [01;36m[Kcreate_subscription[m[K(
[1.387s]       |   [01;36m[K^~~~~~~~~~~~~~~~~~~[m[K
[1.387s] [01m[K/opt/ros/humble/include/rclcpp/rclcpp/node.hpp:219:3:[m[K [01;36m[Knote: [m[K  template argument deduction/substitution failed:
[1.387s] [01m[K/home/dakota/.local/repos/control_framework/src/excel_record_logging/src/excel_record_logging.cpp:9:80:[m[K [01;36m[Knote: [m[K  candidate expects 5 arguments, 2 provided
[1.387s]     9 |     state_subscriber_ = [01;36m[Kthis->create_subscription<sensor_msgs::msg::JointState>("joint_states", 10)[m[K; //Need custom msg
[1.388s]       |                         [01;36m[K~~~~~~~~~~~~~~~~~~~~~~~~~~~~~~~~~~~~~~~~~~~~~~~~~~~~~~~^~~~~~~~~~~~~~~~~~~~[m[K
[1.388s] [01m[K/home/dakota/.local/repos/control_framework/src/excel_record_logging/src/excel_record_logging.cpp:10:77:[m[K [01;31m[Kerror: [m[Kno matching function for call to ‘[01m[KExcelRecordLogging::create_subscription<std_msgs::msg::Float64>(const char [9], int)[m[K’
[1.388s]    10 |     sim_time_subscriber_ = [01;31m[Kthis->create_subscription<std_msgs::msg::Float64>("sim_time", 10)[m[K; //Need custom msg
[1.388s]       |                            [01;31m[K~~~~~~~~~~~~~~~~~~~~~~~~~~~~~~~~~~~~~~~~~~~~~~~~~^~~~~~~~~~~~~~~~[m[K
[1.388s] In file included from [01m[K/opt/ros/humble/include/rclcpp/rclcpp/executors/single_threaded_executor.hpp:28[m[K,
[1.388s]                  from [01m[K/opt/ros/humble/include/rclcpp/rclcpp/executors.hpp:22[m[K,
[1.388s]                  from [01m[K/opt/ros/humble/include/rclcpp/rclcpp/rclcpp.hpp:155[m[K,
[1.388s]                  from [01m[K/home/dakota/.local/repos/control_framework/src/excel_record_logging/src/../include/excel_record_logging/excel_record_logging.hpp:4[m[K,
[1.388s]                  from [01m[K/home/dakota/.local/repos/control_framework/src/excel_record_logging/src/excel_record_logging.cpp:1[m[K:
[1.388s] [01m[K/opt/ros/humble/include/rclcpp/rclcpp/node.hpp:219:3:[m[K [01;36m[Knote: [m[Kcandidate: ‘[01m[Ktemplate<class MessageT, class CallbackT, class AllocatorT, class SubscriptionT, class MessageMemoryStrategyT> std::shared_ptr<ROSMessageT> rclcpp::Node::create_subscription(const string&, const rclcpp::QoS&, CallbackT&&, const rclcpp::SubscriptionOptionsWithAllocator<AllocatorT>&, typename MessageMemoryStrategyT::SharedPtr)[m[K’
[1.388s]   219 |   [01;36m[Kcreate_subscription[m[K(
[1.388s]       |   [01;36m[K^~~~~~~~~~~~~~~~~~~[m[K
[1.388s] [01m[K/opt/ros/humble/include/rclcpp/rclcpp/node.hpp:219:3:[m[K [01;36m[Knote: [m[K  template argument deduction/substitution failed:
[1.388s] [01m[K/home/dakota/.local/repos/control_framework/src/excel_record_logging/src/excel_record_logging.cpp:10:77:[m[K [01;36m[Knote: [m[K  candidate expects 5 arguments, 2 provided
[1.388s]    10 |     sim_time_subscriber_ = [01;36m[Kthis->create_subscription<std_msgs::msg::Float64>("sim_time", 10)[m[K; //Need custom msg
[1.388s]       |                            [01;36m[K~~~~~~~~~~~~~~~~~~~~~~~~~~~~~~~~~~~~~~~~~~~~~~~~~^~~~~~~~~~~~~~~~[m[K
[1.671s] gmake[2]: *** [CMakeFiles/excel_record_logging.dir/build.make:90: CMakeFiles/excel_record_logging.dir/src/excel_record_logging.cpp.o] Error 1
[1.671s] gmake[1]: *** [CMakeFiles/Makefile2:137: CMakeFiles/excel_record_logging.dir/all] Error 2
[1.671s] gmake: *** [Makefile:146: all] Error 2
[1.673s] Invoked command in '/home/dakota/.local/repos/control_framework/build/excel_record_logging' returned '2': CMAKE_PREFIX_PATH=/home/dakota/.local/repos/control_framework/install/control_framework_interfaces:/home/dakota/.local/repos/control_framework/install/lockstep_sim:/home/dakota/.local/repos/control_framework/install/excel_record_logging:/home/dakota/.local/repos/control_framework/install/controller:/opt/ros/humble LD_LIBRARY_PATH=/home/dakota/.local/repos/control_framework/install/control_framework_interfaces/lib:/home/dakota/.local/repos/control_framework/install/controller/lib:/opt/ros/humble/opt/rviz_ogre_vendor/lib:/opt/ros/humble/lib/x86_64-linux-gnu:/opt/ros/humble/lib /usr/bin/cmake --build /home/dakota/.local/repos/control_framework/build/excel_record_logging -- -j28 -l28
