[0.005s] Invoking command in '/home/dakota/.local/repos/control_framework/build/services': CMAKE_PREFIX_PATH=${CMAKE_PREFIX_PATH}:/opt/ros/humble /usr/bin/cmake /home/dakota/.local/repos/control_framework/src/services -DCMAKE_INSTALL_PREFIX=/home/dakota/.local/repos/control_framework/install/services
[0.037s] -- The C compiler identification is GNU 11.4.0
[0.069s] -- The CXX compiler identification is GNU 11.4.0
[0.073s] -- Detecting C compiler ABI info
[0.113s] -- Detecting C compiler ABI info - done
[0.118s] -- Check for working C compiler: /usr/bin/cc - skipped
[0.118s] -- Detecting C compile features
[0.119s] -- Detecting C compile features - done
[0.121s] -- Detecting CXX compiler ABI info
[0.171s] -- Detecting CXX compiler ABI info - done
[0.174s] -- Check for working CXX compiler: /usr/bin/c++ - skipped
[0.175s] -- Detecting CXX compile features
[0.175s] -- Detecting CXX compile features - done
[0.176s] -- Found ament_cmake: 1.3.14 (/opt/ros/humble/share/ament_cmake/cmake)
[0.259s] -- Found Python3: /usr/bin/python3 (found version "3.10.12") found components: Interpreter 
[0.304s] -- Found rclcpp: 16.0.19 (/opt/ros/humble/share/rclcpp/cmake)
[0.321s] -- Found rosidl_generator_c: 3.1.8 (/opt/ros/humble/share/rosidl_generator_c/cmake)
[0.323s] -- Found rosidl_adapter: 3.1.8 (/opt/ros/humble/share/rosidl_adapter/cmake)
[0.326s] -- Found rosidl_generator_cpp: 3.1.8 (/opt/ros/humble/share/rosidl_generator_cpp/cmake)
[0.331s] -- Using all available rosidl_typesupport_c: rosidl_typesupport_fastrtps_c;rosidl_typesupport_introspection_c
[0.338s] -- Using all available rosidl_typesupport_cpp: rosidl_typesupport_fastrtps_cpp;rosidl_typesupport_introspection_cpp
[0.356s] -- Found rmw_implementation_cmake: 6.1.2 (/opt/ros/humble/share/rmw_implementation_cmake/cmake)
[0.357s] -- Found rmw_fastrtps_cpp: 6.2.10 (/opt/ros/humble/share/rmw_fastrtps_cpp/cmake)
[0.402s] -- Found OpenSSL: /usr/lib/x86_64-linux-gnu/libcrypto.so (found version "3.0.2")  
[0.416s] -- Found FastRTPS: /opt/ros/humble/include  
[0.437s] -- Using RMW implementation 'rmw_fastrtps_cpp' as default
[0.442s] -- Looking for pthread.h
[0.486s] -- Looking for pthread.h - found
[0.486s] -- Performing Test CMAKE_HAVE_LIBC_PTHREAD
[0.532s] -- Performing Test CMAKE_HAVE_LIBC_PTHREAD - Success
[0.533s] -- Found Threads: TRUE  
[0.555s] -- Found std_srvs: 4.9.1 (/opt/ros/humble/share/std_srvs/cmake)
[0.560s] -- Found ament_lint_auto: 0.12.15 (/opt/ros/humble/share/ament_lint_auto/cmake)
[0.594s] -- Added test 'cppcheck' to perform static code analysis on C / C++ code
[0.594s] -- Configured cppcheck include dirs: 
[0.595s] -- Configured cppcheck exclude dirs and/or files: 
[0.595s] -- Added test 'lint_cmake' to check CMake code style
[0.595s] -- Added test 'uncrustify' to check C / C++ code style
[0.595s] -- Configured uncrustify additional arguments: 
[0.595s] -- Added test 'xmllint' to check XML markup files
[0.595s] -- Configuring done
[0.599s] -- Generating done
[0.601s] -- Build files have been written to: /home/dakota/.local/repos/control_framework/build/services
[0.607s] Invoked command in '/home/dakota/.local/repos/control_framework/build/services' returned '0': CMAKE_PREFIX_PATH=${CMAKE_PREFIX_PATH}:/opt/ros/humble /usr/bin/cmake /home/dakota/.local/repos/control_framework/src/services -DCMAKE_INSTALL_PREFIX=/home/dakota/.local/repos/control_framework/install/services
[0.607s] Invoking command in '/home/dakota/.local/repos/control_framework/build/services': CMAKE_PREFIX_PATH=${CMAKE_PREFIX_PATH}:/opt/ros/humble /usr/bin/cmake --build /home/dakota/.local/repos/control_framework/build/services -- -j28 -l28
[0.637s] [ 50%] [32mBuilding CXX object CMakeFiles/services.dir/src/services.cpp.o[0m
[1.658s] [01m[K/home/dakota/.local/repos/control_framework/src/services/src/services.cpp:[m[K In function ‘[01m[Kvoid reset_to_initial_position(std::shared_ptr<std_srvs::srv::Trigger_Request_<std::allocator<void> > >, std::shared_ptr<std_srvs::srv::Trigger_Response_<std::allocator<void> > >)[m[K’:
[1.658s] [01m[K/home/dakota/.local/repos/control_framework/src/services/src/services.cpp:6:87:[m[K [01;35m[Kwarning: [m[Kunused parameter ‘[01m[Krequest[m[K’ [[01;35m[K]8;;https://gcc.gnu.org/onlinedocs/gcc/Warning-Options.html#index-Wunused-parameter-Wunused-parameter]8;;[m[K]
[1.658s]     6 | osition([01;35m[Kconst std::shared_ptr<std_srvs::srv::Trigger::Request> request[m[K,
[1.658s]       |         [01;35m[K~~~~~~~~~~~~~~~~~~~~~~~~~~~~~~~~~~~~~~~~~~~~~~~~~~~~~~~^~~~~~~[m[K
[1.659s] 
[2.116s] [100%] [32m[1mLinking CXX executable services[0m
[2.183s] [100%] Built target services
[2.191s] Invoked command in '/home/dakota/.local/repos/control_framework/build/services' returned '0': CMAKE_PREFIX_PATH=${CMAKE_PREFIX_PATH}:/opt/ros/humble /usr/bin/cmake --build /home/dakota/.local/repos/control_framework/build/services -- -j28 -l28
[2.191s] Invoking command in '/home/dakota/.local/repos/control_framework/build/services': CMAKE_PREFIX_PATH=${CMAKE_PREFIX_PATH}:/opt/ros/humble /usr/bin/cmake --install /home/dakota/.local/repos/control_framework/build/services
[2.197s] -- Install configuration: ""
[2.197s] -- Installing: /home/dakota/.local/repos/control_framework/install/services/share/ament_index/resource_index/package_run_dependencies/services
[2.197s] -- Installing: /home/dakota/.local/repos/control_framework/install/services/share/ament_index/resource_index/parent_prefix_path/services
[2.197s] -- Installing: /home/dakota/.local/repos/control_framework/install/services/share/services/environment/ament_prefix_path.sh
[2.197s] -- Installing: /home/dakota/.local/repos/control_framework/install/services/share/services/environment/ament_prefix_path.dsv
[2.197s] -- Installing: /home/dakota/.local/repos/control_framework/install/services/share/services/environment/path.sh
[2.197s] -- Installing: /home/dakota/.local/repos/control_framework/install/services/share/services/environment/path.dsv
[2.197s] -- Installing: /home/dakota/.local/repos/control_framework/install/services/share/services/local_setup.bash
[2.197s] -- Installing: /home/dakota/.local/repos/control_framework/install/services/share/services/local_setup.sh
[2.198s] -- Installing: /home/dakota/.local/repos/control_framework/install/services/share/services/local_setup.zsh
[2.198s] -- Installing: /home/dakota/.local/repos/control_framework/install/services/share/services/local_setup.dsv
[2.198s] -- Installing: /home/dakota/.local/repos/control_framework/install/services/share/services/package.dsv
[2.198s] -- Installing: /home/dakota/.local/repos/control_framework/install/services/share/ament_index/resource_index/packages/services
[2.198s] -- Installing: /home/dakota/.local/repos/control_framework/install/services/share/services/cmake/servicesConfig.cmake
[2.198s] -- Installing: /home/dakota/.local/repos/control_framework/install/services/share/services/cmake/servicesConfig-version.cmake
[2.198s] -- Installing: /home/dakota/.local/repos/control_framework/install/services/share/services/package.xml
[2.200s] Invoked command in '/home/dakota/.local/repos/control_framework/build/services' returned '0': CMAKE_PREFIX_PATH=${CMAKE_PREFIX_PATH}:/opt/ros/humble /usr/bin/cmake --install /home/dakota/.local/repos/control_framework/build/services
