[0.006s] Invoking command in '/home/dakota/.local/repos/control_framework/build/excel_record_logging': CMAKE_PREFIX_PATH=${CMAKE_PREFIX_PATH}:/opt/ros/humble /usr/bin/cmake --build /home/dakota/.local/repos/control_framework/build/excel_record_logging -- -j28 -l28
[0.021s] -- Found ament_cmake: 1.3.14 (/opt/ros/humble/share/ament_cmake/cmake)
[0.108s] -- Found rclcpp: 16.0.19 (/opt/ros/humble/share/rclcpp/cmake)
[0.121s] -- Found rosidl_generator_c: 3.1.8 (/opt/ros/humble/share/rosidl_generator_c/cmake)
[0.123s] -- Found rosidl_adapter: 3.1.8 (/opt/ros/humble/share/rosidl_adapter/cmake)
[0.125s] -- Found rosidl_generator_cpp: 3.1.8 (/opt/ros/humble/share/rosidl_generator_cpp/cmake)
[0.130s] -- Using all available rosidl_typesupport_c: rosidl_typesupport_fastrtps_c;rosidl_typesupport_introspection_c
[0.135s] -- Using all available rosidl_typesupport_cpp: rosidl_typesupport_fastrtps_cpp;rosidl_typesupport_introspection_cpp
[0.151s] -- Found rmw_implementation_cmake: 6.1.2 (/opt/ros/humble/share/rmw_implementation_cmake/cmake)
[0.151s] -- Found rmw_fastrtps_cpp: 6.2.10 (/opt/ros/humble/share/rmw_fastrtps_cpp/cmake)
[0.204s] -- Using RMW implementation 'rmw_fastrtps_cpp' as default
[0.227s] -- Found ament_lint_auto: 0.12.15 (/opt/ros/humble/share/ament_lint_auto/cmake)
[0.260s] -- Added test 'cppcheck' to perform static code analysis on C / C++ code
[0.260s] -- Configured cppcheck include dirs: 
[0.260s] -- Configured cppcheck exclude dirs and/or files: 
[0.261s] -- Added test 'lint_cmake' to check CMake code style
[0.261s] -- Added test 'uncrustify' to check C / C++ code style
[0.261s] -- Configured uncrustify additional arguments: 
[0.261s] -- Added test 'xmllint' to check XML markup files
[0.261s] -- Configuring done
[0.265s] -- Generating done
[0.266s] -- Build files have been written to: /home/dakota/.local/repos/control_framework/build/excel_record_logging
[0.288s] [ 66%] [32mBuilding CXX object CMakeFiles/excel_record_logging.dir/src/main.cpp.o[0m
[0.288s] [ 66%] [32mBuilding CXX object CMakeFiles/excel_record_logging.dir/src/excel_record_logging.cpp.o[0m
[1.478s] [100%] [32m[1mLinking CXX executable excel_record_logging[0m
[1.536s] [100%] Built target excel_record_logging
[1.543s] Invoked command in '/home/dakota/.local/repos/control_framework/build/excel_record_logging' returned '0': CMAKE_PREFIX_PATH=${CMAKE_PREFIX_PATH}:/opt/ros/humble /usr/bin/cmake --build /home/dakota/.local/repos/control_framework/build/excel_record_logging -- -j28 -l28
[1.544s] Invoking command in '/home/dakota/.local/repos/control_framework/build/excel_record_logging': CMAKE_PREFIX_PATH=${CMAKE_PREFIX_PATH}:/opt/ros/humble /usr/bin/cmake --install /home/dakota/.local/repos/control_framework/build/excel_record_logging
[1.547s] -- Install configuration: ""
[1.547s] -- Installing: /home/dakota/.local/repos/control_framework/install/excel_record_logging/share/ament_index/resource_index/package_run_dependencies/excel_record_logging
[1.547s] -- Installing: /home/dakota/.local/repos/control_framework/install/excel_record_logging/share/ament_index/resource_index/parent_prefix_path/excel_record_logging
[1.548s] -- Installing: /home/dakota/.local/repos/control_framework/install/excel_record_logging/share/excel_record_logging/environment/ament_prefix_path.sh
[1.548s] -- Installing: /home/dakota/.local/repos/control_framework/install/excel_record_logging/share/excel_record_logging/environment/ament_prefix_path.dsv
[1.548s] -- Installing: /home/dakota/.local/repos/control_framework/install/excel_record_logging/share/excel_record_logging/environment/path.sh
[1.548s] -- Installing: /home/dakota/.local/repos/control_framework/install/excel_record_logging/share/excel_record_logging/environment/path.dsv
[1.548s] -- Installing: /home/dakota/.local/repos/control_framework/install/excel_record_logging/share/excel_record_logging/local_setup.bash
[1.548s] -- Installing: /home/dakota/.local/repos/control_framework/install/excel_record_logging/share/excel_record_logging/local_setup.sh
[1.548s] -- Installing: /home/dakota/.local/repos/control_framework/install/excel_record_logging/share/excel_record_logging/local_setup.zsh
[1.548s] -- Installing: /home/dakota/.local/repos/control_framework/install/excel_record_logging/share/excel_record_logging/local_setup.dsv
[1.548s] -- Installing: /home/dakota/.local/repos/control_framework/install/excel_record_logging/share/excel_record_logging/package.dsv
[1.548s] -- Installing: /home/dakota/.local/repos/control_framework/install/excel_record_logging/share/ament_index/resource_index/packages/excel_record_logging
[1.548s] -- Installing: /home/dakota/.local/repos/control_framework/install/excel_record_logging/share/excel_record_logging/cmake/excel_record_loggingConfig.cmake
[1.549s] -- Installing: /home/dakota/.local/repos/control_framework/install/excel_record_logging/share/excel_record_logging/cmake/excel_record_loggingConfig-version.cmake
[1.549s] -- Installing: /home/dakota/.local/repos/control_framework/install/excel_record_logging/share/excel_record_logging/package.xml
[1.550s] Invoked command in '/home/dakota/.local/repos/control_framework/build/excel_record_logging' returned '0': CMAKE_PREFIX_PATH=${CMAKE_PREFIX_PATH}:/opt/ros/humble /usr/bin/cmake --install /home/dakota/.local/repos/control_framework/build/excel_record_logging
