[0.005s] Invoking command in '/home/dakota/.local/repos/control_framework/build/control_framework_interfaces': CMAKE_PREFIX_PATH=/opt/ros/humble /usr/bin/cmake --build /home/dakota/.local/repos/control_framework/build/control_framework_interfaces -- -j24 -l24
[0.020s] -- Found ament_cmake: 1.3.14 (/opt/ros/humble/share/ament_cmake/cmake)
[0.081s] -- Found rosidl_default_generators: 1.2.1 (/opt/ros/humble/share/rosidl_default_generators/cmake)
[0.082s] -- Using all available rosidl_typesupport_c: rosidl_typesupport_fastrtps_c;rosidl_typesupport_introspection_c
[0.082s] -- Found rosidl_adapter: 3.1.9 (/opt/ros/humble/share/rosidl_adapter/cmake)
[0.093s] -- Using all available rosidl_typesupport_cpp: rosidl_typesupport_fastrtps_cpp;rosidl_typesupport_introspection_cpp
[0.229s] -- Found ament_cmake_ros: 0.10.0 (/opt/ros/humble/share/ament_cmake_ros/cmake)
[0.318s] -- Using all available rosidl_typesupport_c: rosidl_typesupport_fastrtps_c;rosidl_typesupport_introspection_c
[0.430s] -- Using all available rosidl_typesupport_cpp: rosidl_typesupport_fastrtps_cpp;rosidl_typesupport_introspection_cpp
[0.439s] -- Found python_cmake_module: 0.10.0 (/opt/ros/humble/share/python_cmake_module/cmake)
[0.452s] -- Using PYTHON_EXECUTABLE: /usr/bin/python3
[0.452s] -- Using PYTHON_INCLUDE_DIRS: /usr/include/python3.10
[0.452s] -- Using PYTHON_LIBRARIES: /usr/lib/x86_64-linux-gnu/libpython3.10.so
[0.483s] -- Found ament_lint_auto: 0.12.15 (/opt/ros/humble/share/ament_lint_auto/cmake)
[0.489s] -- Added test 'lint_cmake' to check CMake code style
[0.489s] -- Added test 'xmllint' to check XML markup files
[0.490s] -- Configuring done
[0.509s] -- Generating done
[0.516s] -- Build files have been written to: /home/dakota/.local/repos/control_framework/build/control_framework_interfaces
[0.534s] [35m[1mConsolidate compiler generated dependencies of target control_framework_interfaces__rosidl_generator_c[0m
[0.543s] [  3%] Built target control_framework_interfaces__cpp
[0.543s] [  3%] Built target control_framework_interfaces__rs
[0.543s] [  4%] [32mBuilding C object CMakeFiles/control_framework_interfaces__rosidl_generator_c.dir/rosidl_generator_c/control_framework_interfaces/msg/detail/control_input__functions.c.o[0m
[0.543s] [  6%] [32mBuilding C object CMakeFiles/control_framework_interfaces__rosidl_generator_c.dir/rosidl_generator_c/control_framework_interfaces/msg/detail/joint_state__functions.c.o[0m
[0.543s] [  7%] [32mBuilding C object CMakeFiles/control_framework_interfaces__rosidl_generator_c.dir/rosidl_generator_c/control_framework_interfaces/srv/detail/reset_record__functions.c.o[0m
[0.543s] [  9%] [32mBuilding C object CMakeFiles/control_framework_interfaces__rosidl_generator_c.dir/rosidl_generator_c/control_framework_interfaces/srv/detail/controller_select__functions.c.o[0m
[0.543s] [ 10%] [32mBuilding C object CMakeFiles/control_framework_interfaces__rosidl_generator_c.dir/rosidl_generator_c/control_framework_interfaces/srv/detail/init_state__functions.c.o[0m
[0.549s] [35m[1mConsolidate compiler generated dependencies of target control_framework_interfaces__rosidl_typesupport_introspection_cpp[0m
[0.550s] [35m[1mConsolidate compiler generated dependencies of target control_framework_interfaces__rosidl_typesupport_fastrtps_cpp[0m
[0.550s] [ 10%] Built target ament_cmake_python_copy_control_framework_interfaces
[0.551s] [35m[1mConsolidate compiler generated dependencies of target control_framework_interfaces__rosidl_typesupport_cpp[0m
[0.563s] [ 15%] [32mBuilding CXX object CMakeFiles/control_framework_interfaces__rosidl_typesupport_fastrtps_cpp.dir/rosidl_typesupport_fastrtps_cpp/control_framework_interfaces/msg/detail/dds_fastrtps/control_input__type_support.cpp.o[0m
[0.563s] [ 15%] [32mBuilding CXX object CMakeFiles/control_framework_interfaces__rosidl_typesupport_fastrtps_cpp.dir/rosidl_typesupport_fastrtps_cpp/control_framework_interfaces/srv/detail/dds_fastrtps/init_state__type_support.cpp.o[0m
[0.563s] [ 15%] [32mBuilding CXX object CMakeFiles/control_framework_interfaces__rosidl_typesupport_fastrtps_cpp.dir/rosidl_typesupport_fastrtps_cpp/control_framework_interfaces/msg/detail/dds_fastrtps/joint_state__type_support.cpp.o[0m
[0.563s] [ 17%] [32mBuilding CXX object CMakeFiles/control_framework_interfaces__rosidl_typesupport_fastrtps_cpp.dir/rosidl_typesupport_fastrtps_cpp/control_framework_interfaces/srv/detail/dds_fastrtps/reset_record__type_support.cpp.o[0m
[0.563s] [ 18%] [32mBuilding CXX object CMakeFiles/control_framework_interfaces__rosidl_typesupport_fastrtps_cpp.dir/rosidl_typesupport_fastrtps_cpp/control_framework_interfaces/srv/detail/dds_fastrtps/controller_select__type_support.cpp.o[0m
[0.568s] [ 20%] [32mBuilding CXX object CMakeFiles/control_framework_interfaces__rosidl_typesupport_cpp.dir/rosidl_typesupport_cpp/control_framework_interfaces/msg/joint_state__type_support.cpp.o[0m
[0.568s] [ 21%] [32mBuilding CXX object CMakeFiles/control_framework_interfaces__rosidl_typesupport_cpp.dir/rosidl_typesupport_cpp/control_framework_interfaces/srv/init_state__type_support.cpp.o[0m
[0.568s] [ 25%] [32mBuilding CXX object CMakeFiles/control_framework_interfaces__rosidl_typesupport_cpp.dir/rosidl_typesupport_cpp/control_framework_interfaces/srv/reset_record__type_support.cpp.o[0m
[0.568s] [ 25%] [32mBuilding CXX object CMakeFiles/control_framework_interfaces__rosidl_typesupport_cpp.dir/rosidl_typesupport_cpp/control_framework_interfaces/srv/controller_select__type_support.cpp.o[0m
[0.569s] [ 26%] [32mBuilding CXX object CMakeFiles/control_framework_interfaces__rosidl_typesupport_cpp.dir/rosidl_typesupport_cpp/control_framework_interfaces/msg/control_input__type_support.cpp.o[0m
[0.575s] [ 28%] [32mBuilding CXX object CMakeFiles/control_framework_interfaces__rosidl_typesupport_introspection_cpp.dir/rosidl_typesupport_introspection_cpp/control_framework_interfaces/msg/detail/control_input__type_support.cpp.o[0m
[0.575s] [ 31%] [32mBuilding CXX object CMakeFiles/control_framework_interfaces__rosidl_typesupport_introspection_cpp.dir/rosidl_typesupport_introspection_cpp/control_framework_interfaces/msg/detail/joint_state__type_support.cpp.o[0m
[0.575s] [ 31%] [32mBuilding CXX object CMakeFiles/control_framework_interfaces__rosidl_typesupport_introspection_cpp.dir/rosidl_typesupport_introspection_cpp/control_framework_interfaces/srv/detail/init_state__type_support.cpp.o[0m
[0.575s] [ 32%] [32mBuilding CXX object CMakeFiles/control_framework_interfaces__rosidl_typesupport_introspection_cpp.dir/rosidl_typesupport_introspection_cpp/control_framework_interfaces/srv/detail/reset_record__type_support.cpp.o[0m
[0.575s] [ 34%] [32mBuilding CXX object CMakeFiles/control_framework_interfaces__rosidl_typesupport_introspection_cpp.dir/rosidl_typesupport_introspection_cpp/control_framework_interfaces/srv/detail/controller_select__type_support.cpp.o[0m
[0.605s] [ 35%] [32m[1mLinking C shared library libcontrol_framework_interfaces__rosidl_generator_c.so[0m
[0.660s] [ 37%] Built target control_framework_interfaces__rosidl_generator_c
[0.678s] [35m[1mConsolidate compiler generated dependencies of target control_framework_interfaces__rosidl_typesupport_c[0m
[0.678s] [35m[1mConsolidate compiler generated dependencies of target control_framework_interfaces__rosidl_typesupport_introspection_c[0m
[0.687s] [35m[1mConsolidate compiler generated dependencies of target control_framework_interfaces__rosidl_typesupport_fastrtps_c[0m
[0.704s] [ 39%] [32mBuilding C object CMakeFiles/control_framework_interfaces__rosidl_typesupport_introspection_c.dir/rosidl_typesupport_introspection_c/control_framework_interfaces/msg/detail/control_input__type_support.c.o[0m
[0.704s] [ 43%] [32mBuilding C object CMakeFiles/control_framework_interfaces__rosidl_typesupport_introspection_c.dir/rosidl_typesupport_introspection_c/control_framework_interfaces/srv/detail/init_state__type_support.c.o[0m
[0.704s] [ 45%] [32mBuilding CXX object CMakeFiles/control_framework_interfaces__rosidl_typesupport_c.dir/rosidl_typesupport_c/control_framework_interfaces/msg/control_input__type_support.cpp.o[0m
[0.704s] [ 45%] [32mBuilding CXX object CMakeFiles/control_framework_interfaces__rosidl_typesupport_c.dir/rosidl_typesupport_c/control_framework_interfaces/msg/joint_state__type_support.cpp.o[0m
[0.705s] [ 45%] [32mBuilding C object CMakeFiles/control_framework_interfaces__rosidl_typesupport_introspection_c.dir/rosidl_typesupport_introspection_c/control_framework_interfaces/msg/detail/joint_state__type_support.c.o[0m
[0.709s] [ 46%] [32mBuilding C object CMakeFiles/control_framework_interfaces__rosidl_typesupport_introspection_c.dir/rosidl_typesupport_introspection_c/control_framework_interfaces/srv/detail/reset_record__type_support.c.o[0m
[0.715s] [ 48%] [32mBuilding C object CMakeFiles/control_framework_interfaces__rosidl_typesupport_introspection_c.dir/rosidl_typesupport_introspection_c/control_framework_interfaces/srv/detail/controller_select__type_support.c.o[0m
[0.722s] [ 50%] [32mBuilding CXX object CMakeFiles/control_framework_interfaces__rosidl_typesupport_fastrtps_c.dir/rosidl_typesupport_fastrtps_c/control_framework_interfaces/msg/detail/control_input__type_support_c.cpp.o[0m
[0.747s] [ 51%] [32mBuilding CXX object CMakeFiles/control_framework_interfaces__rosidl_typesupport_c.dir/rosidl_typesupport_c/control_framework_interfaces/srv/init_state__type_support.cpp.o[0m
[0.759s] [ 53%] [32mBuilding CXX object CMakeFiles/control_framework_interfaces__rosidl_typesupport_c.dir/rosidl_typesupport_c/control_framework_interfaces/srv/reset_record__type_support.cpp.o[0m
[0.767s] [ 54%] [32mBuilding CXX object CMakeFiles/control_framework_interfaces__rosidl_typesupport_c.dir/rosidl_typesupport_c/control_framework_interfaces/srv/controller_select__type_support.cpp.o[0m
[0.770s] [ 56%] [32mBuilding CXX object CMakeFiles/control_framework_interfaces__rosidl_typesupport_fastrtps_c.dir/rosidl_typesupport_fastrtps_c/control_framework_interfaces/srv/detail/init_state__type_support_c.cpp.o[0m
[0.779s] [ 57%] [32mBuilding CXX object CMakeFiles/control_framework_interfaces__rosidl_typesupport_fastrtps_c.dir/rosidl_typesupport_fastrtps_c/control_framework_interfaces/srv/detail/reset_record__type_support_c.cpp.o[0m
[0.793s] [ 59%] [32mBuilding CXX object CMakeFiles/control_framework_interfaces__rosidl_typesupport_fastrtps_c.dir/rosidl_typesupport_fastrtps_c/control_framework_interfaces/srv/detail/controller_select__type_support_c.cpp.o[0m
[0.794s] [ 60%] [32m[1mLinking C shared library libcontrol_framework_interfaces__rosidl_typesupport_introspection_c.so[0m
[0.813s] [ 62%] [32m[1mLinking CXX shared library libcontrol_framework_interfaces__rosidl_typesupport_c.so[0m
[0.819s] [ 64%] [32mBuilding CXX object CMakeFiles/control_framework_interfaces__rosidl_typesupport_fastrtps_c.dir/rosidl_typesupport_fastrtps_c/control_framework_interfaces/msg/detail/joint_state__type_support_c.cpp.o[0m
[0.849s] [ 65%] Built target control_framework_interfaces__rosidl_typesupport_introspection_c
[0.885s] [ 67%] Built target control_framework_interfaces__rosidl_typesupport_c
[0.891s] running egg_info
[0.891s] writing control_framework_interfaces.egg-info/PKG-INFO
[0.891s] writing dependency_links to control_framework_interfaces.egg-info/dependency_links.txt
[0.891s] writing top-level names to control_framework_interfaces.egg-info/top_level.txt
[0.894s] reading manifest file 'control_framework_interfaces.egg-info/SOURCES.txt'
[0.895s] writing manifest file 'control_framework_interfaces.egg-info/SOURCES.txt'
[0.942s] [ 67%] Built target ament_cmake_python_build_control_framework_interfaces_egg
[0.977s] [ 68%] [32m[1mLinking CXX shared library libcontrol_framework_interfaces__rosidl_typesupport_cpp.so[0m
[1.029s] [ 70%] Built target control_framework_interfaces__rosidl_typesupport_cpp
[1.121s] [ 71%] [32m[1mLinking CXX shared library libcontrol_framework_interfaces__rosidl_typesupport_fastrtps_cpp.so[0m
[1.123s] [ 73%] [32m[1mLinking CXX shared library libcontrol_framework_interfaces__rosidl_typesupport_introspection_cpp.so[0m
[1.180s] [ 75%] [32m[1mLinking CXX shared library libcontrol_framework_interfaces__rosidl_typesupport_fastrtps_c.so[0m
[1.180s] [ 78%] Built target control_framework_interfaces__rosidl_typesupport_introspection_cpp
[1.180s] [ 78%] Built target control_framework_interfaces__rosidl_typesupport_fastrtps_cpp
[1.224s] [ 79%] Built target control_framework_interfaces__rosidl_typesupport_fastrtps_c
[1.238s] [ 79%] Built target control_framework_interfaces
[1.252s] [ 81%] Built target control_framework_interfaces__py
[1.260s] [35m[1mConsolidate compiler generated dependencies of target control_framework_interfaces__rosidl_generator_py[0m
[1.272s] [ 84%] [32mBuilding C object CMakeFiles/control_framework_interfaces__rosidl_generator_py.dir/rosidl_generator_py/control_framework_interfaces/srv/_init_state_s.c.o[0m
[1.272s] [ 85%] [32mBuilding C object CMakeFiles/control_framework_interfaces__rosidl_generator_py.dir/rosidl_generator_py/control_framework_interfaces/msg/_joint_state_s.c.o[0m
[1.272s] [ 85%] [32mBuilding C object CMakeFiles/control_framework_interfaces__rosidl_generator_py.dir/rosidl_generator_py/control_framework_interfaces/msg/_control_input_s.c.o[0m
[1.273s] [ 87%] [32mBuilding C object CMakeFiles/control_framework_interfaces__rosidl_generator_py.dir/rosidl_generator_py/control_framework_interfaces/srv/_reset_record_s.c.o[0m
[1.273s] [ 89%] [32mBuilding C object CMakeFiles/control_framework_interfaces__rosidl_generator_py.dir/rosidl_generator_py/control_framework_interfaces/srv/_controller_select_s.c.o[0m
[1.356s] [ 90%] [32m[1mLinking C shared library rosidl_generator_py/control_framework_interfaces/libcontrol_framework_interfaces__rosidl_generator_py.so[0m
[1.386s] [ 90%] Built target control_framework_interfaces__rosidl_generator_py
[1.391s] [35m[1mConsolidate compiler generated dependencies of target control_framework_interfaces__rosidl_typesupport_fastrtps_c__pyext[0m
[1.392s] [35m[1mConsolidate compiler generated dependencies of target control_framework_interfaces__rosidl_typesupport_introspection_c__pyext[0m
[1.392s] [35m[1mConsolidate compiler generated dependencies of target control_framework_interfaces__rosidl_typesupport_c__pyext[0m
[1.399s] [ 92%] [32mBuilding C object CMakeFiles/control_framework_interfaces__rosidl_typesupport_c__pyext.dir/rosidl_generator_py/control_framework_interfaces/_control_framework_interfaces_s.ep.rosidl_typesupport_c.c.o[0m
[1.400s] [ 93%] [32mBuilding C object CMakeFiles/control_framework_interfaces__rosidl_typesupport_introspection_c__pyext.dir/rosidl_generator_py/control_framework_interfaces/_control_framework_interfaces_s.ep.rosidl_typesupport_introspection_c.c.o[0m
[1.400s] [ 95%] [32mBuilding C object CMakeFiles/control_framework_interfaces__rosidl_typesupport_fastrtps_c__pyext.dir/rosidl_generator_py/control_framework_interfaces/_control_framework_interfaces_s.ep.rosidl_typesupport_fastrtps_c.c.o[0m
[1.466s] [ 98%] [32m[1mLinking C shared library rosidl_generator_py/control_framework_interfaces/control_framework_interfaces_s__rosidl_typesupport_introspection_c.cpython-310-x86_64-linux-gnu.so[0m
[1.466s] [ 98%] [32m[1mLinking C shared library rosidl_generator_py/control_framework_interfaces/control_framework_interfaces_s__rosidl_typesupport_c.cpython-310-x86_64-linux-gnu.so[0m
[1.469s] [100%] [32m[1mLinking C shared library rosidl_generator_py/control_framework_interfaces/control_framework_interfaces_s__rosidl_typesupport_fastrtps_c.cpython-310-x86_64-linux-gnu.so[0m
[1.488s] [100%] Built target control_framework_interfaces__rosidl_typesupport_c__pyext
[1.488s] [100%] Built target control_framework_interfaces__rosidl_typesupport_introspection_c__pyext
[1.490s] [100%] Built target control_framework_interfaces__rosidl_typesupport_fastrtps_c__pyext
[1.500s] Invoked command in '/home/dakota/.local/repos/control_framework/build/control_framework_interfaces' returned '0': CMAKE_PREFIX_PATH=/opt/ros/humble /usr/bin/cmake --build /home/dakota/.local/repos/control_framework/build/control_framework_interfaces -- -j24 -l24
[1.505s] Invoking command in '/home/dakota/.local/repos/control_framework/build/control_framework_interfaces': CMAKE_PREFIX_PATH=/opt/ros/humble /usr/bin/cmake --install /home/dakota/.local/repos/control_framework/build/control_framework_interfaces
[1.513s] -- Install configuration: ""
[1.513s] -- Up-to-date: /home/dakota/.local/repos/control_framework/install/control_framework_interfaces/share/ament_index/resource_index/rosidl_interfaces/control_framework_interfaces
[1.513s] -- Up-to-date: /home/dakota/.local/repos/control_framework/install/control_framework_interfaces/include/control_framework_interfaces/control_framework_interfaces
[1.513s] -- Up-to-date: /home/dakota/.local/repos/control_framework/install/control_framework_interfaces/include/control_framework_interfaces/control_framework_interfaces/srv
[1.513s] -- Up-to-date: /home/dakota/.local/repos/control_framework/install/control_framework_interfaces/include/control_framework_interfaces/control_framework_interfaces/srv/controller_select.h
[1.513s] -- Up-to-date: /home/dakota/.local/repos/control_framework/install/control_framework_interfaces/include/control_framework_interfaces/control_framework_interfaces/srv/detail
[1.513s] -- Up-to-date: /home/dakota/.local/repos/control_framework/install/control_framework_interfaces/include/control_framework_interfaces/control_framework_interfaces/srv/detail/reset_record__functions.h
[1.513s] -- Up-to-date: /home/dakota/.local/repos/control_framework/install/control_framework_interfaces/include/control_framework_interfaces/control_framework_interfaces/srv/detail/init_state__type_support.h
[1.513s] -- Up-to-date: /home/dakota/.local/repos/control_framework/install/control_framework_interfaces/include/control_framework_interfaces/control_framework_interfaces/srv/detail/init_state__functions.h
[1.513s] -- Up-to-date: /home/dakota/.local/repos/control_framework/install/control_framework_interfaces/include/control_framework_interfaces/control_framework_interfaces/srv/detail/reset_record__functions.c
[1.513s] -- Up-to-date: /home/dakota/.local/repos/control_framework/install/control_framework_interfaces/include/control_framework_interfaces/control_framework_interfaces/srv/detail/controller_select__struct.h
[1.513s] -- Up-to-date: /home/dakota/.local/repos/control_framework/install/control_framework_interfaces/include/control_framework_interfaces/control_framework_interfaces/srv/detail/init_state__functions.c
[1.513s] -- Up-to-date: /home/dakota/.local/repos/control_framework/install/control_framework_interfaces/include/control_framework_interfaces/control_framework_interfaces/srv/detail/controller_select__type_support.h
[1.513s] -- Up-to-date: /home/dakota/.local/repos/control_framework/install/control_framework_interfaces/include/control_framework_interfaces/control_framework_interfaces/srv/detail/controller_select__functions.c
[1.513s] -- Up-to-date: /home/dakota/.local/repos/control_framework/install/control_framework_interfaces/include/control_framework_interfaces/control_framework_interfaces/srv/detail/init_state__struct.h
[1.513s] -- Up-to-date: /home/dakota/.local/repos/control_framework/install/control_framework_interfaces/include/control_framework_interfaces/control_framework_interfaces/srv/detail/reset_record__struct.h
[1.513s] -- Up-to-date: /home/dakota/.local/repos/control_framework/install/control_framework_interfaces/include/control_framework_interfaces/control_framework_interfaces/srv/detail/reset_record__type_support.h
[1.513s] -- Up-to-date: /home/dakota/.local/repos/control_framework/install/control_framework_interfaces/include/control_framework_interfaces/control_framework_interfaces/srv/detail/controller_select__functions.h
[1.513s] -- Up-to-date: /home/dakota/.local/repos/control_framework/install/control_framework_interfaces/include/control_framework_interfaces/control_framework_interfaces/srv/init_state.h
[1.514s] -- Up-to-date: /home/dakota/.local/repos/control_framework/install/control_framework_interfaces/include/control_framework_interfaces/control_framework_interfaces/srv/reset_record.h
[1.514s] -- Up-to-date: /home/dakota/.local/repos/control_framework/install/control_framework_interfaces/include/control_framework_interfaces/control_framework_interfaces/msg
[1.514s] -- Up-to-date: /home/dakota/.local/repos/control_framework/install/control_framework_interfaces/include/control_framework_interfaces/control_framework_interfaces/msg/rosidl_generator_c__visibility_control.h
[1.514s] -- Up-to-date: /home/dakota/.local/repos/control_framework/install/control_framework_interfaces/include/control_framework_interfaces/control_framework_interfaces/msg/detail
[1.514s] -- Up-to-date: /home/dakota/.local/repos/control_framework/install/control_framework_interfaces/include/control_framework_interfaces/control_framework_interfaces/msg/detail/control_input__functions.c
[1.514s] -- Up-to-date: /home/dakota/.local/repos/control_framework/install/control_framework_interfaces/include/control_framework_interfaces/control_framework_interfaces/msg/detail/control_input__type_support.h
[1.514s] -- Up-to-date: /home/dakota/.local/repos/control_framework/install/control_framework_interfaces/include/control_framework_interfaces/control_framework_interfaces/msg/detail/joint_state__type_support.h
[1.514s] -- Up-to-date: /home/dakota/.local/repos/control_framework/install/control_framework_interfaces/include/control_framework_interfaces/control_framework_interfaces/msg/detail/joint_state__functions.c
[1.514s] -- Up-to-date: /home/dakota/.local/repos/control_framework/install/control_framework_interfaces/include/control_framework_interfaces/control_framework_interfaces/msg/detail/joint_state__functions.h
[1.514s] -- Up-to-date: /home/dakota/.local/repos/control_framework/install/control_framework_interfaces/include/control_framework_interfaces/control_framework_interfaces/msg/detail/control_input__struct.h
[1.514s] -- Up-to-date: /home/dakota/.local/repos/control_framework/install/control_framework_interfaces/include/control_framework_interfaces/control_framework_interfaces/msg/detail/joint_state__struct.h
[1.514s] -- Up-to-date: /home/dakota/.local/repos/control_framework/install/control_framework_interfaces/include/control_framework_interfaces/control_framework_interfaces/msg/detail/control_input__functions.h
[1.514s] -- Up-to-date: /home/dakota/.local/repos/control_framework/install/control_framework_interfaces/include/control_framework_interfaces/control_framework_interfaces/msg/control_input.h
[1.514s] -- Up-to-date: /home/dakota/.local/repos/control_framework/install/control_framework_interfaces/include/control_framework_interfaces/control_framework_interfaces/msg/joint_state.h
[1.514s] -- Installing: /home/dakota/.local/repos/control_framework/install/control_framework_interfaces/share/control_framework_interfaces/environment/library_path.sh
[1.514s] -- Installing: /home/dakota/.local/repos/control_framework/install/control_framework_interfaces/share/control_framework_interfaces/environment/library_path.dsv
[1.514s] -- Installing: /home/dakota/.local/repos/control_framework/install/control_framework_interfaces/lib/libcontrol_framework_interfaces__rosidl_generator_c.so
[1.514s] -- Set runtime path of "/home/dakota/.local/repos/control_framework/install/control_framework_interfaces/lib/libcontrol_framework_interfaces__rosidl_generator_c.so" to ""
[1.514s] -- Up-to-date: /home/dakota/.local/repos/control_framework/install/control_framework_interfaces/include/control_framework_interfaces/control_framework_interfaces
[1.514s] -- Up-to-date: /home/dakota/.local/repos/control_framework/install/control_framework_interfaces/include/control_framework_interfaces/control_framework_interfaces/srv
[1.514s] -- Up-to-date: /home/dakota/.local/repos/control_framework/install/control_framework_interfaces/include/control_framework_interfaces/control_framework_interfaces/srv/detail
[1.514s] -- Up-to-date: /home/dakota/.local/repos/control_framework/install/control_framework_interfaces/include/control_framework_interfaces/control_framework_interfaces/srv/detail/reset_record__rosidl_typesupport_fastrtps_c.h
[1.514s] -- Up-to-date: /home/dakota/.local/repos/control_framework/install/control_framework_interfaces/include/control_framework_interfaces/control_framework_interfaces/srv/detail/controller_select__rosidl_typesupport_fastrtps_c.h
[1.514s] -- Up-to-date: /home/dakota/.local/repos/control_framework/install/control_framework_interfaces/include/control_framework_interfaces/control_framework_interfaces/srv/detail/init_state__rosidl_typesupport_fastrtps_c.h
[1.515s] -- Up-to-date: /home/dakota/.local/repos/control_framework/install/control_framework_interfaces/include/control_framework_interfaces/control_framework_interfaces/msg
[1.515s] -- Up-to-date: /home/dakota/.local/repos/control_framework/install/control_framework_interfaces/include/control_framework_interfaces/control_framework_interfaces/msg/rosidl_typesupport_fastrtps_c__visibility_control.h
[1.515s] -- Up-to-date: /home/dakota/.local/repos/control_framework/install/control_framework_interfaces/include/control_framework_interfaces/control_framework_interfaces/msg/detail
[1.515s] -- Up-to-date: /home/dakota/.local/repos/control_framework/install/control_framework_interfaces/include/control_framework_interfaces/control_framework_interfaces/msg/detail/joint_state__rosidl_typesupport_fastrtps_c.h
[1.515s] -- Up-to-date: /home/dakota/.local/repos/control_framework/install/control_framework_interfaces/include/control_framework_interfaces/control_framework_interfaces/msg/detail/control_input__rosidl_typesupport_fastrtps_c.h
[1.515s] -- Installing: /home/dakota/.local/repos/control_framework/install/control_framework_interfaces/lib/libcontrol_framework_interfaces__rosidl_typesupport_fastrtps_c.so
[1.515s] -- Set runtime path of "/home/dakota/.local/repos/control_framework/install/control_framework_interfaces/lib/libcontrol_framework_interfaces__rosidl_typesupport_fastrtps_c.so" to ""
[1.515s] -- Up-to-date: /home/dakota/.local/repos/control_framework/install/control_framework_interfaces/include/control_framework_interfaces/control_framework_interfaces
[1.515s] -- Up-to-date: /home/dakota/.local/repos/control_framework/install/control_framework_interfaces/include/control_framework_interfaces/control_framework_interfaces/srv
[1.515s] -- Up-to-date: /home/dakota/.local/repos/control_framework/install/control_framework_interfaces/include/control_framework_interfaces/control_framework_interfaces/srv/detail
[1.515s] -- Up-to-date: /home/dakota/.local/repos/control_framework/install/control_framework_interfaces/include/control_framework_interfaces/control_framework_interfaces/srv/detail/reset_record__type_support.c
[1.515s] -- Up-to-date: /home/dakota/.local/repos/control_framework/install/control_framework_interfaces/include/control_framework_interfaces/control_framework_interfaces/srv/detail/init_state__rosidl_typesupport_introspection_c.h
[1.515s] -- Up-to-date: /home/dakota/.local/repos/control_framework/install/control_framework_interfaces/include/control_framework_interfaces/control_framework_interfaces/srv/detail/controller_select__rosidl_typesupport_introspection_c.h
[1.515s] -- Up-to-date: /home/dakota/.local/repos/control_framework/install/control_framework_interfaces/include/control_framework_interfaces/control_framework_interfaces/srv/detail/reset_record__rosidl_typesupport_introspection_c.h
[1.515s] -- Up-to-date: /home/dakota/.local/repos/control_framework/install/control_framework_interfaces/include/control_framework_interfaces/control_framework_interfaces/srv/detail/init_state__type_support.c
[1.515s] -- Up-to-date: /home/dakota/.local/repos/control_framework/install/control_framework_interfaces/include/control_framework_interfaces/control_framework_interfaces/srv/detail/controller_select__type_support.c
[1.516s] -- Up-to-date: /home/dakota/.local/repos/control_framework/install/control_framework_interfaces/include/control_framework_interfaces/control_framework_interfaces/msg
[1.516s] -- Up-to-date: /home/dakota/.local/repos/control_framework/install/control_framework_interfaces/include/control_framework_interfaces/control_framework_interfaces/msg/rosidl_typesupport_introspection_c__visibility_control.h
[1.518s] -- Up-to-date: /home/dakota/.local/repos/control_framework/install/control_framework_interfaces/include/control_framework_interfaces/control_framework_interfaces/msg/detail
[1.518s] -- Up-to-date: /home/dakota/.local/repos/control_framework/install/control_framework_interfaces/include/control_framework_interfaces/control_framework_interfaces/msg/detail/control_input__rosidl_typesupport_introspection_c.h
[1.518s] -- Up-to-date: /home/dakota/.local/repos/control_framework/install/control_framework_interfaces/include/control_framework_interfaces/control_framework_interfaces/msg/detail/control_input__type_support.c
[1.518s] -- Up-to-date: /home/dakota/.local/repos/control_framework/install/control_framework_interfaces/include/control_framework_interfaces/control_framework_interfaces/msg/detail/joint_state__type_support.c
[1.518s] -- Up-to-date: /home/dakota/.local/repos/control_framework/install/control_framework_interfaces/include/control_framework_interfaces/control_framework_interfaces/msg/detail/joint_state__rosidl_typesupport_introspection_c.h
[1.519s] -- Installing: /home/dakota/.local/repos/control_framework/install/control_framework_interfaces/lib/libcontrol_framework_interfaces__rosidl_typesupport_introspection_c.so
[1.519s] -- Set runtime path of "/home/dakota/.local/repos/control_framework/install/control_framework_interfaces/lib/libcontrol_framework_interfaces__rosidl_typesupport_introspection_c.so" to ""
[1.519s] -- Installing: /home/dakota/.local/repos/control_framework/install/control_framework_interfaces/lib/libcontrol_framework_interfaces__rosidl_typesupport_c.so
[1.519s] -- Set runtime path of "/home/dakota/.local/repos/control_framework/install/control_framework_interfaces/lib/libcontrol_framework_interfaces__rosidl_typesupport_c.so" to ""
[1.519s] -- Up-to-date: /home/dakota/.local/repos/control_framework/install/control_framework_interfaces/include/control_framework_interfaces/control_framework_interfaces
[1.519s] -- Up-to-date: /home/dakota/.local/repos/control_framework/install/control_framework_interfaces/include/control_framework_interfaces/control_framework_interfaces/srv
[1.519s] -- Up-to-date: /home/dakota/.local/repos/control_framework/install/control_framework_interfaces/include/control_framework_interfaces/control_framework_interfaces/srv/init_state.hpp
[1.519s] -- Up-to-date: /home/dakota/.local/repos/control_framework/install/control_framework_interfaces/include/control_framework_interfaces/control_framework_interfaces/srv/reset_record.hpp
[1.519s] -- Up-to-date: /home/dakota/.local/repos/control_framework/install/control_framework_interfaces/include/control_framework_interfaces/control_framework_interfaces/srv/detail
[1.519s] -- Up-to-date: /home/dakota/.local/repos/control_framework/install/control_framework_interfaces/include/control_framework_interfaces/control_framework_interfaces/srv/detail/controller_select__struct.hpp
[1.519s] -- Up-to-date: /home/dakota/.local/repos/control_framework/install/control_framework_interfaces/include/control_framework_interfaces/control_framework_interfaces/srv/detail/reset_record__builder.hpp
[1.519s] -- Up-to-date: /home/dakota/.local/repos/control_framework/install/control_framework_interfaces/include/control_framework_interfaces/control_framework_interfaces/srv/detail/init_state__type_support.hpp
[1.519s] -- Up-to-date: /home/dakota/.local/repos/control_framework/install/control_framework_interfaces/include/control_framework_interfaces/control_framework_interfaces/srv/detail/controller_select__traits.hpp
[1.519s] -- Up-to-date: /home/dakota/.local/repos/control_framework/install/control_framework_interfaces/include/control_framework_interfaces/control_framework_interfaces/srv/detail/reset_record__type_support.hpp
[1.519s] -- Up-to-date: /home/dakota/.local/repos/control_framework/install/control_framework_interfaces/include/control_framework_interfaces/control_framework_interfaces/srv/detail/reset_record__struct.hpp
[1.519s] -- Up-to-date: /home/dakota/.local/repos/control_framework/install/control_framework_interfaces/include/control_framework_interfaces/control_framework_interfaces/srv/detail/init_state__struct.hpp
[1.519s] -- Up-to-date: /home/dakota/.local/repos/control_framework/install/control_framework_interfaces/include/control_framework_interfaces/control_framework_interfaces/srv/detail/reset_record__traits.hpp
[1.520s] -- Up-to-date: /home/dakota/.local/repos/control_framework/install/control_framework_interfaces/include/control_framework_interfaces/control_framework_interfaces/srv/detail/init_state__traits.hpp
[1.520s] -- Up-to-date: /home/dakota/.local/repos/control_framework/install/control_framework_interfaces/include/control_framework_interfaces/control_framework_interfaces/srv/detail/controller_select__builder.hpp
[1.520s] -- Up-to-date: /home/dakota/.local/repos/control_framework/install/control_framework_interfaces/include/control_framework_interfaces/control_framework_interfaces/srv/detail/controller_select__type_support.hpp
[1.520s] -- Up-to-date: /home/dakota/.local/repos/control_framework/install/control_framework_interfaces/include/control_framework_interfaces/control_framework_interfaces/srv/detail/init_state__builder.hpp
[1.520s] -- Up-to-date: /home/dakota/.local/repos/control_framework/install/control_framework_interfaces/include/control_framework_interfaces/control_framework_interfaces/srv/controller_select.hpp
[1.520s] -- Up-to-date: /home/dakota/.local/repos/control_framework/install/control_framework_interfaces/include/control_framework_interfaces/control_framework_interfaces/msg
[1.520s] -- Up-to-date: /home/dakota/.local/repos/control_framework/install/control_framework_interfaces/include/control_framework_interfaces/control_framework_interfaces/msg/rosidl_generator_cpp__visibility_control.hpp
[1.520s] -- Up-to-date: /home/dakota/.local/repos/control_framework/install/control_framework_interfaces/include/control_framework_interfaces/control_framework_interfaces/msg/control_input.hpp
[1.520s] -- Up-to-date: /home/dakota/.local/repos/control_framework/install/control_framework_interfaces/include/control_framework_interfaces/control_framework_interfaces/msg/joint_state.hpp
[1.520s] -- Up-to-date: /home/dakota/.local/repos/control_framework/install/control_framework_interfaces/include/control_framework_interfaces/control_framework_interfaces/msg/detail
[1.520s] -- Up-to-date: /home/dakota/.local/repos/control_framework/install/control_framework_interfaces/include/control_framework_interfaces/control_framework_interfaces/msg/detail/joint_state__type_support.hpp
[1.520s] -- Up-to-date: /home/dakota/.local/repos/control_framework/install/control_framework_interfaces/include/control_framework_interfaces/control_framework_interfaces/msg/detail/control_input__traits.hpp
[1.520s] -- Up-to-date: /home/dakota/.local/repos/control_framework/install/control_framework_interfaces/include/control_framework_interfaces/control_framework_interfaces/msg/detail/control_input__builder.hpp
[1.520s] -- Up-to-date: /home/dakota/.local/repos/control_framework/install/control_framework_interfaces/include/control_framework_interfaces/control_framework_interfaces/msg/detail/joint_state__builder.hpp
[1.520s] -- Up-to-date: /home/dakota/.local/repos/control_framework/install/control_framework_interfaces/include/control_framework_interfaces/control_framework_interfaces/msg/detail/control_input__struct.hpp
[1.520s] -- Up-to-date: /home/dakota/.local/repos/control_framework/install/control_framework_interfaces/include/control_framework_interfaces/control_framework_interfaces/msg/detail/control_input__type_support.hpp
[1.520s] -- Up-to-date: /home/dakota/.local/repos/control_framework/install/control_framework_interfaces/include/control_framework_interfaces/control_framework_interfaces/msg/detail/joint_state__traits.hpp
[1.520s] -- Up-to-date: /home/dakota/.local/repos/control_framework/install/control_framework_interfaces/include/control_framework_interfaces/control_framework_interfaces/msg/detail/joint_state__struct.hpp
[1.520s] -- Up-to-date: /home/dakota/.local/repos/control_framework/install/control_framework_interfaces/include/control_framework_interfaces/control_framework_interfaces
[1.520s] -- Up-to-date: /home/dakota/.local/repos/control_framework/install/control_framework_interfaces/include/control_framework_interfaces/control_framework_interfaces/srv
[1.520s] -- Up-to-date: /home/dakota/.local/repos/control_framework/install/control_framework_interfaces/include/control_framework_interfaces/control_framework_interfaces/srv/detail
[1.520s] -- Up-to-date: /home/dakota/.local/repos/control_framework/install/control_framework_interfaces/include/control_framework_interfaces/control_framework_interfaces/srv/detail/init_state__rosidl_typesupport_fastrtps_cpp.hpp
[1.520s] -- Up-to-date: /home/dakota/.local/repos/control_framework/install/control_framework_interfaces/include/control_framework_interfaces/control_framework_interfaces/srv/detail/controller_select__rosidl_typesupport_fastrtps_cpp.hpp
[1.520s] -- Installing: /home/dakota/.local/repos/control_framework/install/control_framework_interfaces/include/control_framework_interfaces/control_framework_interfaces/srv/detail/dds_fastrtps
[1.520s] -- Up-to-date: /home/dakota/.local/repos/control_framework/install/control_framework_interfaces/include/control_framework_interfaces/control_framework_interfaces/srv/detail/reset_record__rosidl_typesupport_fastrtps_cpp.hpp
[1.520s] -- Up-to-date: /home/dakota/.local/repos/control_framework/install/control_framework_interfaces/include/control_framework_interfaces/control_framework_interfaces/msg
[1.520s] -- Up-to-date: /home/dakota/.local/repos/control_framework/install/control_framework_interfaces/include/control_framework_interfaces/control_framework_interfaces/msg/detail
[1.520s] -- Up-to-date: /home/dakota/.local/repos/control_framework/install/control_framework_interfaces/include/control_framework_interfaces/control_framework_interfaces/msg/detail/control_input__rosidl_typesupport_fastrtps_cpp.hpp
[1.520s] -- Up-to-date: /home/dakota/.local/repos/control_framework/install/control_framework_interfaces/include/control_framework_interfaces/control_framework_interfaces/msg/detail/joint_state__rosidl_typesupport_fastrtps_cpp.hpp
[1.520s] -- Installing: /home/dakota/.local/repos/control_framework/install/control_framework_interfaces/include/control_framework_interfaces/control_framework_interfaces/msg/detail/dds_fastrtps
[1.520s] -- Up-to-date: /home/dakota/.local/repos/control_framework/install/control_framework_interfaces/include/control_framework_interfaces/control_framework_interfaces/msg/rosidl_typesupport_fastrtps_cpp__visibility_control.h
[1.520s] -- Installing: /home/dakota/.local/repos/control_framework/install/control_framework_interfaces/lib/libcontrol_framework_interfaces__rosidl_typesupport_fastrtps_cpp.so
[1.520s] -- Set runtime path of "/home/dakota/.local/repos/control_framework/install/control_framework_interfaces/lib/libcontrol_framework_interfaces__rosidl_typesupport_fastrtps_cpp.so" to ""
[1.520s] -- Up-to-date: /home/dakota/.local/repos/control_framework/install/control_framework_interfaces/include/control_framework_interfaces/control_framework_interfaces
[1.520s] -- Up-to-date: /home/dakota/.local/repos/control_framework/install/control_framework_interfaces/include/control_framework_interfaces/control_framework_interfaces/srv
[1.520s] -- Up-to-date: /home/dakota/.local/repos/control_framework/install/control_framework_interfaces/include/control_framework_interfaces/control_framework_interfaces/srv/detail
[1.520s] -- Up-to-date: /home/dakota/.local/repos/control_framework/install/control_framework_interfaces/include/control_framework_interfaces/control_framework_interfaces/srv/detail/init_state__rosidl_typesupport_introspection_cpp.hpp
[1.520s] -- Up-to-date: /home/dakota/.local/repos/control_framework/install/control_framework_interfaces/include/control_framework_interfaces/control_framework_interfaces/srv/detail/init_state__type_support.cpp
[1.521s] -- Up-to-date: /home/dakota/.local/repos/control_framework/install/control_framework_interfaces/include/control_framework_interfaces/control_framework_interfaces/srv/detail/controller_select__type_support.cpp
[1.521s] -- Up-to-date: /home/dakota/.local/repos/control_framework/install/control_framework_interfaces/include/control_framework_interfaces/control_framework_interfaces/srv/detail/controller_select__rosidl_typesupport_introspection_cpp.hpp
[1.521s] -- Up-to-date: /home/dakota/.local/repos/control_framework/install/control_framework_interfaces/include/control_framework_interfaces/control_framework_interfaces/srv/detail/reset_record__type_support.cpp
[1.521s] -- Up-to-date: /home/dakota/.local/repos/control_framework/install/control_framework_interfaces/include/control_framework_interfaces/control_framework_interfaces/srv/detail/reset_record__rosidl_typesupport_introspection_cpp.hpp
[1.523s] -- Up-to-date: /home/dakota/.local/repos/control_framework/install/control_framework_interfaces/include/control_framework_interfaces/control_framework_interfaces/msg
[1.523s] -- Up-to-date: /home/dakota/.local/repos/control_framework/install/control_framework_interfaces/include/control_framework_interfaces/control_framework_interfaces/msg/detail
[1.523s] -- Up-to-date: /home/dakota/.local/repos/control_framework/install/control_framework_interfaces/include/control_framework_interfaces/control_framework_interfaces/msg/detail/control_input__rosidl_typesupport_introspection_cpp.hpp
[1.523s] -- Up-to-date: /home/dakota/.local/repos/control_framework/install/control_framework_interfaces/include/control_framework_interfaces/control_framework_interfaces/msg/detail/joint_state__rosidl_typesupport_introspection_cpp.hpp
[1.523s] -- Up-to-date: /home/dakota/.local/repos/control_framework/install/control_framework_interfaces/include/control_framework_interfaces/control_framework_interfaces/msg/detail/control_input__type_support.cpp
[1.523s] -- Up-to-date: /home/dakota/.local/repos/control_framework/install/control_framework_interfaces/include/control_framework_interfaces/control_framework_interfaces/msg/detail/joint_state__type_support.cpp
[1.523s] -- Installing: /home/dakota/.local/repos/control_framework/install/control_framework_interfaces/lib/libcontrol_framework_interfaces__rosidl_typesupport_introspection_cpp.so
[1.523s] -- Set runtime path of "/home/dakota/.local/repos/control_framework/install/control_framework_interfaces/lib/libcontrol_framework_interfaces__rosidl_typesupport_introspection_cpp.so" to ""
[1.523s] -- Installing: /home/dakota/.local/repos/control_framework/install/control_framework_interfaces/lib/libcontrol_framework_interfaces__rosidl_typesupport_cpp.so
[1.523s] -- Set runtime path of "/home/dakota/.local/repos/control_framework/install/control_framework_interfaces/lib/libcontrol_framework_interfaces__rosidl_typesupport_cpp.so" to ""
[1.524s] -- Up-to-date: /home/dakota/.local/repos/control_framework/install/control_framework_interfaces/share/control_framework_interfaces/environment/pythonpath.sh
[1.524s] -- Installing: /home/dakota/.local/repos/control_framework/install/control_framework_interfaces/share/control_framework_interfaces/environment/pythonpath.dsv
[1.524s] -- Up-to-date: /home/dakota/.local/repos/control_framework/install/control_framework_interfaces/local/lib/python3.10/dist-packages/control_framework_interfaces-0.0.0-py3.10.egg-info
[1.524s] -- Installing: /home/dakota/.local/repos/control_framework/install/control_framework_interfaces/local/lib/python3.10/dist-packages/control_framework_interfaces-0.0.0-py3.10.egg-info/SOURCES.txt
[1.524s] -- Installing: /home/dakota/.local/repos/control_framework/install/control_framework_interfaces/local/lib/python3.10/dist-packages/control_framework_interfaces-0.0.0-py3.10.egg-info/dependency_links.txt
[1.524s] -- Installing: /home/dakota/.local/repos/control_framework/install/control_framework_interfaces/local/lib/python3.10/dist-packages/control_framework_interfaces-0.0.0-py3.10.egg-info/top_level.txt
[1.524s] -- Installing: /home/dakota/.local/repos/control_framework/install/control_framework_interfaces/local/lib/python3.10/dist-packages/control_framework_interfaces-0.0.0-py3.10.egg-info/PKG-INFO
[1.524s] -- Up-to-date: /home/dakota/.local/repos/control_framework/install/control_framework_interfaces/local/lib/python3.10/dist-packages/control_framework_interfaces
[1.524s] -- Up-to-date: /home/dakota/.local/repos/control_framework/install/control_framework_interfaces/local/lib/python3.10/dist-packages/control_framework_interfaces/_control_framework_interfaces_s.ep.rosidl_typesupport_fastrtps_c.c
[1.524s] -- Up-to-date: /home/dakota/.local/repos/control_framework/install/control_framework_interfaces/local/lib/python3.10/dist-packages/control_framework_interfaces/srv
[1.524s] -- Up-to-date: /home/dakota/.local/repos/control_framework/install/control_framework_interfaces/local/lib/python3.10/dist-packages/control_framework_interfaces/srv/_reset_record_s.c
[1.524s] -- Up-to-date: /home/dakota/.local/repos/control_framework/install/control_framework_interfaces/local/lib/python3.10/dist-packages/control_framework_interfaces/srv/_init_state_s.c
[1.524s] -- Up-to-date: /home/dakota/.local/repos/control_framework/install/control_framework_interfaces/local/lib/python3.10/dist-packages/control_framework_interfaces/srv/_init_state.py
[1.524s] -- Up-to-date: /home/dakota/.local/repos/control_framework/install/control_framework_interfaces/local/lib/python3.10/dist-packages/control_framework_interfaces/srv/_controller_select.py
[1.524s] -- Up-to-date: /home/dakota/.local/repos/control_framework/install/control_framework_interfaces/local/lib/python3.10/dist-packages/control_framework_interfaces/srv/__init__.py
[1.524s] -- Up-to-date: /home/dakota/.local/repos/control_framework/install/control_framework_interfaces/local/lib/python3.10/dist-packages/control_framework_interfaces/srv/_controller_select_s.c
[1.524s] -- Up-to-date: /home/dakota/.local/repos/control_framework/install/control_framework_interfaces/local/lib/python3.10/dist-packages/control_framework_interfaces/srv/_reset_record.py
[1.524s] -- Up-to-date: /home/dakota/.local/repos/control_framework/install/control_framework_interfaces/local/lib/python3.10/dist-packages/control_framework_interfaces/_control_framework_interfaces_s.ep.rosidl_typesupport_introspection_c.c
[1.524s] -- Installing: /home/dakota/.local/repos/control_framework/install/control_framework_interfaces/local/lib/python3.10/dist-packages/control_framework_interfaces/__init__.py
[1.525s] -- Installing: /home/dakota/.local/repos/control_framework/install/control_framework_interfaces/local/lib/python3.10/dist-packages/control_framework_interfaces/control_framework_interfaces_s__rosidl_typesupport_fastrtps_c.cpython-310-x86_64-linux-gnu.so
[1.525s] -- Up-to-date: /home/dakota/.local/repos/control_framework/install/control_framework_interfaces/local/lib/python3.10/dist-packages/control_framework_interfaces/msg
[1.525s] -- Up-to-date: /home/dakota/.local/repos/control_framework/install/control_framework_interfaces/local/lib/python3.10/dist-packages/control_framework_interfaces/msg/_joint_state.py
[1.525s] -- Up-to-date: /home/dakota/.local/repos/control_framework/install/control_framework_interfaces/local/lib/python3.10/dist-packages/control_framework_interfaces/msg/__init__.py
[1.525s] -- Up-to-date: /home/dakota/.local/repos/control_framework/install/control_framework_interfaces/local/lib/python3.10/dist-packages/control_framework_interfaces/msg/_control_input.py
[1.525s] -- Up-to-date: /home/dakota/.local/repos/control_framework/install/control_framework_interfaces/local/lib/python3.10/dist-packages/control_framework_interfaces/msg/_control_input_s.c
[1.525s] -- Up-to-date: /home/dakota/.local/repos/control_framework/install/control_framework_interfaces/local/lib/python3.10/dist-packages/control_framework_interfaces/msg/_joint_state_s.c
[1.525s] -- Up-to-date: /home/dakota/.local/repos/control_framework/install/control_framework_interfaces/local/lib/python3.10/dist-packages/control_framework_interfaces/_control_framework_interfaces_s.ep.rosidl_typesupport_c.c
[1.525s] -- Installing: /home/dakota/.local/repos/control_framework/install/control_framework_interfaces/local/lib/python3.10/dist-packages/control_framework_interfaces/control_framework_interfaces_s__rosidl_typesupport_c.cpython-310-x86_64-linux-gnu.so
[1.525s] -- Installing: /home/dakota/.local/repos/control_framework/install/control_framework_interfaces/local/lib/python3.10/dist-packages/control_framework_interfaces/control_framework_interfaces_s__rosidl_typesupport_introspection_c.cpython-310-x86_64-linux-gnu.so
[1.525s] -- Installing: /home/dakota/.local/repos/control_framework/install/control_framework_interfaces/local/lib/python3.10/dist-packages/control_framework_interfaces/libcontrol_framework_interfaces__rosidl_generator_py.so
[1.553s] Listing '/home/dakota/.local/repos/control_framework/install/control_framework_interfaces/local/lib/python3.10/dist-packages/control_framework_interfaces'...
[1.553s] Compiling '/home/dakota/.local/repos/control_framework/install/control_framework_interfaces/local/lib/python3.10/dist-packages/control_framework_interfaces/__init__.py'...
[1.553s] Listing '/home/dakota/.local/repos/control_framework/install/control_framework_interfaces/local/lib/python3.10/dist-packages/control_framework_interfaces/msg'...
[1.555s] Compiling '/home/dakota/.local/repos/control_framework/install/control_framework_interfaces/local/lib/python3.10/dist-packages/control_framework_interfaces/msg/__init__.py'...
[1.555s] Compiling '/home/dakota/.local/repos/control_framework/install/control_framework_interfaces/local/lib/python3.10/dist-packages/control_framework_interfaces/msg/_control_input.py'...
[1.555s] Compiling '/home/dakota/.local/repos/control_framework/install/control_framework_interfaces/local/lib/python3.10/dist-packages/control_framework_interfaces/msg/_joint_state.py'...
[1.555s] Listing '/home/dakota/.local/repos/control_framework/install/control_framework_interfaces/local/lib/python3.10/dist-packages/control_framework_interfaces/srv'...
[1.555s] Compiling '/home/dakota/.local/repos/control_framework/install/control_framework_interfaces/local/lib/python3.10/dist-packages/control_framework_interfaces/srv/__init__.py'...
[1.555s] Compiling '/home/dakota/.local/repos/control_framework/install/control_framework_interfaces/local/lib/python3.10/dist-packages/control_framework_interfaces/srv/_controller_select.py'...
[1.555s] Compiling '/home/dakota/.local/repos/control_framework/install/control_framework_interfaces/local/lib/python3.10/dist-packages/control_framework_interfaces/srv/_init_state.py'...
[1.555s] Compiling '/home/dakota/.local/repos/control_framework/install/control_framework_interfaces/local/lib/python3.10/dist-packages/control_framework_interfaces/srv/_reset_record.py'...
[1.561s] -- Installing: /home/dakota/.local/repos/control_framework/install/control_framework_interfaces/local/lib/python3.10/dist-packages/control_framework_interfaces/control_framework_interfaces_s__rosidl_typesupport_fastrtps_c.cpython-310-x86_64-linux-gnu.so
[1.561s] -- Set runtime path of "/home/dakota/.local/repos/control_framework/install/control_framework_interfaces/local/lib/python3.10/dist-packages/control_framework_interfaces/control_framework_interfaces_s__rosidl_typesupport_fastrtps_c.cpython-310-x86_64-linux-gnu.so" to ""
[1.561s] -- Installing: /home/dakota/.local/repos/control_framework/install/control_framework_interfaces/local/lib/python3.10/dist-packages/control_framework_interfaces/control_framework_interfaces_s__rosidl_typesupport_introspection_c.cpython-310-x86_64-linux-gnu.so
[1.561s] -- Set runtime path of "/home/dakota/.local/repos/control_framework/install/control_framework_interfaces/local/lib/python3.10/dist-packages/control_framework_interfaces/control_framework_interfaces_s__rosidl_typesupport_introspection_c.cpython-310-x86_64-linux-gnu.so" to ""
[1.561s] -- Installing: /home/dakota/.local/repos/control_framework/install/control_framework_interfaces/local/lib/python3.10/dist-packages/control_framework_interfaces/control_framework_interfaces_s__rosidl_typesupport_c.cpython-310-x86_64-linux-gnu.so
[1.561s] -- Set runtime path of "/home/dakota/.local/repos/control_framework/install/control_framework_interfaces/local/lib/python3.10/dist-packages/control_framework_interfaces/control_framework_interfaces_s__rosidl_typesupport_c.cpython-310-x86_64-linux-gnu.so" to ""
[1.561s] -- Installing: /home/dakota/.local/repos/control_framework/install/control_framework_interfaces/lib/libcontrol_framework_interfaces__rosidl_generator_py.so
[1.561s] -- Set runtime path of "/home/dakota/.local/repos/control_framework/install/control_framework_interfaces/lib/libcontrol_framework_interfaces__rosidl_generator_py.so" to ""
[1.561s] -- Up-to-date: /home/dakota/.local/repos/control_framework/install/control_framework_interfaces/share/ament_index/resource_index/rust_packages/control_framework_interfaces
[1.561s] -- Up-to-date: /home/dakota/.local/repos/control_framework/install/control_framework_interfaces/share/control_framework_interfaces/rust
[1.561s] -- Up-to-date: /home/dakota/.local/repos/control_framework/install/control_framework_interfaces/share/control_framework_interfaces/rust/Cargo.toml
[1.561s] -- Up-to-date: /home/dakota/.local/repos/control_framework/install/control_framework_interfaces/share/control_framework_interfaces/rust/build.rs
[1.561s] -- Up-to-date: /home/dakota/.local/repos/control_framework/install/control_framework_interfaces/share/control_framework_interfaces/rust/src
[1.561s] -- Up-to-date: /home/dakota/.local/repos/control_framework/install/control_framework_interfaces/share/control_framework_interfaces/rust/src/srv.rs
[1.561s] -- Up-to-date: /home/dakota/.local/repos/control_framework/install/control_framework_interfaces/share/control_framework_interfaces/rust/src/srv
[1.561s] -- Up-to-date: /home/dakota/.local/repos/control_framework/install/control_framework_interfaces/share/control_framework_interfaces/rust/src/srv/rmw.rs
[1.561s] -- Up-to-date: /home/dakota/.local/repos/control_framework/install/control_framework_interfaces/share/control_framework_interfaces/rust/src/msg.rs
[1.561s] -- Up-to-date: /home/dakota/.local/repos/control_framework/install/control_framework_interfaces/share/control_framework_interfaces/rust/src/msg
[1.561s] -- Up-to-date: /home/dakota/.local/repos/control_framework/install/control_framework_interfaces/share/control_framework_interfaces/rust/src/msg/rmw.rs
[1.561s] -- Up-to-date: /home/dakota/.local/repos/control_framework/install/control_framework_interfaces/share/control_framework_interfaces/rust/src/lib.rs
[1.561s] -- Up-to-date: /home/dakota/.local/repos/control_framework/install/control_framework_interfaces/share/control_framework_interfaces/msg/ControlInput.idl
[1.561s] -- Up-to-date: /home/dakota/.local/repos/control_framework/install/control_framework_interfaces/share/control_framework_interfaces/msg/JointState.idl
[1.561s] -- Up-to-date: /home/dakota/.local/repos/control_framework/install/control_framework_interfaces/share/control_framework_interfaces/srv/InitState.idl
[1.561s] -- Up-to-date: /home/dakota/.local/repos/control_framework/install/control_framework_interfaces/share/control_framework_interfaces/srv/ResetRecord.idl
[1.561s] -- Up-to-date: /home/dakota/.local/repos/control_framework/install/control_framework_interfaces/share/control_framework_interfaces/srv/ControllerSelect.idl
[1.561s] -- Up-to-date: /home/dakota/.local/repos/control_framework/install/control_framework_interfaces/share/control_framework_interfaces/msg/ControlInput.msg
[1.561s] -- Up-to-date: /home/dakota/.local/repos/control_framework/install/control_framework_interfaces/share/control_framework_interfaces/msg/JointState.msg
[1.561s] -- Up-to-date: /home/dakota/.local/repos/control_framework/install/control_framework_interfaces/share/control_framework_interfaces/srv/InitState.srv
[1.561s] -- Up-to-date: /home/dakota/.local/repos/control_framework/install/control_framework_interfaces/share/control_framework_interfaces/srv/InitState_Request.msg
[1.561s] -- Up-to-date: /home/dakota/.local/repos/control_framework/install/control_framework_interfaces/share/control_framework_interfaces/srv/InitState_Response.msg
[1.561s] -- Up-to-date: /home/dakota/.local/repos/control_framework/install/control_framework_interfaces/share/control_framework_interfaces/srv/ResetRecord.srv
[1.561s] -- Up-to-date: /home/dakota/.local/repos/control_framework/install/control_framework_interfaces/share/control_framework_interfaces/srv/ResetRecord_Request.msg
[1.561s] -- Up-to-date: /home/dakota/.local/repos/control_framework/install/control_framework_interfaces/share/control_framework_interfaces/srv/ResetRecord_Response.msg
[1.561s] -- Up-to-date: /home/dakota/.local/repos/control_framework/install/control_framework_interfaces/share/control_framework_interfaces/srv/ControllerSelect.srv
[1.561s] -- Up-to-date: /home/dakota/.local/repos/control_framework/install/control_framework_interfaces/share/control_framework_interfaces/srv/ControllerSelect_Request.msg
[1.561s] -- Up-to-date: /home/dakota/.local/repos/control_framework/install/control_framework_interfaces/share/control_framework_interfaces/srv/ControllerSelect_Response.msg
[1.562s] -- Up-to-date: /home/dakota/.local/repos/control_framework/install/control_framework_interfaces/share/ament_index/resource_index/package_run_dependencies/control_framework_interfaces
[1.562s] -- Installing: /home/dakota/.local/repos/control_framework/install/control_framework_interfaces/share/ament_index/resource_index/parent_prefix_path/control_framework_interfaces
[1.562s] -- Installing: /home/dakota/.local/repos/control_framework/install/control_framework_interfaces/share/control_framework_interfaces/environment/ament_prefix_path.sh
[1.562s] -- Installing: /home/dakota/.local/repos/control_framework/install/control_framework_interfaces/share/control_framework_interfaces/environment/ament_prefix_path.dsv
[1.562s] -- Installing: /home/dakota/.local/repos/control_framework/install/control_framework_interfaces/share/control_framework_interfaces/environment/path.sh
[1.562s] -- Installing: /home/dakota/.local/repos/control_framework/install/control_framework_interfaces/share/control_framework_interfaces/environment/path.dsv
[1.562s] -- Up-to-date: /home/dakota/.local/repos/control_framework/install/control_framework_interfaces/share/control_framework_interfaces/local_setup.bash
[1.562s] -- Up-to-date: /home/dakota/.local/repos/control_framework/install/control_framework_interfaces/share/control_framework_interfaces/local_setup.sh
[1.562s] -- Up-to-date: /home/dakota/.local/repos/control_framework/install/control_framework_interfaces/share/control_framework_interfaces/local_setup.zsh
[1.562s] -- Installing: /home/dakota/.local/repos/control_framework/install/control_framework_interfaces/share/control_framework_interfaces/local_setup.dsv
[1.562s] -- Installing: /home/dakota/.local/repos/control_framework/install/control_framework_interfaces/share/control_framework_interfaces/package.dsv
[1.562s] -- Up-to-date: /home/dakota/.local/repos/control_framework/install/control_framework_interfaces/share/ament_index/resource_index/packages/control_framework_interfaces
[1.562s] -- Up-to-date: /home/dakota/.local/repos/control_framework/install/control_framework_interfaces/share/control_framework_interfaces/cmake/export_control_framework_interfaces__rosidl_generator_cExport.cmake
[1.562s] -- Up-to-date: /home/dakota/.local/repos/control_framework/install/control_framework_interfaces/share/control_framework_interfaces/cmake/export_control_framework_interfaces__rosidl_generator_cExport-noconfig.cmake
[1.562s] -- Up-to-date: /home/dakota/.local/repos/control_framework/install/control_framework_interfaces/share/control_framework_interfaces/cmake/export_control_framework_interfaces__rosidl_typesupport_fastrtps_cExport.cmake
[1.562s] -- Up-to-date: /home/dakota/.local/repos/control_framework/install/control_framework_interfaces/share/control_framework_interfaces/cmake/export_control_framework_interfaces__rosidl_typesupport_fastrtps_cExport-noconfig.cmake
[1.562s] -- Up-to-date: /home/dakota/.local/repos/control_framework/install/control_framework_interfaces/share/control_framework_interfaces/cmake/control_framework_interfaces__rosidl_typesupport_introspection_cExport.cmake
[1.562s] -- Up-to-date: /home/dakota/.local/repos/control_framework/install/control_framework_interfaces/share/control_framework_interfaces/cmake/control_framework_interfaces__rosidl_typesupport_introspection_cExport-noconfig.cmake
[1.562s] -- Up-to-date: /home/dakota/.local/repos/control_framework/install/control_framework_interfaces/share/control_framework_interfaces/cmake/control_framework_interfaces__rosidl_typesupport_cExport.cmake
[1.562s] -- Up-to-date: /home/dakota/.local/repos/control_framework/install/control_framework_interfaces/share/control_framework_interfaces/cmake/control_framework_interfaces__rosidl_typesupport_cExport-noconfig.cmake
[1.562s] -- Up-to-date: /home/dakota/.local/repos/control_framework/install/control_framework_interfaces/share/control_framework_interfaces/cmake/export_control_framework_interfaces__rosidl_generator_cppExport.cmake
[1.563s] -- Up-to-date: /home/dakota/.local/repos/control_framework/install/control_framework_interfaces/share/control_framework_interfaces/cmake/export_control_framework_interfaces__rosidl_typesupport_fastrtps_cppExport.cmake
[1.563s] -- Up-to-date: /home/dakota/.local/repos/control_framework/install/control_framework_interfaces/share/control_framework_interfaces/cmake/export_control_framework_interfaces__rosidl_typesupport_fastrtps_cppExport-noconfig.cmake
[1.563s] -- Up-to-date: /home/dakota/.local/repos/control_framework/install/control_framework_interfaces/share/control_framework_interfaces/cmake/control_framework_interfaces__rosidl_typesupport_introspection_cppExport.cmake
[1.563s] -- Up-to-date: /home/dakota/.local/repos/control_framework/install/control_framework_interfaces/share/control_framework_interfaces/cmake/control_framework_interfaces__rosidl_typesupport_introspection_cppExport-noconfig.cmake
[1.563s] -- Up-to-date: /home/dakota/.local/repos/control_framework/install/control_framework_interfaces/share/control_framework_interfaces/cmake/control_framework_interfaces__rosidl_typesupport_cppExport.cmake
[1.563s] -- Up-to-date: /home/dakota/.local/repos/control_framework/install/control_framework_interfaces/share/control_framework_interfaces/cmake/control_framework_interfaces__rosidl_typesupport_cppExport-noconfig.cmake
[1.563s] -- Up-to-date: /home/dakota/.local/repos/control_framework/install/control_framework_interfaces/share/control_framework_interfaces/cmake/export_control_framework_interfaces__rosidl_generator_pyExport.cmake
[1.563s] -- Up-to-date: /home/dakota/.local/repos/control_framework/install/control_framework_interfaces/share/control_framework_interfaces/cmake/export_control_framework_interfaces__rosidl_generator_pyExport-noconfig.cmake
[1.563s] -- Up-to-date: /home/dakota/.local/repos/control_framework/install/control_framework_interfaces/share/control_framework_interfaces/cmake/rosidl_cmake-extras.cmake
[1.563s] -- Up-to-date: /home/dakota/.local/repos/control_framework/install/control_framework_interfaces/share/control_framework_interfaces/cmake/ament_cmake_export_include_directories-extras.cmake
[1.563s] -- Up-to-date: /home/dakota/.local/repos/control_framework/install/control_framework_interfaces/share/control_framework_interfaces/cmake/ament_cmake_export_libraries-extras.cmake
[1.563s] -- Up-to-date: /home/dakota/.local/repos/control_framework/install/control_framework_interfaces/share/control_framework_interfaces/cmake/ament_cmake_export_targets-extras.cmake
[1.563s] -- Up-to-date: /home/dakota/.local/repos/control_framework/install/control_framework_interfaces/share/control_framework_interfaces/cmake/rosidl_cmake_export_typesupport_targets-extras.cmake
[1.563s] -- Up-to-date: /home/dakota/.local/repos/control_framework/install/control_framework_interfaces/share/control_framework_interfaces/cmake/ament_cmake_export_dependencies-extras.cmake
[1.563s] -- Up-to-date: /home/dakota/.local/repos/control_framework/install/control_framework_interfaces/share/control_framework_interfaces/cmake/rosidl_cmake_export_typesupport_libraries-extras.cmake
[1.563s] -- Installing: /home/dakota/.local/repos/control_framework/install/control_framework_interfaces/share/control_framework_interfaces/cmake/rosidl_cmake_aggregate_target-extras.cmake
[1.563s] -- Installing: /home/dakota/.local/repos/control_framework/install/control_framework_interfaces/share/control_framework_interfaces/cmake/control_framework_interfacesConfig.cmake
[1.563s] -- Up-to-date: /home/dakota/.local/repos/control_framework/install/control_framework_interfaces/share/control_framework_interfaces/cmake/control_framework_interfacesConfig-version.cmake
[1.563s] -- Up-to-date: /home/dakota/.local/repos/control_framework/install/control_framework_interfaces/share/control_framework_interfaces/package.xml
[1.564s] Invoked command in '/home/dakota/.local/repos/control_framework/build/control_framework_interfaces' returned '0': CMAKE_PREFIX_PATH=/opt/ros/humble /usr/bin/cmake --install /home/dakota/.local/repos/control_framework/build/control_framework_interfaces
