[0.047s] DEBUG:colcon:Command line arguments: ['/usr/bin/colcon', 'build']
[0.047s] DEBUG:colcon:Parsed command line arguments: Namespace(log_base=None, log_level=None, verb_name='build', build_base='build', install_base='install', merge_install=False, symlink_install=False, test_result_base=None, continue_on_error=False, executor='parallel', parallel_workers=28, event_handlers=None, ignore_user_meta=False, metas=['./colcon.meta'], base_paths=['.'], packages_ignore=None, packages_ignore_regex=None, paths=None, packages_up_to=None, packages_up_to_regex=None, packages_above=None, packages_above_and_dependencies=None, packages_above_depth=None, packages_select_by_dep=None, packages_skip_by_dep=None, packages_skip_up_to=None, packages_select_build_failed=False, packages_skip_build_finished=False, packages_select_test_failures=False, packages_skip_test_passed=False, packages_select=None, packages_skip=None, packages_select_regex=None, packages_skip_regex=None, packages_start=None, packages_end=None, allow_overriding=[], cmake_args=None, cmake_target=None, cmake_target_skip_unavailable=False, cmake_clean_cache=False, cmake_clean_first=False, cmake_force_configure=False, ament_cmake_args=None, catkin_cmake_args=None, catkin_skip_building_tests=False, mixin_files=None, mixin=None, verb_parser=<colcon_mixin.mixin.mixin_argument.MixinArgumentDecorator object at 0x7ad4357d5ab0>, verb_extension=<colcon_core.verb.build.BuildVerb object at 0x7ad4357d54e0>, main=<bound method BuildVerb.main of <colcon_core.verb.build.BuildVerb object at 0x7ad4357d54e0>>, mixin_verb=('build',))
[0.112s] Level 1:colcon.colcon_core.package_discovery:discover_packages(colcon_meta) check parameters
[0.112s] Level 1:colcon.colcon_core.package_discovery:discover_packages(recursive) check parameters
[0.112s] Level 1:colcon.colcon_core.package_discovery:discover_packages(ignore) check parameters
[0.112s] Level 1:colcon.colcon_core.package_discovery:discover_packages(path) check parameters
[0.112s] Level 1:colcon.colcon_core.package_discovery:discover_packages(colcon_meta) discover
[0.112s] Level 1:colcon.colcon_core.package_discovery:discover_packages(recursive) discover
[0.112s] INFO:colcon.colcon_core.package_discovery:Crawling recursively for packages in '/home/dakota/.local/repos/control_framework'
[0.112s] Level 1:colcon.colcon_core.package_identification:_identify(.) by extensions ['ignore', 'ignore_ament_install']
[0.113s] Level 1:colcon.colcon_core.package_identification:_identify(.) by extension 'ignore'
[0.113s] Level 1:colcon.colcon_core.package_identification:_identify(.) by extension 'ignore_ament_install'
[0.113s] Level 1:colcon.colcon_core.package_identification:_identify(.) by extensions ['colcon_pkg']
[0.113s] Level 1:colcon.colcon_core.package_identification:_identify(.) by extension 'colcon_pkg'
[0.113s] Level 1:colcon.colcon_core.package_identification:_identify(.) by extensions ['colcon_meta']
[0.113s] Level 1:colcon.colcon_core.package_identification:_identify(.) by extension 'colcon_meta'
[0.113s] Level 1:colcon.colcon_core.package_identification:_identify(.) by extensions ['ros']
[0.113s] Level 1:colcon.colcon_core.package_identification:_identify(.) by extension 'ros'
[0.118s] Level 1:colcon.colcon_core.package_identification:_identify(.) by extensions ['cmake', 'python']
[0.118s] Level 1:colcon.colcon_core.package_identification:_identify(.) by extension 'cmake'
[0.118s] Level 1:colcon.colcon_core.package_identification:_identify(.) by extension 'python'
[0.118s] Level 1:colcon.colcon_core.package_identification:_identify(.) by extensions ['python_setup_py']
[0.118s] Level 1:colcon.colcon_core.package_identification:_identify(.) by extension 'python_setup_py'
[0.118s] Level 1:colcon.colcon_core.package_identification:_identify(build) by extensions ['ignore', 'ignore_ament_install']
[0.118s] Level 1:colcon.colcon_core.package_identification:_identify(build) by extension 'ignore'
[0.118s] Level 1:colcon.colcon_core.package_identification:_identify(build) ignored
[0.118s] Level 1:colcon.colcon_core.package_identification:_identify(csv_data) by extensions ['ignore', 'ignore_ament_install']
[0.118s] Level 1:colcon.colcon_core.package_identification:_identify(csv_data) by extension 'ignore'
[0.118s] Level 1:colcon.colcon_core.package_identification:_identify(csv_data) by extension 'ignore_ament_install'
[0.118s] Level 1:colcon.colcon_core.package_identification:_identify(csv_data) by extensions ['colcon_pkg']
[0.118s] Level 1:colcon.colcon_core.package_identification:_identify(csv_data) by extension 'colcon_pkg'
[0.118s] Level 1:colcon.colcon_core.package_identification:_identify(csv_data) by extensions ['colcon_meta']
[0.118s] Level 1:colcon.colcon_core.package_identification:_identify(csv_data) by extension 'colcon_meta'
[0.118s] Level 1:colcon.colcon_core.package_identification:_identify(csv_data) by extensions ['ros']
[0.118s] Level 1:colcon.colcon_core.package_identification:_identify(csv_data) by extension 'ros'
[0.118s] Level 1:colcon.colcon_core.package_identification:_identify(csv_data) by extensions ['cmake', 'python']
[0.118s] Level 1:colcon.colcon_core.package_identification:_identify(csv_data) by extension 'cmake'
[0.118s] Level 1:colcon.colcon_core.package_identification:_identify(csv_data) by extension 'python'
[0.118s] Level 1:colcon.colcon_core.package_identification:_identify(csv_data) by extensions ['python_setup_py']
[0.118s] Level 1:colcon.colcon_core.package_identification:_identify(csv_data) by extension 'python_setup_py'
[0.118s] Level 1:colcon.colcon_core.package_identification:_identify(install) by extensions ['ignore', 'ignore_ament_install']
[0.118s] Level 1:colcon.colcon_core.package_identification:_identify(install) by extension 'ignore'
[0.118s] Level 1:colcon.colcon_core.package_identification:_identify(install) ignored
[0.118s] Level 1:colcon.colcon_core.package_identification:_identify(launch) by extensions ['ignore', 'ignore_ament_install']
[0.118s] Level 1:colcon.colcon_core.package_identification:_identify(launch) by extension 'ignore'
[0.118s] Level 1:colcon.colcon_core.package_identification:_identify(launch) by extension 'ignore_ament_install'
[0.118s] Level 1:colcon.colcon_core.package_identification:_identify(launch) by extensions ['colcon_pkg']
[0.118s] Level 1:colcon.colcon_core.package_identification:_identify(launch) by extension 'colcon_pkg'
[0.118s] Level 1:colcon.colcon_core.package_identification:_identify(launch) by extensions ['colcon_meta']
[0.118s] Level 1:colcon.colcon_core.package_identification:_identify(launch) by extension 'colcon_meta'
[0.118s] Level 1:colcon.colcon_core.package_identification:_identify(launch) by extensions ['ros']
[0.118s] Level 1:colcon.colcon_core.package_identification:_identify(launch) by extension 'ros'
[0.118s] Level 1:colcon.colcon_core.package_identification:_identify(launch) by extensions ['cmake', 'python']
[0.118s] Level 1:colcon.colcon_core.package_identification:_identify(launch) by extension 'cmake'
[0.118s] Level 1:colcon.colcon_core.package_identification:_identify(launch) by extension 'python'
[0.118s] Level 1:colcon.colcon_core.package_identification:_identify(launch) by extensions ['python_setup_py']
[0.118s] Level 1:colcon.colcon_core.package_identification:_identify(launch) by extension 'python_setup_py'
[0.118s] Level 1:colcon.colcon_core.package_identification:_identify(launch/__pycache__) by extensions ['ignore', 'ignore_ament_install']
[0.118s] Level 1:colcon.colcon_core.package_identification:_identify(launch/__pycache__) by extension 'ignore'
[0.118s] Level 1:colcon.colcon_core.package_identification:_identify(launch/__pycache__) by extension 'ignore_ament_install'
[0.118s] Level 1:colcon.colcon_core.package_identification:_identify(launch/__pycache__) by extensions ['colcon_pkg']
[0.118s] Level 1:colcon.colcon_core.package_identification:_identify(launch/__pycache__) by extension 'colcon_pkg'
[0.118s] Level 1:colcon.colcon_core.package_identification:_identify(launch/__pycache__) by extensions ['colcon_meta']
[0.118s] Level 1:colcon.colcon_core.package_identification:_identify(launch/__pycache__) by extension 'colcon_meta'
[0.118s] Level 1:colcon.colcon_core.package_identification:_identify(launch/__pycache__) by extensions ['ros']
[0.119s] Level 1:colcon.colcon_core.package_identification:_identify(launch/__pycache__) by extension 'ros'
[0.119s] Level 1:colcon.colcon_core.package_identification:_identify(launch/__pycache__) by extensions ['cmake', 'python']
[0.119s] Level 1:colcon.colcon_core.package_identification:_identify(launch/__pycache__) by extension 'cmake'
[0.119s] Level 1:colcon.colcon_core.package_identification:_identify(launch/__pycache__) by extension 'python'
[0.119s] Level 1:colcon.colcon_core.package_identification:_identify(launch/__pycache__) by extensions ['python_setup_py']
[0.119s] Level 1:colcon.colcon_core.package_identification:_identify(launch/__pycache__) by extension 'python_setup_py'
[0.119s] Level 1:colcon.colcon_core.package_identification:_identify(log) by extensions ['ignore', 'ignore_ament_install']
[0.119s] Level 1:colcon.colcon_core.package_identification:_identify(log) by extension 'ignore'
[0.119s] Level 1:colcon.colcon_core.package_identification:_identify(log) ignored
[0.119s] Level 1:colcon.colcon_core.package_identification:_identify(src) by extensions ['ignore', 'ignore_ament_install']
[0.119s] Level 1:colcon.colcon_core.package_identification:_identify(src) by extension 'ignore'
[0.119s] Level 1:colcon.colcon_core.package_identification:_identify(src) by extension 'ignore_ament_install'
[0.119s] Level 1:colcon.colcon_core.package_identification:_identify(src) by extensions ['colcon_pkg']
[0.119s] Level 1:colcon.colcon_core.package_identification:_identify(src) by extension 'colcon_pkg'
[0.119s] Level 1:colcon.colcon_core.package_identification:_identify(src) by extensions ['colcon_meta']
[0.119s] Level 1:colcon.colcon_core.package_identification:_identify(src) by extension 'colcon_meta'
[0.119s] Level 1:colcon.colcon_core.package_identification:_identify(src) by extensions ['ros']
[0.119s] Level 1:colcon.colcon_core.package_identification:_identify(src) by extension 'ros'
[0.119s] Level 1:colcon.colcon_core.package_identification:_identify(src) by extensions ['cmake', 'python']
[0.119s] Level 1:colcon.colcon_core.package_identification:_identify(src) by extension 'cmake'
[0.119s] Level 1:colcon.colcon_core.package_identification:_identify(src) by extension 'python'
[0.119s] Level 1:colcon.colcon_core.package_identification:_identify(src) by extensions ['python_setup_py']
[0.119s] Level 1:colcon.colcon_core.package_identification:_identify(src) by extension 'python_setup_py'
[0.119s] Level 1:colcon.colcon_core.package_identification:_identify(src/control_framework_interfaces) by extensions ['ignore', 'ignore_ament_install']
[0.119s] Level 1:colcon.colcon_core.package_identification:_identify(src/control_framework_interfaces) by extension 'ignore'
[0.119s] Level 1:colcon.colcon_core.package_identification:_identify(src/control_framework_interfaces) by extension 'ignore_ament_install'
[0.119s] Level 1:colcon.colcon_core.package_identification:_identify(src/control_framework_interfaces) by extensions ['colcon_pkg']
[0.119s] Level 1:colcon.colcon_core.package_identification:_identify(src/control_framework_interfaces) by extension 'colcon_pkg'
[0.119s] Level 1:colcon.colcon_core.package_identification:_identify(src/control_framework_interfaces) by extensions ['colcon_meta']
[0.119s] Level 1:colcon.colcon_core.package_identification:_identify(src/control_framework_interfaces) by extension 'colcon_meta'
[0.119s] Level 1:colcon.colcon_core.package_identification:_identify(src/control_framework_interfaces) by extensions ['ros']
[0.119s] Level 1:colcon.colcon_core.package_identification:_identify(src/control_framework_interfaces) by extension 'ros'
[0.120s] DEBUG:colcon.colcon_core.package_identification:Package 'src/control_framework_interfaces' with type 'ros.ament_cmake' and name 'control_framework_interfaces'
[0.120s] Level 1:colcon.colcon_core.package_identification:_identify(src/controller) by extensions ['ignore', 'ignore_ament_install']
[0.120s] Level 1:colcon.colcon_core.package_identification:_identify(src/controller) by extension 'ignore'
[0.120s] Level 1:colcon.colcon_core.package_identification:_identify(src/controller) by extension 'ignore_ament_install'
[0.120s] Level 1:colcon.colcon_core.package_identification:_identify(src/controller) by extensions ['colcon_pkg']
[0.120s] Level 1:colcon.colcon_core.package_identification:_identify(src/controller) by extension 'colcon_pkg'
[0.120s] Level 1:colcon.colcon_core.package_identification:_identify(src/controller) by extensions ['colcon_meta']
[0.120s] Level 1:colcon.colcon_core.package_identification:_identify(src/controller) by extension 'colcon_meta'
[0.120s] Level 1:colcon.colcon_core.package_identification:_identify(src/controller) by extensions ['ros']
[0.120s] Level 1:colcon.colcon_core.package_identification:_identify(src/controller) by extension 'ros'
[0.121s] DEBUG:colcon.colcon_core.package_identification:Package 'src/controller' with type 'ros.ament_cmake' and name 'controller'
[0.121s] Level 1:colcon.colcon_core.package_identification:_identify(src/lockstep_sim) by extensions ['ignore', 'ignore_ament_install']
[0.121s] Level 1:colcon.colcon_core.package_identification:_identify(src/lockstep_sim) by extension 'ignore'
[0.121s] Level 1:colcon.colcon_core.package_identification:_identify(src/lockstep_sim) by extension 'ignore_ament_install'
[0.121s] Level 1:colcon.colcon_core.package_identification:_identify(src/lockstep_sim) by extensions ['colcon_pkg']
[0.121s] Level 1:colcon.colcon_core.package_identification:_identify(src/lockstep_sim) by extension 'colcon_pkg'
[0.121s] Level 1:colcon.colcon_core.package_identification:_identify(src/lockstep_sim) by extensions ['colcon_meta']
[0.121s] Level 1:colcon.colcon_core.package_identification:_identify(src/lockstep_sim) by extension 'colcon_meta'
[0.121s] Level 1:colcon.colcon_core.package_identification:_identify(src/lockstep_sim) by extensions ['ros']
[0.121s] Level 1:colcon.colcon_core.package_identification:_identify(src/lockstep_sim) by extension 'ros'
[0.121s] DEBUG:colcon.colcon_core.package_identification:Package 'src/lockstep_sim' with type 'ros.ament_cmake' and name 'lockstep_sim'
[0.121s] Level 1:colcon.colcon_core.package_discovery:discover_packages(recursive) using defaults
[0.121s] Level 1:colcon.colcon_core.package_discovery:discover_packages(ignore) discover
[0.121s] Level 1:colcon.colcon_core.package_discovery:discover_packages(ignore) using defaults
[0.121s] Level 1:colcon.colcon_core.package_discovery:discover_packages(path) discover
[0.121s] Level 1:colcon.colcon_core.package_discovery:discover_packages(path) using defaults
[0.135s] Level 1:colcon.colcon_core.package_discovery:discover_packages(prefix_path) check parameters
[0.135s] Level 1:colcon.colcon_core.package_discovery:discover_packages(prefix_path) discover
[0.135s] WARNING:colcon.colcon_ros.prefix_path.ament:The path '/home/dakota/.local/repos/control_framework/install/lockstep_sim' in the environment variable AMENT_PREFIX_PATH doesn't exist
[0.135s] WARNING:colcon.colcon_ros.prefix_path.ament:The path '/home/dakota/.local/repos/control_framework/install/controller' in the environment variable AMENT_PREFIX_PATH doesn't exist
[0.136s] WARNING:colcon.colcon_ros.prefix_path.ament:The path '/home/dakota/.local/repos/control_framework/install/control_framework_interfaces' in the environment variable AMENT_PREFIX_PATH doesn't exist
[0.136s] WARNING:colcon.colcon_ros.prefix_path.catkin:The path '/home/dakota/.local/repos/control_framework/install/lockstep_sim' in the environment variable CMAKE_PREFIX_PATH doesn't exist
[0.136s] WARNING:colcon.colcon_ros.prefix_path.catkin:The path '/home/dakota/.local/repos/control_framework/install/controller' in the environment variable CMAKE_PREFIX_PATH doesn't exist
[0.136s] WARNING:colcon.colcon_ros.prefix_path.catkin:The path '/home/dakota/.local/repos/control_framework/install/control_framework_interfaces' in the environment variable CMAKE_PREFIX_PATH doesn't exist
[0.136s] DEBUG:colcon.colcon_installed_package_information.package_discovery:Found 0 installed packages in /home/dakota/.local/repos/control_framework/install
[0.136s] DEBUG:colcon.colcon_installed_package_information.package_discovery:Found 276 installed packages in /opt/ros/humble
[0.137s] Level 1:colcon.colcon_core.package_discovery:discover_packages(prefix_path) using defaults
[0.152s] Level 5:colcon.colcon_core.verb:set package 'control_framework_interfaces' build argument 'cmake_args' from command line to 'None'
[0.152s] Level 5:colcon.colcon_core.verb:set package 'control_framework_interfaces' build argument 'cmake_target' from command line to 'None'
[0.152s] Level 5:colcon.colcon_core.verb:set package 'control_framework_interfaces' build argument 'cmake_target_skip_unavailable' from command line to 'False'
[0.152s] Level 5:colcon.colcon_core.verb:set package 'control_framework_interfaces' build argument 'cmake_clean_cache' from command line to 'False'
[0.152s] Level 5:colcon.colcon_core.verb:set package 'control_framework_interfaces' build argument 'cmake_clean_first' from command line to 'False'
[0.152s] Level 5:colcon.colcon_core.verb:set package 'control_framework_interfaces' build argument 'cmake_force_configure' from command line to 'False'
[0.152s] Level 5:colcon.colcon_core.verb:set package 'control_framework_interfaces' build argument 'ament_cmake_args' from command line to 'None'
[0.152s] Level 5:colcon.colcon_core.verb:set package 'control_framework_interfaces' build argument 'catkin_cmake_args' from command line to 'None'
[0.152s] Level 5:colcon.colcon_core.verb:set package 'control_framework_interfaces' build argument 'catkin_skip_building_tests' from command line to 'False'
[0.152s] DEBUG:colcon.colcon_core.verb:Building package 'control_framework_interfaces' with the following arguments: {'ament_cmake_args': None, 'build_base': '/home/dakota/.local/repos/control_framework/build/control_framework_interfaces', 'catkin_cmake_args': None, 'catkin_skip_building_tests': False, 'cmake_args': None, 'cmake_clean_cache': False, 'cmake_clean_first': False, 'cmake_force_configure': False, 'cmake_target': None, 'cmake_target_skip_unavailable': False, 'install_base': '/home/dakota/.local/repos/control_framework/install/control_framework_interfaces', 'merge_install': False, 'path': '/home/dakota/.local/repos/control_framework/src/control_framework_interfaces', 'symlink_install': False, 'test_result_base': None}
[0.153s] Level 5:colcon.colcon_core.verb:set package 'controller' build argument 'cmake_args' from command line to 'None'
[0.153s] Level 5:colcon.colcon_core.verb:set package 'controller' build argument 'cmake_target' from command line to 'None'
[0.153s] Level 5:colcon.colcon_core.verb:set package 'controller' build argument 'cmake_target_skip_unavailable' from command line to 'False'
[0.153s] Level 5:colcon.colcon_core.verb:set package 'controller' build argument 'cmake_clean_cache' from command line to 'False'
[0.153s] Level 5:colcon.colcon_core.verb:set package 'controller' build argument 'cmake_clean_first' from command line to 'False'
[0.153s] Level 5:colcon.colcon_core.verb:set package 'controller' build argument 'cmake_force_configure' from command line to 'False'
[0.153s] Level 5:colcon.colcon_core.verb:set package 'controller' build argument 'ament_cmake_args' from command line to 'None'
[0.153s] Level 5:colcon.colcon_core.verb:set package 'controller' build argument 'catkin_cmake_args' from command line to 'None'
[0.153s] Level 5:colcon.colcon_core.verb:set package 'controller' build argument 'catkin_skip_building_tests' from command line to 'False'
[0.153s] DEBUG:colcon.colcon_core.verb:Building package 'controller' with the following arguments: {'ament_cmake_args': None, 'build_base': '/home/dakota/.local/repos/control_framework/build/controller', 'catkin_cmake_args': None, 'catkin_skip_building_tests': False, 'cmake_args': None, 'cmake_clean_cache': False, 'cmake_clean_first': False, 'cmake_force_configure': False, 'cmake_target': None, 'cmake_target_skip_unavailable': False, 'install_base': '/home/dakota/.local/repos/control_framework/install/controller', 'merge_install': False, 'path': '/home/dakota/.local/repos/control_framework/src/controller', 'symlink_install': False, 'test_result_base': None}
[0.153s] Level 5:colcon.colcon_core.verb:set package 'lockstep_sim' build argument 'cmake_args' from command line to 'None'
[0.153s] Level 5:colcon.colcon_core.verb:set package 'lockstep_sim' build argument 'cmake_target' from command line to 'None'
[0.153s] Level 5:colcon.colcon_core.verb:set package 'lockstep_sim' build argument 'cmake_target_skip_unavailable' from command line to 'False'
[0.153s] Level 5:colcon.colcon_core.verb:set package 'lockstep_sim' build argument 'cmake_clean_cache' from command line to 'False'
[0.153s] Level 5:colcon.colcon_core.verb:set package 'lockstep_sim' build argument 'cmake_clean_first' from command line to 'False'
[0.153s] Level 5:colcon.colcon_core.verb:set package 'lockstep_sim' build argument 'cmake_force_configure' from command line to 'False'
[0.153s] Level 5:colcon.colcon_core.verb:set package 'lockstep_sim' build argument 'ament_cmake_args' from command line to 'None'
[0.153s] Level 5:colcon.colcon_core.verb:set package 'lockstep_sim' build argument 'catkin_cmake_args' from command line to 'None'
[0.153s] Level 5:colcon.colcon_core.verb:set package 'lockstep_sim' build argument 'catkin_skip_building_tests' from command line to 'False'
[0.153s] DEBUG:colcon.colcon_core.verb:Building package 'lockstep_sim' with the following arguments: {'ament_cmake_args': None, 'build_base': '/home/dakota/.local/repos/control_framework/build/lockstep_sim', 'catkin_cmake_args': None, 'catkin_skip_building_tests': False, 'cmake_args': None, 'cmake_clean_cache': False, 'cmake_clean_first': False, 'cmake_force_configure': False, 'cmake_target': None, 'cmake_target_skip_unavailable': False, 'install_base': '/home/dakota/.local/repos/control_framework/install/lockstep_sim', 'merge_install': False, 'path': '/home/dakota/.local/repos/control_framework/src/lockstep_sim', 'symlink_install': False, 'test_result_base': None}
[0.153s] INFO:colcon.colcon_core.executor:Executing jobs using 'parallel' executor
[0.154s] DEBUG:colcon.colcon_parallel_executor.executor.parallel:run_until_complete
[0.154s] INFO:colcon.colcon_ros.task.ament_cmake.build:Building ROS package in '/home/dakota/.local/repos/control_framework/src/control_framework_interfaces' with build type 'ament_cmake'
[0.154s] INFO:colcon.colcon_cmake.task.cmake.build:Building CMake package in '/home/dakota/.local/repos/control_framework/src/control_framework_interfaces'
[0.155s] INFO:colcon.colcon_core.plugin_system:Skipping extension 'colcon_core.shell.bat': Not used on non-Windows systems
[0.155s] INFO:colcon.colcon_core.shell:Skip shell extension 'powershell' for command environment: Not usable outside of PowerShell
[0.155s] DEBUG:colcon.colcon_core.shell:Skip shell extension 'dsv' for command environment
[0.156s] INFO:colcon.colcon_ros.task.ament_cmake.build:Building ROS package in '/home/dakota/.local/repos/control_framework/src/controller' with build type 'ament_cmake'
[0.156s] INFO:colcon.colcon_cmake.task.cmake.build:Building CMake package in '/home/dakota/.local/repos/control_framework/src/controller'
[0.156s] INFO:colcon.colcon_core.shell:Skip shell extension 'powershell' for command environment: Not usable outside of PowerShell
[0.156s] DEBUG:colcon.colcon_core.shell:Skip shell extension 'dsv' for command environment
[0.160s] DEBUG:colcon.colcon_core.event_handler.log_command:Invoking command in '/home/dakota/.local/repos/control_framework/build/control_framework_interfaces': CMAKE_PREFIX_PATH=${CMAKE_PREFIX_PATH}:/opt/ros/humble /usr/bin/cmake /home/dakota/.local/repos/control_framework/src/control_framework_interfaces -DCMAKE_INSTALL_PREFIX=/home/dakota/.local/repos/control_framework/install/control_framework_interfaces
[0.161s] DEBUG:colcon.colcon_core.event_handler.log_command:Invoking command in '/home/dakota/.local/repos/control_framework/build/controller': CMAKE_PREFIX_PATH=${CMAKE_PREFIX_PATH}:/opt/ros/humble /usr/bin/cmake /home/dakota/.local/repos/control_framework/src/controller -DCMAKE_INSTALL_PREFIX=/home/dakota/.local/repos/control_framework/install/controller
[0.500s] DEBUG:colcon.colcon_core.event_handler.log_command:Invoked command in '/home/dakota/.local/repos/control_framework/build/controller' returned '0': CMAKE_PREFIX_PATH=${CMAKE_PREFIX_PATH}:/opt/ros/humble /usr/bin/cmake /home/dakota/.local/repos/control_framework/src/controller -DCMAKE_INSTALL_PREFIX=/home/dakota/.local/repos/control_framework/install/controller
[0.501s] DEBUG:colcon.colcon_core.event_handler.log_command:Invoking command in '/home/dakota/.local/repos/control_framework/build/controller': CMAKE_PREFIX_PATH=${CMAKE_PREFIX_PATH}:/opt/ros/humble /usr/bin/cmake --build /home/dakota/.local/repos/control_framework/build/controller -- -j28 -l28
[0.672s] DEBUG:colcon.colcon_core.event_handler.log_command:Invoked command in '/home/dakota/.local/repos/control_framework/build/controller' returned '0': CMAKE_PREFIX_PATH=${CMAKE_PREFIX_PATH}:/opt/ros/humble /usr/bin/cmake --build /home/dakota/.local/repos/control_framework/build/controller -- -j28 -l28
[0.678s] DEBUG:colcon.colcon_core.event_handler.log_command:Invoking command in '/home/dakota/.local/repos/control_framework/build/controller': CMAKE_PREFIX_PATH=${CMAKE_PREFIX_PATH}:/opt/ros/humble /usr/bin/cmake --install /home/dakota/.local/repos/control_framework/build/controller
[0.688s] Level 1:colcon.colcon_core.environment:create_environment_scripts_only(controller)
[0.688s] DEBUG:colcon.colcon_core.event_handler.log_command:Invoked command in '/home/dakota/.local/repos/control_framework/build/controller' returned '0': CMAKE_PREFIX_PATH=${CMAKE_PREFIX_PATH}:/opt/ros/humble /usr/bin/cmake --install /home/dakota/.local/repos/control_framework/build/controller
[0.690s] Level 1:colcon.colcon_core.environment:checking '/home/dakota/.local/repos/control_framework/install/controller' for CMake module files
[0.690s] Level 1:colcon.colcon_core.environment:checking '/home/dakota/.local/repos/control_framework/install/controller' for CMake config files
[0.690s] Level 1:colcon.colcon_core.shell:create_environment_hook('controller', 'cmake_prefix_path')
[0.690s] INFO:colcon.colcon_core.shell:Creating environment hook '/home/dakota/.local/repos/control_framework/install/controller/share/controller/hook/cmake_prefix_path.ps1'
[0.691s] INFO:colcon.colcon_core.shell:Creating environment descriptor '/home/dakota/.local/repos/control_framework/install/controller/share/controller/hook/cmake_prefix_path.dsv'
[0.691s] INFO:colcon.colcon_core.shell:Creating environment hook '/home/dakota/.local/repos/control_framework/install/controller/share/controller/hook/cmake_prefix_path.sh'
[0.691s] Level 1:colcon.colcon_core.environment:checking '/home/dakota/.local/repos/control_framework/install/controller/lib'
[0.691s] Level 1:colcon.colcon_core.environment:checking '/home/dakota/.local/repos/control_framework/install/controller/bin'
[0.691s] Level 1:colcon.colcon_core.environment:checking '/home/dakota/.local/repos/control_framework/install/controller/lib/pkgconfig/controller.pc'
[0.691s] Level 1:colcon.colcon_core.environment:checking '/home/dakota/.local/repos/control_framework/install/controller/lib/python3.10/site-packages'
[0.692s] Level 1:colcon.colcon_core.environment:checking '/home/dakota/.local/repos/control_framework/install/controller/bin'
[0.692s] INFO:colcon.colcon_core.shell:Creating package script '/home/dakota/.local/repos/control_framework/install/controller/share/controller/package.ps1'
[0.692s] INFO:colcon.colcon_core.shell:Creating package descriptor '/home/dakota/.local/repos/control_framework/install/controller/share/controller/package.dsv'
[0.692s] INFO:colcon.colcon_core.shell:Creating package script '/home/dakota/.local/repos/control_framework/install/controller/share/controller/package.sh'
[0.693s] INFO:colcon.colcon_core.shell:Creating package script '/home/dakota/.local/repos/control_framework/install/controller/share/controller/package.bash'
[0.693s] INFO:colcon.colcon_core.shell:Creating package script '/home/dakota/.local/repos/control_framework/install/controller/share/controller/package.zsh'
[0.693s] Level 1:colcon.colcon_core.environment:create_file_with_runtime_dependencies(/home/dakota/.local/repos/control_framework/install/controller/share/colcon-core/packages/controller)
[0.694s] Level 1:colcon.colcon_core.environment:create_environment_scripts_only(controller)
[0.694s] Level 1:colcon.colcon_core.environment:checking '/home/dakota/.local/repos/control_framework/install/controller' for CMake module files
[0.694s] Level 1:colcon.colcon_core.environment:checking '/home/dakota/.local/repos/control_framework/install/controller' for CMake config files
[0.694s] Level 1:colcon.colcon_core.shell:create_environment_hook('controller', 'cmake_prefix_path')
[0.694s] INFO:colcon.colcon_core.shell:Creating environment hook '/home/dakota/.local/repos/control_framework/install/controller/share/controller/hook/cmake_prefix_path.ps1'
[0.694s] INFO:colcon.colcon_core.shell:Creating environment descriptor '/home/dakota/.local/repos/control_framework/install/controller/share/controller/hook/cmake_prefix_path.dsv'
[0.694s] INFO:colcon.colcon_core.shell:Creating environment hook '/home/dakota/.local/repos/control_framework/install/controller/share/controller/hook/cmake_prefix_path.sh'
[0.695s] Level 1:colcon.colcon_core.environment:checking '/home/dakota/.local/repos/control_framework/install/controller/lib'
[0.695s] Level 1:colcon.colcon_core.environment:checking '/home/dakota/.local/repos/control_framework/install/controller/bin'
[0.695s] Level 1:colcon.colcon_core.environment:checking '/home/dakota/.local/repos/control_framework/install/controller/lib/pkgconfig/controller.pc'
[0.695s] Level 1:colcon.colcon_core.environment:checking '/home/dakota/.local/repos/control_framework/install/controller/lib/python3.10/site-packages'
[0.695s] Level 1:colcon.colcon_core.environment:checking '/home/dakota/.local/repos/control_framework/install/controller/bin'
[0.695s] INFO:colcon.colcon_core.shell:Creating package script '/home/dakota/.local/repos/control_framework/install/controller/share/controller/package.ps1'
[0.695s] INFO:colcon.colcon_core.shell:Creating package descriptor '/home/dakota/.local/repos/control_framework/install/controller/share/controller/package.dsv'
[0.695s] INFO:colcon.colcon_core.shell:Creating package script '/home/dakota/.local/repos/control_framework/install/controller/share/controller/package.sh'
[0.696s] INFO:colcon.colcon_core.shell:Creating package script '/home/dakota/.local/repos/control_framework/install/controller/share/controller/package.bash'
[0.696s] INFO:colcon.colcon_core.shell:Creating package script '/home/dakota/.local/repos/control_framework/install/controller/share/controller/package.zsh'
[0.696s] Level 1:colcon.colcon_core.environment:create_file_with_runtime_dependencies(/home/dakota/.local/repos/control_framework/install/controller/share/colcon-core/packages/controller)
[0.974s] DEBUG:colcon.colcon_core.event_handler.log_command:Invoked command in '/home/dakota/.local/repos/control_framework/build/control_framework_interfaces' returned '0': CMAKE_PREFIX_PATH=${CMAKE_PREFIX_PATH}:/opt/ros/humble /usr/bin/cmake /home/dakota/.local/repos/control_framework/src/control_framework_interfaces -DCMAKE_INSTALL_PREFIX=/home/dakota/.local/repos/control_framework/install/control_framework_interfaces
[0.974s] DEBUG:colcon.colcon_core.event_handler.log_command:Invoking command in '/home/dakota/.local/repos/control_framework/build/control_framework_interfaces': CMAKE_PREFIX_PATH=${CMAKE_PREFIX_PATH}:/opt/ros/humble /usr/bin/cmake --build /home/dakota/.local/repos/control_framework/build/control_framework_interfaces -- -j28 -l28
[2.256s] DEBUG:colcon.colcon_core.event_handler.log_command:Invoked command in '/home/dakota/.local/repos/control_framework/build/control_framework_interfaces' returned '0': CMAKE_PREFIX_PATH=${CMAKE_PREFIX_PATH}:/opt/ros/humble /usr/bin/cmake --build /home/dakota/.local/repos/control_framework/build/control_framework_interfaces -- -j28 -l28
[2.257s] DEBUG:colcon.colcon_core.event_handler.log_command:Invoking command in '/home/dakota/.local/repos/control_framework/build/control_framework_interfaces': CMAKE_PREFIX_PATH=${CMAKE_PREFIX_PATH}:/opt/ros/humble /usr/bin/cmake --install /home/dakota/.local/repos/control_framework/build/control_framework_interfaces
[2.294s] Level 1:colcon.colcon_core.environment:create_environment_scripts_only(control_framework_interfaces)
[2.294s] DEBUG:colcon.colcon_core.event_handler.log_command:Invoked command in '/home/dakota/.local/repos/control_framework/build/control_framework_interfaces' returned '0': CMAKE_PREFIX_PATH=${CMAKE_PREFIX_PATH}:/opt/ros/humble /usr/bin/cmake --install /home/dakota/.local/repos/control_framework/build/control_framework_interfaces
[2.294s] Level 1:colcon.colcon_core.environment:checking '/home/dakota/.local/repos/control_framework/install/control_framework_interfaces' for CMake module files
[2.295s] Level 1:colcon.colcon_core.environment:checking '/home/dakota/.local/repos/control_framework/install/control_framework_interfaces' for CMake config files
[2.295s] Level 1:colcon.colcon_core.shell:create_environment_hook('control_framework_interfaces', 'cmake_prefix_path')
[2.295s] INFO:colcon.colcon_core.shell:Creating environment hook '/home/dakota/.local/repos/control_framework/install/control_framework_interfaces/share/control_framework_interfaces/hook/cmake_prefix_path.ps1'
[2.296s] INFO:colcon.colcon_core.shell:Creating environment descriptor '/home/dakota/.local/repos/control_framework/install/control_framework_interfaces/share/control_framework_interfaces/hook/cmake_prefix_path.dsv'
[2.296s] INFO:colcon.colcon_core.shell:Creating environment hook '/home/dakota/.local/repos/control_framework/install/control_framework_interfaces/share/control_framework_interfaces/hook/cmake_prefix_path.sh'
[2.296s] Level 1:colcon.colcon_core.environment:checking '/home/dakota/.local/repos/control_framework/install/control_framework_interfaces/lib'
[2.296s] Level 1:colcon.colcon_core.shell:create_environment_hook('control_framework_interfaces', 'ld_library_path_lib')
[2.297s] INFO:colcon.colcon_core.shell:Creating environment hook '/home/dakota/.local/repos/control_framework/install/control_framework_interfaces/share/control_framework_interfaces/hook/ld_library_path_lib.ps1'
[2.297s] INFO:colcon.colcon_core.shell:Creating environment descriptor '/home/dakota/.local/repos/control_framework/install/control_framework_interfaces/share/control_framework_interfaces/hook/ld_library_path_lib.dsv'
[2.297s] INFO:colcon.colcon_core.shell:Creating environment hook '/home/dakota/.local/repos/control_framework/install/control_framework_interfaces/share/control_framework_interfaces/hook/ld_library_path_lib.sh'
[2.297s] Level 1:colcon.colcon_core.environment:checking '/home/dakota/.local/repos/control_framework/install/control_framework_interfaces/bin'
[2.297s] Level 1:colcon.colcon_core.environment:checking '/home/dakota/.local/repos/control_framework/install/control_framework_interfaces/lib/pkgconfig/control_framework_interfaces.pc'
[2.298s] Level 1:colcon.colcon_core.environment:checking '/home/dakota/.local/repos/control_framework/install/control_framework_interfaces/lib/python3.10/site-packages'
[2.298s] Level 1:colcon.colcon_core.environment:checking '/home/dakota/.local/repos/control_framework/install/control_framework_interfaces/bin'
[2.298s] INFO:colcon.colcon_core.shell:Creating package script '/home/dakota/.local/repos/control_framework/install/control_framework_interfaces/share/control_framework_interfaces/package.ps1'
[2.299s] INFO:colcon.colcon_core.shell:Creating package descriptor '/home/dakota/.local/repos/control_framework/install/control_framework_interfaces/share/control_framework_interfaces/package.dsv'
[2.299s] INFO:colcon.colcon_core.shell:Creating package script '/home/dakota/.local/repos/control_framework/install/control_framework_interfaces/share/control_framework_interfaces/package.sh'
[2.299s] INFO:colcon.colcon_core.shell:Creating package script '/home/dakota/.local/repos/control_framework/install/control_framework_interfaces/share/control_framework_interfaces/package.bash'
[2.299s] INFO:colcon.colcon_core.shell:Creating package script '/home/dakota/.local/repos/control_framework/install/control_framework_interfaces/share/control_framework_interfaces/package.zsh'
[2.300s] Level 1:colcon.colcon_core.environment:create_file_with_runtime_dependencies(/home/dakota/.local/repos/control_framework/install/control_framework_interfaces/share/colcon-core/packages/control_framework_interfaces)
[2.300s] Level 1:colcon.colcon_core.environment:create_environment_scripts_only(control_framework_interfaces)
[2.300s] Level 1:colcon.colcon_core.environment:checking '/home/dakota/.local/repos/control_framework/install/control_framework_interfaces' for CMake module files
[2.300s] Level 1:colcon.colcon_core.environment:checking '/home/dakota/.local/repos/control_framework/install/control_framework_interfaces' for CMake config files
[2.300s] Level 1:colcon.colcon_core.shell:create_environment_hook('control_framework_interfaces', 'cmake_prefix_path')
[2.300s] INFO:colcon.colcon_core.shell:Creating environment hook '/home/dakota/.local/repos/control_framework/install/control_framework_interfaces/share/control_framework_interfaces/hook/cmake_prefix_path.ps1'
[2.301s] INFO:colcon.colcon_core.shell:Creating environment descriptor '/home/dakota/.local/repos/control_framework/install/control_framework_interfaces/share/control_framework_interfaces/hook/cmake_prefix_path.dsv'
[2.301s] INFO:colcon.colcon_core.shell:Creating environment hook '/home/dakota/.local/repos/control_framework/install/control_framework_interfaces/share/control_framework_interfaces/hook/cmake_prefix_path.sh'
[2.301s] Level 1:colcon.colcon_core.environment:checking '/home/dakota/.local/repos/control_framework/install/control_framework_interfaces/lib'
[2.301s] Level 1:colcon.colcon_core.shell:create_environment_hook('control_framework_interfaces', 'ld_library_path_lib')
[2.301s] INFO:colcon.colcon_core.shell:Creating environment hook '/home/dakota/.local/repos/control_framework/install/control_framework_interfaces/share/control_framework_interfaces/hook/ld_library_path_lib.ps1'
[2.301s] INFO:colcon.colcon_core.shell:Creating environment descriptor '/home/dakota/.local/repos/control_framework/install/control_framework_interfaces/share/control_framework_interfaces/hook/ld_library_path_lib.dsv'
[2.301s] INFO:colcon.colcon_core.shell:Creating environment hook '/home/dakota/.local/repos/control_framework/install/control_framework_interfaces/share/control_framework_interfaces/hook/ld_library_path_lib.sh'
[2.301s] Level 1:colcon.colcon_core.environment:checking '/home/dakota/.local/repos/control_framework/install/control_framework_interfaces/bin'
[2.301s] Level 1:colcon.colcon_core.environment:checking '/home/dakota/.local/repos/control_framework/install/control_framework_interfaces/lib/pkgconfig/control_framework_interfaces.pc'
[2.302s] Level 1:colcon.colcon_core.environment:checking '/home/dakota/.local/repos/control_framework/install/control_framework_interfaces/lib/python3.10/site-packages'
[2.302s] Level 1:colcon.colcon_core.environment:checking '/home/dakota/.local/repos/control_framework/install/control_framework_interfaces/bin'
[2.302s] INFO:colcon.colcon_core.shell:Creating package script '/home/dakota/.local/repos/control_framework/install/control_framework_interfaces/share/control_framework_interfaces/package.ps1'
[2.302s] INFO:colcon.colcon_core.shell:Creating package descriptor '/home/dakota/.local/repos/control_framework/install/control_framework_interfaces/share/control_framework_interfaces/package.dsv'
[2.302s] INFO:colcon.colcon_core.shell:Creating package script '/home/dakota/.local/repos/control_framework/install/control_framework_interfaces/share/control_framework_interfaces/package.sh'
[2.302s] INFO:colcon.colcon_core.shell:Creating package script '/home/dakota/.local/repos/control_framework/install/control_framework_interfaces/share/control_framework_interfaces/package.bash'
[2.303s] INFO:colcon.colcon_core.shell:Creating package script '/home/dakota/.local/repos/control_framework/install/control_framework_interfaces/share/control_framework_interfaces/package.zsh'
[2.303s] Level 1:colcon.colcon_core.environment:create_file_with_runtime_dependencies(/home/dakota/.local/repos/control_framework/install/control_framework_interfaces/share/colcon-core/packages/control_framework_interfaces)
[2.303s] INFO:colcon.colcon_ros.task.ament_cmake.build:Building ROS package in '/home/dakota/.local/repos/control_framework/src/lockstep_sim' with build type 'ament_cmake'
[2.303s] INFO:colcon.colcon_cmake.task.cmake.build:Building CMake package in '/home/dakota/.local/repos/control_framework/src/lockstep_sim'
[2.303s] INFO:colcon.colcon_core.shell:Skip shell extension 'powershell' for command environment: Not usable outside of PowerShell
[2.303s] DEBUG:colcon.colcon_core.shell:Skip shell extension 'dsv' for command environment
[2.310s] DEBUG:colcon.colcon_core.event_handler.log_command:Invoking command in '/home/dakota/.local/repos/control_framework/build/lockstep_sim': CMAKE_PREFIX_PATH=/home/dakota/.local/repos/control_framework/install/controller:/home/dakota/.local/repos/control_framework/install/control_framework_interfaces:/home/dakota/.local/repos/control_framework/install/lockstep_sim:/opt/ros/humble LD_LIBRARY_PATH=/home/dakota/.local/repos/control_framework/install/control_framework_interfaces/lib:/home/dakota/.local/repos/control_framework/install/controller/lib:/opt/ros/humble/opt/rviz_ogre_vendor/lib:/opt/ros/humble/lib/x86_64-linux-gnu:/opt/ros/humble/lib /usr/bin/cmake /home/dakota/.local/repos/control_framework/src/lockstep_sim -DCMAKE_INSTALL_PREFIX=/home/dakota/.local/repos/control_framework/install/lockstep_sim
[2.901s] DEBUG:colcon.colcon_core.event_handler.log_command:Invoked command in '/home/dakota/.local/repos/control_framework/build/lockstep_sim' returned '0': CMAKE_PREFIX_PATH=/home/dakota/.local/repos/control_framework/install/controller:/home/dakota/.local/repos/control_framework/install/control_framework_interfaces:/home/dakota/.local/repos/control_framework/install/lockstep_sim:/opt/ros/humble LD_LIBRARY_PATH=/home/dakota/.local/repos/control_framework/install/control_framework_interfaces/lib:/home/dakota/.local/repos/control_framework/install/controller/lib:/opt/ros/humble/opt/rviz_ogre_vendor/lib:/opt/ros/humble/lib/x86_64-linux-gnu:/opt/ros/humble/lib /usr/bin/cmake /home/dakota/.local/repos/control_framework/src/lockstep_sim -DCMAKE_INSTALL_PREFIX=/home/dakota/.local/repos/control_framework/install/lockstep_sim
[2.902s] DEBUG:colcon.colcon_core.event_handler.log_command:Invoking command in '/home/dakota/.local/repos/control_framework/build/lockstep_sim': CMAKE_PREFIX_PATH=/home/dakota/.local/repos/control_framework/install/controller:/home/dakota/.local/repos/control_framework/install/control_framework_interfaces:/home/dakota/.local/repos/control_framework/install/lockstep_sim:/opt/ros/humble LD_LIBRARY_PATH=/home/dakota/.local/repos/control_framework/install/control_framework_interfaces/lib:/home/dakota/.local/repos/control_framework/install/controller/lib:/opt/ros/humble/opt/rviz_ogre_vendor/lib:/opt/ros/humble/lib/x86_64-linux-gnu:/opt/ros/humble/lib /usr/bin/cmake --build /home/dakota/.local/repos/control_framework/build/lockstep_sim -- -j28 -l28
[6.313s] DEBUG:colcon.colcon_core.event_handler.log_command:Invoked command in '/home/dakota/.local/repos/control_framework/build/lockstep_sim' returned '0': CMAKE_PREFIX_PATH=/home/dakota/.local/repos/control_framework/install/controller:/home/dakota/.local/repos/control_framework/install/control_framework_interfaces:/home/dakota/.local/repos/control_framework/install/lockstep_sim:/opt/ros/humble LD_LIBRARY_PATH=/home/dakota/.local/repos/control_framework/install/control_framework_interfaces/lib:/home/dakota/.local/repos/control_framework/install/controller/lib:/opt/ros/humble/opt/rviz_ogre_vendor/lib:/opt/ros/humble/lib/x86_64-linux-gnu:/opt/ros/humble/lib /usr/bin/cmake --build /home/dakota/.local/repos/control_framework/build/lockstep_sim -- -j28 -l28
[6.313s] DEBUG:colcon.colcon_core.event_handler.log_command:Invoking command in '/home/dakota/.local/repos/control_framework/build/lockstep_sim': CMAKE_PREFIX_PATH=/home/dakota/.local/repos/control_framework/install/controller:/home/dakota/.local/repos/control_framework/install/control_framework_interfaces:/home/dakota/.local/repos/control_framework/install/lockstep_sim:/opt/ros/humble LD_LIBRARY_PATH=/home/dakota/.local/repos/control_framework/install/control_framework_interfaces/lib:/home/dakota/.local/repos/control_framework/install/controller/lib:/opt/ros/humble/opt/rviz_ogre_vendor/lib:/opt/ros/humble/lib/x86_64-linux-gnu:/opt/ros/humble/lib /usr/bin/cmake --install /home/dakota/.local/repos/control_framework/build/lockstep_sim
[6.320s] Level 1:colcon.colcon_core.environment:create_environment_scripts_only(lockstep_sim)
[6.321s] Level 1:colcon.colcon_core.environment:checking '/home/dakota/.local/repos/control_framework/install/lockstep_sim' for CMake module files
[6.321s] DEBUG:colcon.colcon_core.event_handler.log_command:Invoked command in '/home/dakota/.local/repos/control_framework/build/lockstep_sim' returned '0': CMAKE_PREFIX_PATH=/home/dakota/.local/repos/control_framework/install/controller:/home/dakota/.local/repos/control_framework/install/control_framework_interfaces:/home/dakota/.local/repos/control_framework/install/lockstep_sim:/opt/ros/humble LD_LIBRARY_PATH=/home/dakota/.local/repos/control_framework/install/control_framework_interfaces/lib:/home/dakota/.local/repos/control_framework/install/controller/lib:/opt/ros/humble/opt/rviz_ogre_vendor/lib:/opt/ros/humble/lib/x86_64-linux-gnu:/opt/ros/humble/lib /usr/bin/cmake --install /home/dakota/.local/repos/control_framework/build/lockstep_sim
[6.321s] Level 1:colcon.colcon_core.environment:checking '/home/dakota/.local/repos/control_framework/install/lockstep_sim' for CMake config files
[6.321s] Level 1:colcon.colcon_core.shell:create_environment_hook('lockstep_sim', 'cmake_prefix_path')
[6.321s] INFO:colcon.colcon_core.shell:Creating environment hook '/home/dakota/.local/repos/control_framework/install/lockstep_sim/share/lockstep_sim/hook/cmake_prefix_path.ps1'
[6.322s] INFO:colcon.colcon_core.shell:Creating environment descriptor '/home/dakota/.local/repos/control_framework/install/lockstep_sim/share/lockstep_sim/hook/cmake_prefix_path.dsv'
[6.322s] INFO:colcon.colcon_core.shell:Creating environment hook '/home/dakota/.local/repos/control_framework/install/lockstep_sim/share/lockstep_sim/hook/cmake_prefix_path.sh'
[6.322s] Level 1:colcon.colcon_core.environment:checking '/home/dakota/.local/repos/control_framework/install/lockstep_sim/lib'
[6.323s] Level 1:colcon.colcon_core.environment:checking '/home/dakota/.local/repos/control_framework/install/lockstep_sim/bin'
[6.323s] Level 1:colcon.colcon_core.environment:checking '/home/dakota/.local/repos/control_framework/install/lockstep_sim/lib/pkgconfig/lockstep_sim.pc'
[6.323s] Level 1:colcon.colcon_core.environment:checking '/home/dakota/.local/repos/control_framework/install/lockstep_sim/lib/python3.10/site-packages'
[6.323s] Level 1:colcon.colcon_core.environment:checking '/home/dakota/.local/repos/control_framework/install/lockstep_sim/bin'
[6.323s] INFO:colcon.colcon_core.shell:Creating package script '/home/dakota/.local/repos/control_framework/install/lockstep_sim/share/lockstep_sim/package.ps1'
[6.324s] INFO:colcon.colcon_core.shell:Creating package descriptor '/home/dakota/.local/repos/control_framework/install/lockstep_sim/share/lockstep_sim/package.dsv'
[6.324s] INFO:colcon.colcon_core.shell:Creating package script '/home/dakota/.local/repos/control_framework/install/lockstep_sim/share/lockstep_sim/package.sh'
[6.324s] INFO:colcon.colcon_core.shell:Creating package script '/home/dakota/.local/repos/control_framework/install/lockstep_sim/share/lockstep_sim/package.bash'
[6.324s] INFO:colcon.colcon_core.shell:Creating package script '/home/dakota/.local/repos/control_framework/install/lockstep_sim/share/lockstep_sim/package.zsh'
[6.325s] Level 1:colcon.colcon_core.environment:create_file_with_runtime_dependencies(/home/dakota/.local/repos/control_framework/install/lockstep_sim/share/colcon-core/packages/lockstep_sim)
[6.325s] Level 1:colcon.colcon_core.environment:create_environment_scripts_only(lockstep_sim)
[6.325s] Level 1:colcon.colcon_core.environment:checking '/home/dakota/.local/repos/control_framework/install/lockstep_sim' for CMake module files
[6.326s] Level 1:colcon.colcon_core.environment:checking '/home/dakota/.local/repos/control_framework/install/lockstep_sim' for CMake config files
[6.326s] Level 1:colcon.colcon_core.shell:create_environment_hook('lockstep_sim', 'cmake_prefix_path')
[6.326s] INFO:colcon.colcon_core.shell:Creating environment hook '/home/dakota/.local/repos/control_framework/install/lockstep_sim/share/lockstep_sim/hook/cmake_prefix_path.ps1'
[6.326s] INFO:colcon.colcon_core.shell:Creating environment descriptor '/home/dakota/.local/repos/control_framework/install/lockstep_sim/share/lockstep_sim/hook/cmake_prefix_path.dsv'
[6.326s] INFO:colcon.colcon_core.shell:Creating environment hook '/home/dakota/.local/repos/control_framework/install/lockstep_sim/share/lockstep_sim/hook/cmake_prefix_path.sh'
[6.327s] Level 1:colcon.colcon_core.environment:checking '/home/dakota/.local/repos/control_framework/install/lockstep_sim/lib'
[6.327s] Level 1:colcon.colcon_core.environment:checking '/home/dakota/.local/repos/control_framework/install/lockstep_sim/bin'
[6.327s] Level 1:colcon.colcon_core.environment:checking '/home/dakota/.local/repos/control_framework/install/lockstep_sim/lib/pkgconfig/lockstep_sim.pc'
[6.327s] Level 1:colcon.colcon_core.environment:checking '/home/dakota/.local/repos/control_framework/install/lockstep_sim/lib/python3.10/site-packages'
[6.327s] Level 1:colcon.colcon_core.environment:checking '/home/dakota/.local/repos/control_framework/install/lockstep_sim/bin'
[6.328s] INFO:colcon.colcon_core.shell:Creating package script '/home/dakota/.local/repos/control_framework/install/lockstep_sim/share/lockstep_sim/package.ps1'
[6.328s] INFO:colcon.colcon_core.shell:Creating package descriptor '/home/dakota/.local/repos/control_framework/install/lockstep_sim/share/lockstep_sim/package.dsv'
[6.328s] INFO:colcon.colcon_core.shell:Creating package script '/home/dakota/.local/repos/control_framework/install/lockstep_sim/share/lockstep_sim/package.sh'
[6.329s] INFO:colcon.colcon_core.shell:Creating package script '/home/dakota/.local/repos/control_framework/install/lockstep_sim/share/lockstep_sim/package.bash'
[6.329s] INFO:colcon.colcon_core.shell:Creating package script '/home/dakota/.local/repos/control_framework/install/lockstep_sim/share/lockstep_sim/package.zsh'
[6.329s] Level 1:colcon.colcon_core.environment:create_file_with_runtime_dependencies(/home/dakota/.local/repos/control_framework/install/lockstep_sim/share/colcon-core/packages/lockstep_sim)
[6.329s] DEBUG:colcon.colcon_parallel_executor.executor.parallel:closing loop
[6.330s] DEBUG:colcon.colcon_parallel_executor.executor.parallel:loop closed
[6.330s] DEBUG:colcon.colcon_parallel_executor.executor.parallel:run_until_complete finished with '0'
[6.330s] DEBUG:colcon.colcon_core.event_reactor:joining thread
[6.332s] INFO:colcon.colcon_core.plugin_system:Skipping extension 'colcon_notification.desktop_notification.terminal_notifier': Not used on non-Darwin systems
[6.332s] INFO:colcon.colcon_core.plugin_system:Skipping extension 'colcon_notification.desktop_notification.win32': Not used on non-Windows systems
[6.332s] INFO:colcon.colcon_notification.desktop_notification:Sending desktop notification using 'notify2'
[6.340s] DEBUG:colcon.colcon_core.event_reactor:joined thread
[6.340s] INFO:colcon.colcon_core.shell:Creating prefix script '/home/dakota/.local/repos/control_framework/install/local_setup.ps1'
[6.341s] INFO:colcon.colcon_core.shell:Creating prefix util module '/home/dakota/.local/repos/control_framework/install/_local_setup_util_ps1.py'
[6.341s] INFO:colcon.colcon_core.shell:Creating prefix chain script '/home/dakota/.local/repos/control_framework/install/setup.ps1'
[6.342s] INFO:colcon.colcon_core.shell:Creating prefix script '/home/dakota/.local/repos/control_framework/install/local_setup.sh'
[6.343s] INFO:colcon.colcon_core.shell:Creating prefix util module '/home/dakota/.local/repos/control_framework/install/_local_setup_util_sh.py'
[6.343s] INFO:colcon.colcon_core.shell:Creating prefix chain script '/home/dakota/.local/repos/control_framework/install/setup.sh'
[6.344s] INFO:colcon.colcon_core.shell:Creating prefix script '/home/dakota/.local/repos/control_framework/install/local_setup.bash'
[6.344s] INFO:colcon.colcon_core.shell:Creating prefix chain script '/home/dakota/.local/repos/control_framework/install/setup.bash'
[6.344s] INFO:colcon.colcon_core.shell:Creating prefix script '/home/dakota/.local/repos/control_framework/install/local_setup.zsh'
[6.344s] INFO:colcon.colcon_core.shell:Creating prefix chain script '/home/dakota/.local/repos/control_framework/install/setup.zsh'
