[0.005s] Invoking command in '/home/dakota/.local/repos/control_framework/build/controller': CMAKE_PREFIX_PATH=/home/dakota/.local/repos/control_framework/install/control_framework_interfaces:/home/dakota/.local/repos/control_framework/install/lockstep_sim:/home/dakota/.local/repos/control_framework/install/excel_record_logging:/home/dakota/.local/repos/control_framework/install/controller:/opt/ros/humble LD_LIBRARY_PATH=/home/dakota/.local/repos/control_framework/install/control_framework_interfaces/lib:/home/dakota/.local/repos/control_framework/install/controller/lib:/opt/ros/humble/opt/rviz_ogre_vendor/lib:/opt/ros/humble/lib/x86_64-linux-gnu:/opt/ros/humble/lib /usr/bin/cmake /home/dakota/.local/repos/control_framework/src/controller -DCMAKE_INSTALL_PREFIX=/home/dakota/.local/repos/control_framework/install/controller
[0.039s] -- The C compiler identification is GNU 11.4.0
[0.072s] -- The CXX compiler identification is GNU 11.4.0
[0.077s] -- Detecting C compiler ABI info
[0.115s] -- Detecting C compiler ABI info - done
[0.118s] -- Check for working C compiler: /usr/bin/cc - skipped
[0.118s] -- Detecting C compile features
[0.119s] -- Detecting C compile features - done
[0.120s] -- Detecting CXX compiler ABI info
[0.165s] -- Detecting CXX compiler ABI info - done
[0.169s] -- Check for working CXX compiler: /usr/bin/c++ - skipped
[0.169s] -- Detecting CXX compile features
[0.169s] -- Detecting CXX compile features - done
[0.170s] -- Found ament_cmake: 1.3.14 (/opt/ros/humble/share/ament_cmake/cmake)
[0.246s] -- Found Python3: /usr/bin/python3 (found version "3.10.12") found components: Interpreter 
[0.287s] -- Found rclcpp: 16.0.19 (/opt/ros/humble/share/rclcpp/cmake)
[0.305s] -- Found rosidl_generator_c: 3.1.8 (/opt/ros/humble/share/rosidl_generator_c/cmake)
[0.307s] -- Found rosidl_adapter: 3.1.8 (/opt/ros/humble/share/rosidl_adapter/cmake)
[0.311s] -- Found rosidl_generator_cpp: 3.1.8 (/opt/ros/humble/share/rosidl_generator_cpp/cmake)
[0.316s] -- Using all available rosidl_typesupport_c: rosidl_typesupport_fastrtps_c;rosidl_typesupport_introspection_c
[0.323s] -- Using all available rosidl_typesupport_cpp: rosidl_typesupport_fastrtps_cpp;rosidl_typesupport_introspection_cpp
[0.341s] -- Found rmw_implementation_cmake: 6.1.2 (/opt/ros/humble/share/rmw_implementation_cmake/cmake)
[0.342s] -- Found rmw_fastrtps_cpp: 6.2.10 (/opt/ros/humble/share/rmw_fastrtps_cpp/cmake)
[0.387s] -- Found OpenSSL: /usr/lib/x86_64-linux-gnu/libcrypto.so (found version "3.0.2")  
[0.404s] -- Found FastRTPS: /opt/ros/humble/include  
[0.426s] -- Using RMW implementation 'rmw_fastrtps_cpp' as default
[0.429s] -- Looking for pthread.h
[0.468s] -- Looking for pthread.h - found
[0.468s] -- Performing Test CMAKE_HAVE_LIBC_PTHREAD
[0.508s] -- Performing Test CMAKE_HAVE_LIBC_PTHREAD - Success
[0.509s] -- Found Threads: TRUE  
[0.531s] -- Found control_framework_interfaces: 0.0.0 (/home/dakota/.local/repos/control_framework/install/control_framework_interfaces/share/control_framework_interfaces/cmake)
[0.535s] -- Found sensor_msgs: 4.9.1 (/opt/ros/humble/share/sensor_msgs/cmake)
[0.550s] -- Found ament_lint_auto: 0.12.15 (/opt/ros/humble/share/ament_lint_auto/cmake)
[0.587s] -- Added test 'cppcheck' to perform static code analysis on C / C++ code
[0.587s] -- Configured cppcheck include dirs: $<BUILD_INTERFACE:/home/dakota/.local/repos/control_framework/src/controller/include>
[0.587s] -- Configured cppcheck exclude dirs and/or files: 
[0.587s] -- Added test 'lint_cmake' to check CMake code style
[0.588s] -- Added test 'uncrustify' to check C / C++ code style
[0.588s] -- Configured uncrustify additional arguments: 
[0.588s] -- Added test 'xmllint' to check XML markup files
[0.589s] -- Configuring done
[0.594s] -- Generating done
[0.597s] -- Build files have been written to: /home/dakota/.local/repos/control_framework/build/controller
[0.602s] Invoked command in '/home/dakota/.local/repos/control_framework/build/controller' returned '0': CMAKE_PREFIX_PATH=/home/dakota/.local/repos/control_framework/install/control_framework_interfaces:/home/dakota/.local/repos/control_framework/install/lockstep_sim:/home/dakota/.local/repos/control_framework/install/excel_record_logging:/home/dakota/.local/repos/control_framework/install/controller:/opt/ros/humble LD_LIBRARY_PATH=/home/dakota/.local/repos/control_framework/install/control_framework_interfaces/lib:/home/dakota/.local/repos/control_framework/install/controller/lib:/opt/ros/humble/opt/rviz_ogre_vendor/lib:/opt/ros/humble/lib/x86_64-linux-gnu:/opt/ros/humble/lib /usr/bin/cmake /home/dakota/.local/repos/control_framework/src/controller -DCMAKE_INSTALL_PREFIX=/home/dakota/.local/repos/control_framework/install/controller
[0.603s] Invoking command in '/home/dakota/.local/repos/control_framework/build/controller': CMAKE_PREFIX_PATH=/home/dakota/.local/repos/control_framework/install/control_framework_interfaces:/home/dakota/.local/repos/control_framework/install/lockstep_sim:/home/dakota/.local/repos/control_framework/install/excel_record_logging:/home/dakota/.local/repos/control_framework/install/controller:/opt/ros/humble LD_LIBRARY_PATH=/home/dakota/.local/repos/control_framework/install/control_framework_interfaces/lib:/home/dakota/.local/repos/control_framework/install/controller/lib:/opt/ros/humble/opt/rviz_ogre_vendor/lib:/opt/ros/humble/lib/x86_64-linux-gnu:/opt/ros/humble/lib /usr/bin/cmake --build /home/dakota/.local/repos/control_framework/build/controller -- -j28 -l28
[0.632s] [ 16%] [32mBuilding CXX object CMakeFiles/controller.dir/src/controllers.cpp.o[0m
[0.632s] [ 33%] [32mBuilding CXX object CMakeFiles/controller.dir/src/base_controller.cpp.o[0m
[0.767s] [ 50%] [32m[1mLinking CXX static library libcontroller.a[0m
[0.787s] [ 50%] Built target controller
[0.800s] [ 83%] [32mBuilding CXX object CMakeFiles/controller_node.dir/src/controller_node.cpp.o[0m
[0.800s] [ 83%] [32mBuilding CXX object CMakeFiles/controller_node.dir/src/main.cpp.o[0m
[0.806s] [01m[K/home/dakota/.local/repos/control_framework/src/controller/src/controller_node.cpp:2:10:[m[K [01;31m[Kfatal error: [m[Kcontroller_node.hpp: No such file or directory
[0.806s]     2 | #include [01;31m[K"controller_node.hpp"[m[K
[0.806s]       |          [01;31m[K^~~~~~~~~~~~~~~~~~~~~[m[K
[0.806s] compilation terminated.
[0.806s] gmake[2]: *** [CMakeFiles/controller_node.dir/build.make:90: CMakeFiles/controller_node.dir/src/controller_node.cpp.o] Error 1
[0.806s] gmake[2]: *** Waiting for unfinished jobs....
[2.059s] gmake[1]: *** [CMakeFiles/Makefile2:165: CMakeFiles/controller_node.dir/all] Error 2
[2.059s] gmake: *** [Makefile:146: all] Error 2
[2.061s] Invoked command in '/home/dakota/.local/repos/control_framework/build/controller' returned '2': CMAKE_PREFIX_PATH=/home/dakota/.local/repos/control_framework/install/control_framework_interfaces:/home/dakota/.local/repos/control_framework/install/lockstep_sim:/home/dakota/.local/repos/control_framework/install/excel_record_logging:/home/dakota/.local/repos/control_framework/install/controller:/opt/ros/humble LD_LIBRARY_PATH=/home/dakota/.local/repos/control_framework/install/control_framework_interfaces/lib:/home/dakota/.local/repos/control_framework/install/controller/lib:/opt/ros/humble/opt/rviz_ogre_vendor/lib:/opt/ros/humble/lib/x86_64-linux-gnu:/opt/ros/humble/lib /usr/bin/cmake --build /home/dakota/.local/repos/control_framework/build/controller -- -j28 -l28
