[0.045s] DEBUG:colcon:Command line arguments: ['/usr/bin/colcon', 'build', '--packages-select', 'lockstep_sim']
[0.045s] DEBUG:colcon:Parsed command line arguments: Namespace(log_base=None, log_level=None, verb_name='build', build_base='build', install_base='install', merge_install=False, symlink_install=False, test_result_base=None, continue_on_error=False, executor='parallel', parallel_workers=28, event_handlers=None, ignore_user_meta=False, metas=['./colcon.meta'], base_paths=['.'], packages_ignore=None, packages_ignore_regex=None, paths=None, packages_up_to=None, packages_up_to_regex=None, packages_above=None, packages_above_and_dependencies=None, packages_above_depth=None, packages_select_by_dep=None, packages_skip_by_dep=None, packages_skip_up_to=None, packages_select_build_failed=False, packages_skip_build_finished=False, packages_select_test_failures=False, packages_skip_test_passed=False, packages_select=['lockstep_sim'], packages_skip=None, packages_select_regex=None, packages_skip_regex=None, packages_start=None, packages_end=None, allow_overriding=[], cmake_args=None, cmake_target=None, cmake_target_skip_unavailable=False, cmake_clean_cache=False, cmake_clean_first=False, cmake_force_configure=False, ament_cmake_args=None, catkin_cmake_args=None, catkin_skip_building_tests=False, mixin_files=None, mixin=None, verb_parser=<colcon_mixin.mixin.mixin_argument.MixinArgumentDecorator object at 0x70858ec19450>, verb_extension=<colcon_core.verb.build.BuildVerb object at 0x70858ec18e80>, main=<bound method BuildVerb.main of <colcon_core.verb.build.BuildVerb object at 0x70858ec18e80>>, mixin_verb=('build',))
[0.098s] Level 1:colcon.colcon_core.package_discovery:discover_packages(colcon_meta) check parameters
[0.098s] Level 1:colcon.colcon_core.package_discovery:discover_packages(recursive) check parameters
[0.098s] Level 1:colcon.colcon_core.package_discovery:discover_packages(ignore) check parameters
[0.098s] Level 1:colcon.colcon_core.package_discovery:discover_packages(path) check parameters
[0.098s] Level 1:colcon.colcon_core.package_discovery:discover_packages(colcon_meta) discover
[0.098s] Level 1:colcon.colcon_core.package_discovery:discover_packages(recursive) discover
[0.098s] INFO:colcon.colcon_core.package_discovery:Crawling recursively for packages in '/home/dakota/.local/repos/control_framework'
[0.098s] Level 1:colcon.colcon_core.package_identification:_identify(.) by extensions ['ignore', 'ignore_ament_install']
[0.098s] Level 1:colcon.colcon_core.package_identification:_identify(.) by extension 'ignore'
[0.098s] Level 1:colcon.colcon_core.package_identification:_identify(.) by extension 'ignore_ament_install'
[0.098s] Level 1:colcon.colcon_core.package_identification:_identify(.) by extensions ['colcon_pkg']
[0.098s] Level 1:colcon.colcon_core.package_identification:_identify(.) by extension 'colcon_pkg'
[0.098s] Level 1:colcon.colcon_core.package_identification:_identify(.) by extensions ['colcon_meta']
[0.098s] Level 1:colcon.colcon_core.package_identification:_identify(.) by extension 'colcon_meta'
[0.098s] Level 1:colcon.colcon_core.package_identification:_identify(.) by extensions ['ros']
[0.098s] Level 1:colcon.colcon_core.package_identification:_identify(.) by extension 'ros'
[0.104s] Level 1:colcon.colcon_core.package_identification:_identify(.) by extensions ['cmake', 'python']
[0.104s] Level 1:colcon.colcon_core.package_identification:_identify(.) by extension 'cmake'
[0.104s] Level 1:colcon.colcon_core.package_identification:_identify(.) by extension 'python'
[0.104s] Level 1:colcon.colcon_core.package_identification:_identify(.) by extensions ['python_setup_py']
[0.104s] Level 1:colcon.colcon_core.package_identification:_identify(.) by extension 'python_setup_py'
[0.104s] Level 1:colcon.colcon_core.package_identification:_identify(build) by extensions ['ignore', 'ignore_ament_install']
[0.104s] Level 1:colcon.colcon_core.package_identification:_identify(build) by extension 'ignore'
[0.104s] Level 1:colcon.colcon_core.package_identification:_identify(build) ignored
[0.104s] Level 1:colcon.colcon_core.package_identification:_identify(install) by extensions ['ignore', 'ignore_ament_install']
[0.104s] Level 1:colcon.colcon_core.package_identification:_identify(install) by extension 'ignore'
[0.104s] Level 1:colcon.colcon_core.package_identification:_identify(install) ignored
[0.104s] Level 1:colcon.colcon_core.package_identification:_identify(log) by extensions ['ignore', 'ignore_ament_install']
[0.104s] Level 1:colcon.colcon_core.package_identification:_identify(log) by extension 'ignore'
[0.104s] Level 1:colcon.colcon_core.package_identification:_identify(log) ignored
[0.104s] Level 1:colcon.colcon_core.package_identification:_identify(src) by extensions ['ignore', 'ignore_ament_install']
[0.104s] Level 1:colcon.colcon_core.package_identification:_identify(src) by extension 'ignore'
[0.104s] Level 1:colcon.colcon_core.package_identification:_identify(src) by extension 'ignore_ament_install'
[0.104s] Level 1:colcon.colcon_core.package_identification:_identify(src) by extensions ['colcon_pkg']
[0.104s] Level 1:colcon.colcon_core.package_identification:_identify(src) by extension 'colcon_pkg'
[0.104s] Level 1:colcon.colcon_core.package_identification:_identify(src) by extensions ['colcon_meta']
[0.104s] Level 1:colcon.colcon_core.package_identification:_identify(src) by extension 'colcon_meta'
[0.105s] Level 1:colcon.colcon_core.package_identification:_identify(src) by extensions ['ros']
[0.105s] Level 1:colcon.colcon_core.package_identification:_identify(src) by extension 'ros'
[0.105s] Level 1:colcon.colcon_core.package_identification:_identify(src) by extensions ['cmake', 'python']
[0.105s] Level 1:colcon.colcon_core.package_identification:_identify(src) by extension 'cmake'
[0.105s] Level 1:colcon.colcon_core.package_identification:_identify(src) by extension 'python'
[0.105s] Level 1:colcon.colcon_core.package_identification:_identify(src) by extensions ['python_setup_py']
[0.105s] Level 1:colcon.colcon_core.package_identification:_identify(src) by extension 'python_setup_py'
[0.105s] Level 1:colcon.colcon_core.package_identification:_identify(src/control_framework_interfaces) by extensions ['ignore', 'ignore_ament_install']
[0.105s] Level 1:colcon.colcon_core.package_identification:_identify(src/control_framework_interfaces) by extension 'ignore'
[0.105s] Level 1:colcon.colcon_core.package_identification:_identify(src/control_framework_interfaces) by extension 'ignore_ament_install'
[0.105s] Level 1:colcon.colcon_core.package_identification:_identify(src/control_framework_interfaces) by extensions ['colcon_pkg']
[0.105s] Level 1:colcon.colcon_core.package_identification:_identify(src/control_framework_interfaces) by extension 'colcon_pkg'
[0.105s] Level 1:colcon.colcon_core.package_identification:_identify(src/control_framework_interfaces) by extensions ['colcon_meta']
[0.105s] Level 1:colcon.colcon_core.package_identification:_identify(src/control_framework_interfaces) by extension 'colcon_meta'
[0.105s] Level 1:colcon.colcon_core.package_identification:_identify(src/control_framework_interfaces) by extensions ['ros']
[0.105s] Level 1:colcon.colcon_core.package_identification:_identify(src/control_framework_interfaces) by extension 'ros'
[0.107s] DEBUG:colcon.colcon_core.package_identification:Package 'src/control_framework_interfaces' with type 'ros.ament_cmake' and name 'control_framework_interfaces'
[0.107s] Level 1:colcon.colcon_core.package_identification:_identify(src/lockstep_sim) by extensions ['ignore', 'ignore_ament_install']
[0.107s] Level 1:colcon.colcon_core.package_identification:_identify(src/lockstep_sim) by extension 'ignore'
[0.107s] Level 1:colcon.colcon_core.package_identification:_identify(src/lockstep_sim) by extension 'ignore_ament_install'
[0.107s] Level 1:colcon.colcon_core.package_identification:_identify(src/lockstep_sim) by extensions ['colcon_pkg']
[0.107s] Level 1:colcon.colcon_core.package_identification:_identify(src/lockstep_sim) by extension 'colcon_pkg'
[0.107s] Level 1:colcon.colcon_core.package_identification:_identify(src/lockstep_sim) by extensions ['colcon_meta']
[0.107s] Level 1:colcon.colcon_core.package_identification:_identify(src/lockstep_sim) by extension 'colcon_meta'
[0.107s] Level 1:colcon.colcon_core.package_identification:_identify(src/lockstep_sim) by extensions ['ros']
[0.107s] Level 1:colcon.colcon_core.package_identification:_identify(src/lockstep_sim) by extension 'ros'
[0.107s] DEBUG:colcon.colcon_core.package_identification:Package 'src/lockstep_sim' with type 'ros.ament_cmake' and name 'lockstep_sim'
[0.107s] Level 1:colcon.colcon_core.package_discovery:discover_packages(recursive) using defaults
[0.107s] Level 1:colcon.colcon_core.package_discovery:discover_packages(ignore) discover
[0.107s] Level 1:colcon.colcon_core.package_discovery:discover_packages(ignore) using defaults
[0.107s] Level 1:colcon.colcon_core.package_discovery:discover_packages(path) discover
[0.107s] Level 1:colcon.colcon_core.package_discovery:discover_packages(path) using defaults
[0.116s] INFO:colcon.colcon_core.package_selection:Skipping not selected package 'control_framework_interfaces' in 'src/control_framework_interfaces'
[0.116s] Level 1:colcon.colcon_core.package_discovery:discover_packages(prefix_path) check parameters
[0.116s] Level 1:colcon.colcon_core.package_discovery:discover_packages(prefix_path) discover
[0.117s] Level 1:colcon.colcon_core.package_discovery:discover_packages(prefix_path) using defaults
[0.117s] Level 5:colcon.colcon_core.verb:set package 'lockstep_sim' build argument 'cmake_args' from command line to 'None'
[0.117s] Level 5:colcon.colcon_core.verb:set package 'lockstep_sim' build argument 'cmake_target' from command line to 'None'
[0.117s] Level 5:colcon.colcon_core.verb:set package 'lockstep_sim' build argument 'cmake_target_skip_unavailable' from command line to 'False'
[0.117s] Level 5:colcon.colcon_core.verb:set package 'lockstep_sim' build argument 'cmake_clean_cache' from command line to 'False'
[0.117s] Level 5:colcon.colcon_core.verb:set package 'lockstep_sim' build argument 'cmake_clean_first' from command line to 'False'
[0.117s] Level 5:colcon.colcon_core.verb:set package 'lockstep_sim' build argument 'cmake_force_configure' from command line to 'False'
[0.117s] Level 5:colcon.colcon_core.verb:set package 'lockstep_sim' build argument 'ament_cmake_args' from command line to 'None'
[0.117s] Level 5:colcon.colcon_core.verb:set package 'lockstep_sim' build argument 'catkin_cmake_args' from command line to 'None'
[0.117s] Level 5:colcon.colcon_core.verb:set package 'lockstep_sim' build argument 'catkin_skip_building_tests' from command line to 'False'
[0.117s] DEBUG:colcon.colcon_core.verb:Building package 'lockstep_sim' with the following arguments: {'ament_cmake_args': None, 'build_base': '/home/dakota/.local/repos/control_framework/build/lockstep_sim', 'catkin_cmake_args': None, 'catkin_skip_building_tests': False, 'cmake_args': None, 'cmake_clean_cache': False, 'cmake_clean_first': False, 'cmake_force_configure': False, 'cmake_target': None, 'cmake_target_skip_unavailable': False, 'install_base': '/home/dakota/.local/repos/control_framework/install/lockstep_sim', 'merge_install': False, 'path': '/home/dakota/.local/repos/control_framework/src/lockstep_sim', 'symlink_install': False, 'test_result_base': None}
[0.117s] INFO:colcon.colcon_core.executor:Executing jobs using 'parallel' executor
[0.118s] DEBUG:colcon.colcon_parallel_executor.executor.parallel:run_until_complete
[0.118s] INFO:colcon.colcon_ros.task.ament_cmake.build:Building ROS package in '/home/dakota/.local/repos/control_framework/src/lockstep_sim' with build type 'ament_cmake'
[0.118s] INFO:colcon.colcon_cmake.task.cmake.build:Building CMake package in '/home/dakota/.local/repos/control_framework/src/lockstep_sim'
[0.119s] INFO:colcon.colcon_core.plugin_system:Skipping extension 'colcon_core.shell.bat': Not used on non-Windows systems
[0.119s] INFO:colcon.colcon_core.shell:Skip shell extension 'powershell' for command environment: Not usable outside of PowerShell
[0.119s] DEBUG:colcon.colcon_core.shell:Skip shell extension 'dsv' for command environment
[0.125s] DEBUG:colcon.colcon_core.event_handler.log_command:Invoking command in '/home/dakota/.local/repos/control_framework/build/lockstep_sim': AMENT_PREFIX_PATH=/home/dakota/.local/repos/control_framework/install/control_framework_interfaces CMAKE_PREFIX_PATH=/home/dakota/.local/repos/control_framework/install/control_framework_interfaces CONDA_PROMPT_MODIFIER=(base) LD_LIBRARY_PATH=/home/dakota/.local/repos/control_framework/install/control_framework_interfaces/lib PYTHONPATH=/home/dakota/.local/repos/control_framework/install/control_framework_interfaces/local/lib/python3.10/dist-packages /usr/bin/cmake --build /home/dakota/.local/repos/control_framework/build/lockstep_sim -- -j28 -l28
[0.171s] DEBUG:colcon.colcon_core.event_handler.log_command:Invoked command in '/home/dakota/.local/repos/control_framework/build/lockstep_sim' returned '0': AMENT_PREFIX_PATH=/home/dakota/.local/repos/control_framework/install/control_framework_interfaces CMAKE_PREFIX_PATH=/home/dakota/.local/repos/control_framework/install/control_framework_interfaces CONDA_PROMPT_MODIFIER=(base) LD_LIBRARY_PATH=/home/dakota/.local/repos/control_framework/install/control_framework_interfaces/lib PYTHONPATH=/home/dakota/.local/repos/control_framework/install/control_framework_interfaces/local/lib/python3.10/dist-packages /usr/bin/cmake --build /home/dakota/.local/repos/control_framework/build/lockstep_sim -- -j28 -l28
[0.177s] DEBUG:colcon.colcon_core.event_handler.log_command:Invoking command in '/home/dakota/.local/repos/control_framework/build/lockstep_sim': AMENT_PREFIX_PATH=/home/dakota/.local/repos/control_framework/install/control_framework_interfaces CMAKE_PREFIX_PATH=/home/dakota/.local/repos/control_framework/install/control_framework_interfaces CONDA_PROMPT_MODIFIER=(base) LD_LIBRARY_PATH=/home/dakota/.local/repos/control_framework/install/control_framework_interfaces/lib PYTHONPATH=/home/dakota/.local/repos/control_framework/install/control_framework_interfaces/local/lib/python3.10/dist-packages /usr/bin/cmake --install /home/dakota/.local/repos/control_framework/build/lockstep_sim
[0.182s] Level 1:colcon.colcon_core.environment:create_environment_scripts_only(lockstep_sim)
[0.183s] DEBUG:colcon.colcon_core.event_handler.log_command:Invoked command in '/home/dakota/.local/repos/control_framework/build/lockstep_sim' returned '0': AMENT_PREFIX_PATH=/home/dakota/.local/repos/control_framework/install/control_framework_interfaces CMAKE_PREFIX_PATH=/home/dakota/.local/repos/control_framework/install/control_framework_interfaces CONDA_PROMPT_MODIFIER=(base) LD_LIBRARY_PATH=/home/dakota/.local/repos/control_framework/install/control_framework_interfaces/lib PYTHONPATH=/home/dakota/.local/repos/control_framework/install/control_framework_interfaces/local/lib/python3.10/dist-packages /usr/bin/cmake --install /home/dakota/.local/repos/control_framework/build/lockstep_sim
[0.184s] Level 1:colcon.colcon_core.environment:checking '/home/dakota/.local/repos/control_framework/install/lockstep_sim' for CMake module files
[0.184s] Level 1:colcon.colcon_core.environment:checking '/home/dakota/.local/repos/control_framework/install/lockstep_sim' for CMake config files
[0.184s] Level 1:colcon.colcon_core.shell:create_environment_hook('lockstep_sim', 'cmake_prefix_path')
[0.184s] INFO:colcon.colcon_core.shell:Creating environment hook '/home/dakota/.local/repos/control_framework/install/lockstep_sim/share/lockstep_sim/hook/cmake_prefix_path.ps1'
[0.185s] INFO:colcon.colcon_core.shell:Creating environment descriptor '/home/dakota/.local/repos/control_framework/install/lockstep_sim/share/lockstep_sim/hook/cmake_prefix_path.dsv'
[0.185s] INFO:colcon.colcon_core.shell:Creating environment hook '/home/dakota/.local/repos/control_framework/install/lockstep_sim/share/lockstep_sim/hook/cmake_prefix_path.sh'
[0.185s] Level 1:colcon.colcon_core.environment:checking '/home/dakota/.local/repos/control_framework/install/lockstep_sim/lib'
[0.185s] Level 1:colcon.colcon_core.environment:checking '/home/dakota/.local/repos/control_framework/install/lockstep_sim/bin'
[0.185s] Level 1:colcon.colcon_core.environment:checking '/home/dakota/.local/repos/control_framework/install/lockstep_sim/lib/pkgconfig/lockstep_sim.pc'
[0.186s] Level 1:colcon.colcon_core.environment:checking '/home/dakota/.local/repos/control_framework/install/lockstep_sim/lib/python3.10/site-packages'
[0.186s] Level 1:colcon.colcon_core.environment:checking '/home/dakota/.local/repos/control_framework/install/lockstep_sim/bin'
[0.186s] INFO:colcon.colcon_core.shell:Creating package script '/home/dakota/.local/repos/control_framework/install/lockstep_sim/share/lockstep_sim/package.ps1'
[0.187s] INFO:colcon.colcon_core.shell:Creating package descriptor '/home/dakota/.local/repos/control_framework/install/lockstep_sim/share/lockstep_sim/package.dsv'
[0.187s] INFO:colcon.colcon_core.shell:Creating package script '/home/dakota/.local/repos/control_framework/install/lockstep_sim/share/lockstep_sim/package.sh'
[0.187s] INFO:colcon.colcon_core.shell:Creating package script '/home/dakota/.local/repos/control_framework/install/lockstep_sim/share/lockstep_sim/package.bash'
[0.188s] INFO:colcon.colcon_core.shell:Creating package script '/home/dakota/.local/repos/control_framework/install/lockstep_sim/share/lockstep_sim/package.zsh'
[0.188s] Level 1:colcon.colcon_core.environment:create_file_with_runtime_dependencies(/home/dakota/.local/repos/control_framework/install/lockstep_sim/share/colcon-core/packages/lockstep_sim)
[0.188s] Level 1:colcon.colcon_core.environment:create_environment_scripts_only(lockstep_sim)
[0.188s] Level 1:colcon.colcon_core.environment:checking '/home/dakota/.local/repos/control_framework/install/lockstep_sim' for CMake module files
[0.189s] Level 1:colcon.colcon_core.environment:checking '/home/dakota/.local/repos/control_framework/install/lockstep_sim' for CMake config files
[0.189s] Level 1:colcon.colcon_core.shell:create_environment_hook('lockstep_sim', 'cmake_prefix_path')
[0.189s] INFO:colcon.colcon_core.shell:Creating environment hook '/home/dakota/.local/repos/control_framework/install/lockstep_sim/share/lockstep_sim/hook/cmake_prefix_path.ps1'
[0.189s] INFO:colcon.colcon_core.shell:Creating environment descriptor '/home/dakota/.local/repos/control_framework/install/lockstep_sim/share/lockstep_sim/hook/cmake_prefix_path.dsv'
[0.189s] INFO:colcon.colcon_core.shell:Creating environment hook '/home/dakota/.local/repos/control_framework/install/lockstep_sim/share/lockstep_sim/hook/cmake_prefix_path.sh'
[0.189s] Level 1:colcon.colcon_core.environment:checking '/home/dakota/.local/repos/control_framework/install/lockstep_sim/lib'
[0.189s] Level 1:colcon.colcon_core.environment:checking '/home/dakota/.local/repos/control_framework/install/lockstep_sim/bin'
[0.189s] Level 1:colcon.colcon_core.environment:checking '/home/dakota/.local/repos/control_framework/install/lockstep_sim/lib/pkgconfig/lockstep_sim.pc'
[0.189s] Level 1:colcon.colcon_core.environment:checking '/home/dakota/.local/repos/control_framework/install/lockstep_sim/lib/python3.10/site-packages'
[0.190s] Level 1:colcon.colcon_core.environment:checking '/home/dakota/.local/repos/control_framework/install/lockstep_sim/bin'
[0.190s] INFO:colcon.colcon_core.shell:Creating package script '/home/dakota/.local/repos/control_framework/install/lockstep_sim/share/lockstep_sim/package.ps1'
[0.190s] INFO:colcon.colcon_core.shell:Creating package descriptor '/home/dakota/.local/repos/control_framework/install/lockstep_sim/share/lockstep_sim/package.dsv'
[0.190s] INFO:colcon.colcon_core.shell:Creating package script '/home/dakota/.local/repos/control_framework/install/lockstep_sim/share/lockstep_sim/package.sh'
[0.190s] INFO:colcon.colcon_core.shell:Creating package script '/home/dakota/.local/repos/control_framework/install/lockstep_sim/share/lockstep_sim/package.bash'
[0.190s] INFO:colcon.colcon_core.shell:Creating package script '/home/dakota/.local/repos/control_framework/install/lockstep_sim/share/lockstep_sim/package.zsh'
[0.191s] Level 1:colcon.colcon_core.environment:create_file_with_runtime_dependencies(/home/dakota/.local/repos/control_framework/install/lockstep_sim/share/colcon-core/packages/lockstep_sim)
[0.191s] DEBUG:colcon.colcon_parallel_executor.executor.parallel:closing loop
[0.191s] DEBUG:colcon.colcon_parallel_executor.executor.parallel:loop closed
[0.191s] DEBUG:colcon.colcon_parallel_executor.executor.parallel:run_until_complete finished with '0'
[0.191s] DEBUG:colcon.colcon_core.event_reactor:joining thread
[0.194s] INFO:colcon.colcon_core.plugin_system:Skipping extension 'colcon_notification.desktop_notification.terminal_notifier': Not used on non-Darwin systems
[0.195s] INFO:colcon.colcon_core.plugin_system:Skipping extension 'colcon_notification.desktop_notification.win32': Not used on non-Windows systems
[0.195s] INFO:colcon.colcon_notification.desktop_notification:Sending desktop notification using 'notify2'
[0.195s] DEBUG:colcon.colcon_notification.desktop_notification.notify2:Failed to initialize notify2: org.freedesktop.DBus.Error.AccessDenied: Failed to connect to socket /run/user/1000/bus: Operation not permitted
[0.195s] DEBUG:colcon.colcon_core.event_reactor:joined thread
[0.195s] INFO:colcon.colcon_core.shell:Creating prefix script '/home/dakota/.local/repos/control_framework/install/local_setup.ps1'
[0.196s] INFO:colcon.colcon_core.shell:Creating prefix util module '/home/dakota/.local/repos/control_framework/install/_local_setup_util_ps1.py'
[0.197s] INFO:colcon.colcon_core.shell:Creating prefix chain script '/home/dakota/.local/repos/control_framework/install/setup.ps1'
[0.197s] INFO:colcon.colcon_core.shell:Creating prefix script '/home/dakota/.local/repos/control_framework/install/local_setup.sh'
[0.197s] INFO:colcon.colcon_core.shell:Creating prefix util module '/home/dakota/.local/repos/control_framework/install/_local_setup_util_sh.py'
[0.198s] INFO:colcon.colcon_core.shell:Creating prefix chain script '/home/dakota/.local/repos/control_framework/install/setup.sh'
[0.198s] INFO:colcon.colcon_core.shell:Creating prefix script '/home/dakota/.local/repos/control_framework/install/local_setup.bash'
[0.198s] INFO:colcon.colcon_core.shell:Creating prefix chain script '/home/dakota/.local/repos/control_framework/install/setup.bash'
[0.198s] INFO:colcon.colcon_core.shell:Creating prefix script '/home/dakota/.local/repos/control_framework/install/local_setup.zsh'
[0.199s] INFO:colcon.colcon_core.shell:Creating prefix chain script '/home/dakota/.local/repos/control_framework/install/setup.zsh'
