[0.005s] Invoking command in '/home/dakota/.local/repos/control_framework/build/controller': CMAKE_PREFIX_PATH=${CMAKE_PREFIX_PATH}:/opt/ros/humble /usr/bin/cmake --build /home/dakota/.local/repos/control_framework/build/controller -- -j28 -l28
[0.031s] Invoked command in '/home/dakota/.local/repos/control_framework/build/controller' returned '0': CMAKE_PREFIX_PATH=${CMAKE_PREFIX_PATH}:/opt/ros/humble /usr/bin/cmake --build /home/dakota/.local/repos/control_framework/build/controller -- -j28 -l28
[0.037s] Invoking command in '/home/dakota/.local/repos/control_framework/build/controller': CMAKE_PREFIX_PATH=${CMAKE_PREFIX_PATH}:/opt/ros/humble /usr/bin/cmake --install /home/dakota/.local/repos/control_framework/build/controller
[0.042s] -- Install configuration: ""
[0.042s] -- Up-to-date: /home/dakota/.local/repos/control_framework/install/controller/include
[0.042s] -- Up-to-date: /home/dakota/.local/repos/control_framework/install/controller/include/controller
[0.042s] -- Up-to-date: /home/dakota/.local/repos/control_framework/install/controller/include/controller/controllers.hpp
[0.042s] -- Up-to-date: /home/dakota/.local/repos/control_framework/install/controller/include/controller/implemented_controllers.hpp
[0.042s] -- Installing: /home/dakota/.local/repos/control_framework/install/controller/include/controller/base_controller.hpp
[0.042s] -- Up-to-date: /home/dakota/.local/repos/control_framework/install/controller/share/ament_index/resource_index/package_run_dependencies/controller
[0.042s] -- Up-to-date: /home/dakota/.local/repos/control_framework/install/controller/share/ament_index/resource_index/parent_prefix_path/controller
[0.042s] -- Up-to-date: /home/dakota/.local/repos/control_framework/install/controller/share/controller/environment/ament_prefix_path.sh
[0.042s] -- Up-to-date: /home/dakota/.local/repos/control_framework/install/controller/share/controller/environment/ament_prefix_path.dsv
[0.042s] -- Up-to-date: /home/dakota/.local/repos/control_framework/install/controller/share/controller/environment/path.sh
[0.043s] -- Up-to-date: /home/dakota/.local/repos/control_framework/install/controller/share/controller/environment/path.dsv
[0.043s] -- Up-to-date: /home/dakota/.local/repos/control_framework/install/controller/share/controller/local_setup.bash
[0.043s] -- Up-to-date: /home/dakota/.local/repos/control_framework/install/controller/share/controller/local_setup.sh
[0.043s] -- Up-to-date: /home/dakota/.local/repos/control_framework/install/controller/share/controller/local_setup.zsh
[0.043s] -- Up-to-date: /home/dakota/.local/repos/control_framework/install/controller/share/controller/local_setup.dsv
[0.043s] -- Installing: /home/dakota/.local/repos/control_framework/install/controller/share/controller/package.dsv
[0.043s] -- Up-to-date: /home/dakota/.local/repos/control_framework/install/controller/share/ament_index/resource_index/packages/controller
[0.043s] -- Up-to-date: /home/dakota/.local/repos/control_framework/install/controller/share/controller/cmake/ament_cmake_export_include_directories-extras.cmake
[0.043s] -- Up-to-date: /home/dakota/.local/repos/control_framework/install/controller/share/controller/cmake/ament_cmake_export_dependencies-extras.cmake
[0.043s] -- Up-to-date: /home/dakota/.local/repos/control_framework/install/controller/share/controller/cmake/controllerConfig.cmake
[0.043s] -- Up-to-date: /home/dakota/.local/repos/control_framework/install/controller/share/controller/cmake/controllerConfig-version.cmake
[0.043s] -- Up-to-date: /home/dakota/.local/repos/control_framework/install/controller/share/controller/package.xml
[0.044s] Invoked command in '/home/dakota/.local/repos/control_framework/build/controller' returned '0': CMAKE_PREFIX_PATH=${CMAKE_PREFIX_PATH}:/opt/ros/humble /usr/bin/cmake --install /home/dakota/.local/repos/control_framework/build/controller
