[0.006s] Invoking command in '/home/dakota/.local/repos/control_framework/build/lockstep_sim': CMAKE_PREFIX_PATH=/home/dakota/.local/repos/control_framework/install/controller:/home/dakota/.local/repos/control_framework/install/control_framework_interfaces:/home/dakota/.local/repos/control_framework/install/lockstep_sim:/opt/ros/humble LD_LIBRARY_PATH=/home/dakota/.local/repos/control_framework/install/controller/lib:${LD_LIBRARY_PATH} /usr/bin/cmake --build /home/dakota/.local/repos/control_framework/build/lockstep_sim -- -j28 -l28
[0.022s] -- Found ament_cmake: 1.3.14 (/opt/ros/humble/share/ament_cmake/cmake)
[0.085s] -- Found rclcpp: 16.0.19 (/opt/ros/humble/share/rclcpp/cmake)
[0.098s] -- Found rosidl_generator_c: 3.1.8 (/opt/ros/humble/share/rosidl_generator_c/cmake)
[0.099s] -- Found rosidl_adapter: 3.1.8 (/opt/ros/humble/share/rosidl_adapter/cmake)
[0.102s] -- Found rosidl_generator_cpp: 3.1.8 (/opt/ros/humble/share/rosidl_generator_cpp/cmake)
[0.106s] -- Using all available rosidl_typesupport_c: rosidl_typesupport_fastrtps_c;rosidl_typesupport_introspection_c
[0.112s] -- Using all available rosidl_typesupport_cpp: rosidl_typesupport_fastrtps_cpp;rosidl_typesupport_introspection_cpp
[0.126s] -- Found rmw_implementation_cmake: 6.1.2 (/opt/ros/humble/share/rmw_implementation_cmake/cmake)
[0.127s] -- Found rmw_fastrtps_cpp: 6.2.10 (/opt/ros/humble/share/rmw_fastrtps_cpp/cmake)
[0.182s] -- Using RMW implementation 'rmw_fastrtps_cpp' as default
[0.205s] -- Found sensor_msgs: 4.9.1 (/opt/ros/humble/share/sensor_msgs/cmake)
[0.218s] -- Found control_framework_interfaces: 0.0.0 (/home/dakota/.local/repos/control_framework/install/control_framework_interfaces/share/control_framework_interfaces/cmake)
[0.223s] -- Found std_srvs: 4.9.1 (/opt/ros/humble/share/std_srvs/cmake)
[0.227s] -- Found controller: 0.0.0 (/home/dakota/.local/repos/control_framework/install/controller/share/controller/cmake)
[0.228s] -- Found ament_lint_auto: 0.12.15 (/opt/ros/humble/share/ament_lint_auto/cmake)
[0.261s] -- Added test 'cppcheck' to perform static code analysis on C / C++ code
[0.261s] -- Configured cppcheck include dirs: 
[0.261s] -- Configured cppcheck exclude dirs and/or files: 
[0.261s] -- Added test 'lint_cmake' to check CMake code style
[0.261s] -- Added test 'uncrustify' to check C / C++ code style
[0.261s] -- Configured uncrustify additional arguments: 
[0.261s] -- Added test 'xmllint' to check XML markup files
[0.262s] -- Configuring done
[0.266s] -- Generating done
[0.268s] -- Build files have been written to: /home/dakota/.local/repos/control_framework/build/lockstep_sim
[0.286s] [35m[1mConsolidate compiler generated dependencies of target lockstep_sim[0m
[0.300s] [ 25%] [32mBuilding CXX object CMakeFiles/lockstep_sim.dir/src/main.cpp.o[0m
[0.300s] [ 50%] [32mBuilding CXX object CMakeFiles/lockstep_sim.dir/src/lockstep_sim.cpp.o[0m
[0.392s] In file included from [01m[K/home/dakota/.local/repos/control_framework/src/lockstep_sim/src/main.cpp:4[m[K:
[0.392s] [01m[K/home/dakota/.local/repos/control_framework/src/lockstep_sim/src/../include/lockstep_sim/lockstep_sim.hpp:14:10:[m[K [01;31m[Kfatal error: [m[Kcontroller/controllers.hpp: No such file or directory
[0.392s]    14 | #include [01;31m[K"controller/controllers.hpp"[m[K
[0.392s]       |          [01;31m[K^~~~~~~~~~~~~~~~~~~~~~~~~~~~[m[K
[0.392s] compilation terminated.
[0.394s] gmake[2]: *** [CMakeFiles/lockstep_sim.dir/build.make:76: CMakeFiles/lockstep_sim.dir/src/main.cpp.o] Error 1
[0.394s] gmake[2]: *** Waiting for unfinished jobs....
[0.395s] In file included from [01m[K/home/dakota/.local/repos/control_framework/src/lockstep_sim/src/lockstep_sim.cpp:3[m[K:
[0.395s] [01m[K/home/dakota/.local/repos/control_framework/src/lockstep_sim/src/../include/lockstep_sim/lockstep_sim.hpp:14:10:[m[K [01;31m[Kfatal error: [m[Kcontroller/controllers.hpp: No such file or directory
[0.395s]    14 | #include [01;31m[K"controller/controllers.hpp"[m[K
[0.395s]       |          [01;31m[K^~~~~~~~~~~~~~~~~~~~~~~~~~~~[m[K
[0.395s] compilation terminated.
[0.396s] gmake[2]: *** [CMakeFiles/lockstep_sim.dir/build.make:90: CMakeFiles/lockstep_sim.dir/src/lockstep_sim.cpp.o] Error 1
[0.396s] gmake[1]: *** [CMakeFiles/Makefile2:137: CMakeFiles/lockstep_sim.dir/all] Error 2
[0.396s] gmake: *** [Makefile:146: all] Error 2
[0.398s] Invoked command in '/home/dakota/.local/repos/control_framework/build/lockstep_sim' returned '2': CMAKE_PREFIX_PATH=/home/dakota/.local/repos/control_framework/install/controller:/home/dakota/.local/repos/control_framework/install/control_framework_interfaces:/home/dakota/.local/repos/control_framework/install/lockstep_sim:/opt/ros/humble LD_LIBRARY_PATH=/home/dakota/.local/repos/control_framework/install/controller/lib:${LD_LIBRARY_PATH} /usr/bin/cmake --build /home/dakota/.local/repos/control_framework/build/lockstep_sim -- -j28 -l28
