[0.006s] Invoking command in '/home/dakota/.local/repos/control_framework/build/services': CMAKE_PREFIX_PATH=${CMAKE_PREFIX_PATH}:/opt/ros/humble /usr/bin/cmake --build /home/dakota/.local/repos/control_framework/build/services -- -j28 -l28
[0.030s] Invoked command in '/home/dakota/.local/repos/control_framework/build/services' returned '0': CMAKE_PREFIX_PATH=${CMAKE_PREFIX_PATH}:/opt/ros/humble /usr/bin/cmake --build /home/dakota/.local/repos/control_framework/build/services -- -j28 -l28
[0.037s] Invoking command in '/home/dakota/.local/repos/control_framework/build/services': CMAKE_PREFIX_PATH=${CMAKE_PREFIX_PATH}:/opt/ros/humble /usr/bin/cmake --install /home/dakota/.local/repos/control_framework/build/services
[0.041s] -- Install configuration: ""
[0.041s] -- Up-to-date: /home/dakota/.local/repos/control_framework/install/services/share/ament_index/resource_index/package_run_dependencies/services
[0.041s] -- Up-to-date: /home/dakota/.local/repos/control_framework/install/services/share/ament_index/resource_index/parent_prefix_path/services
[0.042s] -- Up-to-date: /home/dakota/.local/repos/control_framework/install/services/share/services/environment/ament_prefix_path.sh
[0.042s] -- Up-to-date: /home/dakota/.local/repos/control_framework/install/services/share/services/environment/ament_prefix_path.dsv
[0.042s] -- Up-to-date: /home/dakota/.local/repos/control_framework/install/services/share/services/environment/path.sh
[0.042s] -- Up-to-date: /home/dakota/.local/repos/control_framework/install/services/share/services/environment/path.dsv
[0.042s] -- Up-to-date: /home/dakota/.local/repos/control_framework/install/services/share/services/local_setup.bash
[0.042s] -- Up-to-date: /home/dakota/.local/repos/control_framework/install/services/share/services/local_setup.sh
[0.042s] -- Up-to-date: /home/dakota/.local/repos/control_framework/install/services/share/services/local_setup.zsh
[0.042s] -- Up-to-date: /home/dakota/.local/repos/control_framework/install/services/share/services/local_setup.dsv
[0.042s] -- Up-to-date: /home/dakota/.local/repos/control_framework/install/services/share/services/package.dsv
[0.042s] -- Up-to-date: /home/dakota/.local/repos/control_framework/install/services/share/ament_index/resource_index/packages/services
[0.042s] -- Up-to-date: /home/dakota/.local/repos/control_framework/install/services/share/services/cmake/servicesConfig.cmake
[0.042s] -- Up-to-date: /home/dakota/.local/repos/control_framework/install/services/share/services/cmake/servicesConfig-version.cmake
[0.042s] -- Up-to-date: /home/dakota/.local/repos/control_framework/install/services/share/services/package.xml
[0.043s] Invoked command in '/home/dakota/.local/repos/control_framework/build/services' returned '0': CMAKE_PREFIX_PATH=${CMAKE_PREFIX_PATH}:/opt/ros/humble /usr/bin/cmake --install /home/dakota/.local/repos/control_framework/build/services
