[0.048s] DEBUG:colcon:Command line arguments: ['/usr/bin/colcon', 'build']
[0.048s] DEBUG:colcon:Parsed command line arguments: Namespace(log_base=None, log_level=None, verb_name='build', build_base='build', install_base='install', merge_install=False, symlink_install=False, test_result_base=None, continue_on_error=False, executor='parallel', parallel_workers=28, event_handlers=None, ignore_user_meta=False, metas=['./colcon.meta'], base_paths=['.'], packages_ignore=None, packages_ignore_regex=None, paths=None, packages_up_to=None, packages_up_to_regex=None, packages_above=None, packages_above_and_dependencies=None, packages_above_depth=None, packages_select_by_dep=None, packages_skip_by_dep=None, packages_skip_up_to=None, packages_select_build_failed=False, packages_skip_build_finished=False, packages_select_test_failures=False, packages_skip_test_passed=False, packages_select=None, packages_skip=None, packages_select_regex=None, packages_skip_regex=None, packages_start=None, packages_end=None, allow_overriding=[], cmake_args=None, cmake_target=None, cmake_target_skip_unavailable=False, cmake_clean_cache=False, cmake_clean_first=False, cmake_force_configure=False, ament_cmake_args=None, catkin_cmake_args=None, catkin_skip_building_tests=False, mixin_files=None, mixin=None, verb_parser=<colcon_mixin.mixin.mixin_argument.MixinArgumentDecorator object at 0x7d27a8841270>, verb_extension=<colcon_core.verb.build.BuildVerb object at 0x7d27a8840ca0>, main=<bound method BuildVerb.main of <colcon_core.verb.build.BuildVerb object at 0x7d27a8840ca0>>, mixin_verb=('build',))
[0.115s] Level 1:colcon.colcon_core.package_discovery:discover_packages(colcon_meta) check parameters
[0.115s] Level 1:colcon.colcon_core.package_discovery:discover_packages(recursive) check parameters
[0.115s] Level 1:colcon.colcon_core.package_discovery:discover_packages(ignore) check parameters
[0.115s] Level 1:colcon.colcon_core.package_discovery:discover_packages(path) check parameters
[0.115s] Level 1:colcon.colcon_core.package_discovery:discover_packages(colcon_meta) discover
[0.115s] Level 1:colcon.colcon_core.package_discovery:discover_packages(recursive) discover
[0.115s] INFO:colcon.colcon_core.package_discovery:Crawling recursively for packages in '/home/dakota/.local/repos/control_framework'
[0.115s] Level 1:colcon.colcon_core.package_identification:_identify(.) by extensions ['ignore', 'ignore_ament_install']
[0.115s] Level 1:colcon.colcon_core.package_identification:_identify(.) by extension 'ignore'
[0.115s] Level 1:colcon.colcon_core.package_identification:_identify(.) by extension 'ignore_ament_install'
[0.115s] Level 1:colcon.colcon_core.package_identification:_identify(.) by extensions ['colcon_pkg']
[0.115s] Level 1:colcon.colcon_core.package_identification:_identify(.) by extension 'colcon_pkg'
[0.115s] Level 1:colcon.colcon_core.package_identification:_identify(.) by extensions ['colcon_meta']
[0.115s] Level 1:colcon.colcon_core.package_identification:_identify(.) by extension 'colcon_meta'
[0.115s] Level 1:colcon.colcon_core.package_identification:_identify(.) by extensions ['ros']
[0.115s] Level 1:colcon.colcon_core.package_identification:_identify(.) by extension 'ros'
[0.121s] Level 1:colcon.colcon_core.package_identification:_identify(.) by extensions ['cmake', 'python']
[0.121s] Level 1:colcon.colcon_core.package_identification:_identify(.) by extension 'cmake'
[0.121s] Level 1:colcon.colcon_core.package_identification:_identify(.) by extension 'python'
[0.121s] Level 1:colcon.colcon_core.package_identification:_identify(.) by extensions ['python_setup_py']
[0.121s] Level 1:colcon.colcon_core.package_identification:_identify(.) by extension 'python_setup_py'
[0.121s] Level 1:colcon.colcon_core.package_identification:_identify(build) by extensions ['ignore', 'ignore_ament_install']
[0.121s] Level 1:colcon.colcon_core.package_identification:_identify(build) by extension 'ignore'
[0.121s] Level 1:colcon.colcon_core.package_identification:_identify(build) ignored
[0.121s] Level 1:colcon.colcon_core.package_identification:_identify(install) by extensions ['ignore', 'ignore_ament_install']
[0.121s] Level 1:colcon.colcon_core.package_identification:_identify(install) by extension 'ignore'
[0.121s] Level 1:colcon.colcon_core.package_identification:_identify(install) ignored
[0.121s] Level 1:colcon.colcon_core.package_identification:_identify(log) by extensions ['ignore', 'ignore_ament_install']
[0.121s] Level 1:colcon.colcon_core.package_identification:_identify(log) by extension 'ignore'
[0.121s] Level 1:colcon.colcon_core.package_identification:_identify(log) ignored
[0.121s] Level 1:colcon.colcon_core.package_identification:_identify(src) by extensions ['ignore', 'ignore_ament_install']
[0.121s] Level 1:colcon.colcon_core.package_identification:_identify(src) by extension 'ignore'
[0.121s] Level 1:colcon.colcon_core.package_identification:_identify(src) by extension 'ignore_ament_install'
[0.121s] Level 1:colcon.colcon_core.package_identification:_identify(src) by extensions ['colcon_pkg']
[0.121s] Level 1:colcon.colcon_core.package_identification:_identify(src) by extension 'colcon_pkg'
[0.121s] Level 1:colcon.colcon_core.package_identification:_identify(src) by extensions ['colcon_meta']
[0.121s] Level 1:colcon.colcon_core.package_identification:_identify(src) by extension 'colcon_meta'
[0.121s] Level 1:colcon.colcon_core.package_identification:_identify(src) by extensions ['ros']
[0.121s] Level 1:colcon.colcon_core.package_identification:_identify(src) by extension 'ros'
[0.121s] Level 1:colcon.colcon_core.package_identification:_identify(src) by extensions ['cmake', 'python']
[0.121s] Level 1:colcon.colcon_core.package_identification:_identify(src) by extension 'cmake'
[0.121s] Level 1:colcon.colcon_core.package_identification:_identify(src) by extension 'python'
[0.121s] Level 1:colcon.colcon_core.package_identification:_identify(src) by extensions ['python_setup_py']
[0.121s] Level 1:colcon.colcon_core.package_identification:_identify(src) by extension 'python_setup_py'
[0.121s] Level 1:colcon.colcon_core.package_identification:_identify(src/control_framework_interfaces) by extensions ['ignore', 'ignore_ament_install']
[0.121s] Level 1:colcon.colcon_core.package_identification:_identify(src/control_framework_interfaces) by extension 'ignore'
[0.121s] Level 1:colcon.colcon_core.package_identification:_identify(src/control_framework_interfaces) by extension 'ignore_ament_install'
[0.121s] Level 1:colcon.colcon_core.package_identification:_identify(src/control_framework_interfaces) by extensions ['colcon_pkg']
[0.121s] Level 1:colcon.colcon_core.package_identification:_identify(src/control_framework_interfaces) by extension 'colcon_pkg'
[0.121s] Level 1:colcon.colcon_core.package_identification:_identify(src/control_framework_interfaces) by extensions ['colcon_meta']
[0.121s] Level 1:colcon.colcon_core.package_identification:_identify(src/control_framework_interfaces) by extension 'colcon_meta'
[0.121s] Level 1:colcon.colcon_core.package_identification:_identify(src/control_framework_interfaces) by extensions ['ros']
[0.121s] Level 1:colcon.colcon_core.package_identification:_identify(src/control_framework_interfaces) by extension 'ros'
[0.123s] DEBUG:colcon.colcon_core.package_identification:Package 'src/control_framework_interfaces' with type 'ros.ament_cmake' and name 'control_framework_interfaces'
[0.123s] Level 1:colcon.colcon_core.package_identification:_identify(src/lockstep_sim) by extensions ['ignore', 'ignore_ament_install']
[0.123s] Level 1:colcon.colcon_core.package_identification:_identify(src/lockstep_sim) by extension 'ignore'
[0.123s] Level 1:colcon.colcon_core.package_identification:_identify(src/lockstep_sim) by extension 'ignore_ament_install'
[0.123s] Level 1:colcon.colcon_core.package_identification:_identify(src/lockstep_sim) by extensions ['colcon_pkg']
[0.123s] Level 1:colcon.colcon_core.package_identification:_identify(src/lockstep_sim) by extension 'colcon_pkg'
[0.123s] Level 1:colcon.colcon_core.package_identification:_identify(src/lockstep_sim) by extensions ['colcon_meta']
[0.123s] Level 1:colcon.colcon_core.package_identification:_identify(src/lockstep_sim) by extension 'colcon_meta'
[0.123s] Level 1:colcon.colcon_core.package_identification:_identify(src/lockstep_sim) by extensions ['ros']
[0.123s] Level 1:colcon.colcon_core.package_identification:_identify(src/lockstep_sim) by extension 'ros'
[0.123s] DEBUG:colcon.colcon_core.package_identification:Package 'src/lockstep_sim' with type 'ros.ament_cmake' and name 'lockstep_sim'
[0.123s] Level 1:colcon.colcon_core.package_discovery:discover_packages(recursive) using defaults
[0.123s] Level 1:colcon.colcon_core.package_discovery:discover_packages(ignore) discover
[0.123s] Level 1:colcon.colcon_core.package_discovery:discover_packages(ignore) using defaults
[0.123s] Level 1:colcon.colcon_core.package_discovery:discover_packages(path) discover
[0.123s] Level 1:colcon.colcon_core.package_discovery:discover_packages(path) using defaults
[0.143s] Level 1:colcon.colcon_core.package_discovery:discover_packages(prefix_path) check parameters
[0.143s] Level 1:colcon.colcon_core.package_discovery:discover_packages(prefix_path) discover
[0.144s] DEBUG:colcon.colcon_installed_package_information.package_discovery:Found 274 installed packages in /opt/ros/humble
[0.146s] Level 1:colcon.colcon_core.package_discovery:discover_packages(prefix_path) using defaults
[0.161s] Level 5:colcon.colcon_core.verb:set package 'control_framework_interfaces' build argument 'cmake_args' from command line to 'None'
[0.161s] Level 5:colcon.colcon_core.verb:set package 'control_framework_interfaces' build argument 'cmake_target' from command line to 'None'
[0.161s] Level 5:colcon.colcon_core.verb:set package 'control_framework_interfaces' build argument 'cmake_target_skip_unavailable' from command line to 'False'
[0.161s] Level 5:colcon.colcon_core.verb:set package 'control_framework_interfaces' build argument 'cmake_clean_cache' from command line to 'False'
[0.161s] Level 5:colcon.colcon_core.verb:set package 'control_framework_interfaces' build argument 'cmake_clean_first' from command line to 'False'
[0.161s] Level 5:colcon.colcon_core.verb:set package 'control_framework_interfaces' build argument 'cmake_force_configure' from command line to 'False'
[0.161s] Level 5:colcon.colcon_core.verb:set package 'control_framework_interfaces' build argument 'ament_cmake_args' from command line to 'None'
[0.161s] Level 5:colcon.colcon_core.verb:set package 'control_framework_interfaces' build argument 'catkin_cmake_args' from command line to 'None'
[0.161s] Level 5:colcon.colcon_core.verb:set package 'control_framework_interfaces' build argument 'catkin_skip_building_tests' from command line to 'False'
[0.161s] DEBUG:colcon.colcon_core.verb:Building package 'control_framework_interfaces' with the following arguments: {'ament_cmake_args': None, 'build_base': '/home/dakota/.local/repos/control_framework/build/control_framework_interfaces', 'catkin_cmake_args': None, 'catkin_skip_building_tests': False, 'cmake_args': None, 'cmake_clean_cache': False, 'cmake_clean_first': False, 'cmake_force_configure': False, 'cmake_target': None, 'cmake_target_skip_unavailable': False, 'install_base': '/home/dakota/.local/repos/control_framework/install/control_framework_interfaces', 'merge_install': False, 'path': '/home/dakota/.local/repos/control_framework/src/control_framework_interfaces', 'symlink_install': False, 'test_result_base': None}
[0.161s] Level 5:colcon.colcon_core.verb:set package 'lockstep_sim' build argument 'cmake_args' from command line to 'None'
[0.161s] Level 5:colcon.colcon_core.verb:set package 'lockstep_sim' build argument 'cmake_target' from command line to 'None'
[0.161s] Level 5:colcon.colcon_core.verb:set package 'lockstep_sim' build argument 'cmake_target_skip_unavailable' from command line to 'False'
[0.162s] Level 5:colcon.colcon_core.verb:set package 'lockstep_sim' build argument 'cmake_clean_cache' from command line to 'False'
[0.162s] Level 5:colcon.colcon_core.verb:set package 'lockstep_sim' build argument 'cmake_clean_first' from command line to 'False'
[0.162s] Level 5:colcon.colcon_core.verb:set package 'lockstep_sim' build argument 'cmake_force_configure' from command line to 'False'
[0.162s] Level 5:colcon.colcon_core.verb:set package 'lockstep_sim' build argument 'ament_cmake_args' from command line to 'None'
[0.162s] Level 5:colcon.colcon_core.verb:set package 'lockstep_sim' build argument 'catkin_cmake_args' from command line to 'None'
[0.162s] Level 5:colcon.colcon_core.verb:set package 'lockstep_sim' build argument 'catkin_skip_building_tests' from command line to 'False'
[0.162s] DEBUG:colcon.colcon_core.verb:Building package 'lockstep_sim' with the following arguments: {'ament_cmake_args': None, 'build_base': '/home/dakota/.local/repos/control_framework/build/lockstep_sim', 'catkin_cmake_args': None, 'catkin_skip_building_tests': False, 'cmake_args': None, 'cmake_clean_cache': False, 'cmake_clean_first': False, 'cmake_force_configure': False, 'cmake_target': None, 'cmake_target_skip_unavailable': False, 'install_base': '/home/dakota/.local/repos/control_framework/install/lockstep_sim', 'merge_install': False, 'path': '/home/dakota/.local/repos/control_framework/src/lockstep_sim', 'symlink_install': False, 'test_result_base': None}
[0.162s] INFO:colcon.colcon_core.executor:Executing jobs using 'parallel' executor
[0.162s] DEBUG:colcon.colcon_parallel_executor.executor.parallel:run_until_complete
[0.162s] INFO:colcon.colcon_ros.task.ament_cmake.build:Building ROS package in '/home/dakota/.local/repos/control_framework/src/control_framework_interfaces' with build type 'ament_cmake'
[0.162s] INFO:colcon.colcon_cmake.task.cmake.build:Building CMake package in '/home/dakota/.local/repos/control_framework/src/control_framework_interfaces'
[0.163s] INFO:colcon.colcon_core.plugin_system:Skipping extension 'colcon_core.shell.bat': Not used on non-Windows systems
[0.163s] INFO:colcon.colcon_core.shell:Skip shell extension 'powershell' for command environment: Not usable outside of PowerShell
[0.163s] DEBUG:colcon.colcon_core.shell:Skip shell extension 'dsv' for command environment
[0.168s] DEBUG:colcon.colcon_core.event_handler.log_command:Invoking command in '/home/dakota/.local/repos/control_framework/build/control_framework_interfaces': CMAKE_PREFIX_PATH=/opt/ros/humble /usr/bin/cmake --build /home/dakota/.local/repos/control_framework/build/control_framework_interfaces -- -j28 -l28
[0.330s] DEBUG:colcon.colcon_core.event_handler.log_command:Invoked command in '/home/dakota/.local/repos/control_framework/build/control_framework_interfaces' returned '0': CMAKE_PREFIX_PATH=/opt/ros/humble /usr/bin/cmake --build /home/dakota/.local/repos/control_framework/build/control_framework_interfaces -- -j28 -l28
[0.334s] DEBUG:colcon.colcon_core.event_handler.log_command:Invoking command in '/home/dakota/.local/repos/control_framework/build/control_framework_interfaces': CMAKE_PREFIX_PATH=/opt/ros/humble /usr/bin/cmake --install /home/dakota/.local/repos/control_framework/build/control_framework_interfaces
[0.361s] Level 1:colcon.colcon_core.environment:create_environment_scripts_only(control_framework_interfaces)
[0.361s] DEBUG:colcon.colcon_core.event_handler.log_command:Invoked command in '/home/dakota/.local/repos/control_framework/build/control_framework_interfaces' returned '0': CMAKE_PREFIX_PATH=/opt/ros/humble /usr/bin/cmake --install /home/dakota/.local/repos/control_framework/build/control_framework_interfaces
[0.362s] Level 1:colcon.colcon_core.environment:checking '/home/dakota/.local/repos/control_framework/install/control_framework_interfaces' for CMake module files
[0.363s] Level 1:colcon.colcon_core.environment:checking '/home/dakota/.local/repos/control_framework/install/control_framework_interfaces' for CMake config files
[0.363s] Level 1:colcon.colcon_core.shell:create_environment_hook('control_framework_interfaces', 'cmake_prefix_path')
[0.363s] INFO:colcon.colcon_core.shell:Creating environment hook '/home/dakota/.local/repos/control_framework/install/control_framework_interfaces/share/control_framework_interfaces/hook/cmake_prefix_path.ps1'
[0.363s] INFO:colcon.colcon_core.shell:Creating environment descriptor '/home/dakota/.local/repos/control_framework/install/control_framework_interfaces/share/control_framework_interfaces/hook/cmake_prefix_path.dsv'
[0.363s] INFO:colcon.colcon_core.shell:Creating environment hook '/home/dakota/.local/repos/control_framework/install/control_framework_interfaces/share/control_framework_interfaces/hook/cmake_prefix_path.sh'
[0.364s] Level 1:colcon.colcon_core.environment:checking '/home/dakota/.local/repos/control_framework/install/control_framework_interfaces/lib'
[0.364s] Level 1:colcon.colcon_core.shell:create_environment_hook('control_framework_interfaces', 'ld_library_path_lib')
[0.364s] INFO:colcon.colcon_core.shell:Creating environment hook '/home/dakota/.local/repos/control_framework/install/control_framework_interfaces/share/control_framework_interfaces/hook/ld_library_path_lib.ps1'
[0.364s] INFO:colcon.colcon_core.shell:Creating environment descriptor '/home/dakota/.local/repos/control_framework/install/control_framework_interfaces/share/control_framework_interfaces/hook/ld_library_path_lib.dsv'
[0.364s] INFO:colcon.colcon_core.shell:Creating environment hook '/home/dakota/.local/repos/control_framework/install/control_framework_interfaces/share/control_framework_interfaces/hook/ld_library_path_lib.sh'
[0.364s] Level 1:colcon.colcon_core.environment:checking '/home/dakota/.local/repos/control_framework/install/control_framework_interfaces/bin'
[0.364s] Level 1:colcon.colcon_core.environment:checking '/home/dakota/.local/repos/control_framework/install/control_framework_interfaces/lib/pkgconfig/control_framework_interfaces.pc'
[0.364s] Level 1:colcon.colcon_core.environment:checking '/home/dakota/.local/repos/control_framework/install/control_framework_interfaces/lib/python3.10/site-packages'
[0.365s] Level 1:colcon.colcon_core.environment:checking '/home/dakota/.local/repos/control_framework/install/control_framework_interfaces/bin'
[0.365s] INFO:colcon.colcon_core.shell:Creating package script '/home/dakota/.local/repos/control_framework/install/control_framework_interfaces/share/control_framework_interfaces/package.ps1'
[0.365s] INFO:colcon.colcon_core.shell:Creating package descriptor '/home/dakota/.local/repos/control_framework/install/control_framework_interfaces/share/control_framework_interfaces/package.dsv'
[0.365s] INFO:colcon.colcon_core.shell:Creating package script '/home/dakota/.local/repos/control_framework/install/control_framework_interfaces/share/control_framework_interfaces/package.sh'
[0.366s] INFO:colcon.colcon_core.shell:Creating package script '/home/dakota/.local/repos/control_framework/install/control_framework_interfaces/share/control_framework_interfaces/package.bash'
[0.366s] INFO:colcon.colcon_core.shell:Creating package script '/home/dakota/.local/repos/control_framework/install/control_framework_interfaces/share/control_framework_interfaces/package.zsh'
[0.366s] Level 1:colcon.colcon_core.environment:create_file_with_runtime_dependencies(/home/dakota/.local/repos/control_framework/install/control_framework_interfaces/share/colcon-core/packages/control_framework_interfaces)
[0.366s] Level 1:colcon.colcon_core.environment:create_environment_scripts_only(control_framework_interfaces)
[0.366s] Level 1:colcon.colcon_core.environment:checking '/home/dakota/.local/repos/control_framework/install/control_framework_interfaces' for CMake module files
[0.367s] Level 1:colcon.colcon_core.environment:checking '/home/dakota/.local/repos/control_framework/install/control_framework_interfaces' for CMake config files
[0.367s] Level 1:colcon.colcon_core.shell:create_environment_hook('control_framework_interfaces', 'cmake_prefix_path')
[0.367s] INFO:colcon.colcon_core.shell:Creating environment hook '/home/dakota/.local/repos/control_framework/install/control_framework_interfaces/share/control_framework_interfaces/hook/cmake_prefix_path.ps1'
[0.367s] INFO:colcon.colcon_core.shell:Creating environment descriptor '/home/dakota/.local/repos/control_framework/install/control_framework_interfaces/share/control_framework_interfaces/hook/cmake_prefix_path.dsv'
[0.367s] INFO:colcon.colcon_core.shell:Creating environment hook '/home/dakota/.local/repos/control_framework/install/control_framework_interfaces/share/control_framework_interfaces/hook/cmake_prefix_path.sh'
[0.368s] Level 1:colcon.colcon_core.environment:checking '/home/dakota/.local/repos/control_framework/install/control_framework_interfaces/lib'
[0.368s] Level 1:colcon.colcon_core.shell:create_environment_hook('control_framework_interfaces', 'ld_library_path_lib')
[0.368s] INFO:colcon.colcon_core.shell:Creating environment hook '/home/dakota/.local/repos/control_framework/install/control_framework_interfaces/share/control_framework_interfaces/hook/ld_library_path_lib.ps1'
[0.368s] INFO:colcon.colcon_core.shell:Creating environment descriptor '/home/dakota/.local/repos/control_framework/install/control_framework_interfaces/share/control_framework_interfaces/hook/ld_library_path_lib.dsv'
[0.368s] INFO:colcon.colcon_core.shell:Creating environment hook '/home/dakota/.local/repos/control_framework/install/control_framework_interfaces/share/control_framework_interfaces/hook/ld_library_path_lib.sh'
[0.368s] Level 1:colcon.colcon_core.environment:checking '/home/dakota/.local/repos/control_framework/install/control_framework_interfaces/bin'
[0.368s] Level 1:colcon.colcon_core.environment:checking '/home/dakota/.local/repos/control_framework/install/control_framework_interfaces/lib/pkgconfig/control_framework_interfaces.pc'
[0.368s] Level 1:colcon.colcon_core.environment:checking '/home/dakota/.local/repos/control_framework/install/control_framework_interfaces/lib/python3.10/site-packages'
[0.368s] Level 1:colcon.colcon_core.environment:checking '/home/dakota/.local/repos/control_framework/install/control_framework_interfaces/bin'
[0.369s] INFO:colcon.colcon_core.shell:Creating package script '/home/dakota/.local/repos/control_framework/install/control_framework_interfaces/share/control_framework_interfaces/package.ps1'
[0.369s] INFO:colcon.colcon_core.shell:Creating package descriptor '/home/dakota/.local/repos/control_framework/install/control_framework_interfaces/share/control_framework_interfaces/package.dsv'
[0.369s] INFO:colcon.colcon_core.shell:Creating package script '/home/dakota/.local/repos/control_framework/install/control_framework_interfaces/share/control_framework_interfaces/package.sh'
[0.369s] INFO:colcon.colcon_core.shell:Creating package script '/home/dakota/.local/repos/control_framework/install/control_framework_interfaces/share/control_framework_interfaces/package.bash'
[0.369s] INFO:colcon.colcon_core.shell:Creating package script '/home/dakota/.local/repos/control_framework/install/control_framework_interfaces/share/control_framework_interfaces/package.zsh'
[0.369s] Level 1:colcon.colcon_core.environment:create_file_with_runtime_dependencies(/home/dakota/.local/repos/control_framework/install/control_framework_interfaces/share/colcon-core/packages/control_framework_interfaces)
[0.370s] INFO:colcon.colcon_ros.task.ament_cmake.build:Building ROS package in '/home/dakota/.local/repos/control_framework/src/lockstep_sim' with build type 'ament_cmake'
[0.370s] INFO:colcon.colcon_cmake.task.cmake.build:Building CMake package in '/home/dakota/.local/repos/control_framework/src/lockstep_sim'
[0.370s] INFO:colcon.colcon_core.shell:Skip shell extension 'powershell' for command environment: Not usable outside of PowerShell
[0.370s] DEBUG:colcon.colcon_core.shell:Skip shell extension 'dsv' for command environment
[0.375s] DEBUG:colcon.colcon_core.event_handler.log_command:Invoking command in '/home/dakota/.local/repos/control_framework/build/lockstep_sim': AMENT_PREFIX_PATH=/home/dakota/.local/repos/control_framework/install/control_framework_interfaces:${AMENT_PREFIX_PATH} CMAKE_PREFIX_PATH=/home/dakota/.local/repos/control_framework/install/control_framework_interfaces:/opt/ros/humble LD_LIBRARY_PATH=/home/dakota/.local/repos/control_framework/install/control_framework_interfaces/lib:${LD_LIBRARY_PATH} PYTHONPATH=/home/dakota/.local/repos/control_framework/install/control_framework_interfaces/local/lib/python3.10/dist-packages:${PYTHONPATH} /usr/bin/cmake --build /home/dakota/.local/repos/control_framework/build/lockstep_sim -- -j28 -l28
[1.817s] DEBUG:colcon.colcon_core.event_handler.log_command:Invoked command in '/home/dakota/.local/repos/control_framework/build/lockstep_sim' returned '0': AMENT_PREFIX_PATH=/home/dakota/.local/repos/control_framework/install/control_framework_interfaces:${AMENT_PREFIX_PATH} CMAKE_PREFIX_PATH=/home/dakota/.local/repos/control_framework/install/control_framework_interfaces:/opt/ros/humble LD_LIBRARY_PATH=/home/dakota/.local/repos/control_framework/install/control_framework_interfaces/lib:${LD_LIBRARY_PATH} PYTHONPATH=/home/dakota/.local/repos/control_framework/install/control_framework_interfaces/local/lib/python3.10/dist-packages:${PYTHONPATH} /usr/bin/cmake --build /home/dakota/.local/repos/control_framework/build/lockstep_sim -- -j28 -l28
[1.818s] DEBUG:colcon.colcon_core.event_handler.log_command:Invoking command in '/home/dakota/.local/repos/control_framework/build/lockstep_sim': AMENT_PREFIX_PATH=/home/dakota/.local/repos/control_framework/install/control_framework_interfaces:${AMENT_PREFIX_PATH} CMAKE_PREFIX_PATH=/home/dakota/.local/repos/control_framework/install/control_framework_interfaces:/opt/ros/humble LD_LIBRARY_PATH=/home/dakota/.local/repos/control_framework/install/control_framework_interfaces/lib:${LD_LIBRARY_PATH} PYTHONPATH=/home/dakota/.local/repos/control_framework/install/control_framework_interfaces/local/lib/python3.10/dist-packages:${PYTHONPATH} /usr/bin/cmake --install /home/dakota/.local/repos/control_framework/build/lockstep_sim
[1.825s] Level 1:colcon.colcon_core.environment:create_environment_scripts_only(lockstep_sim)
[1.825s] DEBUG:colcon.colcon_core.event_handler.log_command:Invoked command in '/home/dakota/.local/repos/control_framework/build/lockstep_sim' returned '0': AMENT_PREFIX_PATH=/home/dakota/.local/repos/control_framework/install/control_framework_interfaces:${AMENT_PREFIX_PATH} CMAKE_PREFIX_PATH=/home/dakota/.local/repos/control_framework/install/control_framework_interfaces:/opt/ros/humble LD_LIBRARY_PATH=/home/dakota/.local/repos/control_framework/install/control_framework_interfaces/lib:${LD_LIBRARY_PATH} PYTHONPATH=/home/dakota/.local/repos/control_framework/install/control_framework_interfaces/local/lib/python3.10/dist-packages:${PYTHONPATH} /usr/bin/cmake --install /home/dakota/.local/repos/control_framework/build/lockstep_sim
[1.825s] Level 1:colcon.colcon_core.environment:checking '/home/dakota/.local/repos/control_framework/install/lockstep_sim' for CMake module files
[1.825s] Level 1:colcon.colcon_core.environment:checking '/home/dakota/.local/repos/control_framework/install/lockstep_sim' for CMake config files
[1.825s] Level 1:colcon.colcon_core.shell:create_environment_hook('lockstep_sim', 'cmake_prefix_path')
[1.826s] INFO:colcon.colcon_core.shell:Creating environment hook '/home/dakota/.local/repos/control_framework/install/lockstep_sim/share/lockstep_sim/hook/cmake_prefix_path.ps1'
[1.826s] INFO:colcon.colcon_core.shell:Creating environment descriptor '/home/dakota/.local/repos/control_framework/install/lockstep_sim/share/lockstep_sim/hook/cmake_prefix_path.dsv'
[1.826s] INFO:colcon.colcon_core.shell:Creating environment hook '/home/dakota/.local/repos/control_framework/install/lockstep_sim/share/lockstep_sim/hook/cmake_prefix_path.sh'
[1.826s] Level 1:colcon.colcon_core.environment:checking '/home/dakota/.local/repos/control_framework/install/lockstep_sim/lib'
[1.826s] Level 1:colcon.colcon_core.environment:checking '/home/dakota/.local/repos/control_framework/install/lockstep_sim/bin'
[1.826s] Level 1:colcon.colcon_core.environment:checking '/home/dakota/.local/repos/control_framework/install/lockstep_sim/lib/pkgconfig/lockstep_sim.pc'
[1.826s] Level 1:colcon.colcon_core.environment:checking '/home/dakota/.local/repos/control_framework/install/lockstep_sim/lib/python3.10/site-packages'
[1.827s] Level 1:colcon.colcon_core.environment:checking '/home/dakota/.local/repos/control_framework/install/lockstep_sim/bin'
[1.827s] INFO:colcon.colcon_core.shell:Creating package script '/home/dakota/.local/repos/control_framework/install/lockstep_sim/share/lockstep_sim/package.ps1'
[1.827s] INFO:colcon.colcon_core.shell:Creating package descriptor '/home/dakota/.local/repos/control_framework/install/lockstep_sim/share/lockstep_sim/package.dsv'
[1.827s] INFO:colcon.colcon_core.shell:Creating package script '/home/dakota/.local/repos/control_framework/install/lockstep_sim/share/lockstep_sim/package.sh'
[1.827s] INFO:colcon.colcon_core.shell:Creating package script '/home/dakota/.local/repos/control_framework/install/lockstep_sim/share/lockstep_sim/package.bash'
[1.827s] INFO:colcon.colcon_core.shell:Creating package script '/home/dakota/.local/repos/control_framework/install/lockstep_sim/share/lockstep_sim/package.zsh'
[1.827s] Level 1:colcon.colcon_core.environment:create_file_with_runtime_dependencies(/home/dakota/.local/repos/control_framework/install/lockstep_sim/share/colcon-core/packages/lockstep_sim)
[1.828s] Level 1:colcon.colcon_core.environment:create_environment_scripts_only(lockstep_sim)
[1.828s] Level 1:colcon.colcon_core.environment:checking '/home/dakota/.local/repos/control_framework/install/lockstep_sim' for CMake module files
[1.828s] Level 1:colcon.colcon_core.environment:checking '/home/dakota/.local/repos/control_framework/install/lockstep_sim' for CMake config files
[1.828s] Level 1:colcon.colcon_core.shell:create_environment_hook('lockstep_sim', 'cmake_prefix_path')
[1.828s] INFO:colcon.colcon_core.shell:Creating environment hook '/home/dakota/.local/repos/control_framework/install/lockstep_sim/share/lockstep_sim/hook/cmake_prefix_path.ps1'
[1.828s] INFO:colcon.colcon_core.shell:Creating environment descriptor '/home/dakota/.local/repos/control_framework/install/lockstep_sim/share/lockstep_sim/hook/cmake_prefix_path.dsv'
[1.828s] INFO:colcon.colcon_core.shell:Creating environment hook '/home/dakota/.local/repos/control_framework/install/lockstep_sim/share/lockstep_sim/hook/cmake_prefix_path.sh'
[1.829s] Level 1:colcon.colcon_core.environment:checking '/home/dakota/.local/repos/control_framework/install/lockstep_sim/lib'
[1.829s] Level 1:colcon.colcon_core.environment:checking '/home/dakota/.local/repos/control_framework/install/lockstep_sim/bin'
[1.829s] Level 1:colcon.colcon_core.environment:checking '/home/dakota/.local/repos/control_framework/install/lockstep_sim/lib/pkgconfig/lockstep_sim.pc'
[1.829s] Level 1:colcon.colcon_core.environment:checking '/home/dakota/.local/repos/control_framework/install/lockstep_sim/lib/python3.10/site-packages'
[1.829s] Level 1:colcon.colcon_core.environment:checking '/home/dakota/.local/repos/control_framework/install/lockstep_sim/bin'
[1.829s] INFO:colcon.colcon_core.shell:Creating package script '/home/dakota/.local/repos/control_framework/install/lockstep_sim/share/lockstep_sim/package.ps1'
[1.829s] INFO:colcon.colcon_core.shell:Creating package descriptor '/home/dakota/.local/repos/control_framework/install/lockstep_sim/share/lockstep_sim/package.dsv'
[1.829s] INFO:colcon.colcon_core.shell:Creating package script '/home/dakota/.local/repos/control_framework/install/lockstep_sim/share/lockstep_sim/package.sh'
[1.830s] INFO:colcon.colcon_core.shell:Creating package script '/home/dakota/.local/repos/control_framework/install/lockstep_sim/share/lockstep_sim/package.bash'
[1.830s] INFO:colcon.colcon_core.shell:Creating package script '/home/dakota/.local/repos/control_framework/install/lockstep_sim/share/lockstep_sim/package.zsh'
[1.830s] Level 1:colcon.colcon_core.environment:create_file_with_runtime_dependencies(/home/dakota/.local/repos/control_framework/install/lockstep_sim/share/colcon-core/packages/lockstep_sim)
[1.830s] DEBUG:colcon.colcon_parallel_executor.executor.parallel:closing loop
[1.830s] DEBUG:colcon.colcon_parallel_executor.executor.parallel:loop closed
[1.830s] DEBUG:colcon.colcon_parallel_executor.executor.parallel:run_until_complete finished with '0'
[1.830s] DEBUG:colcon.colcon_core.event_reactor:joining thread
[1.832s] INFO:colcon.colcon_core.plugin_system:Skipping extension 'colcon_notification.desktop_notification.terminal_notifier': Not used on non-Darwin systems
[1.832s] INFO:colcon.colcon_core.plugin_system:Skipping extension 'colcon_notification.desktop_notification.win32': Not used on non-Windows systems
[1.832s] INFO:colcon.colcon_notification.desktop_notification:Sending desktop notification using 'notify2'
[1.838s] DEBUG:colcon.colcon_core.event_reactor:joined thread
[1.838s] INFO:colcon.colcon_core.shell:Creating prefix script '/home/dakota/.local/repos/control_framework/install/local_setup.ps1'
[1.838s] INFO:colcon.colcon_core.shell:Creating prefix util module '/home/dakota/.local/repos/control_framework/install/_local_setup_util_ps1.py'
[1.839s] INFO:colcon.colcon_core.shell:Creating prefix chain script '/home/dakota/.local/repos/control_framework/install/setup.ps1'
[1.839s] INFO:colcon.colcon_core.shell:Creating prefix script '/home/dakota/.local/repos/control_framework/install/local_setup.sh'
[1.839s] INFO:colcon.colcon_core.shell:Creating prefix util module '/home/dakota/.local/repos/control_framework/install/_local_setup_util_sh.py'
[1.840s] INFO:colcon.colcon_core.shell:Creating prefix chain script '/home/dakota/.local/repos/control_framework/install/setup.sh'
[1.840s] INFO:colcon.colcon_core.shell:Creating prefix script '/home/dakota/.local/repos/control_framework/install/local_setup.bash'
[1.840s] INFO:colcon.colcon_core.shell:Creating prefix chain script '/home/dakota/.local/repos/control_framework/install/setup.bash'
[1.840s] INFO:colcon.colcon_core.shell:Creating prefix script '/home/dakota/.local/repos/control_framework/install/local_setup.zsh'
[1.841s] INFO:colcon.colcon_core.shell:Creating prefix chain script '/home/dakota/.local/repos/control_framework/install/setup.zsh'
