-- Found ament_cmake: 1.3.14 (/opt/ros/humble/share/ament_cmake/cmake)
-- Found ament_lint_auto: 0.12.15 (/opt/ros/humble/share/ament_lint_auto/cmake)
-- Added test 'cppcheck' to perform static code analysis on C / C++ code
-- Configured cppcheck include dirs: 
-- Configured cppcheck exclude dirs and/or files: 
-- Added test 'lint_cmake' to check CMake code style
-- Added test 'uncrustify' to check C / C++ code style
-- Configured uncrustify additional arguments: 
-- Added test 'xmllint' to check XML markup files
-- Configuring done
-- Generating done
-- Build files have been written to: /home/dakota/.local/repos/control_framework/build/controller
[35m[1mConsolidate compiler generated dependencies of target controller[0m
[100%] Built target controller
-- Install configuration: ""
-- Up-to-date: /home/dakota/.local/repos/control_framework/install/controller/include
-- Up-to-date: /home/dakota/.local/repos/control_framework/install/controller/include/controller
-- Up-to-date: /home/dakota/.local/repos/control_framework/install/controller/include/controller/controllers.hpp
-- Up-to-date: /home/dakota/.local/repos/control_framework/install/controller/include/controller/base_controller.hpp
-- Up-to-date: /home/dakota/.local/repos/control_framework/install/controller/share/controller/config
-- Up-to-date: /home/dakota/.local/repos/control_framework/install/controller/share/controller/config/cart_pole
-- Up-to-date: /home/dakota/.local/repos/control_framework/install/controller/share/controller/config/cart_pole/pid.yaml
-- Up-to-date: /home/dakota/.local/repos/control_framework/install/controller/share/controller/config/cart_pole/lqr.yaml
-- Up-to-date: /home/dakota/.local/repos/control_framework/install/controller/lib/libcontroller.a
-- Up-to-date: /home/dakota/.local/repos/control_framework/install/controller/share/controller/environment/library_path.sh
-- Installing: /home/dakota/.local/repos/control_framework/install/controller/share/controller/environment/library_path.dsv
-- Up-to-date: /home/dakota/.local/repos/control_framework/install/controller/share/ament_index/resource_index/package_run_dependencies/controller
-- Up-to-date: /home/dakota/.local/repos/control_framework/install/controller/share/ament_index/resource_index/parent_prefix_path/controller
-- Up-to-date: /home/dakota/.local/repos/control_framework/install/controller/share/controller/environment/ament_prefix_path.sh
-- Installing: /home/dakota/.local/repos/control_framework/install/controller/share/controller/environment/ament_prefix_path.dsv
-- Up-to-date: /home/dakota/.local/repos/control_framework/install/controller/share/controller/environment/path.sh
-- Installing: /home/dakota/.local/repos/control_framework/install/controller/share/controller/environment/path.dsv
-- Up-to-date: /home/dakota/.local/repos/control_framework/install/controller/share/controller/local_setup.bash
-- Up-to-date: /home/dakota/.local/repos/control_framework/install/controller/share/controller/local_setup.sh
-- Up-to-date: /home/dakota/.local/repos/control_framework/install/controller/share/controller/local_setup.zsh
-- Installing: /home/dakota/.local/repos/control_framework/install/controller/share/controller/local_setup.dsv
-- Installing: /home/dakota/.local/repos/control_framework/install/controller/share/controller/package.dsv
-- Up-to-date: /home/dakota/.local/repos/control_framework/install/controller/share/ament_index/resource_index/packages/controller
-- Old export file "/home/dakota/.local/repos/control_framework/install/controller/share/controller/cmake/controllerTargetsExport.cmake" will be replaced.  Removing files [/home/dakota/.local/repos/control_framework/install/controller/share/controller/cmake/controllerTargetsExport-noconfig.cmake].
-- Installing: /home/dakota/.local/repos/control_framework/install/controller/share/controller/cmake/controllerTargetsExport.cmake
-- Installing: /home/dakota/.local/repos/control_framework/install/controller/share/controller/cmake/controllerTargetsExport-noconfig.cmake
-- Up-to-date: /home/dakota/.local/repos/control_framework/install/controller/share/controller/cmake/ament_cmake_export_targets-extras.cmake
-- Up-to-date: /home/dakota/.local/repos/control_framework/install/controller/share/controller/cmake/controllerConfig.cmake
-- Up-to-date: /home/dakota/.local/repos/control_framework/install/controller/share/controller/cmake/controllerConfig-version.cmake
-- Up-to-date: /home/dakota/.local/repos/control_framework/install/controller/share/controller/package.xml
