[01m[K/home/dakota/.local/repos/control_framework/src/controller/src/controller_node.cpp:10:36:[m[K [01;31m[Kerror: [m[K‘[01m[KmjModel[m[K’ does not name a type
   10 | static void control_callback(const [01;31m[KmjModel[m[K* m, mjData* d)
      |                                    [01;31m[K^~~~~~~[m[K
[01m[K/home/dakota/.local/repos/control_framework/src/controller/src/controller_node.cpp:10:48:[m[K [01;31m[Kerror: [m[K‘[01m[KmjData[m[K’ has not been declared
   10 | static void control_callback(const mjModel* m, [01;31m[KmjData[m[K* d)
      |                                                [01;31m[K^~~~~~[m[K
[01m[K/home/dakota/.local/repos/control_framework/src/controller/src/controller_node.cpp:[m[K In function ‘[01m[Kvoid control_callback(const int*, int*)[m[K’:
[01m[K/home/dakota/.local/repos/control_framework/src/controller/src/controller_node.cpp:14:24:[m[K [01;31m[Kerror: [m[Krequest for member ‘[01m[Knq[m[K’ in ‘[01m[K* m[m[K’, which is of non-class type ‘[01m[Kconst int[m[K’
   14 |   for (int i=0; i < m->[01;31m[Knq[m[K; i++){
      |                        [01;31m[K^~[m[K
[01m[K/home/dakota/.local/repos/control_framework/src/controller/src/controller_node.cpp:15:24:[m[K [01;31m[Kerror: [m[Krequest for member ‘[01m[Kqpos[m[K’ in ‘[01m[K* d[m[K’, which is of non-class type ‘[01m[Kint[m[K’
   15 |     state.push_back(d->[01;31m[Kqpos[m[K[i]); //Controller derivation always needs the states in this order.
      |                        [01;31m[K^~~~[m[K
[01m[K/home/dakota/.local/repos/control_framework/src/controller/src/controller_node.cpp:16:24:[m[K [01;31m[Kerror: [m[Krequest for member ‘[01m[Kqvel[m[K’ in ‘[01m[K* d[m[K’, which is of non-class type ‘[01m[Kint[m[K’
   16 |     state.push_back(d->[01;31m[Kqvel[m[K[i]);
      |                        [01;31m[K^~~~[m[K
[01m[K/home/dakota/.local/repos/control_framework/src/controller/src/controller_node.cpp:21:34:[m[K [01;31m[Kerror: [m[Krequest for member ‘[01m[Knu[m[K’ in ‘[01m[K* m[m[K’, which is of non-class type ‘[01m[Kconst int[m[K’
   21 |   if (control_input.size() != m->[01;31m[Knu[m[K){
      |                                  [01;31m[K^~[m[K
[01m[K/home/dakota/.local/repos/control_framework/src/controller/src/controller_node.cpp:25:25:[m[K [01;31m[Kerror: [m[Krequest for member ‘[01m[Knu[m[K’ in ‘[01m[K* m[m[K’, which is of non-class type ‘[01m[Kconst int[m[K’
   25 |   for(int i = 0; i < m->[01;31m[Knu[m[K; i++){
      |                         [01;31m[K^~[m[K
[01m[K/home/dakota/.local/repos/control_framework/src/controller/src/controller_node.cpp:26:8:[m[K [01;31m[Kerror: [m[Krequest for member ‘[01m[Kctrl[m[K’ in ‘[01m[K* d[m[K’, which is of non-class type ‘[01m[Kint[m[K’
   26 |     d->[01;31m[Kctrl[m[K[i] = control_input[i];
      |        [01;31m[K^~~~[m[K
[01m[K/home/dakota/.local/repos/control_framework/src/controller/src/controller_node.cpp:[m[K In constructor ‘[01m[KControllerNode::ControllerNode()[m[K’:
[01m[K/home/dakota/.local/repos/control_framework/src/controller/src/controller_node.cpp:54:5:[m[K [01;31m[Kerror: [m[K‘[01m[Kswap_controllers_service[m[K’ was not declared in this scope
   54 |     [01;31m[Kswap_controllers_service[m[K = this->create_service<control_framework_interfaces::srv::ControllerSelect>("controller_select", std::bind(&ControllerNode::controller_select, this, _1, _2));
      |     [01;31m[K^~~~~~~~~~~~~~~~~~~~~~~~[m[K
[01m[K/home/dakota/.local/repos/control_framework/src/controller/src/controller_node.cpp:[m[K At global scope:
[01m[K/home/dakota/.local/repos/control_framework/src/controller/src/controller_node.cpp:10:13:[m[K [01;35m[Kwarning: [m[K‘[01m[Kvoid control_callback(const int*, int*)[m[K’ defined but not used [[01;35m[K]8;;https://gcc.gnu.org/onlinedocs/gcc/Warning-Options.html#index-Wunused-function-Wunused-function]8;;[m[K]
   10 | static void [01;35m[Kcontrol_callback[m[K(const mjModel* m, mjData* d)
      |             [01;35m[K^~~~~~~~~~~~~~~~[m[K
gmake[2]: *** [CMakeFiles/controller_node.dir/build.make:90: CMakeFiles/controller_node.dir/src/controller_node.cpp.o] Error 1
gmake[1]: *** [CMakeFiles/Makefile2:165: CMakeFiles/controller_node.dir/all] Error 2
gmake: *** [Makefile:146: all] Error 2
