[0.005s] Invoking command in '/home/dakota/.local/repos/control_framework/build/services': CMAKE_PREFIX_PATH=${CMAKE_PREFIX_PATH}:/opt/ros/humble /usr/bin/cmake --build /home/dakota/.local/repos/control_framework/build/services -- -j28 -l28
[0.018s] -- Found ament_cmake: 1.3.14 (/opt/ros/humble/share/ament_cmake/cmake)
[0.083s] -- Found rclcpp: 16.0.19 (/opt/ros/humble/share/rclcpp/cmake)
[0.096s] -- Found rosidl_generator_c: 3.1.8 (/opt/ros/humble/share/rosidl_generator_c/cmake)
[0.097s] -- Found rosidl_adapter: 3.1.8 (/opt/ros/humble/share/rosidl_adapter/cmake)
[0.100s] -- Found rosidl_generator_cpp: 3.1.8 (/opt/ros/humble/share/rosidl_generator_cpp/cmake)
[0.104s] -- Using all available rosidl_typesupport_c: rosidl_typesupport_fastrtps_c;rosidl_typesupport_introspection_c
[0.110s] -- Using all available rosidl_typesupport_cpp: rosidl_typesupport_fastrtps_cpp;rosidl_typesupport_introspection_cpp
[0.124s] -- Found rmw_implementation_cmake: 6.1.2 (/opt/ros/humble/share/rmw_implementation_cmake/cmake)
[0.125s] -- Found rmw_fastrtps_cpp: 6.2.10 (/opt/ros/humble/share/rmw_fastrtps_cpp/cmake)
[0.181s] -- Using RMW implementation 'rmw_fastrtps_cpp' as default
[0.211s] -- Found std_srvs: 4.9.1 (/opt/ros/humble/share/std_srvs/cmake)
[0.216s] -- Found ament_lint_auto: 0.12.15 (/opt/ros/humble/share/ament_lint_auto/cmake)
[0.251s] -- Added test 'cppcheck' to perform static code analysis on C / C++ code
[0.251s] -- Configured cppcheck include dirs: 
[0.251s] -- Configured cppcheck exclude dirs and/or files: 
[0.251s] -- Added test 'lint_cmake' to check CMake code style
[0.252s] -- Added test 'uncrustify' to check C / C++ code style
[0.252s] -- Configured uncrustify additional arguments: 
[0.252s] -- Added test 'xmllint' to check XML markup files
[0.253s] -- Configuring done
[0.257s] -- Generating done
[0.259s] -- Build files have been written to: /home/dakota/.local/repos/control_framework/build/services
[0.280s] [ 50%] [32mBuilding CXX object CMakeFiles/service_server.dir/src/services.cpp.o[0m
[1.232s] [01m[K/home/dakota/.local/repos/control_framework/src/services/src/services.cpp:[m[K In function ‘[01m[Kvoid reset_to_initial_position(std::shared_ptr<std_srvs::srv::Trigger_Request_<std::allocator<void> > >, std::shared_ptr<std_srvs::srv::Trigger_Response_<std::allocator<void> > >)[m[K’:
[1.232s] [01m[K/home/dakota/.local/repos/control_framework/src/services/src/services.cpp:6:87:[m[K [01;35m[Kwarning: [m[Kunused parameter ‘[01m[Krequest[m[K’ [[01;35m[K]8;;https://gcc.gnu.org/onlinedocs/gcc/Warning-Options.html#index-Wunused-parameter-Wunused-parameter]8;;[m[K]
[1.232s]     6 | osition([01;35m[Kconst std::shared_ptr<std_srvs::srv::Trigger::Request> request[m[K,
[1.232s]       |         [01;35m[K~~~~~~~~~~~~~~~~~~~~~~~~~~~~~~~~~~~~~~~~~~~~~~~~~~~~~~~^~~~~~~[m[K
[1.232s] 
[1.674s] [100%] [32m[1mLinking CXX executable service_server[0m
[1.742s] [100%] Built target service_server
[1.749s] Invoked command in '/home/dakota/.local/repos/control_framework/build/services' returned '0': CMAKE_PREFIX_PATH=${CMAKE_PREFIX_PATH}:/opt/ros/humble /usr/bin/cmake --build /home/dakota/.local/repos/control_framework/build/services -- -j28 -l28
[1.750s] Invoking command in '/home/dakota/.local/repos/control_framework/build/services': CMAKE_PREFIX_PATH=${CMAKE_PREFIX_PATH}:/opt/ros/humble /usr/bin/cmake --install /home/dakota/.local/repos/control_framework/build/services
[1.755s] -- Install configuration: ""
[1.755s] -- Installing: /home/dakota/.local/repos/control_framework/install/services/lib/services/service_server
[1.756s] -- Set runtime path of "/home/dakota/.local/repos/control_framework/install/services/lib/services/service_server" to ""
[1.756s] -- Up-to-date: /home/dakota/.local/repos/control_framework/install/services/share/ament_index/resource_index/package_run_dependencies/services
[1.756s] -- Up-to-date: /home/dakota/.local/repos/control_framework/install/services/share/ament_index/resource_index/parent_prefix_path/services
[1.756s] -- Up-to-date: /home/dakota/.local/repos/control_framework/install/services/share/services/environment/ament_prefix_path.sh
[1.756s] -- Installing: /home/dakota/.local/repos/control_framework/install/services/share/services/environment/ament_prefix_path.dsv
[1.756s] -- Up-to-date: /home/dakota/.local/repos/control_framework/install/services/share/services/environment/path.sh
[1.756s] -- Installing: /home/dakota/.local/repos/control_framework/install/services/share/services/environment/path.dsv
[1.756s] -- Up-to-date: /home/dakota/.local/repos/control_framework/install/services/share/services/local_setup.bash
[1.756s] -- Up-to-date: /home/dakota/.local/repos/control_framework/install/services/share/services/local_setup.sh
[1.756s] -- Up-to-date: /home/dakota/.local/repos/control_framework/install/services/share/services/local_setup.zsh
[1.756s] -- Installing: /home/dakota/.local/repos/control_framework/install/services/share/services/local_setup.dsv
[1.756s] -- Installing: /home/dakota/.local/repos/control_framework/install/services/share/services/package.dsv
[1.756s] -- Up-to-date: /home/dakota/.local/repos/control_framework/install/services/share/ament_index/resource_index/packages/services
[1.757s] -- Up-to-date: /home/dakota/.local/repos/control_framework/install/services/share/services/cmake/servicesConfig.cmake
[1.757s] -- Up-to-date: /home/dakota/.local/repos/control_framework/install/services/share/services/cmake/servicesConfig-version.cmake
[1.757s] -- Up-to-date: /home/dakota/.local/repos/control_framework/install/services/share/services/package.xml
[1.757s] Invoked command in '/home/dakota/.local/repos/control_framework/build/services' returned '0': CMAKE_PREFIX_PATH=${CMAKE_PREFIX_PATH}:/opt/ros/humble /usr/bin/cmake --install /home/dakota/.local/repos/control_framework/build/services
