[0.005s] Invoking command in '/home/dakota/.local/repos/control_framework/build/excel_record_logging': CMAKE_PREFIX_PATH=/home/dakota/.local/repos/control_framework/install/control_framework_interfaces:/home/dakota/.local/repos/control_framework/install/lockstep_sim:/home/dakota/.local/repos/control_framework/install/excel_record_logging:/home/dakota/.local/repos/control_framework/install/controller:/opt/ros/humble LD_LIBRARY_PATH=/home/dakota/.local/repos/control_framework/install/control_framework_interfaces/lib:/home/dakota/.local/repos/control_framework/install/controller/lib:/opt/ros/humble/opt/rviz_ogre_vendor/lib:/opt/ros/humble/lib/x86_64-linux-gnu:/opt/ros/humble/lib /usr/bin/cmake --build /home/dakota/.local/repos/control_framework/build/excel_record_logging -- -j28 -l28
[0.033s] [35m[1mConsolidate compiler generated dependencies of target excel_record_logging[0m
[0.042s] [ 33%] [32mBuilding CXX object CMakeFiles/excel_record_logging.dir/src/main.cpp.o[0m
[0.044s] [ 66%] [32mBuilding CXX object CMakeFiles/excel_record_logging.dir/src/excel_record_logging.cpp.o[0m
[1.160s] [01m[K/home/dakota/.local/repos/control_framework/src/excel_record_logging/src/excel_record_logging.cpp:[m[K In member function ‘[01m[Kvoid ExcelRecordLogging::control_input_callback(const ControlInput&)[m[K’:
[1.160s] [01m[K/home/dakota/.local/repos/control_framework/src/excel_record_logging/src/excel_record_logging.cpp:34:105:[m[K [01;35m[Kwarning: [m[Kunused parameter ‘[01m[Kcontrol_input[m[K’ [[01;35m[K]8;;https://gcc.gnu.org/onlinedocs/gcc/Warning-Options.html#index-Wunused-parameter-Wunused-parameter]8;;[m[K]
[1.160s]    34 | void ExcelRecordLogging::control_input_callback([01;35m[Kconst control_framework_interfaces::msg::ControlInput & control_input[m[K)
[1.160s]       |                                                 [01;35m[K~~~~~~~~~~~~~~~~~~~~~~~~~~~~~~~~~~~~~~~~~~~~~~~~~~~~~~~~^~~~~~~~~~~~~[m[K
[6.370s] [100%] [32m[1mLinking CXX executable excel_record_logging[0m
[6.705s] [100%] Built target excel_record_logging
[6.711s] Invoked command in '/home/dakota/.local/repos/control_framework/build/excel_record_logging' returned '0': CMAKE_PREFIX_PATH=/home/dakota/.local/repos/control_framework/install/control_framework_interfaces:/home/dakota/.local/repos/control_framework/install/lockstep_sim:/home/dakota/.local/repos/control_framework/install/excel_record_logging:/home/dakota/.local/repos/control_framework/install/controller:/opt/ros/humble LD_LIBRARY_PATH=/home/dakota/.local/repos/control_framework/install/control_framework_interfaces/lib:/home/dakota/.local/repos/control_framework/install/controller/lib:/opt/ros/humble/opt/rviz_ogre_vendor/lib:/opt/ros/humble/lib/x86_64-linux-gnu:/opt/ros/humble/lib /usr/bin/cmake --build /home/dakota/.local/repos/control_framework/build/excel_record_logging -- -j28 -l28
[6.713s] Invoking command in '/home/dakota/.local/repos/control_framework/build/excel_record_logging': CMAKE_PREFIX_PATH=/home/dakota/.local/repos/control_framework/install/control_framework_interfaces:/home/dakota/.local/repos/control_framework/install/lockstep_sim:/home/dakota/.local/repos/control_framework/install/excel_record_logging:/home/dakota/.local/repos/control_framework/install/controller:/opt/ros/humble LD_LIBRARY_PATH=/home/dakota/.local/repos/control_framework/install/control_framework_interfaces/lib:/home/dakota/.local/repos/control_framework/install/controller/lib:/opt/ros/humble/opt/rviz_ogre_vendor/lib:/opt/ros/humble/lib/x86_64-linux-gnu:/opt/ros/humble/lib /usr/bin/cmake --install /home/dakota/.local/repos/control_framework/build/excel_record_logging
[6.717s] -- Install configuration: ""
[6.717s] -- Installing: /home/dakota/.local/repos/control_framework/install/excel_record_logging/lib/excel_record_logging/excel_record_logging
[6.722s] -- Set runtime path of "/home/dakota/.local/repos/control_framework/install/excel_record_logging/lib/excel_record_logging/excel_record_logging" to ""
[6.722s] -- Up-to-date: /home/dakota/.local/repos/control_framework/install/excel_record_logging/share/ament_index/resource_index/package_run_dependencies/excel_record_logging
[6.722s] -- Up-to-date: /home/dakota/.local/repos/control_framework/install/excel_record_logging/share/ament_index/resource_index/parent_prefix_path/excel_record_logging
[6.722s] -- Up-to-date: /home/dakota/.local/repos/control_framework/install/excel_record_logging/share/excel_record_logging/environment/ament_prefix_path.sh
[6.722s] -- Up-to-date: /home/dakota/.local/repos/control_framework/install/excel_record_logging/share/excel_record_logging/environment/ament_prefix_path.dsv
[6.722s] -- Up-to-date: /home/dakota/.local/repos/control_framework/install/excel_record_logging/share/excel_record_logging/environment/path.sh
[6.722s] -- Up-to-date: /home/dakota/.local/repos/control_framework/install/excel_record_logging/share/excel_record_logging/environment/path.dsv
[6.722s] -- Up-to-date: /home/dakota/.local/repos/control_framework/install/excel_record_logging/share/excel_record_logging/local_setup.bash
[6.722s] -- Up-to-date: /home/dakota/.local/repos/control_framework/install/excel_record_logging/share/excel_record_logging/local_setup.sh
[6.722s] -- Up-to-date: /home/dakota/.local/repos/control_framework/install/excel_record_logging/share/excel_record_logging/local_setup.zsh
[6.722s] -- Up-to-date: /home/dakota/.local/repos/control_framework/install/excel_record_logging/share/excel_record_logging/local_setup.dsv
[6.722s] -- Installing: /home/dakota/.local/repos/control_framework/install/excel_record_logging/share/excel_record_logging/package.dsv
[6.722s] -- Up-to-date: /home/dakota/.local/repos/control_framework/install/excel_record_logging/share/ament_index/resource_index/packages/excel_record_logging
[6.723s] -- Up-to-date: /home/dakota/.local/repos/control_framework/install/excel_record_logging/share/excel_record_logging/cmake/excel_record_loggingConfig.cmake
[6.723s] -- Up-to-date: /home/dakota/.local/repos/control_framework/install/excel_record_logging/share/excel_record_logging/cmake/excel_record_loggingConfig-version.cmake
[6.723s] -- Up-to-date: /home/dakota/.local/repos/control_framework/install/excel_record_logging/share/excel_record_logging/package.xml
[6.723s] Invoked command in '/home/dakota/.local/repos/control_framework/build/excel_record_logging' returned '0': CMAKE_PREFIX_PATH=/home/dakota/.local/repos/control_framework/install/control_framework_interfaces:/home/dakota/.local/repos/control_framework/install/lockstep_sim:/home/dakota/.local/repos/control_framework/install/excel_record_logging:/home/dakota/.local/repos/control_framework/install/controller:/opt/ros/humble LD_LIBRARY_PATH=/home/dakota/.local/repos/control_framework/install/control_framework_interfaces/lib:/home/dakota/.local/repos/control_framework/install/controller/lib:/opt/ros/humble/opt/rviz_ogre_vendor/lib:/opt/ros/humble/lib/x86_64-linux-gnu:/opt/ros/humble/lib /usr/bin/cmake --install /home/dakota/.local/repos/control_framework/build/excel_record_logging
