-- The C compiler identification is GNU 11.4.0
-- The CXX compiler identification is GNU 11.4.0
-- Detecting C compiler ABI info
-- Detecting C compiler ABI info - done
-- Check for working C compiler: /usr/bin/cc - skipped
-- Detecting C compile features
-- Detecting C compile features - done
-- Detecting CXX compiler ABI info
-- Detecting CXX compiler ABI info - done
-- Check for working CXX compiler: /usr/bin/c++ - skipped
-- Detecting CXX compile features
-- Detecting CXX compile features - done
-- Found ament_cmake: 1.3.14 (/opt/ros/humble/share/ament_cmake/cmake)
-- Found Python3: /usr/bin/python3 (found version "3.10.12") found components: Interpreter 
-- Found ament_lint_auto: 0.12.15 (/opt/ros/humble/share/ament_lint_auto/cmake)
-- Added test 'cppcheck' to perform static code analysis on C / C++ code
-- Configured cppcheck include dirs: 
-- Configured cppcheck exclude dirs and/or files: 
-- Added test 'lint_cmake' to check CMake code style
-- Added test 'uncrustify' to check C / C++ code style
-- Configured uncrustify additional arguments: 
-- Added test 'xmllint' to check XML markup files
-- Configuring done
-- Generating done
-- Build files have been written to: /home/dakota/.local/repos/control_framework/build/controller
[ 33%] [32mBuilding CXX object CMakeFiles/controller.dir/src/base_controller.cpp.o[0m
[ 66%] [32mBuilding CXX object CMakeFiles/controller.dir/src/controllers.cpp.o[0m
[100%] [32m[1mLinking CXX static library libcontroller.a[0m
[100%] Built target controller
-- Install configuration: ""
-- Installing: /home/dakota/.local/repos/control_framework/install/controller/include
-- Installing: /home/dakota/.local/repos/control_framework/install/controller/include/controller
-- Installing: /home/dakota/.local/repos/control_framework/install/controller/include/controller/controllers.hpp
-- Installing: /home/dakota/.local/repos/control_framework/install/controller/include/controller/base_controller.hpp
-- Installing: /home/dakota/.local/repos/control_framework/install/controller/share/controller/config
-- Installing: /home/dakota/.local/repos/control_framework/install/controller/share/controller/config/cart_pole
-- Installing: /home/dakota/.local/repos/control_framework/install/controller/share/controller/config/cart_pole/pid.yaml
-- Installing: /home/dakota/.local/repos/control_framework/install/controller/share/controller/config/cart_pole/lqr.yaml
-- Installing: /home/dakota/.local/repos/control_framework/install/controller/lib/libcontroller.a
-- Installing: /home/dakota/.local/repos/control_framework/install/controller/share/controller/environment/library_path.sh
-- Installing: /home/dakota/.local/repos/control_framework/install/controller/share/controller/environment/library_path.dsv
-- Installing: /home/dakota/.local/repos/control_framework/install/controller/share/ament_index/resource_index/package_run_dependencies/controller
-- Installing: /home/dakota/.local/repos/control_framework/install/controller/share/ament_index/resource_index/parent_prefix_path/controller
-- Installing: /home/dakota/.local/repos/control_framework/install/controller/share/controller/environment/ament_prefix_path.sh
-- Installing: /home/dakota/.local/repos/control_framework/install/controller/share/controller/environment/ament_prefix_path.dsv
-- Installing: /home/dakota/.local/repos/control_framework/install/controller/share/controller/environment/path.sh
-- Installing: /home/dakota/.local/repos/control_framework/install/controller/share/controller/environment/path.dsv
-- Installing: /home/dakota/.local/repos/control_framework/install/controller/share/controller/local_setup.bash
-- Installing: /home/dakota/.local/repos/control_framework/install/controller/share/controller/local_setup.sh
-- Installing: /home/dakota/.local/repos/control_framework/install/controller/share/controller/local_setup.zsh
-- Installing: /home/dakota/.local/repos/control_framework/install/controller/share/controller/local_setup.dsv
-- Installing: /home/dakota/.local/repos/control_framework/install/controller/share/controller/package.dsv
-- Installing: /home/dakota/.local/repos/control_framework/install/controller/share/ament_index/resource_index/packages/controller
-- Installing: /home/dakota/.local/repos/control_framework/install/controller/share/controller/cmake/controllerTargetsExport.cmake
-- Installing: /home/dakota/.local/repos/control_framework/install/controller/share/controller/cmake/controllerTargetsExport-noconfig.cmake
-- Installing: /home/dakota/.local/repos/control_framework/install/controller/share/controller/cmake/ament_cmake_export_targets-extras.cmake
-- Installing: /home/dakota/.local/repos/control_framework/install/controller/share/controller/cmake/controllerConfig.cmake
-- Installing: /home/dakota/.local/repos/control_framework/install/controller/share/controller/cmake/controllerConfig-version.cmake
-- Installing: /home/dakota/.local/repos/control_framework/install/controller/share/controller/package.xml
