-- Found ament_cmake: 1.3.14 (/opt/ros/humble/share/ament_cmake/cmake)
-- Found rclcpp: 16.0.19 (/opt/ros/humble/share/rclcpp/cmake)
-- Found rosidl_generator_c: 3.1.8 (/opt/ros/humble/share/rosidl_generator_c/cmake)
-- Found rosidl_adapter: 3.1.8 (/opt/ros/humble/share/rosidl_adapter/cmake)
-- Found rosidl_generator_cpp: 3.1.8 (/opt/ros/humble/share/rosidl_generator_cpp/cmake)
-- Using all available rosidl_typesupport_c: rosidl_typesupport_fastrtps_c;rosidl_typesupport_introspection_c
-- Using all available rosidl_typesupport_cpp: rosidl_typesupport_fastrtps_cpp;rosidl_typesupport_introspection_cpp
-- Found rmw_implementation_cmake: 6.1.2 (/opt/ros/humble/share/rmw_implementation_cmake/cmake)
-- Found rmw_fastrtps_cpp: 6.2.10 (/opt/ros/humble/share/rmw_fastrtps_cpp/cmake)
-- Using RMW implementation 'rmw_fastrtps_cpp' as default
-- Found sensor_msgs: 4.9.1 (/opt/ros/humble/share/sensor_msgs/cmake)
-- Found control_framework_interfaces: 0.0.0 (/home/dakota/.local/repos/control_framework/install/control_framework_interfaces/share/control_framework_interfaces/cmake)
-- Found std_srvs: 4.9.1 (/opt/ros/humble/share/std_srvs/cmake)
-- Found controller: 0.0.0 (/home/dakota/.local/repos/control_framework/install/controller/share/controller/cmake)
-- Found ament_lint_auto: 0.12.15 (/opt/ros/humble/share/ament_lint_auto/cmake)
-- Added test 'cppcheck' to perform static code analysis on C / C++ code
-- Configured cppcheck include dirs: 
-- Configured cppcheck exclude dirs and/or files: 
-- Added test 'lint_cmake' to check CMake code style
-- Added test 'uncrustify' to check C / C++ code style
-- Configured uncrustify additional arguments: 
-- Added test 'xmllint' to check XML markup files
-- Configuring done
-- Generating done
-- Build files have been written to: /home/dakota/.local/repos/control_framework/build/lockstep_sim
Consolidate compiler generated dependencies of target lockstep_sim
[ 50%] Building CXX object CMakeFiles/lockstep_sim.dir/src/lockstep_sim.cpp.o
[ 50%] Building CXX object CMakeFiles/lockstep_sim.dir/src/main.cpp.o
[ 75%] Building CXX object CMakeFiles/lockstep_sim.dir/src/render.cpp.o
/home/dakota/.local/repos/control_framework/src/lockstep_sim/src/render.cpp: In function ‘void render::keyboard(GLFWwindow*, int, int, int, int)’:
/home/dakota/.local/repos/control_framework/src/lockstep_sim/src/render.cpp:76:31: warning: unused parameter ‘window’ [-Wunused-parameter]
   76 |     void keyboard(GLFWwindow* window, int key, int scancode, int act, int mods)
      |                   ~~~~~~~~~~~~^~~~~~
/home/dakota/.local/repos/control_framework/src/lockstep_sim/src/render.cpp:76:52: warning: unused parameter ‘scancode’ [-Wunused-parameter]
   76 |     void keyboard(GLFWwindow* window, int key, int scancode, int act, int mods)
      |                                                ~~~~^~~~~~~~
/home/dakota/.local/repos/control_framework/src/lockstep_sim/src/render.cpp:76:75: warning: unused parameter ‘mods’ [-Wunused-parameter]
   76 |     void keyboard(GLFWwindow* window, int key, int scancode, int act, int mods)
      |                                                                       ~~~~^~~~
/home/dakota/.local/repos/control_framework/src/lockstep_sim/src/render.cpp: In function ‘void render::mouse_button(GLFWwindow*, int, int, int)’:
/home/dakota/.local/repos/control_framework/src/lockstep_sim/src/render.cpp:94:47: warning: unused parameter ‘button’ [-Wunused-parameter]
   94 |     void mouse_button(GLFWwindow* window, int button, int act, int mods) {
      |                                           ~~~~^~~~~~
/home/dakota/.local/repos/control_framework/src/lockstep_sim/src/render.cpp:94:59: warning: unused parameter ‘act’ [-Wunused-parameter]
   94 |     void mouse_button(GLFWwindow* window, int button, int act, int mods) {
      |                                                       ~~~~^~~
/home/dakota/.local/repos/control_framework/src/lockstep_sim/src/render.cpp:94:68: warning: unused parameter ‘mods’ [-Wunused-parameter]
   94 |     void mouse_button(GLFWwindow* window, int button, int act, int mods) {
      |                                                                ~~~~^~~~
/home/dakota/.local/repos/control_framework/src/lockstep_sim/src/render.cpp: In function ‘void render::scroll(GLFWwindow*, double, double)’:
/home/dakota/.local/repos/control_framework/src/lockstep_sim/src/render.cpp:142:29: warning: unused parameter ‘window’ [-Wunused-parameter]
  142 |     void scroll(GLFWwindow* window, double xoffset, double yoffset) {
      |                 ~~~~~~~~~~~~^~~~~~
/home/dakota/.local/repos/control_framework/src/lockstep_sim/src/render.cpp:142:44: warning: unused parameter ‘xoffset’ [-Wunused-parameter]
  142 |     void scroll(GLFWwindow* window, double xoffset, double yoffset) {
      |                                     ~~~~~~~^~~~~~~
In file included from /opt/ros/humble/include/rclcpp/rclcpp/logging.hpp:24,
                 from /opt/ros/humble/include/rclcpp/rclcpp/client.hpp:40,
                 from /opt/ros/humble/include/rclcpp/rclcpp/callback_group.hpp:24,
                 from /opt/ros/humble/include/rclcpp/rclcpp/any_executable.hpp:20,
                 from /opt/ros/humble/include/rclcpp/rclcpp/memory_strategy.hpp:25,
                 from /opt/ros/humble/include/rclcpp/rclcpp/memory_strategies.hpp:18,
                 from /opt/ros/humble/include/rclcpp/rclcpp/executor_options.hpp:20,
                 from /opt/ros/humble/include/rclcpp/rclcpp/executor.hpp:37,
                 from /opt/ros/humble/include/rclcpp/rclcpp/executors/multi_threaded_executor.hpp:25,
                 from /opt/ros/humble/include/rclcpp/rclcpp/executors.hpp:21,
                 from /opt/ros/humble/include/rclcpp/rclcpp/rclcpp.hpp:155,
                 from /home/dakota/.local/repos/control_framework/src/lockstep_sim/src/../include/lockstep_sim/lockstep_sim.hpp:12,
                 from /home/dakota/.local/repos/control_framework/src/lockstep_sim/src/lockstep_sim.cpp:3:
/home/dakota/.local/repos/control_framework/src/lockstep_sim/src/lockstep_sim.cpp: In member function ‘void LockStepSim::sim_callback()’:
/home/dakota/.local/repos/control_framework/src/lockstep_sim/src/lockstep_sim.cpp:104:11: warning: format ‘%s’ expects a matching ‘char*’ argument [-Wformat=]
  104 |           "End of Recording, Pausing sim_step callback to extract csv data: %s"
      |           ^~~~~~~~~~~~~~~~~~~~~~~~~~~~~~~~~~~~~~~~~~~~~~~~~~~~~~~~~~~~~~~~~~~~~
/home/dakota/.local/repos/control_framework/src/lockstep_sim/src/lockstep_sim.cpp:104:78: note: format string is defined here
  104 |           "End of Recording, Pausing sim_step callback to extract csv data: %s"
      |                                                                             ~^
      |                                                                              |
      |                                                                              char*
In file included from /opt/ros/humble/include/rclcpp/rclcpp/logging.hpp:24,
                 from /opt/ros/humble/include/rclcpp/rclcpp/client.hpp:40,
                 from /opt/ros/humble/include/rclcpp/rclcpp/callback_group.hpp:24,
                 from /opt/ros/humble/include/rclcpp/rclcpp/any_executable.hpp:20,
                 from /opt/ros/humble/include/rclcpp/rclcpp/memory_strategy.hpp:25,
                 from /opt/ros/humble/include/rclcpp/rclcpp/memory_strategies.hpp:18,
                 from /opt/ros/humble/include/rclcpp/rclcpp/executor_options.hpp:20,
                 from /opt/ros/humble/include/rclcpp/rclcpp/executor.hpp:37,
                 from /opt/ros/humble/include/rclcpp/rclcpp/executors/multi_threaded_executor.hpp:25,
                 from /opt/ros/humble/include/rclcpp/rclcpp/executors.hpp:21,
                 from /opt/ros/humble/include/rclcpp/rclcpp/rclcpp.hpp:155,
                 from /home/dakota/.local/repos/control_framework/src/lockstep_sim/src/../include/lockstep_sim/lockstep_sim.hpp:12,
                 from /home/dakota/.local/repos/control_framework/src/lockstep_sim/src/lockstep_sim.cpp:3:
/home/dakota/.local/repos/control_framework/src/lockstep_sim/src/lockstep_sim.cpp:114:11: warning: format ‘%s’ expects a matching ‘char*’ argument [-Wformat=]
  114 |           "End of Sim Pause for Recording, resuming sim_stepping: %s"
      |           ^~~~~~~~~~~~~~~~~~~~~~~~~~~~~~~~~~~~~~~~~~~~~~~~~~~~~~~~~~~
/home/dakota/.local/repos/control_framework/src/lockstep_sim/src/lockstep_sim.cpp:114:68: note: format string is defined here
  114 |           "End of Sim Pause for Recording, resuming sim_stepping: %s"
      |                                                                   ~^
      |                                                                    |
      |                                                                    char*
/home/dakota/.local/repos/control_framework/src/lockstep_sim/src/lockstep_sim.cpp: In member function ‘void LockStepSim::reset_to_default_initial_position(std::shared_ptr<std_srvs::srv::Trigger_Request_<std::allocator<void> > >, std::shared_ptr<std_srvs::srv::Trigger_Response_<std::allocator<void> > >)’:
/home/dakota/.local/repos/control_framework/src/lockstep_sim/src/lockstep_sim.cpp:195:108: warning: unused parameter ‘request’ [-Wunused-parameter]
  195 | void LockStepSim::reset_to_default_initial_position(const std::shared_ptr<std_srvs::srv::Trigger::Request> request,
      |                                                     ~~~~~~~~~~~~~~~~~~~~~~~~~~~~~~~~~~~~~~~~~~~~~~~~~~~~~~~^~~~~~~
/home/dakota/.local/repos/control_framework/src/lockstep_sim/src/lockstep_sim.cpp: In member function ‘void LockStepSim::reset_to_custom_initial_position(std::shared_ptr<std_srvs::srv::Trigger_Request_<std::allocator<void> > >, std::shared_ptr<std_srvs::srv::Trigger_Response_<std::allocator<void> > >)’:
/home/dakota/.local/repos/control_framework/src/lockstep_sim/src/lockstep_sim.cpp:213:107: warning: unused parameter ‘request’ [-Wunused-parameter]
  213 | void LockStepSim::reset_to_custom_initial_position(const std::shared_ptr<std_srvs::srv::Trigger::Request> request,
      |                                                    ~~~~~~~~~~~~~~~~~~~~~~~~~~~~~~~~~~~~~~~~~~~~~~~~~~~~~~~^~~~~~~
[100%] Linking CXX executable lockstep_sim
[100%] Built target lockstep_sim
-- Install configuration: ""
-- Installing: /home/dakota/.local/repos/control_framework/install/lockstep_sim/lib/lockstep_sim/lockstep_sim
-- Set runtime path of "/home/dakota/.local/repos/control_framework/install/lockstep_sim/lib/lockstep_sim/lockstep_sim" to ""
-- Up-to-date: /home/dakota/.local/repos/control_framework/install/lockstep_sim/share/lockstep_sim/models
-- Up-to-date: /home/dakota/.local/repos/control_framework/install/lockstep_sim/share/lockstep_sim/models/cart_pole_urdf.xml
-- Up-to-date: /home/dakota/.local/repos/control_framework/install/lockstep_sim/share/lockstep_sim/models/cart_pole_mjcf.xml
-- Up-to-date: /home/dakota/.local/repos/control_framework/install/lockstep_sim/share/ament_index/resource_index/package_run_dependencies/lockstep_sim
-- Installing: /home/dakota/.local/repos/control_framework/install/lockstep_sim/share/ament_index/resource_index/parent_prefix_path/lockstep_sim
-- Up-to-date: /home/dakota/.local/repos/control_framework/install/lockstep_sim/share/lockstep_sim/environment/ament_prefix_path.sh
-- Installing: /home/dakota/.local/repos/control_framework/install/lockstep_sim/share/lockstep_sim/environment/ament_prefix_path.dsv
-- Up-to-date: /home/dakota/.local/repos/control_framework/install/lockstep_sim/share/lockstep_sim/environment/path.sh
-- Installing: /home/dakota/.local/repos/control_framework/install/lockstep_sim/share/lockstep_sim/environment/path.dsv
-- Up-to-date: /home/dakota/.local/repos/control_framework/install/lockstep_sim/share/lockstep_sim/local_setup.bash
-- Up-to-date: /home/dakota/.local/repos/control_framework/install/lockstep_sim/share/lockstep_sim/local_setup.sh
-- Up-to-date: /home/dakota/.local/repos/control_framework/install/lockstep_sim/share/lockstep_sim/local_setup.zsh
-- Installing: /home/dakota/.local/repos/control_framework/install/lockstep_sim/share/lockstep_sim/local_setup.dsv
-- Installing: /home/dakota/.local/repos/control_framework/install/lockstep_sim/share/lockstep_sim/package.dsv
-- Up-to-date: /home/dakota/.local/repos/control_framework/install/lockstep_sim/share/ament_index/resource_index/packages/lockstep_sim
-- Up-to-date: /home/dakota/.local/repos/control_framework/install/lockstep_sim/share/lockstep_sim/cmake/lockstep_simConfig.cmake
-- Up-to-date: /home/dakota/.local/repos/control_framework/install/lockstep_sim/share/lockstep_sim/cmake/lockstep_simConfig-version.cmake
-- Up-to-date: /home/dakota/.local/repos/control_framework/install/lockstep_sim/share/lockstep_sim/package.xml
