[0.007s] Invoking command in '/home/dakota/.local/repos/control_framework/build/lockstep_sim': AMENT_PREFIX_PATH=/home/dakota/.local/repos/control_framework/install/controller:/home/dakota/.local/repos/control_framework/install/control_framework_interfaces:${AMENT_PREFIX_PATH} CMAKE_PREFIX_PATH=/home/dakota/.local/repos/control_framework/install/controller:/home/dakota/.local/repos/control_framework/install/control_framework_interfaces:/opt/ros/humble CONDA_PROMPT_MODIFIER=(base) LD_LIBRARY_PATH=/home/dakota/.local/repos/control_framework/install/control_framework_interfaces/lib:${LD_LIBRARY_PATH} PYTHONPATH=/home/dakota/.local/repos/control_framework/install/control_framework_interfaces/local/lib/python3.10/dist-packages:${PYTHONPATH} /usr/bin/cmake --build /home/dakota/.local/repos/control_framework/build/lockstep_sim -- -j28 -l28
[0.021s] -- Found ament_cmake: 1.3.14 (/opt/ros/humble/share/ament_cmake/cmake)
[0.087s] -- Found rclcpp: 16.0.19 (/opt/ros/humble/share/rclcpp/cmake)
[0.100s] -- Found rosidl_generator_c: 3.1.8 (/opt/ros/humble/share/rosidl_generator_c/cmake)
[0.101s] -- Found rosidl_adapter: 3.1.8 (/opt/ros/humble/share/rosidl_adapter/cmake)
[0.104s] -- Found rosidl_generator_cpp: 3.1.8 (/opt/ros/humble/share/rosidl_generator_cpp/cmake)
[0.108s] -- Using all available rosidl_typesupport_c: rosidl_typesupport_fastrtps_c;rosidl_typesupport_introspection_c
[0.114s] -- Using all available rosidl_typesupport_cpp: rosidl_typesupport_fastrtps_cpp;rosidl_typesupport_introspection_cpp
[0.129s] -- Found rmw_implementation_cmake: 6.1.2 (/opt/ros/humble/share/rmw_implementation_cmake/cmake)
[0.129s] -- Found rmw_fastrtps_cpp: 6.2.10 (/opt/ros/humble/share/rmw_fastrtps_cpp/cmake)
[0.182s] -- Using RMW implementation 'rmw_fastrtps_cpp' as default
[0.205s] -- Found sensor_msgs: 4.9.1 (/opt/ros/humble/share/sensor_msgs/cmake)
[0.218s] -- Found control_framework_interfaces: 0.0.0 (/home/dakota/.local/repos/control_framework/install/control_framework_interfaces/share/control_framework_interfaces/cmake)
[0.223s] -- Found std_srvs: 4.9.1 (/opt/ros/humble/share/std_srvs/cmake)
[0.227s] -- Found controller: 0.0.0 (/home/dakota/.local/repos/control_framework/install/controller/share/controller/cmake)
[0.229s] -- Found ament_lint_auto: 0.12.15 (/opt/ros/humble/share/ament_lint_auto/cmake)
[0.262s] -- Added test 'cppcheck' to perform static code analysis on C / C++ code
[0.263s] -- Configured cppcheck include dirs: 
[0.263s] -- Configured cppcheck exclude dirs and/or files: 
[0.263s] -- Added test 'lint_cmake' to check CMake code style
[0.263s] -- Added test 'uncrustify' to check C / C++ code style
[0.263s] -- Configured uncrustify additional arguments: 
[0.263s] -- Added test 'xmllint' to check XML markup files
[0.264s] -- Configuring done
[0.269s] -- Generating done
[0.271s] -- Build files have been written to: /home/dakota/.local/repos/control_framework/build/lockstep_sim
[0.290s] Consolidate compiler generated dependencies of target lockstep_sim
[0.299s] [ 50%] Building CXX object CMakeFiles/lockstep_sim.dir/src/lockstep_sim.cpp.o
[0.299s] [ 50%] Building CXX object CMakeFiles/lockstep_sim.dir/src/main.cpp.o
[0.299s] [ 75%] Building CXX object CMakeFiles/lockstep_sim.dir/src/render.cpp.o
[0.433s] /home/dakota/.local/repos/control_framework/src/lockstep_sim/src/render.cpp: In function ‘void render::keyboard(GLFWwindow*, int, int, int, int)’:
[0.433s] /home/dakota/.local/repos/control_framework/src/lockstep_sim/src/render.cpp:76:31: warning: unused parameter ‘window’ [-Wunused-parameter]
[0.433s]    76 |     void keyboard(GLFWwindow* window, int key, int scancode, int act, int mods)
[0.433s]       |                   ~~~~~~~~~~~~^~~~~~
[0.433s] /home/dakota/.local/repos/control_framework/src/lockstep_sim/src/render.cpp:76:52: warning: unused parameter ‘scancode’ [-Wunused-parameter]
[0.433s]    76 |     void keyboard(GLFWwindow* window, int key, int scancode, int act, int mods)
[0.433s]       |                                                ~~~~^~~~~~~~
[0.433s] /home/dakota/.local/repos/control_framework/src/lockstep_sim/src/render.cpp:76:75: warning: unused parameter ‘mods’ [-Wunused-parameter]
[0.433s]    76 |     void keyboard(GLFWwindow* window, int key, int scancode, int act, int mods)
[0.433s]       |                                                                       ~~~~^~~~
[0.433s] /home/dakota/.local/repos/control_framework/src/lockstep_sim/src/render.cpp: In function ‘void render::mouse_button(GLFWwindow*, int, int, int)’:
[0.433s] /home/dakota/.local/repos/control_framework/src/lockstep_sim/src/render.cpp:94:47: warning: unused parameter ‘button’ [-Wunused-parameter]
[0.433s]    94 |     void mouse_button(GLFWwindow* window, int button, int act, int mods) {
[0.433s]       |                                           ~~~~^~~~~~
[0.433s] /home/dakota/.local/repos/control_framework/src/lockstep_sim/src/render.cpp:94:59: warning: unused parameter ‘act’ [-Wunused-parameter]
[0.433s]    94 |     void mouse_button(GLFWwindow* window, int button, int act, int mods) {
[0.434s]       |                                                       ~~~~^~~
[0.434s] /home/dakota/.local/repos/control_framework/src/lockstep_sim/src/render.cpp:94:68: warning: unused parameter ‘mods’ [-Wunused-parameter]
[0.434s]    94 |     void mouse_button(GLFWwindow* window, int button, int act, int mods) {
[0.434s]       |                                                                ~~~~^~~~
[0.434s] /home/dakota/.local/repos/control_framework/src/lockstep_sim/src/render.cpp: In function ‘void render::scroll(GLFWwindow*, double, double)’:
[0.434s] /home/dakota/.local/repos/control_framework/src/lockstep_sim/src/render.cpp:142:29: warning: unused parameter ‘window’ [-Wunused-parameter]
[0.434s]   142 |     void scroll(GLFWwindow* window, double xoffset, double yoffset) {
[0.434s]       |                 ~~~~~~~~~~~~^~~~~~
[0.434s] /home/dakota/.local/repos/control_framework/src/lockstep_sim/src/render.cpp:142:44: warning: unused parameter ‘xoffset’ [-Wunused-parameter]
[0.434s]   142 |     void scroll(GLFWwindow* window, double xoffset, double yoffset) {
[0.434s]       |                                     ~~~~~~~^~~~~~~
[1.494s] In file included from /opt/ros/humble/include/rclcpp/rclcpp/logging.hpp:24,
[1.494s]                  from /opt/ros/humble/include/rclcpp/rclcpp/client.hpp:40,
[1.494s]                  from /opt/ros/humble/include/rclcpp/rclcpp/callback_group.hpp:24,
[1.494s]                  from /opt/ros/humble/include/rclcpp/rclcpp/any_executable.hpp:20,
[1.495s]                  from /opt/ros/humble/include/rclcpp/rclcpp/memory_strategy.hpp:25,
[1.495s]                  from /opt/ros/humble/include/rclcpp/rclcpp/memory_strategies.hpp:18,
[1.495s]                  from /opt/ros/humble/include/rclcpp/rclcpp/executor_options.hpp:20,
[1.495s]                  from /opt/ros/humble/include/rclcpp/rclcpp/executor.hpp:37,
[1.495s]                  from /opt/ros/humble/include/rclcpp/rclcpp/executors/multi_threaded_executor.hpp:25,
[1.495s]                  from /opt/ros/humble/include/rclcpp/rclcpp/executors.hpp:21,
[1.495s]                  from /opt/ros/humble/include/rclcpp/rclcpp/rclcpp.hpp:155,
[1.495s]                  from /home/dakota/.local/repos/control_framework/src/lockstep_sim/src/../include/lockstep_sim/lockstep_sim.hpp:12,
[1.495s]                  from /home/dakota/.local/repos/control_framework/src/lockstep_sim/src/lockstep_sim.cpp:3:
[1.495s] /home/dakota/.local/repos/control_framework/src/lockstep_sim/src/lockstep_sim.cpp: In member function ‘void LockStepSim::sim_callback()’:
[1.495s] /home/dakota/.local/repos/control_framework/src/lockstep_sim/src/lockstep_sim.cpp:104:11: warning: format ‘%s’ expects a matching ‘char*’ argument [-Wformat=]
[1.495s]   104 |           "End of Recording, Pausing sim_step callback to extract csv data: %s"
[1.495s]       |           ^~~~~~~~~~~~~~~~~~~~~~~~~~~~~~~~~~~~~~~~~~~~~~~~~~~~~~~~~~~~~~~~~~~~~
[1.495s] /home/dakota/.local/repos/control_framework/src/lockstep_sim/src/lockstep_sim.cpp:104:78: note: format string is defined here
[1.495s]   104 |           "End of Recording, Pausing sim_step callback to extract csv data: %s"
[1.495s]       |                                                                             ~^
[1.495s]       |                                                                              |
[1.495s]       |                                                                              char*
[1.495s] In file included from /opt/ros/humble/include/rclcpp/rclcpp/logging.hpp:24,
[1.495s]                  from /opt/ros/humble/include/rclcpp/rclcpp/client.hpp:40,
[1.495s]                  from /opt/ros/humble/include/rclcpp/rclcpp/callback_group.hpp:24,
[1.496s]                  from /opt/ros/humble/include/rclcpp/rclcpp/any_executable.hpp:20,
[1.496s]                  from /opt/ros/humble/include/rclcpp/rclcpp/memory_strategy.hpp:25,
[1.496s]                  from /opt/ros/humble/include/rclcpp/rclcpp/memory_strategies.hpp:18,
[1.496s]                  from /opt/ros/humble/include/rclcpp/rclcpp/executor_options.hpp:20,
[1.496s]                  from /opt/ros/humble/include/rclcpp/rclcpp/executor.hpp:37,
[1.496s]                  from /opt/ros/humble/include/rclcpp/rclcpp/executors/multi_threaded_executor.hpp:25,
[1.496s]                  from /opt/ros/humble/include/rclcpp/rclcpp/executors.hpp:21,
[1.496s]                  from /opt/ros/humble/include/rclcpp/rclcpp/rclcpp.hpp:155,
[1.496s]                  from /home/dakota/.local/repos/control_framework/src/lockstep_sim/src/../include/lockstep_sim/lockstep_sim.hpp:12,
[1.496s]                  from /home/dakota/.local/repos/control_framework/src/lockstep_sim/src/lockstep_sim.cpp:3:
[1.496s] /home/dakota/.local/repos/control_framework/src/lockstep_sim/src/lockstep_sim.cpp:114:11: warning: format ‘%s’ expects a matching ‘char*’ argument [-Wformat=]
[1.496s]   114 |           "End of Sim Pause for Recording, resuming sim_stepping: %s"
[1.496s]       |           ^~~~~~~~~~~~~~~~~~~~~~~~~~~~~~~~~~~~~~~~~~~~~~~~~~~~~~~~~~~
[1.496s] /home/dakota/.local/repos/control_framework/src/lockstep_sim/src/lockstep_sim.cpp:114:68: note: format string is defined here
[1.496s]   114 |           "End of Sim Pause for Recording, resuming sim_stepping: %s"
[1.496s]       |                                                                   ~^
[1.496s]       |                                                                    |
[1.496s]       |                                                                    char*
[1.500s] /home/dakota/.local/repos/control_framework/src/lockstep_sim/src/lockstep_sim.cpp: In member function ‘void LockStepSim::reset_to_default_initial_position(std::shared_ptr<std_srvs::srv::Trigger_Request_<std::allocator<void> > >, std::shared_ptr<std_srvs::srv::Trigger_Response_<std::allocator<void> > >)’:
[1.500s] /home/dakota/.local/repos/control_framework/src/lockstep_sim/src/lockstep_sim.cpp:195:108: warning: unused parameter ‘request’ [-Wunused-parameter]
[1.500s]   195 | void LockStepSim::reset_to_default_initial_position(const std::shared_ptr<std_srvs::srv::Trigger::Request> request,
[1.500s]       |                                                     ~~~~~~~~~~~~~~~~~~~~~~~~~~~~~~~~~~~~~~~~~~~~~~~~~~~~~~~^~~~~~~
[1.500s] /home/dakota/.local/repos/control_framework/src/lockstep_sim/src/lockstep_sim.cpp: In member function ‘void LockStepSim::reset_to_custom_initial_position(std::shared_ptr<std_srvs::srv::Trigger_Request_<std::allocator<void> > >, std::shared_ptr<std_srvs::srv::Trigger_Response_<std::allocator<void> > >)’:
[1.500s] /home/dakota/.local/repos/control_framework/src/lockstep_sim/src/lockstep_sim.cpp:213:107: warning: unused parameter ‘request’ [-Wunused-parameter]
[1.500s]   213 | void LockStepSim::reset_to_custom_initial_position(const std::shared_ptr<std_srvs::srv::Trigger::Request> request,
[1.500s]       |                                                    ~~~~~~~~~~~~~~~~~~~~~~~~~~~~~~~~~~~~~~~~~~~~~~~~~~~~~~~^~~~~~~
[3.569s] [100%] Linking CXX executable lockstep_sim
[3.739s] [100%] Built target lockstep_sim
[3.746s] Invoked command in '/home/dakota/.local/repos/control_framework/build/lockstep_sim' returned '0': AMENT_PREFIX_PATH=/home/dakota/.local/repos/control_framework/install/controller:/home/dakota/.local/repos/control_framework/install/control_framework_interfaces:${AMENT_PREFIX_PATH} CMAKE_PREFIX_PATH=/home/dakota/.local/repos/control_framework/install/controller:/home/dakota/.local/repos/control_framework/install/control_framework_interfaces:/opt/ros/humble CONDA_PROMPT_MODIFIER=(base) LD_LIBRARY_PATH=/home/dakota/.local/repos/control_framework/install/control_framework_interfaces/lib:${LD_LIBRARY_PATH} PYTHONPATH=/home/dakota/.local/repos/control_framework/install/control_framework_interfaces/local/lib/python3.10/dist-packages:${PYTHONPATH} /usr/bin/cmake --build /home/dakota/.local/repos/control_framework/build/lockstep_sim -- -j28 -l28
[3.747s] Invoking command in '/home/dakota/.local/repos/control_framework/build/lockstep_sim': AMENT_PREFIX_PATH=/home/dakota/.local/repos/control_framework/install/controller:/home/dakota/.local/repos/control_framework/install/control_framework_interfaces:${AMENT_PREFIX_PATH} CMAKE_PREFIX_PATH=/home/dakota/.local/repos/control_framework/install/controller:/home/dakota/.local/repos/control_framework/install/control_framework_interfaces:/opt/ros/humble CONDA_PROMPT_MODIFIER=(base) LD_LIBRARY_PATH=/home/dakota/.local/repos/control_framework/install/control_framework_interfaces/lib:${LD_LIBRARY_PATH} PYTHONPATH=/home/dakota/.local/repos/control_framework/install/control_framework_interfaces/local/lib/python3.10/dist-packages:${PYTHONPATH} /usr/bin/cmake --install /home/dakota/.local/repos/control_framework/build/lockstep_sim
[3.752s] -- Install configuration: ""
[3.753s] -- Installing: /home/dakota/.local/repos/control_framework/install/lockstep_sim/lib/lockstep_sim/lockstep_sim
[3.756s] -- Set runtime path of "/home/dakota/.local/repos/control_framework/install/lockstep_sim/lib/lockstep_sim/lockstep_sim" to ""
[3.756s] -- Up-to-date: /home/dakota/.local/repos/control_framework/install/lockstep_sim/share/lockstep_sim/models
[3.756s] -- Up-to-date: /home/dakota/.local/repos/control_framework/install/lockstep_sim/share/lockstep_sim/models/cart_pole_urdf.xml
[3.756s] -- Up-to-date: /home/dakota/.local/repos/control_framework/install/lockstep_sim/share/lockstep_sim/models/cart_pole_mjcf.xml
[3.756s] -- Up-to-date: /home/dakota/.local/repos/control_framework/install/lockstep_sim/share/ament_index/resource_index/package_run_dependencies/lockstep_sim
[3.756s] -- Installing: /home/dakota/.local/repos/control_framework/install/lockstep_sim/share/ament_index/resource_index/parent_prefix_path/lockstep_sim
[3.756s] -- Up-to-date: /home/dakota/.local/repos/control_framework/install/lockstep_sim/share/lockstep_sim/environment/ament_prefix_path.sh
[3.756s] -- Installing: /home/dakota/.local/repos/control_framework/install/lockstep_sim/share/lockstep_sim/environment/ament_prefix_path.dsv
[3.756s] -- Up-to-date: /home/dakota/.local/repos/control_framework/install/lockstep_sim/share/lockstep_sim/environment/path.sh
[3.756s] -- Installing: /home/dakota/.local/repos/control_framework/install/lockstep_sim/share/lockstep_sim/environment/path.dsv
[3.756s] -- Up-to-date: /home/dakota/.local/repos/control_framework/install/lockstep_sim/share/lockstep_sim/local_setup.bash
[3.756s] -- Up-to-date: /home/dakota/.local/repos/control_framework/install/lockstep_sim/share/lockstep_sim/local_setup.sh
[3.756s] -- Up-to-date: /home/dakota/.local/repos/control_framework/install/lockstep_sim/share/lockstep_sim/local_setup.zsh
[3.756s] -- Installing: /home/dakota/.local/repos/control_framework/install/lockstep_sim/share/lockstep_sim/local_setup.dsv
[3.757s] -- Installing: /home/dakota/.local/repos/control_framework/install/lockstep_sim/share/lockstep_sim/package.dsv
[3.757s] -- Up-to-date: /home/dakota/.local/repos/control_framework/install/lockstep_sim/share/ament_index/resource_index/packages/lockstep_sim
[3.757s] -- Up-to-date: /home/dakota/.local/repos/control_framework/install/lockstep_sim/share/lockstep_sim/cmake/lockstep_simConfig.cmake
[3.757s] -- Up-to-date: /home/dakota/.local/repos/control_framework/install/lockstep_sim/share/lockstep_sim/cmake/lockstep_simConfig-version.cmake
[3.757s] -- Up-to-date: /home/dakota/.local/repos/control_framework/install/lockstep_sim/share/lockstep_sim/package.xml
[3.758s] Invoked command in '/home/dakota/.local/repos/control_framework/build/lockstep_sim' returned '0': AMENT_PREFIX_PATH=/home/dakota/.local/repos/control_framework/install/controller:/home/dakota/.local/repos/control_framework/install/control_framework_interfaces:${AMENT_PREFIX_PATH} CMAKE_PREFIX_PATH=/home/dakota/.local/repos/control_framework/install/controller:/home/dakota/.local/repos/control_framework/install/control_framework_interfaces:/opt/ros/humble CONDA_PROMPT_MODIFIER=(base) LD_LIBRARY_PATH=/home/dakota/.local/repos/control_framework/install/control_framework_interfaces/lib:${LD_LIBRARY_PATH} PYTHONPATH=/home/dakota/.local/repos/control_framework/install/control_framework_interfaces/local/lib/python3.10/dist-packages:${PYTHONPATH} /usr/bin/cmake --install /home/dakota/.local/repos/control_framework/build/lockstep_sim
