[0.005s] Invoking command in '/home/dakota/.local/repos/control_framework/build/excel_record_logging': CMAKE_PREFIX_PATH=/home/dakota/.local/repos/control_framework/install/control_framework_interfaces:/home/dakota/.local/repos/control_framework/install/lockstep_sim:/home/dakota/.local/repos/control_framework/install/excel_record_logging:/home/dakota/.local/repos/control_framework/install/controller:/opt/ros/humble LD_LIBRARY_PATH=/home/dakota/.local/repos/control_framework/install/control_framework_interfaces/lib:/home/dakota/.local/repos/control_framework/install/controller/lib:/opt/ros/humble/opt/rviz_ogre_vendor/lib:/opt/ros/humble/lib/x86_64-linux-gnu:/opt/ros/humble/lib /usr/bin/cmake --build /home/dakota/.local/repos/control_framework/build/excel_record_logging -- -j28 -l28
[0.033s] [35m[1mConsolidate compiler generated dependencies of target excel_record_logging[0m
[0.045s] [ 66%] [32mBuilding CXX object CMakeFiles/excel_record_logging.dir/src/excel_record_logging.cpp.o[0m
[0.045s] [ 66%] [32mBuilding CXX object CMakeFiles/excel_record_logging.dir/src/main.cpp.o[0m
[1.110s] [01m[K/home/dakota/.local/repos/control_framework/src/excel_record_logging/src/excel_record_logging.cpp:[m[K In constructor ‘[01m[KExcelRecordLogging::ExcelRecordLogging()[m[K’:
[1.110s] [01m[K/home/dakota/.local/repos/control_framework/src/excel_record_logging/src/excel_record_logging.cpp:9:132:[m[K [01;31m[Kerror: [m[K‘[01m[Kjoint_state_callback[m[K’ is not a member of ‘[01m[KExcelRecordLogging[m[K’
[1.110s]     9 |     state_subscriber_ = this->create_subscription<sensor_msgs::msg::JointState>("joint_states", 10, std::bind(&ExcelRecordLogging::[01;31m[Kjoint_state_callback[m[K, this, _1)); //Need custom msg
[1.110s]       |                                                                                                                                    [01;31m[K^~~~~~~~~~~~~~~~~~~~[m[K
[1.110s] [01m[K/home/dakota/.local/repos/control_framework/src/excel_record_logging/src/excel_record_logging.cpp:10:124:[m[K [01;31m[Kerror: [m[K‘[01m[Ksim_time_callback[m[K’ is not a member of ‘[01m[KExcelRecordLogging[m[K’
[1.110s]    10 |     sim_time_subscriber_ = this->create_subscription<std_msgs::msg::Float64>("sim_time", 10,std::bind(&ExcelRecordLogging::[01;31m[Ksim_time_callback[m[K, this, _1)); //Need custom msg
[1.110s]       |                                                                                                                            [01;31m[K^~~~~~~~~~~~~~~~~[m[K
[1.110s] [01m[K/home/dakota/.local/repos/control_framework/src/excel_record_logging/src/excel_record_logging.cpp:[m[K At global scope:
[1.110s] [01m[K/home/dakota/.local/repos/control_framework/src/excel_record_logging/src/excel_record_logging.cpp:26:6:[m[K [01;31m[Kerror: [m[Kno declaration matches ‘[01m[Kvoid ExcelRecordLogging::joint_state_callback(sensor_msgs::msg::JointState)[m[K’
[1.110s]    26 | void [01;31m[KExcelRecordLogging[m[K::joint_state_callback(const sensor_msgs::msg::JointState joint_state)
[1.110s]       |      [01;31m[K^~~~~~~~~~~~~~~~~~[m[K
[1.110s] [01m[K/home/dakota/.local/repos/control_framework/src/excel_record_logging/src/excel_record_logging.cpp:26:6:[m[K [01;36m[Knote: [m[Kno functions named ‘[01m[Kvoid ExcelRecordLogging::joint_state_callback(sensor_msgs::msg::JointState)[m[K’
[1.111s] In file included from [01m[K/home/dakota/.local/repos/control_framework/src/excel_record_logging/src/excel_record_logging.cpp:1[m[K:
[1.111s] [01m[K/home/dakota/.local/repos/control_framework/src/excel_record_logging/src/../include/excel_record_logging/excel_record_logging.hpp:9:7:[m[K [01;36m[Knote: [m[K‘[01m[Kclass ExcelRecordLogging[m[K’ defined here
[1.111s]     9 | class [01;36m[KExcelRecordLogging[m[K : public rclcpp::Node
[1.111s]       |       [01;36m[K^~~~~~~~~~~~~~~~~~[m[K
[1.111s] [01m[K/home/dakota/.local/repos/control_framework/src/excel_record_logging/src/excel_record_logging.cpp:32:6:[m[K [01;31m[Kerror: [m[Kno declaration matches ‘[01m[Kvoid ExcelRecordLogging::sim_time_callback(const Float64&)[m[K’
[1.111s]    32 | void [01;31m[KExcelRecordLogging[m[K::sim_time_callback(const std_msgs::msg::Float64 & sim_time)
[1.111s]       |      [01;31m[K^~~~~~~~~~~~~~~~~~[m[K
[1.111s] [01m[K/home/dakota/.local/repos/control_framework/src/excel_record_logging/src/excel_record_logging.cpp:32:6:[m[K [01;36m[Knote: [m[Kno functions named ‘[01m[Kvoid ExcelRecordLogging::sim_time_callback(const Float64&)[m[K’
[1.111s] In file included from [01m[K/home/dakota/.local/repos/control_framework/src/excel_record_logging/src/excel_record_logging.cpp:1[m[K:
[1.111s] [01m[K/home/dakota/.local/repos/control_framework/src/excel_record_logging/src/../include/excel_record_logging/excel_record_logging.hpp:9:7:[m[K [01;36m[Knote: [m[K‘[01m[Kclass ExcelRecordLogging[m[K’ defined here
[1.111s]     9 | class [01;36m[KExcelRecordLogging[m[K : public rclcpp::Node
[1.111s]       |       [01;36m[K^~~~~~~~~~~~~~~~~~[m[K
[1.389s] gmake[2]: *** [CMakeFiles/excel_record_logging.dir/build.make:90: CMakeFiles/excel_record_logging.dir/src/excel_record_logging.cpp.o] Error 1
[1.389s] gmake[1]: *** [CMakeFiles/Makefile2:137: CMakeFiles/excel_record_logging.dir/all] Error 2
[1.390s] gmake: *** [Makefile:146: all] Error 2
[1.391s] Invoked command in '/home/dakota/.local/repos/control_framework/build/excel_record_logging' returned '2': CMAKE_PREFIX_PATH=/home/dakota/.local/repos/control_framework/install/control_framework_interfaces:/home/dakota/.local/repos/control_framework/install/lockstep_sim:/home/dakota/.local/repos/control_framework/install/excel_record_logging:/home/dakota/.local/repos/control_framework/install/controller:/opt/ros/humble LD_LIBRARY_PATH=/home/dakota/.local/repos/control_framework/install/control_framework_interfaces/lib:/home/dakota/.local/repos/control_framework/install/controller/lib:/opt/ros/humble/opt/rviz_ogre_vendor/lib:/opt/ros/humble/lib/x86_64-linux-gnu:/opt/ros/humble/lib /usr/bin/cmake --build /home/dakota/.local/repos/control_framework/build/excel_record_logging -- -j28 -l28
