[0.007s] Invoking command in '/home/dakota/.local/repos/control_framework/build/controller': AMENT_PREFIX_PATH=/home/dakota/.local/repos/control_framework/install/control_framework_interfaces:${AMENT_PREFIX_PATH} CMAKE_PREFIX_PATH=/home/dakota/.local/repos/control_framework/install/control_framework_interfaces:/opt/ros/humble LD_LIBRARY_PATH=/home/dakota/.local/repos/control_framework/install/control_framework_interfaces/lib:${LD_LIBRARY_PATH} PYTHONPATH=/home/dakota/.local/repos/control_framework/install/control_framework_interfaces/local/lib/python3.10/dist-packages:${PYTHONPATH} /usr/bin/cmake --build /home/dakota/.local/repos/control_framework/build/controller -- -j24 -l24
[0.021s] -- Found ament_cmake: 1.3.14 (/opt/ros/humble/share/ament_cmake/cmake)
[0.097s] -- Found rclcpp: 16.0.19 (/opt/ros/humble/share/rclcpp/cmake)
[0.112s] -- Found rosidl_generator_c: 3.1.9 (/opt/ros/humble/share/rosidl_generator_c/cmake)
[0.113s] -- Found rosidl_adapter: 3.1.9 (/opt/ros/humble/share/rosidl_adapter/cmake)
[0.114s] -- Found rosidl_generator_cpp: 3.1.9 (/opt/ros/humble/share/rosidl_generator_cpp/cmake)
[0.118s] -- Using all available rosidl_typesupport_c: rosidl_typesupport_fastrtps_c;rosidl_typesupport_introspection_c
[0.125s] -- Using all available rosidl_typesupport_cpp: rosidl_typesupport_fastrtps_cpp;rosidl_typesupport_introspection_cpp
[0.141s] -- Found rmw_implementation_cmake: 6.1.2 (/opt/ros/humble/share/rmw_implementation_cmake/cmake)
[0.141s] -- Found rmw_fastrtps_cpp: 6.2.10 (/opt/ros/humble/share/rmw_fastrtps_cpp/cmake)
[0.199s] -- Using RMW implementation 'rmw_fastrtps_cpp' as default
[0.228s] -- Found control_framework_interfaces: 0.0.0 (/home/dakota/.local/repos/control_framework/install/control_framework_interfaces/share/control_framework_interfaces/cmake)
[0.232s] -- Found sensor_msgs: 4.9.1 (/opt/ros/humble/share/sensor_msgs/cmake)
[0.247s] -- Found ament_lint_auto: 0.12.15 (/opt/ros/humble/share/ament_lint_auto/cmake)
[0.285s] -- Added test 'cppcheck' to perform static code analysis on C / C++ code
[0.285s] -- Configured cppcheck include dirs: $<BUILD_INTERFACE:/home/dakota/.local/repos/control_framework/src/controller/include>
[0.285s] -- Configured cppcheck exclude dirs and/or files: 
[0.285s] -- Added test 'flake8' to check Python code syntax and style conventions
[0.285s] -- Added test 'lint_cmake' to check CMake code style
[0.285s] -- Added test 'pep257' to check Python code against some of the docstring style conventions in PEP 257
[0.286s] -- Added test 'uncrustify' to check C / C++ code style
[0.286s] -- Configured uncrustify additional arguments: 
[0.286s] -- Added test 'xmllint' to check XML markup files
[0.288s] -- Configuring done
[0.293s] -- Generating done
[0.296s] -- Build files have been written to: /home/dakota/.local/repos/control_framework/build/controller
[0.314s] [35m[1mConsolidate compiler generated dependencies of target controller[0m
[0.320s] [ 16%] [32mBuilding CXX object CMakeFiles/controller.dir/src/base_controller.cpp.o[0m
[0.320s] [ 33%] [32mBuilding CXX object CMakeFiles/controller.dir/src/controllers.cpp.o[0m
[0.537s] [ 50%] [32m[1mLinking CXX static library libcontroller.a[0m
[0.559s] [ 50%] Built target controller
[0.567s] [35m[1mConsolidate compiler generated dependencies of target controller_node[0m
[0.587s] [ 83%] [32mBuilding CXX object CMakeFiles/controller_node.dir/src/controller_node.cpp.o[0m
[0.587s] [ 83%] [32mBuilding CXX object CMakeFiles/controller_node.dir/src/main.cpp.o[0m
[1.944s] [01m[K/home/dakota/.local/repos/control_framework/src/controller/src/controller_node.cpp:[m[K In member function ‘[01m[Kvoid ControllerNode::control_timer_callback()[m[K’:
[1.944s] [01m[K/home/dakota/.local/repos/control_framework/src/controller/src/controller_node.cpp:119:21:[m[K [01;35m[Kwarning: [m[Kcomparison of integer expressions of different signedness: ‘[01m[Kint[m[K’ and ‘[01m[Kstd::vector<double, std::allocator<double> >::size_type[m[K’ {aka ‘[01m[Klong unsigned int[m[K’} [[01;35m[K]8;;https://gcc.gnu.org/onlinedocs/gcc/Warning-Options.html#index-Wsign-compare-Wsign-compare]8;;[m[K]
[1.944s]   119 |     for (int i=0; [01;35m[Ki < state_position.size()[m[K ; i++){
[1.944s]       |                   [01;35m[K~~^~~~~~~~~~~~~~~~~~~~~~~[m[K
[5.249s] [100%] [32m[1mLinking CXX executable controller_node[0m
[5.485s] [100%] Built target controller_node
[5.492s] Invoked command in '/home/dakota/.local/repos/control_framework/build/controller' returned '0': AMENT_PREFIX_PATH=/home/dakota/.local/repos/control_framework/install/control_framework_interfaces:${AMENT_PREFIX_PATH} CMAKE_PREFIX_PATH=/home/dakota/.local/repos/control_framework/install/control_framework_interfaces:/opt/ros/humble LD_LIBRARY_PATH=/home/dakota/.local/repos/control_framework/install/control_framework_interfaces/lib:${LD_LIBRARY_PATH} PYTHONPATH=/home/dakota/.local/repos/control_framework/install/control_framework_interfaces/local/lib/python3.10/dist-packages:${PYTHONPATH} /usr/bin/cmake --build /home/dakota/.local/repos/control_framework/build/controller -- -j24 -l24
[5.493s] Invoking command in '/home/dakota/.local/repos/control_framework/build/controller': AMENT_PREFIX_PATH=/home/dakota/.local/repos/control_framework/install/control_framework_interfaces:${AMENT_PREFIX_PATH} CMAKE_PREFIX_PATH=/home/dakota/.local/repos/control_framework/install/control_framework_interfaces:/opt/ros/humble LD_LIBRARY_PATH=/home/dakota/.local/repos/control_framework/install/control_framework_interfaces/lib:${LD_LIBRARY_PATH} PYTHONPATH=/home/dakota/.local/repos/control_framework/install/control_framework_interfaces/local/lib/python3.10/dist-packages:${PYTHONPATH} /usr/bin/cmake --install /home/dakota/.local/repos/control_framework/build/controller
[5.499s] -- Install configuration: ""
[5.500s] -- Up-to-date: /home/dakota/.local/repos/control_framework/install/controller/include
[5.500s] -- Up-to-date: /home/dakota/.local/repos/control_framework/install/controller/include/controller
[5.500s] -- Up-to-date: /home/dakota/.local/repos/control_framework/install/controller/include/controller/base_controller.hpp
[5.500s] -- Up-to-date: /home/dakota/.local/repos/control_framework/install/controller/include/controller/controller_node.hpp
[5.500s] -- Up-to-date: /home/dakota/.local/repos/control_framework/install/controller/include/controller/controllers.hpp
[5.500s] -- Up-to-date: /home/dakota/.local/repos/control_framework/install/controller/share/controller/config
[5.500s] -- Up-to-date: /home/dakota/.local/repos/control_framework/install/controller/share/controller/config/cart_pole
[5.500s] -- Up-to-date: /home/dakota/.local/repos/control_framework/install/controller/share/controller/config/cart_pole/test.yaml
[5.500s] -- Up-to-date: /home/dakota/.local/repos/control_framework/install/controller/share/controller/config/cart_pole/pid.yaml
[5.500s] -- Up-to-date: /home/dakota/.local/repos/control_framework/install/controller/share/controller/config/cart_pole/lqr.yaml
[5.500s] -- Up-to-date: /home/dakota/.local/repos/control_framework/install/controller/share/controller/launch
[5.500s] -- Up-to-date: /home/dakota/.local/repos/control_framework/install/controller/share/controller/launch/__pycache__
[5.500s] -- Up-to-date: /home/dakota/.local/repos/control_framework/install/controller/share/controller/launch/__pycache__/test_controller_launch.cpython-310.pyc
[5.500s] -- Up-to-date: /home/dakota/.local/repos/control_framework/install/controller/share/controller/launch/test_controller_launch.py
[5.500s] -- Installing: /home/dakota/.local/repos/control_framework/install/controller/lib/libcontroller.a
[5.500s] -- Installing: /home/dakota/.local/repos/control_framework/install/controller/lib/controller/controller_node
[5.503s] -- Set runtime path of "/home/dakota/.local/repos/control_framework/install/controller/lib/controller/controller_node" to ""
[5.503s] -- Installing: /home/dakota/.local/repos/control_framework/install/controller/share/controller/environment/library_path.sh
[5.503s] -- Installing: /home/dakota/.local/repos/control_framework/install/controller/share/controller/environment/library_path.dsv
[5.503s] -- Up-to-date: /home/dakota/.local/repos/control_framework/install/controller/share/ament_index/resource_index/package_run_dependencies/controller
[5.503s] -- Installing: /home/dakota/.local/repos/control_framework/install/controller/share/ament_index/resource_index/parent_prefix_path/controller
[5.503s] -- Installing: /home/dakota/.local/repos/control_framework/install/controller/share/controller/environment/ament_prefix_path.sh
[5.503s] -- Installing: /home/dakota/.local/repos/control_framework/install/controller/share/controller/environment/ament_prefix_path.dsv
[5.503s] -- Installing: /home/dakota/.local/repos/control_framework/install/controller/share/controller/environment/path.sh
[5.503s] -- Installing: /home/dakota/.local/repos/control_framework/install/controller/share/controller/environment/path.dsv
[5.503s] -- Up-to-date: /home/dakota/.local/repos/control_framework/install/controller/share/controller/local_setup.bash
[5.503s] -- Up-to-date: /home/dakota/.local/repos/control_framework/install/controller/share/controller/local_setup.sh
[5.503s] -- Up-to-date: /home/dakota/.local/repos/control_framework/install/controller/share/controller/local_setup.zsh
[5.503s] -- Installing: /home/dakota/.local/repos/control_framework/install/controller/share/controller/local_setup.dsv
[5.503s] -- Installing: /home/dakota/.local/repos/control_framework/install/controller/share/controller/package.dsv
[5.503s] -- Up-to-date: /home/dakota/.local/repos/control_framework/install/controller/share/ament_index/resource_index/packages/controller
[5.503s] -- Up-to-date: /home/dakota/.local/repos/control_framework/install/controller/share/controller/cmake/controllerTargetsExport.cmake
[5.503s] -- Up-to-date: /home/dakota/.local/repos/control_framework/install/controller/share/controller/cmake/controllerTargetsExport-noconfig.cmake
[5.503s] -- Up-to-date: /home/dakota/.local/repos/control_framework/install/controller/share/controller/cmake/ament_cmake_export_targets-extras.cmake
[5.503s] -- Up-to-date: /home/dakota/.local/repos/control_framework/install/controller/share/controller/cmake/controllerConfig.cmake
[5.503s] -- Up-to-date: /home/dakota/.local/repos/control_framework/install/controller/share/controller/cmake/controllerConfig-version.cmake
[5.504s] -- Up-to-date: /home/dakota/.local/repos/control_framework/install/controller/share/controller/package.xml
[5.504s] Invoked command in '/home/dakota/.local/repos/control_framework/build/controller' returned '0': AMENT_PREFIX_PATH=/home/dakota/.local/repos/control_framework/install/control_framework_interfaces:${AMENT_PREFIX_PATH} CMAKE_PREFIX_PATH=/home/dakota/.local/repos/control_framework/install/control_framework_interfaces:/opt/ros/humble LD_LIBRARY_PATH=/home/dakota/.local/repos/control_framework/install/control_framework_interfaces/lib:${LD_LIBRARY_PATH} PYTHONPATH=/home/dakota/.local/repos/control_framework/install/control_framework_interfaces/local/lib/python3.10/dist-packages:${PYTHONPATH} /usr/bin/cmake --install /home/dakota/.local/repos/control_framework/build/controller
