[0.005s] Invoking command in '/home/dakota/.local/repos/control_framework/build/controller': CMAKE_PREFIX_PATH=/home/dakota/.local/repos/control_framework/install/control_framework_interfaces:/home/dakota/.local/repos/control_framework/install/lockstep_sim:/home/dakota/.local/repos/control_framework/install/excel_record_logging:/home/dakota/.local/repos/control_framework/install/controller:/opt/ros/humble LD_LIBRARY_PATH=/home/dakota/.local/repos/control_framework/install/control_framework_interfaces/lib:/home/dakota/.local/repos/control_framework/install/controller/lib:/opt/ros/humble/opt/rviz_ogre_vendor/lib:/opt/ros/humble/lib/x86_64-linux-gnu:/opt/ros/humble/lib /usr/bin/cmake --build /home/dakota/.local/repos/control_framework/build/controller -- -j28 -l28
[0.033s] [35m[1mConsolidate compiler generated dependencies of target controller[0m
[0.041s] [ 50%] Built target controller
[0.051s] [35m[1mConsolidate compiler generated dependencies of target controller_node[0m
[0.064s] [ 66%] [32mBuilding CXX object CMakeFiles/controller_node.dir/src/controller_node.cpp.o[0m
[1.145s] [01m[K/home/dakota/.local/repos/control_framework/src/controller/src/controller_node.cpp:[m[K In constructor ‘[01m[KControllerNode::ControllerNode()[m[K’:
[1.145s] [01m[K/home/dakota/.local/repos/control_framework/src/controller/src/controller_node.cpp:28:154:[m[K [01;31m[Kerror: [m[K‘[01m[Kcontroller_select[m[K’ is not a member of ‘[01m[KControllerNode[m[K’
[1.145s]    28 | llerSelect>("controller_select", std::bind(&ControllerNode::[01;31m[Kcontroller_select[m[K, this, _1, _2));
[1.145s]       |                                                             [01;31m[K^~~~~~~~~~~~~~~~~[m[K
[1.145s] 
[1.168s] [01m[K/home/dakota/.local/repos/control_framework/src/controller/src/controller_node.cpp:[m[K In member function ‘[01m[Kvoid ControllerNode::set_controllers(const std::vector<std::__cxx11::basic_string<char> >&)[m[K’:
[1.168s] [01m[K/home/dakota/.local/repos/control_framework/src/controller/src/controller_node.cpp:158:76:[m[K [01;31m[Kerror: [m[Kexpected ‘[01m[K;[m[K’ before ‘[01m[K}[m[K’ token
[1.168s]   158 |             controllers.push_back(std::make_unique<Lqr>(controller_params))
[1.168s]       |                                                                            [01;31m[K^[m[K
[1.168s]       |                                                                            [32m[K;[m[K
[1.168s]   159 |         [32m[K}[m[K
[1.168s]       |         [32m[K~[m[K                                                                   
[1.171s] [01m[K/home/dakota/.local/repos/control_framework/src/controller/src/controller_node.cpp:161:77:[m[K [01;31m[Kerror: [m[Kexpected ‘[01m[K;[m[K’ before ‘[01m[K}[m[K’ token
[1.171s]   161 |             controllers.push_back(std::make_unique<Test>(controller_params))
[1.171s]       |                                                                             [01;31m[K^[m[K
[1.171s]       |                                                                             [32m[K;[m[K
[1.171s]   162 |         [32m[K}[m[K
[1.171s]       |         [32m[K~[m[K                                                                    
[1.222s] In file included from [01m[K/usr/include/c++/11/memory:76[m[K,
[1.222s]                  from [01m[K/opt/ros/humble/include/rclcpp/rclcpp/rclcpp.hpp:153[m[K,
[1.222s]                  from [01m[K/home/dakota/.local/repos/control_framework/src/controller/src/../include/controller/controller_node.hpp:4[m[K,
[1.222s]                  from [01m[K/home/dakota/.local/repos/control_framework/src/controller/src/controller_node.cpp:2[m[K:
[1.222s] /usr/include/c++/11/bits/unique_ptr.h: In instantiation of ‘[01m[Ktypename std::_MakeUniq<_Tp>::__single_object std::make_unique(_Args&& ...) [with _Tp = Test; _Args = {std::vector<std::variant<bool, long int, double, std::__cxx11::basic_string<char, std::char_traits<char>, std::allocator<char> >, std::vector<long int, std::allocator<long int> >, std::vector<double, std::allocator<double> >, std::vector<std::__cxx11::basic_string<char, std::char_traits<char>, std::allocator<char> >, std::allocator<std::__cxx11::basic_string<char, std::char_traits<char>, std::allocator<char> > > > >, std::allocator<std::variant<bool, long int, double, std::__cxx11::basic_string<char, std::char_traits<char>, std::allocator<char> >, std::vector<long int, std::allocator<long int> >, std::vector<double, std::allocator<double> >, std::vector<std::__cxx11::basic_string<char, std::char_traits<char>, std::allocator<char> >, std::allocator<std::__cxx11::basic_string<char, std::char_traits<char>, std::allocator<char> > > > > > >&}; typename std::_MakeUniq<_Tp>::__single_object = std::unique_ptr<Test, std::default_delete<Test> >][m[K’:
[1.222s] [01m[K/home/dakota/.local/repos/control_framework/src/controller/src/controller_node.cpp:161:57:[m[K   required from here
[1.222s] [01m[K/usr/include/c++/11/bits/unique_ptr.h:962:30:[m[K [01;31m[Kerror: [m[Kno matching function for call to ‘[01m[KTest::Test(std::vector<std::variant<bool, long int, double, std::__cxx11::basic_string<char, std::char_traits<char>, std::allocator<char> >, std::vector<long int, std::allocator<long int> >, std::vector<double, std::allocator<double> >, std::vector<std::__cxx11::basic_string<char, std::char_traits<char>, std::allocator<char> >, std::allocator<std::__cxx11::basic_string<char, std::char_traits<char>, std::allocator<char> > > > > >&)[m[K’
[1.222s]   962 |     { return unique_ptr<_Tp>([01;31m[Knew _Tp(std::forward<_Args>(__args)...)[m[K); }
[1.222s]       |                              [01;31m[K^~~~~~~~~~~~~~~~~~~~~~~~~~~~~~~~~~~~~~~[m[K
[1.222s] In file included from [01m[K/home/dakota/.local/repos/control_framework/src/controller/src/../include/controller/controller_node.hpp:7[m[K,
[1.222s]                  from [01m[K/home/dakota/.local/repos/control_framework/src/controller/src/controller_node.cpp:2[m[K:
[1.222s] [01m[K/home/dakota/.local/repos/control_framework/src/controller/src/../include/controller/controllers.hpp:30:9:[m[K [01;36m[Knote: [m[Kcandidate: ‘[01m[KTest::Test(size_t, size_t, std::vector<double, std::allocator<double> >)[m[K’
[1.222s]    30 |         [01;36m[KTest[m[K(size_t lqr_gain_row_num, size_t lqr_gain_col_num, vector<double> K);
[1.222s]       |         [01;36m[K^~~~[m[K
[1.222s] [01m[K/home/dakota/.local/repos/control_framework/src/controller/src/../include/controller/controllers.hpp:30:9:[m[K [01;36m[Knote: [m[K  candidate expects 3 arguments, 1 provided
[1.222s] [01m[K/home/dakota/.local/repos/control_framework/src/controller/src/../include/controller/controllers.hpp:27:7:[m[K [01;36m[Knote: [m[Kcandidate: ‘[01m[KTest::Test(const Test&)[m[K’
[1.222s]    27 | class [01;36m[KTest[m[K : public BaseController
[1.222s]       |       [01;36m[K^~~~[m[K
[1.222s] [01m[K/home/dakota/.local/repos/control_framework/src/controller/src/../include/controller/controllers.hpp:27:7:[m[K [01;36m[Knote: [m[K  no known conversion for argument 1 from ‘[01m[Kstd::vector<std::variant<bool, long int, double, std::__cxx11::basic_string<char, std::char_traits<char>, std::allocator<char> >, std::vector<long int, std::allocator<long int> >, std::vector<double, std::allocator<double> >, std::vector<std::__cxx11::basic_string<char, std::char_traits<char>, std::allocator<char> >, std::allocator<std::__cxx11::basic_string<char, std::char_traits<char>, std::allocator<char> > > > > >[m[K’ to ‘[01m[Kconst Test&[m[K’
[1.222s] [01m[K/home/dakota/.local/repos/control_framework/src/controller/src/../include/controller/controllers.hpp:27:7:[m[K [01;36m[Knote: [m[Kcandidate: ‘[01m[KTest::Test(Test&&)[m[K’
[1.222s] [01m[K/home/dakota/.local/repos/control_framework/src/controller/src/../include/controller/controllers.hpp:27:7:[m[K [01;36m[Knote: [m[K  no known conversion for argument 1 from ‘[01m[Kstd::vector<std::variant<bool, long int, double, std::__cxx11::basic_string<char, std::char_traits<char>, std::allocator<char> >, std::vector<long int, std::allocator<long int> >, std::vector<double, std::allocator<double> >, std::vector<std::__cxx11::basic_string<char, std::char_traits<char>, std::allocator<char> >, std::allocator<std::__cxx11::basic_string<char, std::char_traits<char>, std::allocator<char> > > > > >[m[K’ to ‘[01m[KTest&&[m[K’
[2.365s] gmake[2]: *** [CMakeFiles/controller_node.dir/build.make:90: CMakeFiles/controller_node.dir/src/controller_node.cpp.o] Error 1
[2.366s] gmake[1]: *** [CMakeFiles/Makefile2:165: CMakeFiles/controller_node.dir/all] Error 2
[2.366s] gmake: *** [Makefile:146: all] Error 2
[2.368s] Invoked command in '/home/dakota/.local/repos/control_framework/build/controller' returned '2': CMAKE_PREFIX_PATH=/home/dakota/.local/repos/control_framework/install/control_framework_interfaces:/home/dakota/.local/repos/control_framework/install/lockstep_sim:/home/dakota/.local/repos/control_framework/install/excel_record_logging:/home/dakota/.local/repos/control_framework/install/controller:/opt/ros/humble LD_LIBRARY_PATH=/home/dakota/.local/repos/control_framework/install/control_framework_interfaces/lib:/home/dakota/.local/repos/control_framework/install/controller/lib:/opt/ros/humble/opt/rviz_ogre_vendor/lib:/opt/ros/humble/lib/x86_64-linux-gnu:/opt/ros/humble/lib /usr/bin/cmake --build /home/dakota/.local/repos/control_framework/build/controller -- -j28 -l28
