[0.003s] Invoking command in '/home/dakota/.local/repos/control_framework/build/controller': CONDA_PROMPT_MODIFIER=(base) /usr/bin/cmake --build /home/dakota/.local/repos/control_framework/build/controller -- -j28 -l28
[0.021s] -- Found ament_cmake: 1.3.14 (/opt/ros/humble/share/ament_cmake/cmake)
[0.093s] Traceback (most recent call last):
[0.093s]   File "/opt/ros/humble/share/ament_cmake_core/cmake/package_templates/templates_2_cmake.py", line 21, in <module>
[0.093s]     from ament_package.templates import get_environment_hook_template_path
[0.093s] ModuleNotFoundError: No module named 'ament_package'
[0.098s] CMake Error at /opt/ros/humble/share/ament_cmake_core/cmake/ament_cmake_package_templates-extras.cmake:41 (message):
[0.098s]   execute_process(/usr/bin/python3
[0.098s]   /opt/ros/humble/share/ament_cmake_core/cmake/package_templates/templates_2_cmake.py
[0.098s]   /home/dakota/.local/repos/control_framework/build/controller/ament_cmake_package_templates/templates.cmake)
[0.098s]   returned error code 1
[0.098s] Call Stack (most recent call first):
[0.098s]   /opt/ros/humble/share/ament_cmake_core/cmake/ament_cmake_coreConfig.cmake:41 (include)
[0.098s]   /opt/ros/humble/share/ament_cmake/cmake/ament_cmake_export_dependencies-extras.cmake:15 (find_package)
[0.098s]   /opt/ros/humble/share/ament_cmake/cmake/ament_cmakeConfig.cmake:41 (include)
[0.098s]   CMakeLists.txt:9 (find_package)
[0.098s] 
[0.098s] 
[0.098s] -- Configuring incomplete, errors occurred!
[0.098s] See also "/home/dakota/.local/repos/control_framework/build/controller/CMakeFiles/CMakeOutput.log".
[0.099s] gmake: *** [Makefile:226: cmake_check_build_system] Error 1
[0.101s] Invoked command in '/home/dakota/.local/repos/control_framework/build/controller' returned '2': CONDA_PROMPT_MODIFIER=(base) /usr/bin/cmake --build /home/dakota/.local/repos/control_framework/build/controller -- -j28 -l28
