[0.005s] Invoking command in '/home/dakota/.local/repos/control_framework/build/control_framework_interfaces': CMAKE_PREFIX_PATH=${CMAKE_PREFIX_PATH}:/opt/ros/humble /usr/bin/cmake --build /home/dakota/.local/repos/control_framework/build/control_framework_interfaces -- -j28 -l28
[0.026s] -- Found ament_cmake: 1.3.14 (/opt/ros/humble/share/ament_cmake/cmake)
[0.102s] -- Found rosidl_default_generators: 1.2.1 (/opt/ros/humble/share/rosidl_default_generators/cmake)
[0.103s] -- Using all available rosidl_typesupport_c: rosidl_typesupport_fastrtps_c;rosidl_typesupport_introspection_c
[0.105s] -- Found rosidl_adapter: 3.1.8 (/opt/ros/humble/share/rosidl_adapter/cmake)
[0.125s] -- Using all available rosidl_typesupport_cpp: rosidl_typesupport_fastrtps_cpp;rosidl_typesupport_introspection_cpp
[0.236s] [31mCMake Error at /opt/ros/humble/share/rosidl_adapter/cmake/rosidl_adapt_interfaces.cmake:59 (message):
[0.236s]   execute_process(/usr/bin/python3 -m rosidl_adapter --package-name
[0.236s]   control_framework_interfaces --arguments-file
[0.236s]   /home/dakota/.local/repos/control_framework/build/control_framework_interfaces/rosidl_adapter__arguments__control_framework_interfaces.json
[0.236s]   --output-dir
[0.236s]   /home/dakota/.local/repos/control_framework/build/control_framework_interfaces/rosidl_adapter/control_framework_interfaces
[0.236s]   --output-file
[0.236s]   /home/dakota/.local/repos/control_framework/build/control_framework_interfaces/rosidl_adapter/control_framework_interfaces.idls)
[0.236s]   returned error code 1:
[0.237s] 
[0.237s]   Traceback (most recent call last):
[0.237s] 
[0.237s]     File "/usr/lib/python3.10/runpy.py", line 196, in _run_module_as_main
[0.237s]       return _run_code(code, main_globals, None,
[0.237s]     File "/usr/lib/python3.10/runpy.py", line 86, in _run_code
[0.237s]       exec(code, run_globals)
[0.237s]     File "/opt/ros/humble/local/lib/python3.10/dist-packages/rosidl_adapter/__main__.py", line 19, in <module>
[0.237s]       sys.exit(main())
[0.237s]     File "/opt/ros/humble/local/lib/python3.10/dist-packages/rosidl_adapter/main.py", line 53, in main
[0.237s]       abs_idl_file = convert_to_idl(
[0.237s]     File "/opt/ros/humble/local/lib/python3.10/dist-packages/rosidl_adapter/__init__.py", line 24, in convert_to_idl
[0.237s]       return convert_srv_to_idl(
[0.237s]     File "/opt/ros/humble/local/lib/python3.10/dist-packages/rosidl_adapter/srv/__init__.py", line 28, in convert_srv_to_idl
[0.237s]       srv = parse_service_string(package_name, input_file.stem, content)
[0.237s]     File "/opt/ros/humble/local/lib/python3.10/dist-packages/rosidl_adapter/parser.py", line 859, in parse_service_string
[0.237s]       request_message = parse_message_string(
[0.237s]     File "/opt/ros/humble/local/lib/python3.10/dist-packages/rosidl_adapter/parser.py", line 535, in parse_message_string
[0.237s]       constants.append(Constant(type_string, name, value))
[0.237s]     File "/opt/ros/humble/local/lib/python3.10/dist-packages/rosidl_adapter/parser.py", line 320, in __init__
[0.238s]       raise NameError(
[0.238s] 
[0.238s]   NameError: 'use_default_init' is an invalid constant name.  It should have
[0.238s]   the pattern '^[A-Z]([A-Z0-9_]?[A-Z0-9]+)*$'
[0.238s] 
[0.238s] Call Stack (most recent call first):
[0.238s]   /opt/ros/humble/share/rosidl_cmake/cmake/rosidl_generate_interfaces.cmake:130 (rosidl_adapt_interfaces)
[0.238s]   CMakeLists.txt:13 (rosidl_generate_interfaces)
[0.238s] 
[0.238s] [0m
[0.238s] -- Configuring incomplete, errors occurred!
[0.238s] See also "/home/dakota/.local/repos/control_framework/build/control_framework_interfaces/CMakeFiles/CMakeOutput.log".
[0.239s] gmake: *** [Makefile:1193: cmake_check_build_system] Error 1
[0.240s] Invoked command in '/home/dakota/.local/repos/control_framework/build/control_framework_interfaces' returned '2': CMAKE_PREFIX_PATH=${CMAKE_PREFIX_PATH}:/opt/ros/humble /usr/bin/cmake --build /home/dakota/.local/repos/control_framework/build/control_framework_interfaces -- -j28 -l28
