[0.005s] Invoking command in '/home/dakota/.local/repos/control_framework/build/controller': CMAKE_PREFIX_PATH=/home/dakota/.local/repos/control_framework/install/control_framework_interfaces:/home/dakota/.local/repos/control_framework/install/lockstep_sim:/home/dakota/.local/repos/control_framework/install/excel_record_logging:/home/dakota/.local/repos/control_framework/install/controller:/opt/ros/humble LD_LIBRARY_PATH=/home/dakota/.local/repos/control_framework/install/control_framework_interfaces/lib:/home/dakota/.local/repos/control_framework/install/controller/lib:/opt/ros/humble/opt/rviz_ogre_vendor/lib:/opt/ros/humble/lib/x86_64-linux-gnu:/opt/ros/humble/lib /usr/bin/cmake --build /home/dakota/.local/repos/control_framework/build/controller -- -j28 -l28
[0.028s] [35m[1mConsolidate compiler generated dependencies of target controller[0m
[0.034s] [ 50%] Built target controller
[0.041s] [35m[1mConsolidate compiler generated dependencies of target controller_node[0m
[0.052s] [ 66%] [32mBuilding CXX object CMakeFiles/controller_node.dir/src/controller_node.cpp.o[0m
[1.070s] [01m[K/home/dakota/.local/repos/control_framework/src/controller/src/controller_node.cpp:[m[K In constructor ‘[01m[KControllerNode::ControllerNode()[m[K’:
[1.070s] [01m[K/home/dakota/.local/repos/control_framework/src/controller/src/controller_node.cpp:10:1:[m[K [01;31m[Kerror: [m[Kexpected identifier before ‘[01m[K{[m[K’ token
[1.070s]    10 | [01;31m[K{[m[K
[1.070s]       | [01;31m[K^[m[K
[1.070s] [01m[K/home/dakota/.local/repos/control_framework/src/controller/src/controller_node.cpp:11:128:[m[K [01;31m[Kerror: [m[K‘[01m[Kjoint_state_callback[m[K’ is not a member of ‘[01m[KControllerNode[m[K’
[1.070s]    11 |     state_subscriber_ = this->create_subscription<sensor_msgs::msg::JointState>("joint_states", 10, std::bind(&ControllerNode::[01;31m[Kjoint_state_callback[m[K, this, _1)); //Need custom msg
[1.070s]       |                                                                                                                                [01;31m[K^~~~~~~~~~~~~~~~~~~~[m[K
[1.077s] [01m[K/home/dakota/.local/repos/control_framework/src/controller/src/controller_node.cpp:[m[K At global scope:
[1.077s] [01m[K/home/dakota/.local/repos/control_framework/src/controller/src/controller_node.cpp:35:6:[m[K [01;31m[Kerror: [m[Kno declaration matches ‘[01m[Kvoid ControllerNode::joint_state_callback(sensor_msgs::msg::JointState)[m[K’
[1.077s]    35 | void [01;31m[KControllerNode[m[K::joint_state_callback(const sensor_msgs::msg::JointState joint_state){
[1.077s]       |      [01;31m[K^~~~~~~~~~~~~~[m[K
[1.077s] [01m[K/home/dakota/.local/repos/control_framework/src/controller/src/controller_node.cpp:35:6:[m[K [01;36m[Knote: [m[Kno functions named ‘[01m[Kvoid ControllerNode::joint_state_callback(sensor_msgs::msg::JointState)[m[K’
[1.077s] In file included from [01m[K/home/dakota/.local/repos/control_framework/src/controller/src/controller_node.cpp:2[m[K:
[1.077s] [01m[K/home/dakota/.local/repos/control_framework/src/controller/src/../include/controller/controller_node.hpp:9:11:[m[K [01;36m[Knote: [m[K‘[01m[Kclass ControllerNode[m[K’ defined here
[1.077s]     9 |     class [01;36m[KControllerNode[m[K : public rclcpp::Node
[1.077s]       |           [01;36m[K^~~~~~~~~~~~~~[m[K
[1.438s] gmake[2]: *** [CMakeFiles/controller_node.dir/build.make:90: CMakeFiles/controller_node.dir/src/controller_node.cpp.o] Error 1
[1.438s] gmake[1]: *** [CMakeFiles/Makefile2:165: CMakeFiles/controller_node.dir/all] Error 2
[1.438s] gmake: *** [Makefile:146: all] Error 2
[1.440s] Invoked command in '/home/dakota/.local/repos/control_framework/build/controller' returned '2': CMAKE_PREFIX_PATH=/home/dakota/.local/repos/control_framework/install/control_framework_interfaces:/home/dakota/.local/repos/control_framework/install/lockstep_sim:/home/dakota/.local/repos/control_framework/install/excel_record_logging:/home/dakota/.local/repos/control_framework/install/controller:/opt/ros/humble LD_LIBRARY_PATH=/home/dakota/.local/repos/control_framework/install/control_framework_interfaces/lib:/home/dakota/.local/repos/control_framework/install/controller/lib:/opt/ros/humble/opt/rviz_ogre_vendor/lib:/opt/ros/humble/lib/x86_64-linux-gnu:/opt/ros/humble/lib /usr/bin/cmake --build /home/dakota/.local/repos/control_framework/build/controller -- -j28 -l28
