[0.006s] Invoking command in '/home/dakota/.local/repos/control_framework/build/sim': CMAKE_PREFIX_PATH=/home/dakota/.local/repos/control_framework/install/controller:/home/dakota/.local/repos/control_framework/install/control_framework_interfaces:/home/dakota/.local/repos/control_framework/install/sim:/home/dakota/.local/repos/control_framework/install/excel_record_logging:/opt/ros/humble LD_LIBRARY_PATH=/home/dakota/.local/repos/control_framework/install/control_framework_interfaces/lib:/home/dakota/.local/repos/control_framework/install/controller/lib:/opt/ros/humble/opt/rviz_ogre_vendor/lib:/opt/ros/humble/lib/x86_64-linux-gnu:/opt/ros/humble/lib /usr/bin/cmake --build /home/dakota/.local/repos/control_framework/build/sim -- -j28 -l28
[0.030s] [35m[1mConsolidate compiler generated dependencies of target parallel_sim[0m
[0.031s] [35m[1mConsolidate compiler generated dependencies of target lockstep_sim[0m
[0.036s] [ 25%] [32mBuilding CXX object CMakeFiles/parallel_sim.dir/src/main_parallel.cpp.o[0m
[0.037s] [ 25%] [32mBuilding CXX object CMakeFiles/parallel_sim.dir/src/render.cpp.o[0m
[0.040s] [ 37%] [32mBuilding CXX object CMakeFiles/lockstep_sim.dir/src/main_lockstep.cpp.o[0m
[0.042s] [01m[K/home/dakota/.local/repos/control_framework/src/lockstep_sim/src/main_parallel.cpp:1:10:[m[K [01;31m[Kfatal error: [m[K../include/lockstep_sim/parallel_sim.hpp: No such file or directory
[0.042s]     1 | #include [01;31m[K"../include/lockstep_sim/parallel_sim.hpp"[m[K
[0.042s]       |          [01;31m[K^~~~~~~~~~~~~~~~~~~~~~~~~~~~~~~~~~~~~~~~~~[m[K
[0.042s] [01m[K/home/dakota/.local/repos/control_framework/src/lockstep_sim/src/render.cpp:1:10:[m[K [01;31m[Kfatal error: [m[K../include/lockstep_sim/render.hpp: No such file or directory
[0.042s]     1 | #include [01;31m[K"../include/lockstep_sim/render.hpp"[m[K
[0.042s]       |          [01;31m[K^~~~~~~~~~~~~~~~~~~~~~~~~~~~~~~~~~~~[m[K
[0.042s] compilation terminated.
[0.042s] compilation terminated.
[0.042s] [ 50%] [32mBuilding CXX object CMakeFiles/lockstep_sim.dir/src/render.cpp.o[0m
[0.042s] gmake[2]: *** [CMakeFiles/parallel_sim.dir/build.make:76: CMakeFiles/parallel_sim.dir/src/main_parallel.cpp.o] Error 1
[0.042s] gmake[2]: *** Waiting for unfinished jobs....
[0.042s] gmake[2]: *** [CMakeFiles/parallel_sim.dir/build.make:104: CMakeFiles/parallel_sim.dir/src/render.cpp.o] Error 1
[0.042s] gmake[1]: *** [CMakeFiles/Makefile2:165: CMakeFiles/parallel_sim.dir/all] Error 2
[0.043s] gmake[1]: *** Waiting for unfinished jobs....
[0.047s] [01m[K/home/dakota/.local/repos/control_framework/src/lockstep_sim/src/render.cpp:1:10:[m[K [01;31m[Kfatal error: [m[K../include/lockstep_sim/render.hpp: No such file or directory
[0.047s]     1 | #include [01;31m[K"../include/lockstep_sim/render.hpp"[m[K
[0.047s]       |          [01;31m[K^~~~~~~~~~~~~~~~~~~~~~~~~~~~~~~~~~~~[m[K
[0.047s] compilation terminated.
[0.048s] gmake[2]: *** [CMakeFiles/lockstep_sim.dir/build.make:104: CMakeFiles/lockstep_sim.dir/src/render.cpp.o] Error 1
[0.048s] gmake[2]: *** Waiting for unfinished jobs....
[1.371s] gmake[1]: *** [CMakeFiles/Makefile2:139: CMakeFiles/lockstep_sim.dir/all] Error 2
[1.371s] gmake: *** [Makefile:146: all] Error 2
[1.373s] Invoked command in '/home/dakota/.local/repos/control_framework/build/sim' returned '2': CMAKE_PREFIX_PATH=/home/dakota/.local/repos/control_framework/install/controller:/home/dakota/.local/repos/control_framework/install/control_framework_interfaces:/home/dakota/.local/repos/control_framework/install/sim:/home/dakota/.local/repos/control_framework/install/excel_record_logging:/opt/ros/humble LD_LIBRARY_PATH=/home/dakota/.local/repos/control_framework/install/control_framework_interfaces/lib:/home/dakota/.local/repos/control_framework/install/controller/lib:/opt/ros/humble/opt/rviz_ogre_vendor/lib:/opt/ros/humble/lib/x86_64-linux-gnu:/opt/ros/humble/lib /usr/bin/cmake --build /home/dakota/.local/repos/control_framework/build/sim -- -j28 -l28
