-- Found ament_cmake: 1.3.14 (/opt/ros/humble/share/ament_cmake/cmake)
-- Found rclcpp: 16.0.19 (/opt/ros/humble/share/rclcpp/cmake)
-- Found rosidl_generator_c: 3.1.9 (/opt/ros/humble/share/rosidl_generator_c/cmake)
-- Found rosidl_adapter: 3.1.9 (/opt/ros/humble/share/rosidl_adapter/cmake)
-- Found rosidl_generator_cpp: 3.1.9 (/opt/ros/humble/share/rosidl_generator_cpp/cmake)
-- Using all available rosidl_typesupport_c: rosidl_typesupport_fastrtps_c;rosidl_typesupport_introspection_c
-- Using all available rosidl_typesupport_cpp: rosidl_typesupport_fastrtps_cpp;rosidl_typesupport_introspection_cpp
-- Found rmw_implementation_cmake: 6.1.2 (/opt/ros/humble/share/rmw_implementation_cmake/cmake)
-- Found rmw_fastrtps_cpp: 6.2.10 (/opt/ros/humble/share/rmw_fastrtps_cpp/cmake)
-- Using RMW implementation 'rmw_fastrtps_cpp' as default
-- Found sensor_msgs: 4.9.1 (/opt/ros/humble/share/sensor_msgs/cmake)
-- Found control_framework_interfaces: 0.0.0 (/home/dakota/.local/repos/control_framework/install/control_framework_interfaces/share/control_framework_interfaces/cmake)
[31mCMake Error at CMakeLists.txt:13 (find_package):
  By not providing "Findglfw3.cmake" in CMAKE_MODULE_PATH this project has
  asked CMake to find a package configuration file provided by "glfw3", but
  CMake did not find one.

  Could not find a package configuration file provided by "glfw3" with any of
  the following names:

    glfw3Config.cmake
    glfw3-config.cmake

  Add the installation prefix of "glfw3" to CMAKE_PREFIX_PATH or set
  "glfw3_DIR" to a directory containing one of the above files.  If "glfw3"
  provides a separate development package or SDK, be sure it has been
  installed.

[0m
-- Configuring incomplete, errors occurred!
See also "/home/dakota/.local/repos/control_framework/build/sim/CMakeFiles/CMakeOutput.log".
gmake: *** [Makefile:422: cmake_check_build_system] Error 1
