[0.006s] Invoking command in '/home/dakota/.local/repos/control_framework/build/control_framework_interfaces': CMAKE_PREFIX_PATH=${CMAKE_PREFIX_PATH}:/opt/ros/humble /usr/bin/cmake --build /home/dakota/.local/repos/control_framework/build/control_framework_interfaces -- -j28 -l28
[0.022s] -- Found ament_cmake: 1.3.14 (/opt/ros/humble/share/ament_cmake/cmake)
[0.086s] -- Found rosidl_default_generators: 1.2.1 (/opt/ros/humble/share/rosidl_default_generators/cmake)
[0.087s] -- Using all available rosidl_typesupport_c: rosidl_typesupport_fastrtps_c;rosidl_typesupport_introspection_c
[0.088s] -- Found rosidl_adapter: 3.1.8 (/opt/ros/humble/share/rosidl_adapter/cmake)
[0.102s] -- Using all available rosidl_typesupport_cpp: rosidl_typesupport_fastrtps_cpp;rosidl_typesupport_introspection_cpp
[0.198s] [31mCMake Error at /opt/ros/humble/share/rosidl_adapter/cmake/rosidl_adapt_interfaces.cmake:59 (message):
[0.198s]   execute_process(/usr/bin/python3 -m rosidl_adapter --package-name
[0.198s]   control_framework_interfaces --arguments-file
[0.198s]   /home/dakota/.local/repos/control_framework/build/control_framework_interfaces/rosidl_adapter__arguments__control_framework_interfaces.json
[0.198s]   --output-dir
[0.198s]   /home/dakota/.local/repos/control_framework/build/control_framework_interfaces/rosidl_adapter/control_framework_interfaces
[0.198s]   --output-file
[0.198s]   /home/dakota/.local/repos/control_framework/build/control_framework_interfaces/rosidl_adapter/control_framework_interfaces.idls)
[0.198s]   returned error code 1:
[0.198s] 
[0.198s]   Error processing 'float64[] posInit' of
[0.198s]   'control_framework_interfaces/InitState_Request': ''posInit' is an invalid
[0.198s]   field name.  It should have the pattern
[0.198s]   '^(?!.*__)(?!.*_$)[a-z][a-z0-9_]*$''
[0.198s] 
[0.198s]   Traceback (most recent call last):
[0.199s] 
[0.199s]     File "/usr/lib/python3.10/runpy.py", line 196, in _run_module_as_main
[0.199s]       return _run_code(code, main_globals, None,
[0.199s]     File "/usr/lib/python3.10/runpy.py", line 86, in _run_code
[0.199s]       exec(code, run_globals)
[0.199s]     File "/opt/ros/humble/local/lib/python3.10/dist-packages/rosidl_adapter/__main__.py", line 19, in <module>
[0.199s]       sys.exit(main())
[0.199s]     File "/opt/ros/humble/local/lib/python3.10/dist-packages/rosidl_adapter/main.py", line 53, in main
[0.199s]       abs_idl_file = convert_to_idl(
[0.199s]     File "/opt/ros/humble/local/lib/python3.10/dist-packages/rosidl_adapter/__init__.py", line 24, in convert_to_idl
[0.199s]       return convert_srv_to_idl(
[0.199s]     File "/opt/ros/humble/local/lib/python3.10/dist-packages/rosidl_adapter/srv/__init__.py", line 28, in convert_srv_to_idl
[0.199s]       srv = parse_service_string(package_name, input_file.stem, content)
[0.199s]     File "/opt/ros/humble/local/lib/python3.10/dist-packages/rosidl_adapter/parser.py", line 859, in parse_service_string
[0.199s]       request_message = parse_message_string(
[0.199s]     File "/opt/ros/humble/local/lib/python3.10/dist-packages/rosidl_adapter/parser.py", line 519, in parse_message_string
[0.199s]       fields.append(Field(
[0.199s]     File "/opt/ros/humble/local/lib/python3.10/dist-packages/rosidl_adapter/parser.py", line 354, in __init__
[0.199s]       raise NameError(
[0.199s] 
[0.199s]   NameError: 'posInit' is an invalid field name.  It should have the pattern
[0.199s]   '^(?!.*__)(?!.*_$)[a-z][a-z0-9_]*$'
[0.199s] 
[0.199s] Call Stack (most recent call first):
[0.199s]   /opt/ros/humble/share/rosidl_cmake/cmake/rosidl_generate_interfaces.cmake:130 (rosidl_adapt_interfaces)
[0.199s]   CMakeLists.txt:13 (rosidl_generate_interfaces)
[0.199s] 
[0.199s] [0m
[0.199s] -- Configuring incomplete, errors occurred!
[0.200s] See also "/home/dakota/.local/repos/control_framework/build/control_framework_interfaces/CMakeFiles/CMakeOutput.log".
[0.201s] gmake: *** [Makefile:977: cmake_check_build_system] Error 1
[0.202s] Invoked command in '/home/dakota/.local/repos/control_framework/build/control_framework_interfaces' returned '2': CMAKE_PREFIX_PATH=${CMAKE_PREFIX_PATH}:/opt/ros/humble /usr/bin/cmake --build /home/dakota/.local/repos/control_framework/build/control_framework_interfaces -- -j28 -l28
