[0.006s] Invoking command in '/home/dakota/.local/repos/control_framework/build/excel_record_logging': CMAKE_PREFIX_PATH=${CMAKE_PREFIX_PATH}:/opt/ros/humble /usr/bin/cmake --build /home/dakota/.local/repos/control_framework/build/excel_record_logging -- -j28 -l28
[0.022s] -- Found ament_cmake: 1.3.14 (/opt/ros/humble/share/ament_cmake/cmake)
[0.092s] -- Found rclcpp: 16.0.19 (/opt/ros/humble/share/rclcpp/cmake)
[0.105s] -- Found rosidl_generator_c: 3.1.8 (/opt/ros/humble/share/rosidl_generator_c/cmake)
[0.106s] -- Found rosidl_adapter: 3.1.8 (/opt/ros/humble/share/rosidl_adapter/cmake)
[0.109s] -- Found rosidl_generator_cpp: 3.1.8 (/opt/ros/humble/share/rosidl_generator_cpp/cmake)
[0.113s] -- Using all available rosidl_typesupport_c: rosidl_typesupport_fastrtps_c;rosidl_typesupport_introspection_c
[0.119s] -- Using all available rosidl_typesupport_cpp: rosidl_typesupport_fastrtps_cpp;rosidl_typesupport_introspection_cpp
[0.133s] -- Found rmw_implementation_cmake: 6.1.2 (/opt/ros/humble/share/rmw_implementation_cmake/cmake)
[0.134s] -- Found rmw_fastrtps_cpp: 6.2.10 (/opt/ros/humble/share/rmw_fastrtps_cpp/cmake)
[0.185s] -- Using RMW implementation 'rmw_fastrtps_cpp' as default
[0.208s] -- Found ament_lint_auto: 0.12.15 (/opt/ros/humble/share/ament_lint_auto/cmake)
[0.241s] -- Added test 'cppcheck' to perform static code analysis on C / C++ code
[0.241s] -- Configured cppcheck include dirs: 
[0.241s] -- Configured cppcheck exclude dirs and/or files: 
[0.241s] -- Added test 'lint_cmake' to check CMake code style
[0.241s] -- Added test 'uncrustify' to check C / C++ code style
[0.241s] -- Configured uncrustify additional arguments: 
[0.241s] -- Added test 'xmllint' to check XML markup files
[0.242s] -- Configuring done
[0.244s] -- Generating done
[0.245s] -- Build files have been written to: /home/dakota/.local/repos/control_framework/build/excel_record_logging
[0.258s] [35m[1mConsolidate compiler generated dependencies of target excel_logger[0m
[0.264s] [ 33%] [32mBuilding CXX object CMakeFiles/excel_logger.dir/src/main.cpp.o[0m
[0.277s] [ 66%] [32m[1mLinking CXX executable excel_logger[0m
[0.294s] /usr/bin/ld: /usr/lib/gcc/x86_64-linux-gnu/11/../../../x86_64-linux-gnu/Scrt1.o: in function `_start':
[0.294s] (.text+0x1b): undefined reference to `main'
[0.294s] collect2: error: ld returned 1 exit status
[0.295s] gmake[2]: *** [CMakeFiles/excel_logger.dir/build.make:113: excel_logger] Error 1
[0.295s] gmake[1]: *** [CMakeFiles/Makefile2:137: CMakeFiles/excel_logger.dir/all] Error 2
[0.295s] gmake: *** [Makefile:146: all] Error 2
[0.297s] Invoked command in '/home/dakota/.local/repos/control_framework/build/excel_record_logging' returned '2': CMAKE_PREFIX_PATH=${CMAKE_PREFIX_PATH}:/opt/ros/humble /usr/bin/cmake --build /home/dakota/.local/repos/control_framework/build/excel_record_logging -- -j28 -l28
