[0.005s] Invoking command in '/home/dakota/.local/repos/control_framework/build/lockstep_sim': CMAKE_PREFIX_PATH=/home/dakota/.local/repos/control_framework/install/control_framework_interfaces:/home/dakota/.local/repos/control_framework/install/lockstep_sim:/opt/ros/humble /usr/bin/cmake --build /home/dakota/.local/repos/control_framework/build/lockstep_sim -- -j28 -l28
[0.018s] -- Found ament_cmake: 1.3.14 (/opt/ros/humble/share/ament_cmake/cmake)
[0.078s] -- Found rclcpp: 16.0.19 (/opt/ros/humble/share/rclcpp/cmake)
[0.094s] -- Found rosidl_generator_c: 3.1.8 (/opt/ros/humble/share/rosidl_generator_c/cmake)
[0.095s] -- Found rosidl_adapter: 3.1.8 (/opt/ros/humble/share/rosidl_adapter/cmake)
[0.098s] -- Found rosidl_generator_cpp: 3.1.8 (/opt/ros/humble/share/rosidl_generator_cpp/cmake)
[0.102s] -- Using all available rosidl_typesupport_c: rosidl_typesupport_fastrtps_c;rosidl_typesupport_introspection_c
[0.108s] -- Using all available rosidl_typesupport_cpp: rosidl_typesupport_fastrtps_cpp;rosidl_typesupport_introspection_cpp
[0.128s] -- Found rmw_implementation_cmake: 6.1.2 (/opt/ros/humble/share/rmw_implementation_cmake/cmake)
[0.129s] -- Found rmw_fastrtps_cpp: 6.2.10 (/opt/ros/humble/share/rmw_fastrtps_cpp/cmake)
[0.190s] -- Using RMW implementation 'rmw_fastrtps_cpp' as default
[0.220s] -- Found sensor_msgs: 4.9.1 (/opt/ros/humble/share/sensor_msgs/cmake)
[0.237s] -- Found control_framework_interfaces: 0.0.0 (/home/dakota/.local/repos/control_framework/install/control_framework_interfaces/share/control_framework_interfaces/cmake)
[0.242s] -- Found std_srvs: 4.9.1 (/opt/ros/humble/share/std_srvs/cmake)
[0.249s] -- Found ament_lint_auto: 0.12.15 (/opt/ros/humble/share/ament_lint_auto/cmake)
[0.288s] -- Added test 'cppcheck' to perform static code analysis on C / C++ code
[0.288s] -- Configured cppcheck include dirs: 
[0.288s] -- Configured cppcheck exclude dirs and/or files: 
[0.288s] -- Added test 'lint_cmake' to check CMake code style
[0.288s] -- Added test 'uncrustify' to check C / C++ code style
[0.288s] -- Configured uncrustify additional arguments: 
[0.288s] -- Added test 'xmllint' to check XML markup files
[0.289s] -- Configuring done
[0.296s] -- Generating done
[0.298s] -- Build files have been written to: /home/dakota/.local/repos/control_framework/build/lockstep_sim
[0.313s] [35m[1mConsolidate compiler generated dependencies of target lockstep_sim[0m
[0.326s] [ 25%] [32mBuilding CXX object CMakeFiles/lockstep_sim.dir/src/main.cpp.o[0m
[0.326s] [ 50%] [32mBuilding CXX object CMakeFiles/lockstep_sim.dir/src/lockstep_sim.cpp.o[0m
[1.390s] [01m[K/home/dakota/.local/repos/control_framework/src/lockstep_sim/src/lockstep_sim.cpp:[m[K In member function ‘[01m[Kvoid LockStepSim::reset_to_default_initial_position(std::shared_ptr<std_srvs::srv::Trigger_Request_<std::allocator<void> > >, std::shared_ptr<std_srvs::srv::Trigger_Response_<std::allocator<void> > >)[m[K’:
[1.391s] [01m[K/home/dakota/.local/repos/control_framework/src/lockstep_sim/src/lockstep_sim.cpp:133:108:[m[K [01;35m[Kwarning: [m[Kunused parameter ‘[01m[Krequest[m[K’ [[01;35m[K]8;;https://gcc.gnu.org/onlinedocs/gcc/Warning-Options.html#index-Wunused-parameter-Wunused-parameter]8;;[m[K]
[1.391s]   133 | void LockStepSim::reset_to_default_initial_position([01;35m[Kconst std::shared_ptr<std_srvs::srv::Trigger::Request> request[m[K,
[1.391s]       |                                                     [01;35m[K~~~~~~~~~~~~~~~~~~~~~~~~~~~~~~~~~~~~~~~~~~~~~~~~~~~~~~~^~~~~~~[m[K
[1.391s] [01m[K/home/dakota/.local/repos/control_framework/src/lockstep_sim/src/lockstep_sim.cpp:[m[K In member function ‘[01m[Kvoid LockStepSim::reset_to_custom_initial_position(std::shared_ptr<std_srvs::srv::Trigger_Request_<std::allocator<void> > >, std::shared_ptr<std_srvs::srv::Trigger_Response_<std::allocator<void> > >)[m[K’:
[1.391s] [01m[K/home/dakota/.local/repos/control_framework/src/lockstep_sim/src/lockstep_sim.cpp:151:107:[m[K [01;35m[Kwarning: [m[Kunused parameter ‘[01m[Krequest[m[K’ [[01;35m[K]8;;https://gcc.gnu.org/onlinedocs/gcc/Warning-Options.html#index-Wunused-parameter-Wunused-parameter]8;;[m[K]
[1.391s]   151 | void LockStepSim::reset_to_custom_initial_position([01;35m[Kconst std::shared_ptr<std_srvs::srv::Trigger::Request> request[m[K,
[1.391s]       |                                                    [01;35m[K~~~~~~~~~~~~~~~~~~~~~~~~~~~~~~~~~~~~~~~~~~~~~~~~~~~~~~~^~~~~~~[m[K
[2.913s] [ 75%] [32m[1mLinking CXX executable lockstep_sim[0m
[3.053s] [100%] Built target lockstep_sim
[3.061s] Invoked command in '/home/dakota/.local/repos/control_framework/build/lockstep_sim' returned '0': CMAKE_PREFIX_PATH=/home/dakota/.local/repos/control_framework/install/control_framework_interfaces:/home/dakota/.local/repos/control_framework/install/lockstep_sim:/opt/ros/humble /usr/bin/cmake --build /home/dakota/.local/repos/control_framework/build/lockstep_sim -- -j28 -l28
[3.062s] Invoking command in '/home/dakota/.local/repos/control_framework/build/lockstep_sim': CMAKE_PREFIX_PATH=/home/dakota/.local/repos/control_framework/install/control_framework_interfaces:/home/dakota/.local/repos/control_framework/install/lockstep_sim:/opt/ros/humble /usr/bin/cmake --install /home/dakota/.local/repos/control_framework/build/lockstep_sim
[3.067s] -- Install configuration: ""
[3.067s] -- Installing: /home/dakota/.local/repos/control_framework/install/lockstep_sim/lib/lockstep_sim/lockstep_sim
[3.069s] -- Set runtime path of "/home/dakota/.local/repos/control_framework/install/lockstep_sim/lib/lockstep_sim/lockstep_sim" to ""
[3.069s] -- Up-to-date: /home/dakota/.local/repos/control_framework/install/lockstep_sim/share/lockstep_sim/models
[3.069s] -- Up-to-date: /home/dakota/.local/repos/control_framework/install/lockstep_sim/share/lockstep_sim/models/cart_pole_urdf.xml
[3.069s] -- Up-to-date: /home/dakota/.local/repos/control_framework/install/lockstep_sim/share/lockstep_sim/models/cart_pole_mjcf.xml
[3.069s] -- Up-to-date: /home/dakota/.local/repos/control_framework/install/lockstep_sim/share/ament_index/resource_index/package_run_dependencies/lockstep_sim
[3.070s] -- Installing: /home/dakota/.local/repos/control_framework/install/lockstep_sim/share/ament_index/resource_index/parent_prefix_path/lockstep_sim
[3.070s] -- Up-to-date: /home/dakota/.local/repos/control_framework/install/lockstep_sim/share/lockstep_sim/environment/ament_prefix_path.sh
[3.070s] -- Installing: /home/dakota/.local/repos/control_framework/install/lockstep_sim/share/lockstep_sim/environment/ament_prefix_path.dsv
[3.070s] -- Up-to-date: /home/dakota/.local/repos/control_framework/install/lockstep_sim/share/lockstep_sim/environment/path.sh
[3.070s] -- Installing: /home/dakota/.local/repos/control_framework/install/lockstep_sim/share/lockstep_sim/environment/path.dsv
[3.070s] -- Up-to-date: /home/dakota/.local/repos/control_framework/install/lockstep_sim/share/lockstep_sim/local_setup.bash
[3.070s] -- Up-to-date: /home/dakota/.local/repos/control_framework/install/lockstep_sim/share/lockstep_sim/local_setup.sh
[3.070s] -- Up-to-date: /home/dakota/.local/repos/control_framework/install/lockstep_sim/share/lockstep_sim/local_setup.zsh
[3.070s] -- Installing: /home/dakota/.local/repos/control_framework/install/lockstep_sim/share/lockstep_sim/local_setup.dsv
[3.070s] -- Installing: /home/dakota/.local/repos/control_framework/install/lockstep_sim/share/lockstep_sim/package.dsv
[3.070s] -- Up-to-date: /home/dakota/.local/repos/control_framework/install/lockstep_sim/share/ament_index/resource_index/packages/lockstep_sim
[3.070s] -- Up-to-date: /home/dakota/.local/repos/control_framework/install/lockstep_sim/share/lockstep_sim/cmake/lockstep_simConfig.cmake
[3.070s] -- Up-to-date: /home/dakota/.local/repos/control_framework/install/lockstep_sim/share/lockstep_sim/cmake/lockstep_simConfig-version.cmake
[3.070s] -- Up-to-date: /home/dakota/.local/repos/control_framework/install/lockstep_sim/share/lockstep_sim/package.xml
[3.071s] Invoked command in '/home/dakota/.local/repos/control_framework/build/lockstep_sim' returned '0': CMAKE_PREFIX_PATH=/home/dakota/.local/repos/control_framework/install/control_framework_interfaces:/home/dakota/.local/repos/control_framework/install/lockstep_sim:/opt/ros/humble /usr/bin/cmake --install /home/dakota/.local/repos/control_framework/build/lockstep_sim
