[0.006s] Invoking command in '/home/dakota/.local/repos/control_framework/build/control_framework_interfaces': CMAKE_PREFIX_PATH=${CMAKE_PREFIX_PATH}:/opt/ros/humble /usr/bin/cmake /home/dakota/.local/repos/control_framework/src/control_framework_interfaces -DCMAKE_INSTALL_PREFIX=/home/dakota/.local/repos/control_framework/install/control_framework_interfaces
[0.040s] -- The C compiler identification is GNU 11.4.0
[0.070s] -- The CXX compiler identification is GNU 11.4.0
[0.074s] -- Detecting C compiler ABI info
[0.114s] -- Detecting C compiler ABI info - done
[0.118s] -- Check for working C compiler: /usr/bin/cc - skipped
[0.118s] -- Detecting C compile features
[0.118s] -- Detecting C compile features - done
[0.119s] -- Detecting CXX compiler ABI info
[0.166s] -- Detecting CXX compiler ABI info - done
[0.172s] -- Check for working CXX compiler: /usr/bin/c++ - skipped
[0.172s] -- Detecting CXX compile features
[0.172s] -- Detecting CXX compile features - done
[0.173s] -- Found ament_cmake: 1.3.14 (/opt/ros/humble/share/ament_cmake/cmake)
[0.262s] -- Found Python3: /usr/bin/python3 (found version "3.10.12") found components: Interpreter 
[0.300s] -- Found rosidl_default_generators: 1.2.1 (/opt/ros/humble/share/rosidl_default_generators/cmake)
[0.301s] -- Using all available rosidl_typesupport_c: rosidl_typesupport_fastrtps_c;rosidl_typesupport_introspection_c
[0.304s] -- Found rosidl_adapter: 3.1.8 (/opt/ros/humble/share/rosidl_adapter/cmake)
[0.320s] -- Using all available rosidl_typesupport_cpp: rosidl_typesupport_fastrtps_cpp;rosidl_typesupport_introspection_cpp
[0.467s] -- Found ament_cmake_ros: 0.10.0 (/opt/ros/humble/share/ament_cmake_ros/cmake)
[0.566s] -- Using all available rosidl_typesupport_c: rosidl_typesupport_fastrtps_c;rosidl_typesupport_introspection_c
[0.683s] -- Using all available rosidl_typesupport_cpp: rosidl_typesupport_fastrtps_cpp;rosidl_typesupport_introspection_cpp
[0.695s] -- Found PythonInterp: /usr/bin/python3 (found suitable version "3.10.12", minimum required is "3.6") 
[0.695s] -- Found python_cmake_module: 0.10.0 (/opt/ros/humble/share/python_cmake_module/cmake)
[0.709s] -- Found PythonLibs: /usr/lib/x86_64-linux-gnu/libpython3.10.so (found suitable version "3.10.12", minimum required is "3.5") 
[0.709s] -- Using PYTHON_EXECUTABLE: /usr/bin/python3
[0.709s] -- Using PYTHON_INCLUDE_DIRS: /usr/include/python3.10
[0.710s] -- Using PYTHON_LIBRARIES: /usr/lib/x86_64-linux-gnu/libpython3.10.so
[0.722s] -- Found PythonExtra: .so  
[0.769s] -- Found ament_lint_auto: 0.12.15 (/opt/ros/humble/share/ament_lint_auto/cmake)
[0.775s] -- Added test 'lint_cmake' to check CMake code style
[0.775s] -- Added test 'xmllint' to check XML markup files
[0.776s] -- Configuring done
[0.792s] -- Generating done
[0.797s] -- Build files have been written to: /home/dakota/.local/repos/control_framework/build/control_framework_interfaces
[0.802s] Invoked command in '/home/dakota/.local/repos/control_framework/build/control_framework_interfaces' returned '0': CMAKE_PREFIX_PATH=${CMAKE_PREFIX_PATH}:/opt/ros/humble /usr/bin/cmake /home/dakota/.local/repos/control_framework/src/control_framework_interfaces -DCMAKE_INSTALL_PREFIX=/home/dakota/.local/repos/control_framework/install/control_framework_interfaces
[0.803s] Invoking command in '/home/dakota/.local/repos/control_framework/build/control_framework_interfaces': CMAKE_PREFIX_PATH=${CMAKE_PREFIX_PATH}:/opt/ros/humble /usr/bin/cmake --build /home/dakota/.local/repos/control_framework/build/control_framework_interfaces -- -j28 -l28
[0.829s] [  1%] [34m[1mGenerating C code for ROS interfaces[0m
[0.835s] [  3%] [34m[1mGenerating C++ code for ROS interfaces[0m
[0.835s] [  4%] [34m[1mGenerating Rust code for ROS interfaces[0m
[0.840s] [  4%] Built target ament_cmake_python_copy_control_framework_interfaces
[0.941s] running egg_info
[0.941s] creating control_framework_interfaces.egg-info
[0.941s] writing control_framework_interfaces.egg-info/PKG-INFO
[0.941s] writing dependency_links to control_framework_interfaces.egg-info/dependency_links.txt
[0.942s] writing top-level names to control_framework_interfaces.egg-info/top_level.txt
[0.942s] writing manifest file 'control_framework_interfaces.egg-info/SOURCES.txt'
[0.942s] reading manifest file 'control_framework_interfaces.egg-info/SOURCES.txt'
[0.942s] writing manifest file 'control_framework_interfaces.egg-info/SOURCES.txt'
[0.957s] [  4%] Built target ament_cmake_python_build_control_framework_interfaces_egg
[0.982s] [  4%] Built target control_framework_interfaces__rs
[1.058s] [  6%] [32mBuilding C object CMakeFiles/control_framework_interfaces__rosidl_generator_c.dir/rosidl_generator_c/control_framework_interfaces/srv/detail/reset_record__functions.c.o[0m
[1.059s] [  7%] [32mBuilding C object CMakeFiles/control_framework_interfaces__rosidl_generator_c.dir/rosidl_generator_c/control_framework_interfaces/msg/detail/joint_state__functions.c.o[0m
[1.060s] [  9%] [32mBuilding C object CMakeFiles/control_framework_interfaces__rosidl_generator_c.dir/rosidl_generator_c/control_framework_interfaces/msg/detail/control_input__functions.c.o[0m
[1.060s] [ 10%] [32mBuilding C object CMakeFiles/control_framework_interfaces__rosidl_generator_c.dir/rosidl_generator_c/control_framework_interfaces/srv/detail/init_state__functions.c.o[0m
[1.060s] [ 12%] [32mBuilding C object CMakeFiles/control_framework_interfaces__rosidl_generator_c.dir/rosidl_generator_c/control_framework_interfaces/srv/detail/controller_select__functions.c.o[0m
[1.063s] [ 12%] Built target control_framework_interfaces__cpp
[1.068s] [ 14%] [34m[1mGenerating C++ type support dispatch for ROS interfaces[0m
[1.070s] [ 17%] [34m[1mGenerating C++ type support for eProsima Fast-RTPS[0m
[1.070s] [ 17%] [34m[1mGenerating C++ introspection for ROS interfaces[0m
[1.098s] [ 18%] [32m[1mLinking C shared library libcontrol_framework_interfaces__rosidl_generator_c.so[0m
[1.118s] [ 18%] Built target control_framework_interfaces__rosidl_generator_c
[1.124s] [ 20%] [34m[1mGenerating C type support dispatch for ROS interfaces[0m
[1.125s] [ 23%] [34m[1mGenerating C type support for eProsima Fast-RTPS[0m
[1.125s] [ 23%] [34m[1mGenerating C introspection for ROS interfaces[0m
[1.226s] [ 26%] [32mBuilding CXX object CMakeFiles/control_framework_interfaces__rosidl_typesupport_cpp.dir/rosidl_typesupport_cpp/control_framework_interfaces/msg/control_input__type_support.cpp.o[0m
[1.226s] [ 26%] [32mBuilding CXX object CMakeFiles/control_framework_interfaces__rosidl_typesupport_cpp.dir/rosidl_typesupport_cpp/control_framework_interfaces/srv/reset_record__type_support.cpp.o[0m
[1.227s] [ 29%] [32mBuilding CXX object CMakeFiles/control_framework_interfaces__rosidl_typesupport_cpp.dir/rosidl_typesupport_cpp/control_framework_interfaces/msg/joint_state__type_support.cpp.o[0m
[1.227s] [ 29%] [32mBuilding CXX object CMakeFiles/control_framework_interfaces__rosidl_typesupport_cpp.dir/rosidl_typesupport_cpp/control_framework_interfaces/srv/controller_select__type_support.cpp.o[0m
[1.228s] [ 31%] [32mBuilding CXX object CMakeFiles/control_framework_interfaces__rosidl_typesupport_cpp.dir/rosidl_typesupport_cpp/control_framework_interfaces/srv/init_state__type_support.cpp.o[0m
[1.254s] [ 34%] [32mBuilding CXX object CMakeFiles/control_framework_interfaces__rosidl_typesupport_introspection_cpp.dir/rosidl_typesupport_introspection_cpp/control_framework_interfaces/msg/detail/joint_state__type_support.cpp.o[0m
[1.254s] [ 34%] [32mBuilding CXX object CMakeFiles/control_framework_interfaces__rosidl_typesupport_introspection_cpp.dir/rosidl_typesupport_introspection_cpp/control_framework_interfaces/srv/detail/reset_record__type_support.cpp.o[0m
[1.255s] [ 35%] [32mBuilding CXX object CMakeFiles/control_framework_interfaces__rosidl_typesupport_introspection_cpp.dir/rosidl_typesupport_introspection_cpp/control_framework_interfaces/msg/detail/control_input__type_support.cpp.o[0m
[1.255s] [ 37%] [32mBuilding CXX object CMakeFiles/control_framework_interfaces__rosidl_typesupport_introspection_cpp.dir/rosidl_typesupport_introspection_cpp/control_framework_interfaces/srv/detail/init_state__type_support.cpp.o[0m
[1.255s] [ 39%] [32mBuilding CXX object CMakeFiles/control_framework_interfaces__rosidl_typesupport_introspection_cpp.dir/rosidl_typesupport_introspection_cpp/control_framework_interfaces/srv/detail/controller_select__type_support.cpp.o[0m
[1.282s] [ 40%] [32mBuilding CXX object CMakeFiles/control_framework_interfaces__rosidl_typesupport_c.dir/rosidl_typesupport_c/control_framework_interfaces/msg/control_input__type_support.cpp.o[0m
[1.283s] [ 43%] [32mBuilding CXX object CMakeFiles/control_framework_interfaces__rosidl_typesupport_c.dir/rosidl_typesupport_c/control_framework_interfaces/srv/reset_record__type_support.cpp.o[0m
[1.283s] [ 43%] [32mBuilding CXX object CMakeFiles/control_framework_interfaces__rosidl_typesupport_c.dir/rosidl_typesupport_c/control_framework_interfaces/msg/joint_state__type_support.cpp.o[0m
[1.283s] [ 46%] [32mBuilding CXX object CMakeFiles/control_framework_interfaces__rosidl_typesupport_c.dir/rosidl_typesupport_c/control_framework_interfaces/srv/controller_select__type_support.cpp.o[0m
[1.283s] [ 46%] [32mBuilding CXX object CMakeFiles/control_framework_interfaces__rosidl_typesupport_c.dir/rosidl_typesupport_c/control_framework_interfaces/srv/init_state__type_support.cpp.o[0m
[1.291s] [ 51%] [32mBuilding CXX object CMakeFiles/control_framework_interfaces__rosidl_typesupport_fastrtps_cpp.dir/rosidl_typesupport_fastrtps_cpp/control_framework_interfaces/msg/detail/dds_fastrtps/joint_state__type_support.cpp.o[0m
[1.291s] [ 51%] [32mBuilding CXX object CMakeFiles/control_framework_interfaces__rosidl_typesupport_fastrtps_cpp.dir/rosidl_typesupport_fastrtps_cpp/control_framework_interfaces/srv/detail/dds_fastrtps/init_state__type_support.cpp.o[0m
[1.291s] [ 51%] [32mBuilding CXX object CMakeFiles/control_framework_interfaces__rosidl_typesupport_fastrtps_cpp.dir/rosidl_typesupport_fastrtps_cpp/control_framework_interfaces/msg/detail/dds_fastrtps/control_input__type_support.cpp.o[0m
[1.291s] [ 53%] [32mBuilding CXX object CMakeFiles/control_framework_interfaces__rosidl_typesupport_fastrtps_cpp.dir/rosidl_typesupport_fastrtps_cpp/control_framework_interfaces/srv/detail/dds_fastrtps/controller_select__type_support.cpp.o[0m
[1.291s] [ 54%] [32mBuilding CXX object CMakeFiles/control_framework_interfaces__rosidl_typesupport_fastrtps_cpp.dir/rosidl_typesupport_fastrtps_cpp/control_framework_interfaces/srv/detail/dds_fastrtps/reset_record__type_support.cpp.o[0m
[1.306s] [ 56%] [32m[1mLinking CXX shared library libcontrol_framework_interfaces__rosidl_typesupport_c.so[0m
[1.330s] [ 56%] Built target control_framework_interfaces__rosidl_typesupport_c
[1.337s] [ 57%] [32mBuilding C object CMakeFiles/control_framework_interfaces__rosidl_typesupport_introspection_c.dir/rosidl_typesupport_introspection_c/control_framework_interfaces/msg/detail/control_input__type_support.c.o[0m
[1.338s] [ 60%] [32mBuilding C object CMakeFiles/control_framework_interfaces__rosidl_typesupport_introspection_c.dir/rosidl_typesupport_introspection_c/control_framework_interfaces/msg/detail/joint_state__type_support.c.o[0m
[1.338s] [ 60%] [32mBuilding C object CMakeFiles/control_framework_interfaces__rosidl_typesupport_introspection_c.dir/rosidl_typesupport_introspection_c/control_framework_interfaces/srv/detail/init_state__type_support.c.o[0m
[1.338s] [ 64%] [32mBuilding C object CMakeFiles/control_framework_interfaces__rosidl_typesupport_introspection_c.dir/rosidl_typesupport_introspection_c/control_framework_interfaces/srv/detail/reset_record__type_support.c.o[0m
[1.338s] [ 64%] [32mBuilding C object CMakeFiles/control_framework_interfaces__rosidl_typesupport_introspection_c.dir/rosidl_typesupport_introspection_c/control_framework_interfaces/srv/detail/controller_select__type_support.c.o[0m
[1.366s] [ 65%] [32m[1mLinking C shared library libcontrol_framework_interfaces__rosidl_typesupport_introspection_c.so[0m
[1.373s] [ 67%] [32mBuilding CXX object CMakeFiles/control_framework_interfaces__rosidl_typesupport_fastrtps_c.dir/rosidl_typesupport_fastrtps_c/control_framework_interfaces/srv/detail/init_state__type_support_c.cpp.o[0m
[1.373s] [ 71%] [32mBuilding CXX object CMakeFiles/control_framework_interfaces__rosidl_typesupport_fastrtps_c.dir/rosidl_typesupport_fastrtps_c/control_framework_interfaces/srv/detail/reset_record__type_support_c.cpp.o[0m
[1.373s] [ 71%] [32mBuilding CXX object CMakeFiles/control_framework_interfaces__rosidl_typesupport_fastrtps_c.dir/rosidl_typesupport_fastrtps_c/control_framework_interfaces/msg/detail/control_input__type_support_c.cpp.o[0m
[1.373s] [ 71%] [32mBuilding CXX object CMakeFiles/control_framework_interfaces__rosidl_typesupport_fastrtps_c.dir/rosidl_typesupport_fastrtps_c/control_framework_interfaces/srv/detail/controller_select__type_support_c.cpp.o[0m
[1.373s] [ 73%] [32mBuilding CXX object CMakeFiles/control_framework_interfaces__rosidl_typesupport_fastrtps_c.dir/rosidl_typesupport_fastrtps_c/control_framework_interfaces/msg/detail/joint_state__type_support_c.cpp.o[0m
[1.389s] [ 73%] Built target control_framework_interfaces__rosidl_typesupport_introspection_c
[1.459s] [ 75%] [32m[1mLinking CXX shared library libcontrol_framework_interfaces__rosidl_typesupport_cpp.so[0m
[1.483s] [ 75%] Built target control_framework_interfaces__rosidl_typesupport_cpp
[1.561s] [ 76%] [32m[1mLinking CXX shared library libcontrol_framework_interfaces__rosidl_typesupport_introspection_cpp.so[0m
[1.603s] [ 76%] Built target control_framework_interfaces__rosidl_typesupport_introspection_cpp
[1.604s] [ 78%] [32m[1mLinking CXX shared library libcontrol_framework_interfaces__rosidl_typesupport_fastrtps_cpp.so[0m
[1.621s] [ 79%] [32m[1mLinking CXX shared library libcontrol_framework_interfaces__rosidl_typesupport_fastrtps_c.so[0m
[1.657s] [ 79%] Built target control_framework_interfaces__rosidl_typesupport_fastrtps_cpp
[1.665s] [ 79%] Built target control_framework_interfaces__rosidl_typesupport_fastrtps_c
[1.677s] [ 79%] Built target control_framework_interfaces
[1.689s] [ 81%] [34m[1mGenerating Python code for ROS interfaces[0m
[2.033s] [ 81%] Built target control_framework_interfaces__py
[2.046s] [ 84%] [32mBuilding C object CMakeFiles/control_framework_interfaces__rosidl_generator_py.dir/rosidl_generator_py/control_framework_interfaces/msg/_joint_state_s.c.o[0m
[2.046s] [ 84%] [32mBuilding C object CMakeFiles/control_framework_interfaces__rosidl_generator_py.dir/rosidl_generator_py/control_framework_interfaces/msg/_control_input_s.c.o[0m
[2.046s] [ 85%] [32mBuilding C object CMakeFiles/control_framework_interfaces__rosidl_generator_py.dir/rosidl_generator_py/control_framework_interfaces/srv/_init_state_s.c.o[0m
[2.046s] [ 89%] [32mBuilding C object CMakeFiles/control_framework_interfaces__rosidl_generator_py.dir/rosidl_generator_py/control_framework_interfaces/srv/_reset_record_s.c.o[0m
[2.046s] [ 89%] [32mBuilding C object CMakeFiles/control_framework_interfaces__rosidl_generator_py.dir/rosidl_generator_py/control_framework_interfaces/srv/_controller_select_s.c.o[0m
[2.108s] [ 90%] [32m[1mLinking C shared library rosidl_generator_py/control_framework_interfaces/libcontrol_framework_interfaces__rosidl_generator_py.so[0m
[2.128s] [ 90%] Built target control_framework_interfaces__rosidl_generator_py
[2.140s] [ 92%] [32mBuilding C object CMakeFiles/control_framework_interfaces__rosidl_typesupport_c__pyext.dir/rosidl_generator_py/control_framework_interfaces/_control_framework_interfaces_s.ep.rosidl_typesupport_c.c.o[0m
[2.141s] [ 93%] [32mBuilding C object CMakeFiles/control_framework_interfaces__rosidl_typesupport_introspection_c__pyext.dir/rosidl_generator_py/control_framework_interfaces/_control_framework_interfaces_s.ep.rosidl_typesupport_introspection_c.c.o[0m
[2.141s] [ 95%] [32mBuilding C object CMakeFiles/control_framework_interfaces__rosidl_typesupport_fastrtps_c__pyext.dir/rosidl_generator_py/control_framework_interfaces/_control_framework_interfaces_s.ep.rosidl_typesupport_fastrtps_c.c.o[0m
[2.193s] [ 96%] [32m[1mLinking C shared library rosidl_generator_py/control_framework_interfaces/control_framework_interfaces_s__rosidl_typesupport_c.cpython-310-x86_64-linux-gnu.so[0m
[2.194s] [ 98%] [32m[1mLinking C shared library rosidl_generator_py/control_framework_interfaces/control_framework_interfaces_s__rosidl_typesupport_introspection_c.cpython-310-x86_64-linux-gnu.so[0m
[2.197s] [100%] [32m[1mLinking C shared library rosidl_generator_py/control_framework_interfaces/control_framework_interfaces_s__rosidl_typesupport_fastrtps_c.cpython-310-x86_64-linux-gnu.so[0m
[2.213s] [100%] Built target control_framework_interfaces__rosidl_typesupport_introspection_c__pyext
[2.215s] [100%] Built target control_framework_interfaces__rosidl_typesupport_c__pyext
[2.219s] [100%] Built target control_framework_interfaces__rosidl_typesupport_fastrtps_c__pyext
[2.226s] Invoked command in '/home/dakota/.local/repos/control_framework/build/control_framework_interfaces' returned '0': CMAKE_PREFIX_PATH=${CMAKE_PREFIX_PATH}:/opt/ros/humble /usr/bin/cmake --build /home/dakota/.local/repos/control_framework/build/control_framework_interfaces -- -j28 -l28
[2.231s] Invoking command in '/home/dakota/.local/repos/control_framework/build/control_framework_interfaces': CMAKE_PREFIX_PATH=${CMAKE_PREFIX_PATH}:/opt/ros/humble /usr/bin/cmake --install /home/dakota/.local/repos/control_framework/build/control_framework_interfaces
[2.234s] -- Install configuration: ""
[2.234s] -- Installing: /home/dakota/.local/repos/control_framework/install/control_framework_interfaces/share/ament_index/resource_index/rosidl_interfaces/control_framework_interfaces
[2.234s] -- Installing: /home/dakota/.local/repos/control_framework/install/control_framework_interfaces/include/control_framework_interfaces/control_framework_interfaces
[2.234s] -- Installing: /home/dakota/.local/repos/control_framework/install/control_framework_interfaces/include/control_framework_interfaces/control_framework_interfaces/srv
[2.234s] -- Installing: /home/dakota/.local/repos/control_framework/install/control_framework_interfaces/include/control_framework_interfaces/control_framework_interfaces/srv/detail
[2.234s] -- Installing: /home/dakota/.local/repos/control_framework/install/control_framework_interfaces/include/control_framework_interfaces/control_framework_interfaces/srv/detail/init_state__functions.h
[2.234s] -- Installing: /home/dakota/.local/repos/control_framework/install/control_framework_interfaces/include/control_framework_interfaces/control_framework_interfaces/srv/detail/controller_select__functions.h
[2.234s] -- Installing: /home/dakota/.local/repos/control_framework/install/control_framework_interfaces/include/control_framework_interfaces/control_framework_interfaces/srv/detail/controller_select__type_support.h
[2.235s] -- Installing: /home/dakota/.local/repos/control_framework/install/control_framework_interfaces/include/control_framework_interfaces/control_framework_interfaces/srv/detail/reset_record__functions.h
[2.235s] -- Installing: /home/dakota/.local/repos/control_framework/install/control_framework_interfaces/include/control_framework_interfaces/control_framework_interfaces/srv/detail/reset_record__functions.c
[2.235s] -- Installing: /home/dakota/.local/repos/control_framework/install/control_framework_interfaces/include/control_framework_interfaces/control_framework_interfaces/srv/detail/controller_select__struct.h
[2.235s] -- Installing: /home/dakota/.local/repos/control_framework/install/control_framework_interfaces/include/control_framework_interfaces/control_framework_interfaces/srv/detail/init_state__struct.h
[2.235s] -- Installing: /home/dakota/.local/repos/control_framework/install/control_framework_interfaces/include/control_framework_interfaces/control_framework_interfaces/srv/detail/reset_record__struct.h
[2.235s] -- Installing: /home/dakota/.local/repos/control_framework/install/control_framework_interfaces/include/control_framework_interfaces/control_framework_interfaces/srv/detail/controller_select__functions.c
[2.235s] -- Installing: /home/dakota/.local/repos/control_framework/install/control_framework_interfaces/include/control_framework_interfaces/control_framework_interfaces/srv/detail/init_state__functions.c
[2.235s] -- Installing: /home/dakota/.local/repos/control_framework/install/control_framework_interfaces/include/control_framework_interfaces/control_framework_interfaces/srv/detail/init_state__type_support.h
[2.235s] -- Installing: /home/dakota/.local/repos/control_framework/install/control_framework_interfaces/include/control_framework_interfaces/control_framework_interfaces/srv/detail/reset_record__type_support.h
[2.235s] -- Installing: /home/dakota/.local/repos/control_framework/install/control_framework_interfaces/include/control_framework_interfaces/control_framework_interfaces/srv/reset_record.h
[2.235s] -- Installing: /home/dakota/.local/repos/control_framework/install/control_framework_interfaces/include/control_framework_interfaces/control_framework_interfaces/srv/controller_select.h
[2.235s] -- Installing: /home/dakota/.local/repos/control_framework/install/control_framework_interfaces/include/control_framework_interfaces/control_framework_interfaces/srv/init_state.h
[2.235s] -- Installing: /home/dakota/.local/repos/control_framework/install/control_framework_interfaces/include/control_framework_interfaces/control_framework_interfaces/msg
[2.235s] -- Installing: /home/dakota/.local/repos/control_framework/install/control_framework_interfaces/include/control_framework_interfaces/control_framework_interfaces/msg/control_input.h
[2.235s] -- Installing: /home/dakota/.local/repos/control_framework/install/control_framework_interfaces/include/control_framework_interfaces/control_framework_interfaces/msg/detail
[2.235s] -- Installing: /home/dakota/.local/repos/control_framework/install/control_framework_interfaces/include/control_framework_interfaces/control_framework_interfaces/msg/detail/joint_state__struct.h
[2.235s] -- Installing: /home/dakota/.local/repos/control_framework/install/control_framework_interfaces/include/control_framework_interfaces/control_framework_interfaces/msg/detail/control_input__struct.h
[2.235s] -- Installing: /home/dakota/.local/repos/control_framework/install/control_framework_interfaces/include/control_framework_interfaces/control_framework_interfaces/msg/detail/control_input__functions.h
[2.235s] -- Installing: /home/dakota/.local/repos/control_framework/install/control_framework_interfaces/include/control_framework_interfaces/control_framework_interfaces/msg/detail/joint_state__type_support.h
[2.235s] -- Installing: /home/dakota/.local/repos/control_framework/install/control_framework_interfaces/include/control_framework_interfaces/control_framework_interfaces/msg/detail/joint_state__functions.c
[2.235s] -- Installing: /home/dakota/.local/repos/control_framework/install/control_framework_interfaces/include/control_framework_interfaces/control_framework_interfaces/msg/detail/control_input__type_support.h
[2.235s] -- Installing: /home/dakota/.local/repos/control_framework/install/control_framework_interfaces/include/control_framework_interfaces/control_framework_interfaces/msg/detail/control_input__functions.c
[2.235s] -- Installing: /home/dakota/.local/repos/control_framework/install/control_framework_interfaces/include/control_framework_interfaces/control_framework_interfaces/msg/detail/joint_state__functions.h
[2.235s] -- Installing: /home/dakota/.local/repos/control_framework/install/control_framework_interfaces/include/control_framework_interfaces/control_framework_interfaces/msg/joint_state.h
[2.235s] -- Installing: /home/dakota/.local/repos/control_framework/install/control_framework_interfaces/include/control_framework_interfaces/control_framework_interfaces/msg/rosidl_generator_c__visibility_control.h
[2.235s] -- Installing: /home/dakota/.local/repos/control_framework/install/control_framework_interfaces/share/control_framework_interfaces/environment/library_path.sh
[2.235s] -- Installing: /home/dakota/.local/repos/control_framework/install/control_framework_interfaces/share/control_framework_interfaces/environment/library_path.dsv
[2.235s] -- Installing: /home/dakota/.local/repos/control_framework/install/control_framework_interfaces/lib/libcontrol_framework_interfaces__rosidl_generator_c.so
[2.236s] -- Set runtime path of "/home/dakota/.local/repos/control_framework/install/control_framework_interfaces/lib/libcontrol_framework_interfaces__rosidl_generator_c.so" to ""
[2.236s] -- Up-to-date: /home/dakota/.local/repos/control_framework/install/control_framework_interfaces/include/control_framework_interfaces/control_framework_interfaces
[2.236s] -- Up-to-date: /home/dakota/.local/repos/control_framework/install/control_framework_interfaces/include/control_framework_interfaces/control_framework_interfaces/srv
[2.236s] -- Up-to-date: /home/dakota/.local/repos/control_framework/install/control_framework_interfaces/include/control_framework_interfaces/control_framework_interfaces/srv/detail
[2.236s] -- Installing: /home/dakota/.local/repos/control_framework/install/control_framework_interfaces/include/control_framework_interfaces/control_framework_interfaces/srv/detail/reset_record__rosidl_typesupport_fastrtps_c.h
[2.236s] -- Installing: /home/dakota/.local/repos/control_framework/install/control_framework_interfaces/include/control_framework_interfaces/control_framework_interfaces/srv/detail/init_state__rosidl_typesupport_fastrtps_c.h
[2.236s] -- Installing: /home/dakota/.local/repos/control_framework/install/control_framework_interfaces/include/control_framework_interfaces/control_framework_interfaces/srv/detail/controller_select__rosidl_typesupport_fastrtps_c.h
[2.236s] -- Up-to-date: /home/dakota/.local/repos/control_framework/install/control_framework_interfaces/include/control_framework_interfaces/control_framework_interfaces/msg
[2.236s] -- Up-to-date: /home/dakota/.local/repos/control_framework/install/control_framework_interfaces/include/control_framework_interfaces/control_framework_interfaces/msg/detail
[2.236s] -- Installing: /home/dakota/.local/repos/control_framework/install/control_framework_interfaces/include/control_framework_interfaces/control_framework_interfaces/msg/detail/joint_state__rosidl_typesupport_fastrtps_c.h
[2.236s] -- Installing: /home/dakota/.local/repos/control_framework/install/control_framework_interfaces/include/control_framework_interfaces/control_framework_interfaces/msg/detail/control_input__rosidl_typesupport_fastrtps_c.h
[2.236s] -- Installing: /home/dakota/.local/repos/control_framework/install/control_framework_interfaces/include/control_framework_interfaces/control_framework_interfaces/msg/rosidl_typesupport_fastrtps_c__visibility_control.h
[2.236s] -- Installing: /home/dakota/.local/repos/control_framework/install/control_framework_interfaces/lib/libcontrol_framework_interfaces__rosidl_typesupport_fastrtps_c.so
[2.236s] -- Set runtime path of "/home/dakota/.local/repos/control_framework/install/control_framework_interfaces/lib/libcontrol_framework_interfaces__rosidl_typesupport_fastrtps_c.so" to ""
[2.236s] -- Up-to-date: /home/dakota/.local/repos/control_framework/install/control_framework_interfaces/include/control_framework_interfaces/control_framework_interfaces
[2.236s] -- Up-to-date: /home/dakota/.local/repos/control_framework/install/control_framework_interfaces/include/control_framework_interfaces/control_framework_interfaces/srv
[2.236s] -- Up-to-date: /home/dakota/.local/repos/control_framework/install/control_framework_interfaces/include/control_framework_interfaces/control_framework_interfaces/srv/detail
[2.236s] -- Installing: /home/dakota/.local/repos/control_framework/install/control_framework_interfaces/include/control_framework_interfaces/control_framework_interfaces/srv/detail/reset_record__rosidl_typesupport_introspection_c.h
[2.236s] -- Installing: /home/dakota/.local/repos/control_framework/install/control_framework_interfaces/include/control_framework_interfaces/control_framework_interfaces/srv/detail/init_state__rosidl_typesupport_introspection_c.h
[2.236s] -- Installing: /home/dakota/.local/repos/control_framework/install/control_framework_interfaces/include/control_framework_interfaces/control_framework_interfaces/srv/detail/controller_select__rosidl_typesupport_introspection_c.h
[2.236s] -- Installing: /home/dakota/.local/repos/control_framework/install/control_framework_interfaces/include/control_framework_interfaces/control_framework_interfaces/srv/detail/controller_select__type_support.c
[2.236s] -- Installing: /home/dakota/.local/repos/control_framework/install/control_framework_interfaces/include/control_framework_interfaces/control_framework_interfaces/srv/detail/init_state__type_support.c
[2.236s] -- Installing: /home/dakota/.local/repos/control_framework/install/control_framework_interfaces/include/control_framework_interfaces/control_framework_interfaces/srv/detail/reset_record__type_support.c
[2.236s] -- Up-to-date: /home/dakota/.local/repos/control_framework/install/control_framework_interfaces/include/control_framework_interfaces/control_framework_interfaces/msg
[2.236s] -- Up-to-date: /home/dakota/.local/repos/control_framework/install/control_framework_interfaces/include/control_framework_interfaces/control_framework_interfaces/msg/detail
[2.236s] -- Installing: /home/dakota/.local/repos/control_framework/install/control_framework_interfaces/include/control_framework_interfaces/control_framework_interfaces/msg/detail/control_input__rosidl_typesupport_introspection_c.h
[2.236s] -- Installing: /home/dakota/.local/repos/control_framework/install/control_framework_interfaces/include/control_framework_interfaces/control_framework_interfaces/msg/detail/joint_state__type_support.c
[2.236s] -- Installing: /home/dakota/.local/repos/control_framework/install/control_framework_interfaces/include/control_framework_interfaces/control_framework_interfaces/msg/detail/joint_state__rosidl_typesupport_introspection_c.h
[2.236s] -- Installing: /home/dakota/.local/repos/control_framework/install/control_framework_interfaces/include/control_framework_interfaces/control_framework_interfaces/msg/detail/control_input__type_support.c
[2.236s] -- Installing: /home/dakota/.local/repos/control_framework/install/control_framework_interfaces/include/control_framework_interfaces/control_framework_interfaces/msg/rosidl_typesupport_introspection_c__visibility_control.h
[2.236s] -- Installing: /home/dakota/.local/repos/control_framework/install/control_framework_interfaces/lib/libcontrol_framework_interfaces__rosidl_typesupport_introspection_c.so
[2.237s] -- Set runtime path of "/home/dakota/.local/repos/control_framework/install/control_framework_interfaces/lib/libcontrol_framework_interfaces__rosidl_typesupport_introspection_c.so" to ""
[2.237s] -- Installing: /home/dakota/.local/repos/control_framework/install/control_framework_interfaces/lib/libcontrol_framework_interfaces__rosidl_typesupport_c.so
[2.237s] -- Set runtime path of "/home/dakota/.local/repos/control_framework/install/control_framework_interfaces/lib/libcontrol_framework_interfaces__rosidl_typesupport_c.so" to ""
[2.237s] -- Up-to-date: /home/dakota/.local/repos/control_framework/install/control_framework_interfaces/include/control_framework_interfaces/control_framework_interfaces
[2.237s] -- Up-to-date: /home/dakota/.local/repos/control_framework/install/control_framework_interfaces/include/control_framework_interfaces/control_framework_interfaces/srv
[2.237s] -- Up-to-date: /home/dakota/.local/repos/control_framework/install/control_framework_interfaces/include/control_framework_interfaces/control_framework_interfaces/srv/detail
[2.237s] -- Installing: /home/dakota/.local/repos/control_framework/install/control_framework_interfaces/include/control_framework_interfaces/control_framework_interfaces/srv/detail/reset_record__traits.hpp
[2.237s] -- Installing: /home/dakota/.local/repos/control_framework/install/control_framework_interfaces/include/control_framework_interfaces/control_framework_interfaces/srv/detail/controller_select__type_support.hpp
[2.237s] -- Installing: /home/dakota/.local/repos/control_framework/install/control_framework_interfaces/include/control_framework_interfaces/control_framework_interfaces/srv/detail/init_state__traits.hpp
[2.237s] -- Installing: /home/dakota/.local/repos/control_framework/install/control_framework_interfaces/include/control_framework_interfaces/control_framework_interfaces/srv/detail/controller_select__traits.hpp
[2.237s] -- Installing: /home/dakota/.local/repos/control_framework/install/control_framework_interfaces/include/control_framework_interfaces/control_framework_interfaces/srv/detail/reset_record__builder.hpp
[2.237s] -- Installing: /home/dakota/.local/repos/control_framework/install/control_framework_interfaces/include/control_framework_interfaces/control_framework_interfaces/srv/detail/reset_record__struct.hpp
[2.237s] -- Installing: /home/dakota/.local/repos/control_framework/install/control_framework_interfaces/include/control_framework_interfaces/control_framework_interfaces/srv/detail/controller_select__builder.hpp
[2.237s] -- Installing: /home/dakota/.local/repos/control_framework/install/control_framework_interfaces/include/control_framework_interfaces/control_framework_interfaces/srv/detail/init_state__type_support.hpp
[2.237s] -- Installing: /home/dakota/.local/repos/control_framework/install/control_framework_interfaces/include/control_framework_interfaces/control_framework_interfaces/srv/detail/init_state__builder.hpp
[2.237s] -- Installing: /home/dakota/.local/repos/control_framework/install/control_framework_interfaces/include/control_framework_interfaces/control_framework_interfaces/srv/detail/controller_select__struct.hpp
[2.237s] -- Installing: /home/dakota/.local/repos/control_framework/install/control_framework_interfaces/include/control_framework_interfaces/control_framework_interfaces/srv/detail/init_state__struct.hpp
[2.237s] -- Installing: /home/dakota/.local/repos/control_framework/install/control_framework_interfaces/include/control_framework_interfaces/control_framework_interfaces/srv/detail/reset_record__type_support.hpp
[2.237s] -- Installing: /home/dakota/.local/repos/control_framework/install/control_framework_interfaces/include/control_framework_interfaces/control_framework_interfaces/srv/controller_select.hpp
[2.237s] -- Installing: /home/dakota/.local/repos/control_framework/install/control_framework_interfaces/include/control_framework_interfaces/control_framework_interfaces/srv/init_state.hpp
[2.237s] -- Installing: /home/dakota/.local/repos/control_framework/install/control_framework_interfaces/include/control_framework_interfaces/control_framework_interfaces/srv/reset_record.hpp
[2.237s] -- Up-to-date: /home/dakota/.local/repos/control_framework/install/control_framework_interfaces/include/control_framework_interfaces/control_framework_interfaces/msg
[2.237s] -- Installing: /home/dakota/.local/repos/control_framework/install/control_framework_interfaces/include/control_framework_interfaces/control_framework_interfaces/msg/rosidl_generator_cpp__visibility_control.hpp
[2.237s] -- Up-to-date: /home/dakota/.local/repos/control_framework/install/control_framework_interfaces/include/control_framework_interfaces/control_framework_interfaces/msg/detail
[2.237s] -- Installing: /home/dakota/.local/repos/control_framework/install/control_framework_interfaces/include/control_framework_interfaces/control_framework_interfaces/msg/detail/joint_state__type_support.hpp
[2.237s] -- Installing: /home/dakota/.local/repos/control_framework/install/control_framework_interfaces/include/control_framework_interfaces/control_framework_interfaces/msg/detail/joint_state__traits.hpp
[2.237s] -- Installing: /home/dakota/.local/repos/control_framework/install/control_framework_interfaces/include/control_framework_interfaces/control_framework_interfaces/msg/detail/control_input__struct.hpp
[2.237s] -- Installing: /home/dakota/.local/repos/control_framework/install/control_framework_interfaces/include/control_framework_interfaces/control_framework_interfaces/msg/detail/joint_state__struct.hpp
[2.238s] -- Installing: /home/dakota/.local/repos/control_framework/install/control_framework_interfaces/include/control_framework_interfaces/control_framework_interfaces/msg/detail/control_input__type_support.hpp
[2.238s] -- Installing: /home/dakota/.local/repos/control_framework/install/control_framework_interfaces/include/control_framework_interfaces/control_framework_interfaces/msg/detail/joint_state__builder.hpp
[2.238s] -- Installing: /home/dakota/.local/repos/control_framework/install/control_framework_interfaces/include/control_framework_interfaces/control_framework_interfaces/msg/detail/control_input__traits.hpp
[2.238s] -- Installing: /home/dakota/.local/repos/control_framework/install/control_framework_interfaces/include/control_framework_interfaces/control_framework_interfaces/msg/detail/control_input__builder.hpp
[2.238s] -- Installing: /home/dakota/.local/repos/control_framework/install/control_framework_interfaces/include/control_framework_interfaces/control_framework_interfaces/msg/control_input.hpp
[2.238s] -- Installing: /home/dakota/.local/repos/control_framework/install/control_framework_interfaces/include/control_framework_interfaces/control_framework_interfaces/msg/joint_state.hpp
[2.238s] -- Up-to-date: /home/dakota/.local/repos/control_framework/install/control_framework_interfaces/include/control_framework_interfaces/control_framework_interfaces
[2.238s] -- Up-to-date: /home/dakota/.local/repos/control_framework/install/control_framework_interfaces/include/control_framework_interfaces/control_framework_interfaces/srv
[2.238s] -- Up-to-date: /home/dakota/.local/repos/control_framework/install/control_framework_interfaces/include/control_framework_interfaces/control_framework_interfaces/srv/detail
[2.238s] -- Installing: /home/dakota/.local/repos/control_framework/install/control_framework_interfaces/include/control_framework_interfaces/control_framework_interfaces/srv/detail/init_state__rosidl_typesupport_fastrtps_cpp.hpp
[2.238s] -- Installing: /home/dakota/.local/repos/control_framework/install/control_framework_interfaces/include/control_framework_interfaces/control_framework_interfaces/srv/detail/dds_fastrtps
[2.238s] -- Installing: /home/dakota/.local/repos/control_framework/install/control_framework_interfaces/include/control_framework_interfaces/control_framework_interfaces/srv/detail/controller_select__rosidl_typesupport_fastrtps_cpp.hpp
[2.238s] -- Installing: /home/dakota/.local/repos/control_framework/install/control_framework_interfaces/include/control_framework_interfaces/control_framework_interfaces/srv/detail/reset_record__rosidl_typesupport_fastrtps_cpp.hpp
[2.238s] -- Up-to-date: /home/dakota/.local/repos/control_framework/install/control_framework_interfaces/include/control_framework_interfaces/control_framework_interfaces/msg
[2.238s] -- Up-to-date: /home/dakota/.local/repos/control_framework/install/control_framework_interfaces/include/control_framework_interfaces/control_framework_interfaces/msg/detail
[2.238s] -- Installing: /home/dakota/.local/repos/control_framework/install/control_framework_interfaces/include/control_framework_interfaces/control_framework_interfaces/msg/detail/dds_fastrtps
[2.238s] -- Installing: /home/dakota/.local/repos/control_framework/install/control_framework_interfaces/include/control_framework_interfaces/control_framework_interfaces/msg/detail/control_input__rosidl_typesupport_fastrtps_cpp.hpp
[2.238s] -- Installing: /home/dakota/.local/repos/control_framework/install/control_framework_interfaces/include/control_framework_interfaces/control_framework_interfaces/msg/detail/joint_state__rosidl_typesupport_fastrtps_cpp.hpp
[2.238s] -- Installing: /home/dakota/.local/repos/control_framework/install/control_framework_interfaces/include/control_framework_interfaces/control_framework_interfaces/msg/rosidl_typesupport_fastrtps_cpp__visibility_control.h
[2.238s] -- Installing: /home/dakota/.local/repos/control_framework/install/control_framework_interfaces/lib/libcontrol_framework_interfaces__rosidl_typesupport_fastrtps_cpp.so
[2.238s] -- Set runtime path of "/home/dakota/.local/repos/control_framework/install/control_framework_interfaces/lib/libcontrol_framework_interfaces__rosidl_typesupport_fastrtps_cpp.so" to ""
[2.238s] -- Up-to-date: /home/dakota/.local/repos/control_framework/install/control_framework_interfaces/include/control_framework_interfaces/control_framework_interfaces
[2.238s] -- Up-to-date: /home/dakota/.local/repos/control_framework/install/control_framework_interfaces/include/control_framework_interfaces/control_framework_interfaces/srv
[2.238s] -- Up-to-date: /home/dakota/.local/repos/control_framework/install/control_framework_interfaces/include/control_framework_interfaces/control_framework_interfaces/srv/detail
[2.238s] -- Installing: /home/dakota/.local/repos/control_framework/install/control_framework_interfaces/include/control_framework_interfaces/control_framework_interfaces/srv/detail/reset_record__type_support.cpp
[2.238s] -- Installing: /home/dakota/.local/repos/control_framework/install/control_framework_interfaces/include/control_framework_interfaces/control_framework_interfaces/srv/detail/reset_record__rosidl_typesupport_introspection_cpp.hpp
[2.238s] -- Installing: /home/dakota/.local/repos/control_framework/install/control_framework_interfaces/include/control_framework_interfaces/control_framework_interfaces/srv/detail/controller_select__rosidl_typesupport_introspection_cpp.hpp
[2.238s] -- Installing: /home/dakota/.local/repos/control_framework/install/control_framework_interfaces/include/control_framework_interfaces/control_framework_interfaces/srv/detail/init_state__rosidl_typesupport_introspection_cpp.hpp
[2.238s] -- Installing: /home/dakota/.local/repos/control_framework/install/control_framework_interfaces/include/control_framework_interfaces/control_framework_interfaces/srv/detail/init_state__type_support.cpp
[2.238s] -- Installing: /home/dakota/.local/repos/control_framework/install/control_framework_interfaces/include/control_framework_interfaces/control_framework_interfaces/srv/detail/controller_select__type_support.cpp
[2.238s] -- Up-to-date: /home/dakota/.local/repos/control_framework/install/control_framework_interfaces/include/control_framework_interfaces/control_framework_interfaces/msg
[2.238s] -- Up-to-date: /home/dakota/.local/repos/control_framework/install/control_framework_interfaces/include/control_framework_interfaces/control_framework_interfaces/msg/detail
[2.238s] -- Installing: /home/dakota/.local/repos/control_framework/install/control_framework_interfaces/include/control_framework_interfaces/control_framework_interfaces/msg/detail/control_input__rosidl_typesupport_introspection_cpp.hpp
[2.239s] -- Installing: /home/dakota/.local/repos/control_framework/install/control_framework_interfaces/include/control_framework_interfaces/control_framework_interfaces/msg/detail/joint_state__type_support.cpp
[2.239s] -- Installing: /home/dakota/.local/repos/control_framework/install/control_framework_interfaces/include/control_framework_interfaces/control_framework_interfaces/msg/detail/joint_state__rosidl_typesupport_introspection_cpp.hpp
[2.239s] -- Installing: /home/dakota/.local/repos/control_framework/install/control_framework_interfaces/include/control_framework_interfaces/control_framework_interfaces/msg/detail/control_input__type_support.cpp
[2.239s] -- Installing: /home/dakota/.local/repos/control_framework/install/control_framework_interfaces/lib/libcontrol_framework_interfaces__rosidl_typesupport_introspection_cpp.so
[2.239s] -- Set runtime path of "/home/dakota/.local/repos/control_framework/install/control_framework_interfaces/lib/libcontrol_framework_interfaces__rosidl_typesupport_introspection_cpp.so" to ""
[2.239s] -- Installing: /home/dakota/.local/repos/control_framework/install/control_framework_interfaces/lib/libcontrol_framework_interfaces__rosidl_typesupport_cpp.so
[2.239s] -- Set runtime path of "/home/dakota/.local/repos/control_framework/install/control_framework_interfaces/lib/libcontrol_framework_interfaces__rosidl_typesupport_cpp.so" to ""
[2.239s] -- Installing: /home/dakota/.local/repos/control_framework/install/control_framework_interfaces/share/control_framework_interfaces/environment/pythonpath.sh
[2.239s] -- Installing: /home/dakota/.local/repos/control_framework/install/control_framework_interfaces/share/control_framework_interfaces/environment/pythonpath.dsv
[2.239s] -- Installing: /home/dakota/.local/repos/control_framework/install/control_framework_interfaces/local/lib/python3.10/dist-packages/control_framework_interfaces-0.0.0-py3.10.egg-info
[2.239s] -- Installing: /home/dakota/.local/repos/control_framework/install/control_framework_interfaces/local/lib/python3.10/dist-packages/control_framework_interfaces-0.0.0-py3.10.egg-info/PKG-INFO
[2.239s] -- Installing: /home/dakota/.local/repos/control_framework/install/control_framework_interfaces/local/lib/python3.10/dist-packages/control_framework_interfaces-0.0.0-py3.10.egg-info/top_level.txt
[2.239s] -- Installing: /home/dakota/.local/repos/control_framework/install/control_framework_interfaces/local/lib/python3.10/dist-packages/control_framework_interfaces-0.0.0-py3.10.egg-info/dependency_links.txt
[2.239s] -- Installing: /home/dakota/.local/repos/control_framework/install/control_framework_interfaces/local/lib/python3.10/dist-packages/control_framework_interfaces-0.0.0-py3.10.egg-info/SOURCES.txt
[2.239s] -- Installing: /home/dakota/.local/repos/control_framework/install/control_framework_interfaces/local/lib/python3.10/dist-packages/control_framework_interfaces
[2.239s] -- Installing: /home/dakota/.local/repos/control_framework/install/control_framework_interfaces/local/lib/python3.10/dist-packages/control_framework_interfaces/_control_framework_interfaces_s.ep.rosidl_typesupport_introspection_c.c
[2.239s] -- Installing: /home/dakota/.local/repos/control_framework/install/control_framework_interfaces/local/lib/python3.10/dist-packages/control_framework_interfaces/srv
[2.239s] -- Installing: /home/dakota/.local/repos/control_framework/install/control_framework_interfaces/local/lib/python3.10/dist-packages/control_framework_interfaces/srv/_reset_record.py
[2.239s] -- Installing: /home/dakota/.local/repos/control_framework/install/control_framework_interfaces/local/lib/python3.10/dist-packages/control_framework_interfaces/srv/_reset_record_s.c
[2.239s] -- Installing: /home/dakota/.local/repos/control_framework/install/control_framework_interfaces/local/lib/python3.10/dist-packages/control_framework_interfaces/srv/_controller_select_s.c
[2.239s] -- Installing: /home/dakota/.local/repos/control_framework/install/control_framework_interfaces/local/lib/python3.10/dist-packages/control_framework_interfaces/srv/_controller_select.py
[2.239s] -- Installing: /home/dakota/.local/repos/control_framework/install/control_framework_interfaces/local/lib/python3.10/dist-packages/control_framework_interfaces/srv/__init__.py
[2.239s] -- Installing: /home/dakota/.local/repos/control_framework/install/control_framework_interfaces/local/lib/python3.10/dist-packages/control_framework_interfaces/srv/_init_state_s.c
[2.239s] -- Installing: /home/dakota/.local/repos/control_framework/install/control_framework_interfaces/local/lib/python3.10/dist-packages/control_framework_interfaces/srv/_init_state.py
[2.239s] -- Installing: /home/dakota/.local/repos/control_framework/install/control_framework_interfaces/local/lib/python3.10/dist-packages/control_framework_interfaces/control_framework_interfaces_s__rosidl_typesupport_fastrtps_c.cpython-310-x86_64-linux-gnu.so
[2.240s] -- Installing: /home/dakota/.local/repos/control_framework/install/control_framework_interfaces/local/lib/python3.10/dist-packages/control_framework_interfaces/libcontrol_framework_interfaces__rosidl_generator_py.so
[2.240s] -- Installing: /home/dakota/.local/repos/control_framework/install/control_framework_interfaces/local/lib/python3.10/dist-packages/control_framework_interfaces/control_framework_interfaces_s__rosidl_typesupport_introspection_c.cpython-310-x86_64-linux-gnu.so
[2.240s] -- Installing: /home/dakota/.local/repos/control_framework/install/control_framework_interfaces/local/lib/python3.10/dist-packages/control_framework_interfaces/msg
[2.240s] -- Installing: /home/dakota/.local/repos/control_framework/install/control_framework_interfaces/local/lib/python3.10/dist-packages/control_framework_interfaces/msg/_joint_state.py
[2.240s] -- Installing: /home/dakota/.local/repos/control_framework/install/control_framework_interfaces/local/lib/python3.10/dist-packages/control_framework_interfaces/msg/_joint_state_s.c
[2.240s] -- Installing: /home/dakota/.local/repos/control_framework/install/control_framework_interfaces/local/lib/python3.10/dist-packages/control_framework_interfaces/msg/_control_input.py
[2.240s] -- Installing: /home/dakota/.local/repos/control_framework/install/control_framework_interfaces/local/lib/python3.10/dist-packages/control_framework_interfaces/msg/__init__.py
[2.240s] -- Installing: /home/dakota/.local/repos/control_framework/install/control_framework_interfaces/local/lib/python3.10/dist-packages/control_framework_interfaces/msg/_control_input_s.c
[2.240s] -- Installing: /home/dakota/.local/repos/control_framework/install/control_framework_interfaces/local/lib/python3.10/dist-packages/control_framework_interfaces/control_framework_interfaces_s__rosidl_typesupport_c.cpython-310-x86_64-linux-gnu.so
[2.240s] -- Installing: /home/dakota/.local/repos/control_framework/install/control_framework_interfaces/local/lib/python3.10/dist-packages/control_framework_interfaces/__init__.py
[2.240s] -- Installing: /home/dakota/.local/repos/control_framework/install/control_framework_interfaces/local/lib/python3.10/dist-packages/control_framework_interfaces/_control_framework_interfaces_s.ep.rosidl_typesupport_c.c
[2.240s] -- Installing: /home/dakota/.local/repos/control_framework/install/control_framework_interfaces/local/lib/python3.10/dist-packages/control_framework_interfaces/_control_framework_interfaces_s.ep.rosidl_typesupport_fastrtps_c.c
[2.260s] Listing '/home/dakota/.local/repos/control_framework/install/control_framework_interfaces/local/lib/python3.10/dist-packages/control_framework_interfaces'...
[2.260s] Compiling '/home/dakota/.local/repos/control_framework/install/control_framework_interfaces/local/lib/python3.10/dist-packages/control_framework_interfaces/__init__.py'...
[2.260s] Listing '/home/dakota/.local/repos/control_framework/install/control_framework_interfaces/local/lib/python3.10/dist-packages/control_framework_interfaces/msg'...
[2.260s] Compiling '/home/dakota/.local/repos/control_framework/install/control_framework_interfaces/local/lib/python3.10/dist-packages/control_framework_interfaces/msg/__init__.py'...
[2.260s] Compiling '/home/dakota/.local/repos/control_framework/install/control_framework_interfaces/local/lib/python3.10/dist-packages/control_framework_interfaces/msg/_control_input.py'...
[2.260s] Compiling '/home/dakota/.local/repos/control_framework/install/control_framework_interfaces/local/lib/python3.10/dist-packages/control_framework_interfaces/msg/_joint_state.py'...
[2.260s] Listing '/home/dakota/.local/repos/control_framework/install/control_framework_interfaces/local/lib/python3.10/dist-packages/control_framework_interfaces/srv'...
[2.260s] Compiling '/home/dakota/.local/repos/control_framework/install/control_framework_interfaces/local/lib/python3.10/dist-packages/control_framework_interfaces/srv/__init__.py'...
[2.260s] Compiling '/home/dakota/.local/repos/control_framework/install/control_framework_interfaces/local/lib/python3.10/dist-packages/control_framework_interfaces/srv/_controller_select.py'...
[2.260s] Compiling '/home/dakota/.local/repos/control_framework/install/control_framework_interfaces/local/lib/python3.10/dist-packages/control_framework_interfaces/srv/_init_state.py'...
[2.260s] Compiling '/home/dakota/.local/repos/control_framework/install/control_framework_interfaces/local/lib/python3.10/dist-packages/control_framework_interfaces/srv/_reset_record.py'...
[2.262s] -- Installing: /home/dakota/.local/repos/control_framework/install/control_framework_interfaces/local/lib/python3.10/dist-packages/control_framework_interfaces/control_framework_interfaces_s__rosidl_typesupport_fastrtps_c.cpython-310-x86_64-linux-gnu.so
[2.262s] -- Set runtime path of "/home/dakota/.local/repos/control_framework/install/control_framework_interfaces/local/lib/python3.10/dist-packages/control_framework_interfaces/control_framework_interfaces_s__rosidl_typesupport_fastrtps_c.cpython-310-x86_64-linux-gnu.so" to ""
[2.262s] -- Installing: /home/dakota/.local/repos/control_framework/install/control_framework_interfaces/local/lib/python3.10/dist-packages/control_framework_interfaces/control_framework_interfaces_s__rosidl_typesupport_introspection_c.cpython-310-x86_64-linux-gnu.so
[2.262s] -- Set runtime path of "/home/dakota/.local/repos/control_framework/install/control_framework_interfaces/local/lib/python3.10/dist-packages/control_framework_interfaces/control_framework_interfaces_s__rosidl_typesupport_introspection_c.cpython-310-x86_64-linux-gnu.so" to ""
[2.262s] -- Installing: /home/dakota/.local/repos/control_framework/install/control_framework_interfaces/local/lib/python3.10/dist-packages/control_framework_interfaces/control_framework_interfaces_s__rosidl_typesupport_c.cpython-310-x86_64-linux-gnu.so
[2.263s] -- Set runtime path of "/home/dakota/.local/repos/control_framework/install/control_framework_interfaces/local/lib/python3.10/dist-packages/control_framework_interfaces/control_framework_interfaces_s__rosidl_typesupport_c.cpython-310-x86_64-linux-gnu.so" to ""
[2.263s] -- Installing: /home/dakota/.local/repos/control_framework/install/control_framework_interfaces/lib/libcontrol_framework_interfaces__rosidl_generator_py.so
[2.263s] -- Set runtime path of "/home/dakota/.local/repos/control_framework/install/control_framework_interfaces/lib/libcontrol_framework_interfaces__rosidl_generator_py.so" to ""
[2.263s] -- Installing: /home/dakota/.local/repos/control_framework/install/control_framework_interfaces/share/ament_index/resource_index/rust_packages/control_framework_interfaces
[2.263s] -- Installing: /home/dakota/.local/repos/control_framework/install/control_framework_interfaces/share/control_framework_interfaces/rust
[2.263s] -- Installing: /home/dakota/.local/repos/control_framework/install/control_framework_interfaces/share/control_framework_interfaces/rust/src
[2.263s] -- Installing: /home/dakota/.local/repos/control_framework/install/control_framework_interfaces/share/control_framework_interfaces/rust/src/lib.rs
[2.263s] -- Installing: /home/dakota/.local/repos/control_framework/install/control_framework_interfaces/share/control_framework_interfaces/rust/src/srv
[2.263s] -- Installing: /home/dakota/.local/repos/control_framework/install/control_framework_interfaces/share/control_framework_interfaces/rust/src/srv/rmw.rs
[2.263s] -- Installing: /home/dakota/.local/repos/control_framework/install/control_framework_interfaces/share/control_framework_interfaces/rust/src/srv.rs
[2.263s] -- Installing: /home/dakota/.local/repos/control_framework/install/control_framework_interfaces/share/control_framework_interfaces/rust/src/msg
[2.263s] -- Installing: /home/dakota/.local/repos/control_framework/install/control_framework_interfaces/share/control_framework_interfaces/rust/src/msg/rmw.rs
[2.263s] -- Installing: /home/dakota/.local/repos/control_framework/install/control_framework_interfaces/share/control_framework_interfaces/rust/src/msg.rs
[2.263s] -- Installing: /home/dakota/.local/repos/control_framework/install/control_framework_interfaces/share/control_framework_interfaces/rust/build.rs
[2.263s] -- Installing: /home/dakota/.local/repos/control_framework/install/control_framework_interfaces/share/control_framework_interfaces/rust/Cargo.toml
[2.263s] -- Installing: /home/dakota/.local/repos/control_framework/install/control_framework_interfaces/share/control_framework_interfaces/msg/ControlInput.idl
[2.263s] -- Installing: /home/dakota/.local/repos/control_framework/install/control_framework_interfaces/share/control_framework_interfaces/msg/JointState.idl
[2.263s] -- Installing: /home/dakota/.local/repos/control_framework/install/control_framework_interfaces/share/control_framework_interfaces/srv/InitState.idl
[2.263s] -- Installing: /home/dakota/.local/repos/control_framework/install/control_framework_interfaces/share/control_framework_interfaces/srv/ResetRecord.idl
[2.263s] -- Installing: /home/dakota/.local/repos/control_framework/install/control_framework_interfaces/share/control_framework_interfaces/srv/ControllerSelect.idl
[2.263s] -- Installing: /home/dakota/.local/repos/control_framework/install/control_framework_interfaces/share/control_framework_interfaces/msg/ControlInput.msg
[2.263s] -- Installing: /home/dakota/.local/repos/control_framework/install/control_framework_interfaces/share/control_framework_interfaces/msg/JointState.msg
[2.263s] -- Installing: /home/dakota/.local/repos/control_framework/install/control_framework_interfaces/share/control_framework_interfaces/srv/InitState.srv
[2.263s] -- Installing: /home/dakota/.local/repos/control_framework/install/control_framework_interfaces/share/control_framework_interfaces/srv/InitState_Request.msg
[2.263s] -- Installing: /home/dakota/.local/repos/control_framework/install/control_framework_interfaces/share/control_framework_interfaces/srv/InitState_Response.msg
[2.263s] -- Installing: /home/dakota/.local/repos/control_framework/install/control_framework_interfaces/share/control_framework_interfaces/srv/ResetRecord.srv
[2.263s] -- Installing: /home/dakota/.local/repos/control_framework/install/control_framework_interfaces/share/control_framework_interfaces/srv/ResetRecord_Request.msg
[2.264s] -- Installing: /home/dakota/.local/repos/control_framework/install/control_framework_interfaces/share/control_framework_interfaces/srv/ResetRecord_Response.msg
[2.264s] -- Installing: /home/dakota/.local/repos/control_framework/install/control_framework_interfaces/share/control_framework_interfaces/srv/ControllerSelect.srv
[2.264s] -- Installing: /home/dakota/.local/repos/control_framework/install/control_framework_interfaces/share/control_framework_interfaces/srv/ControllerSelect_Request.msg
[2.264s] -- Installing: /home/dakota/.local/repos/control_framework/install/control_framework_interfaces/share/control_framework_interfaces/srv/ControllerSelect_Response.msg
[2.264s] -- Installing: /home/dakota/.local/repos/control_framework/install/control_framework_interfaces/share/ament_index/resource_index/package_run_dependencies/control_framework_interfaces
[2.264s] -- Installing: /home/dakota/.local/repos/control_framework/install/control_framework_interfaces/share/ament_index/resource_index/parent_prefix_path/control_framework_interfaces
[2.264s] -- Installing: /home/dakota/.local/repos/control_framework/install/control_framework_interfaces/share/control_framework_interfaces/environment/ament_prefix_path.sh
[2.264s] -- Installing: /home/dakota/.local/repos/control_framework/install/control_framework_interfaces/share/control_framework_interfaces/environment/ament_prefix_path.dsv
[2.264s] -- Installing: /home/dakota/.local/repos/control_framework/install/control_framework_interfaces/share/control_framework_interfaces/environment/path.sh
[2.264s] -- Installing: /home/dakota/.local/repos/control_framework/install/control_framework_interfaces/share/control_framework_interfaces/environment/path.dsv
[2.264s] -- Installing: /home/dakota/.local/repos/control_framework/install/control_framework_interfaces/share/control_framework_interfaces/local_setup.bash
[2.264s] -- Installing: /home/dakota/.local/repos/control_framework/install/control_framework_interfaces/share/control_framework_interfaces/local_setup.sh
[2.264s] -- Installing: /home/dakota/.local/repos/control_framework/install/control_framework_interfaces/share/control_framework_interfaces/local_setup.zsh
[2.264s] -- Installing: /home/dakota/.local/repos/control_framework/install/control_framework_interfaces/share/control_framework_interfaces/local_setup.dsv
[2.264s] -- Installing: /home/dakota/.local/repos/control_framework/install/control_framework_interfaces/share/control_framework_interfaces/package.dsv
[2.264s] -- Installing: /home/dakota/.local/repos/control_framework/install/control_framework_interfaces/share/ament_index/resource_index/packages/control_framework_interfaces
[2.264s] -- Installing: /home/dakota/.local/repos/control_framework/install/control_framework_interfaces/share/control_framework_interfaces/cmake/export_control_framework_interfaces__rosidl_generator_cExport.cmake
[2.264s] -- Installing: /home/dakota/.local/repos/control_framework/install/control_framework_interfaces/share/control_framework_interfaces/cmake/export_control_framework_interfaces__rosidl_generator_cExport-noconfig.cmake
[2.264s] -- Installing: /home/dakota/.local/repos/control_framework/install/control_framework_interfaces/share/control_framework_interfaces/cmake/export_control_framework_interfaces__rosidl_typesupport_fastrtps_cExport.cmake
[2.264s] -- Installing: /home/dakota/.local/repos/control_framework/install/control_framework_interfaces/share/control_framework_interfaces/cmake/export_control_framework_interfaces__rosidl_typesupport_fastrtps_cExport-noconfig.cmake
[2.264s] -- Installing: /home/dakota/.local/repos/control_framework/install/control_framework_interfaces/share/control_framework_interfaces/cmake/control_framework_interfaces__rosidl_typesupport_introspection_cExport.cmake
[2.264s] -- Installing: /home/dakota/.local/repos/control_framework/install/control_framework_interfaces/share/control_framework_interfaces/cmake/control_framework_interfaces__rosidl_typesupport_introspection_cExport-noconfig.cmake
[2.264s] -- Installing: /home/dakota/.local/repos/control_framework/install/control_framework_interfaces/share/control_framework_interfaces/cmake/control_framework_interfaces__rosidl_typesupport_cExport.cmake
[2.264s] -- Installing: /home/dakota/.local/repos/control_framework/install/control_framework_interfaces/share/control_framework_interfaces/cmake/control_framework_interfaces__rosidl_typesupport_cExport-noconfig.cmake
[2.265s] -- Installing: /home/dakota/.local/repos/control_framework/install/control_framework_interfaces/share/control_framework_interfaces/cmake/export_control_framework_interfaces__rosidl_generator_cppExport.cmake
[2.265s] -- Installing: /home/dakota/.local/repos/control_framework/install/control_framework_interfaces/share/control_framework_interfaces/cmake/export_control_framework_interfaces__rosidl_typesupport_fastrtps_cppExport.cmake
[2.265s] -- Installing: /home/dakota/.local/repos/control_framework/install/control_framework_interfaces/share/control_framework_interfaces/cmake/export_control_framework_interfaces__rosidl_typesupport_fastrtps_cppExport-noconfig.cmake
[2.265s] -- Installing: /home/dakota/.local/repos/control_framework/install/control_framework_interfaces/share/control_framework_interfaces/cmake/control_framework_interfaces__rosidl_typesupport_introspection_cppExport.cmake
[2.265s] -- Installing: /home/dakota/.local/repos/control_framework/install/control_framework_interfaces/share/control_framework_interfaces/cmake/control_framework_interfaces__rosidl_typesupport_introspection_cppExport-noconfig.cmake
[2.265s] -- Installing: /home/dakota/.local/repos/control_framework/install/control_framework_interfaces/share/control_framework_interfaces/cmake/control_framework_interfaces__rosidl_typesupport_cppExport.cmake
[2.265s] -- Installing: /home/dakota/.local/repos/control_framework/install/control_framework_interfaces/share/control_framework_interfaces/cmake/control_framework_interfaces__rosidl_typesupport_cppExport-noconfig.cmake
[2.265s] -- Installing: /home/dakota/.local/repos/control_framework/install/control_framework_interfaces/share/control_framework_interfaces/cmake/export_control_framework_interfaces__rosidl_generator_pyExport.cmake
[2.265s] -- Installing: /home/dakota/.local/repos/control_framework/install/control_framework_interfaces/share/control_framework_interfaces/cmake/export_control_framework_interfaces__rosidl_generator_pyExport-noconfig.cmake
[2.265s] -- Installing: /home/dakota/.local/repos/control_framework/install/control_framework_interfaces/share/control_framework_interfaces/cmake/rosidl_cmake-extras.cmake
[2.265s] -- Installing: /home/dakota/.local/repos/control_framework/install/control_framework_interfaces/share/control_framework_interfaces/cmake/ament_cmake_export_include_directories-extras.cmake
[2.265s] -- Installing: /home/dakota/.local/repos/control_framework/install/control_framework_interfaces/share/control_framework_interfaces/cmake/ament_cmake_export_libraries-extras.cmake
[2.265s] -- Installing: /home/dakota/.local/repos/control_framework/install/control_framework_interfaces/share/control_framework_interfaces/cmake/ament_cmake_export_targets-extras.cmake
[2.265s] -- Installing: /home/dakota/.local/repos/control_framework/install/control_framework_interfaces/share/control_framework_interfaces/cmake/rosidl_cmake_export_typesupport_targets-extras.cmake
[2.265s] -- Installing: /home/dakota/.local/repos/control_framework/install/control_framework_interfaces/share/control_framework_interfaces/cmake/ament_cmake_export_dependencies-extras.cmake
[2.265s] -- Installing: /home/dakota/.local/repos/control_framework/install/control_framework_interfaces/share/control_framework_interfaces/cmake/rosidl_cmake_export_typesupport_libraries-extras.cmake
[2.265s] -- Installing: /home/dakota/.local/repos/control_framework/install/control_framework_interfaces/share/control_framework_interfaces/cmake/control_framework_interfacesConfig.cmake
[2.265s] -- Installing: /home/dakota/.local/repos/control_framework/install/control_framework_interfaces/share/control_framework_interfaces/cmake/control_framework_interfacesConfig-version.cmake
[2.265s] -- Installing: /home/dakota/.local/repos/control_framework/install/control_framework_interfaces/share/control_framework_interfaces/package.xml
[2.267s] Invoked command in '/home/dakota/.local/repos/control_framework/build/control_framework_interfaces' returned '0': CMAKE_PREFIX_PATH=${CMAKE_PREFIX_PATH}:/opt/ros/humble /usr/bin/cmake --install /home/dakota/.local/repos/control_framework/build/control_framework_interfaces
