[0.008s] Invoking command in '/home/dakota/.local/repos/control_framework/build/control_framework_interfaces': CMAKE_PREFIX_PATH=${CMAKE_PREFIX_PATH}:/opt/ros/humble /usr/bin/cmake --build /home/dakota/.local/repos/control_framework/build/control_framework_interfaces -- -j28 -l28
[0.037s] -- Found ament_cmake: 1.3.14 (/opt/ros/humble/share/ament_cmake/cmake)
[0.117s] -- Found rosidl_default_generators: 1.2.1 (/opt/ros/humble/share/rosidl_default_generators/cmake)
[0.118s] -- Using all available rosidl_typesupport_c: rosidl_typesupport_fastrtps_c;rosidl_typesupport_introspection_c
[0.120s] -- Found rosidl_adapter: 3.1.8 (/opt/ros/humble/share/rosidl_adapter/cmake)
[0.140s] -- Using all available rosidl_typesupport_cpp: rosidl_typesupport_fastrtps_cpp;rosidl_typesupport_introspection_cpp
[0.283s] -- Found ament_cmake_ros: 0.10.0 (/opt/ros/humble/share/ament_cmake_ros/cmake)
[0.376s] -- Using all available rosidl_typesupport_c: rosidl_typesupport_fastrtps_c;rosidl_typesupport_introspection_c
[0.491s] -- Using all available rosidl_typesupport_cpp: rosidl_typesupport_fastrtps_cpp;rosidl_typesupport_introspection_cpp
[0.504s] -- Found python_cmake_module: 0.10.0 (/opt/ros/humble/share/python_cmake_module/cmake)
[0.516s] -- Using PYTHON_EXECUTABLE: /usr/bin/python3
[0.516s] -- Using PYTHON_INCLUDE_DIRS: /usr/include/python3.10
[0.516s] -- Using PYTHON_LIBRARIES: /usr/lib/x86_64-linux-gnu/libpython3.10.so
[0.556s] -- Found ament_lint_auto: 0.12.15 (/opt/ros/humble/share/ament_lint_auto/cmake)
[0.567s] -- Added test 'lint_cmake' to check CMake code style
[0.568s] -- Added test 'xmllint' to check XML markup files
[0.569s] -- Configuring done
[0.582s] -- Generating done
[0.587s] -- Build files have been written to: /home/dakota/.local/repos/control_framework/build/control_framework_interfaces
[0.602s] [35m[1mConsolidate compiler generated dependencies of target control_framework_interfaces__rosidl_generator_c[0m
[0.608s] [  5%] Built target control_framework_interfaces__cpp
[0.608s] [  5%] Built target control_framework_interfaces__rs
[0.609s] [ 15%] Built target control_framework_interfaces__rosidl_generator_c
[0.613s] [35m[1mConsolidate compiler generated dependencies of target control_framework_interfaces__rosidl_typesupport_c[0m
[0.614s] [ 15%] Built target ament_cmake_python_copy_control_framework_interfaces
[0.615s] [35m[1mConsolidate compiler generated dependencies of target control_framework_interfaces__rosidl_typesupport_cpp[0m
[0.615s] [35m[1mConsolidate compiler generated dependencies of target control_framework_interfaces__rosidl_typesupport_fastrtps_cpp[0m
[0.615s] [35m[1mConsolidate compiler generated dependencies of target control_framework_interfaces__rosidl_typesupport_introspection_cpp[0m
[0.615s] [35m[1mConsolidate compiler generated dependencies of target control_framework_interfaces__rosidl_typesupport_introspection_c[0m
[0.615s] [35m[1mConsolidate compiler generated dependencies of target control_framework_interfaces__rosidl_typesupport_fastrtps_c[0m
[0.618s] [ 25%] Built target control_framework_interfaces__rosidl_typesupport_c
[0.621s] [ 35%] Built target control_framework_interfaces__rosidl_typesupport_introspection_c
[0.622s] [ 45%] Built target control_framework_interfaces__rosidl_typesupport_introspection_cpp
[0.622s] [ 55%] Built target control_framework_interfaces__rosidl_typesupport_fastrtps_cpp
[0.623s] [ 65%] Built target control_framework_interfaces__rosidl_typesupport_cpp
[0.624s] [ 75%] Built target control_framework_interfaces__rosidl_typesupport_fastrtps_c
[0.636s] [ 75%] Built target control_framework_interfaces
[0.648s] [ 77%] Built target control_framework_interfaces__py
[0.654s] [35m[1mConsolidate compiler generated dependencies of target control_framework_interfaces__rosidl_generator_py[0m
[0.662s] [ 85%] Built target control_framework_interfaces__rosidl_generator_py
[0.668s] [35m[1mConsolidate compiler generated dependencies of target control_framework_interfaces__rosidl_typesupport_fastrtps_c__pyext[0m
[0.669s] [35m[1mConsolidate compiler generated dependencies of target control_framework_interfaces__rosidl_typesupport_introspection_c__pyext[0m
[0.669s] [35m[1mConsolidate compiler generated dependencies of target control_framework_interfaces__rosidl_typesupport_c__pyext[0m
[0.675s] [ 90%] Built target control_framework_interfaces__rosidl_typesupport_fastrtps_c__pyext
[0.677s] [ 95%] Built target control_framework_interfaces__rosidl_typesupport_introspection_c__pyext
[0.677s] [100%] Built target control_framework_interfaces__rosidl_typesupport_c__pyext
[0.726s] running egg_info
[0.727s] writing control_framework_interfaces.egg-info/PKG-INFO
[0.727s] writing dependency_links to control_framework_interfaces.egg-info/dependency_links.txt
[0.727s] writing top-level names to control_framework_interfaces.egg-info/top_level.txt
[0.728s] reading manifest file 'control_framework_interfaces.egg-info/SOURCES.txt'
[0.728s] writing manifest file 'control_framework_interfaces.egg-info/SOURCES.txt'
[0.742s] [100%] Built target ament_cmake_python_build_control_framework_interfaces_egg
[0.750s] Invoked command in '/home/dakota/.local/repos/control_framework/build/control_framework_interfaces' returned '0': CMAKE_PREFIX_PATH=${CMAKE_PREFIX_PATH}:/opt/ros/humble /usr/bin/cmake --build /home/dakota/.local/repos/control_framework/build/control_framework_interfaces -- -j28 -l28
[0.757s] Invoking command in '/home/dakota/.local/repos/control_framework/build/control_framework_interfaces': CMAKE_PREFIX_PATH=${CMAKE_PREFIX_PATH}:/opt/ros/humble /usr/bin/cmake --install /home/dakota/.local/repos/control_framework/build/control_framework_interfaces
[0.760s] -- Install configuration: ""
[0.760s] -- Up-to-date: /home/dakota/.local/repos/control_framework/install/control_framework_interfaces/share/ament_index/resource_index/rosidl_interfaces/control_framework_interfaces
[0.760s] -- Up-to-date: /home/dakota/.local/repos/control_framework/install/control_framework_interfaces/include/control_framework_interfaces/control_framework_interfaces
[0.760s] -- Up-to-date: /home/dakota/.local/repos/control_framework/install/control_framework_interfaces/include/control_framework_interfaces/control_framework_interfaces/msg
[0.760s] -- Up-to-date: /home/dakota/.local/repos/control_framework/install/control_framework_interfaces/include/control_framework_interfaces/control_framework_interfaces/msg/control_input.h
[0.760s] -- Up-to-date: /home/dakota/.local/repos/control_framework/install/control_framework_interfaces/include/control_framework_interfaces/control_framework_interfaces/msg/detail
[0.761s] -- Up-to-date: /home/dakota/.local/repos/control_framework/install/control_framework_interfaces/include/control_framework_interfaces/control_framework_interfaces/msg/detail/joint_state__struct.h
[0.761s] -- Up-to-date: /home/dakota/.local/repos/control_framework/install/control_framework_interfaces/include/control_framework_interfaces/control_framework_interfaces/msg/detail/control_input__struct.h
[0.761s] -- Up-to-date: /home/dakota/.local/repos/control_framework/install/control_framework_interfaces/include/control_framework_interfaces/control_framework_interfaces/msg/detail/control_input__functions.h
[0.761s] -- Up-to-date: /home/dakota/.local/repos/control_framework/install/control_framework_interfaces/include/control_framework_interfaces/control_framework_interfaces/msg/detail/joint_state__type_support.h
[0.761s] -- Up-to-date: /home/dakota/.local/repos/control_framework/install/control_framework_interfaces/include/control_framework_interfaces/control_framework_interfaces/msg/detail/joint_state__functions.c
[0.761s] -- Up-to-date: /home/dakota/.local/repos/control_framework/install/control_framework_interfaces/include/control_framework_interfaces/control_framework_interfaces/msg/detail/control_input__type_support.h
[0.761s] -- Up-to-date: /home/dakota/.local/repos/control_framework/install/control_framework_interfaces/include/control_framework_interfaces/control_framework_interfaces/msg/detail/control_input__functions.c
[0.761s] -- Up-to-date: /home/dakota/.local/repos/control_framework/install/control_framework_interfaces/include/control_framework_interfaces/control_framework_interfaces/msg/detail/joint_state__functions.h
[0.761s] -- Up-to-date: /home/dakota/.local/repos/control_framework/install/control_framework_interfaces/include/control_framework_interfaces/control_framework_interfaces/msg/joint_state.h
[0.761s] -- Up-to-date: /home/dakota/.local/repos/control_framework/install/control_framework_interfaces/include/control_framework_interfaces/control_framework_interfaces/msg/rosidl_generator_c__visibility_control.h
[0.761s] -- Up-to-date: /home/dakota/.local/repos/control_framework/install/control_framework_interfaces/share/control_framework_interfaces/environment/library_path.sh
[0.761s] -- Installing: /home/dakota/.local/repos/control_framework/install/control_framework_interfaces/share/control_framework_interfaces/environment/library_path.dsv
[0.761s] -- Up-to-date: /home/dakota/.local/repos/control_framework/install/control_framework_interfaces/lib/libcontrol_framework_interfaces__rosidl_generator_c.so
[0.762s] -- Up-to-date: /home/dakota/.local/repos/control_framework/install/control_framework_interfaces/include/control_framework_interfaces/control_framework_interfaces
[0.762s] -- Up-to-date: /home/dakota/.local/repos/control_framework/install/control_framework_interfaces/include/control_framework_interfaces/control_framework_interfaces/msg
[0.762s] -- Up-to-date: /home/dakota/.local/repos/control_framework/install/control_framework_interfaces/include/control_framework_interfaces/control_framework_interfaces/msg/detail
[0.762s] -- Up-to-date: /home/dakota/.local/repos/control_framework/install/control_framework_interfaces/include/control_framework_interfaces/control_framework_interfaces/msg/detail/joint_state__rosidl_typesupport_fastrtps_c.h
[0.762s] -- Up-to-date: /home/dakota/.local/repos/control_framework/install/control_framework_interfaces/include/control_framework_interfaces/control_framework_interfaces/msg/detail/control_input__rosidl_typesupport_fastrtps_c.h
[0.762s] -- Up-to-date: /home/dakota/.local/repos/control_framework/install/control_framework_interfaces/include/control_framework_interfaces/control_framework_interfaces/msg/rosidl_typesupport_fastrtps_c__visibility_control.h
[0.762s] -- Up-to-date: /home/dakota/.local/repos/control_framework/install/control_framework_interfaces/lib/libcontrol_framework_interfaces__rosidl_typesupport_fastrtps_c.so
[0.762s] -- Up-to-date: /home/dakota/.local/repos/control_framework/install/control_framework_interfaces/include/control_framework_interfaces/control_framework_interfaces
[0.762s] -- Up-to-date: /home/dakota/.local/repos/control_framework/install/control_framework_interfaces/include/control_framework_interfaces/control_framework_interfaces/msg
[0.762s] -- Up-to-date: /home/dakota/.local/repos/control_framework/install/control_framework_interfaces/include/control_framework_interfaces/control_framework_interfaces/msg/detail
[0.762s] -- Up-to-date: /home/dakota/.local/repos/control_framework/install/control_framework_interfaces/include/control_framework_interfaces/control_framework_interfaces/msg/detail/control_input__rosidl_typesupport_introspection_c.h
[0.762s] -- Up-to-date: /home/dakota/.local/repos/control_framework/install/control_framework_interfaces/include/control_framework_interfaces/control_framework_interfaces/msg/detail/joint_state__type_support.c
[0.762s] -- Up-to-date: /home/dakota/.local/repos/control_framework/install/control_framework_interfaces/include/control_framework_interfaces/control_framework_interfaces/msg/detail/joint_state__rosidl_typesupport_introspection_c.h
[0.762s] -- Up-to-date: /home/dakota/.local/repos/control_framework/install/control_framework_interfaces/include/control_framework_interfaces/control_framework_interfaces/msg/detail/control_input__type_support.c
[0.762s] -- Up-to-date: /home/dakota/.local/repos/control_framework/install/control_framework_interfaces/include/control_framework_interfaces/control_framework_interfaces/msg/rosidl_typesupport_introspection_c__visibility_control.h
[0.762s] -- Up-to-date: /home/dakota/.local/repos/control_framework/install/control_framework_interfaces/lib/libcontrol_framework_interfaces__rosidl_typesupport_introspection_c.so
[0.762s] -- Up-to-date: /home/dakota/.local/repos/control_framework/install/control_framework_interfaces/lib/libcontrol_framework_interfaces__rosidl_typesupport_c.so
[0.763s] -- Up-to-date: /home/dakota/.local/repos/control_framework/install/control_framework_interfaces/include/control_framework_interfaces/control_framework_interfaces
[0.763s] -- Up-to-date: /home/dakota/.local/repos/control_framework/install/control_framework_interfaces/include/control_framework_interfaces/control_framework_interfaces/msg
[0.763s] -- Up-to-date: /home/dakota/.local/repos/control_framework/install/control_framework_interfaces/include/control_framework_interfaces/control_framework_interfaces/msg/rosidl_generator_cpp__visibility_control.hpp
[0.763s] -- Up-to-date: /home/dakota/.local/repos/control_framework/install/control_framework_interfaces/include/control_framework_interfaces/control_framework_interfaces/msg/detail
[0.763s] -- Up-to-date: /home/dakota/.local/repos/control_framework/install/control_framework_interfaces/include/control_framework_interfaces/control_framework_interfaces/msg/detail/joint_state__type_support.hpp
[0.763s] -- Up-to-date: /home/dakota/.local/repos/control_framework/install/control_framework_interfaces/include/control_framework_interfaces/control_framework_interfaces/msg/detail/joint_state__traits.hpp
[0.763s] -- Up-to-date: /home/dakota/.local/repos/control_framework/install/control_framework_interfaces/include/control_framework_interfaces/control_framework_interfaces/msg/detail/control_input__struct.hpp
[0.763s] -- Up-to-date: /home/dakota/.local/repos/control_framework/install/control_framework_interfaces/include/control_framework_interfaces/control_framework_interfaces/msg/detail/joint_state__struct.hpp
[0.763s] -- Up-to-date: /home/dakota/.local/repos/control_framework/install/control_framework_interfaces/include/control_framework_interfaces/control_framework_interfaces/msg/detail/control_input__type_support.hpp
[0.763s] -- Up-to-date: /home/dakota/.local/repos/control_framework/install/control_framework_interfaces/include/control_framework_interfaces/control_framework_interfaces/msg/detail/joint_state__builder.hpp
[0.763s] -- Up-to-date: /home/dakota/.local/repos/control_framework/install/control_framework_interfaces/include/control_framework_interfaces/control_framework_interfaces/msg/detail/control_input__traits.hpp
[0.763s] -- Up-to-date: /home/dakota/.local/repos/control_framework/install/control_framework_interfaces/include/control_framework_interfaces/control_framework_interfaces/msg/detail/control_input__builder.hpp
[0.763s] -- Up-to-date: /home/dakota/.local/repos/control_framework/install/control_framework_interfaces/include/control_framework_interfaces/control_framework_interfaces/msg/control_input.hpp
[0.763s] -- Up-to-date: /home/dakota/.local/repos/control_framework/install/control_framework_interfaces/include/control_framework_interfaces/control_framework_interfaces/msg/joint_state.hpp
[0.763s] -- Up-to-date: /home/dakota/.local/repos/control_framework/install/control_framework_interfaces/include/control_framework_interfaces/control_framework_interfaces
[0.763s] -- Up-to-date: /home/dakota/.local/repos/control_framework/install/control_framework_interfaces/include/control_framework_interfaces/control_framework_interfaces/msg
[0.763s] -- Up-to-date: /home/dakota/.local/repos/control_framework/install/control_framework_interfaces/include/control_framework_interfaces/control_framework_interfaces/msg/detail
[0.763s] -- Up-to-date: /home/dakota/.local/repos/control_framework/install/control_framework_interfaces/include/control_framework_interfaces/control_framework_interfaces/msg/detail/dds_fastrtps
[0.763s] -- Up-to-date: /home/dakota/.local/repos/control_framework/install/control_framework_interfaces/include/control_framework_interfaces/control_framework_interfaces/msg/detail/control_input__rosidl_typesupport_fastrtps_cpp.hpp
[0.763s] -- Up-to-date: /home/dakota/.local/repos/control_framework/install/control_framework_interfaces/include/control_framework_interfaces/control_framework_interfaces/msg/detail/joint_state__rosidl_typesupport_fastrtps_cpp.hpp
[0.764s] -- Up-to-date: /home/dakota/.local/repos/control_framework/install/control_framework_interfaces/include/control_framework_interfaces/control_framework_interfaces/msg/rosidl_typesupport_fastrtps_cpp__visibility_control.h
[0.764s] -- Up-to-date: /home/dakota/.local/repos/control_framework/install/control_framework_interfaces/lib/libcontrol_framework_interfaces__rosidl_typesupport_fastrtps_cpp.so
[0.764s] -- Up-to-date: /home/dakota/.local/repos/control_framework/install/control_framework_interfaces/include/control_framework_interfaces/control_framework_interfaces
[0.764s] -- Up-to-date: /home/dakota/.local/repos/control_framework/install/control_framework_interfaces/include/control_framework_interfaces/control_framework_interfaces/msg
[0.764s] -- Up-to-date: /home/dakota/.local/repos/control_framework/install/control_framework_interfaces/include/control_framework_interfaces/control_framework_interfaces/msg/detail
[0.764s] -- Up-to-date: /home/dakota/.local/repos/control_framework/install/control_framework_interfaces/include/control_framework_interfaces/control_framework_interfaces/msg/detail/control_input__rosidl_typesupport_introspection_cpp.hpp
[0.764s] -- Up-to-date: /home/dakota/.local/repos/control_framework/install/control_framework_interfaces/include/control_framework_interfaces/control_framework_interfaces/msg/detail/joint_state__type_support.cpp
[0.764s] -- Up-to-date: /home/dakota/.local/repos/control_framework/install/control_framework_interfaces/include/control_framework_interfaces/control_framework_interfaces/msg/detail/joint_state__rosidl_typesupport_introspection_cpp.hpp
[0.764s] -- Up-to-date: /home/dakota/.local/repos/control_framework/install/control_framework_interfaces/include/control_framework_interfaces/control_framework_interfaces/msg/detail/control_input__type_support.cpp
[0.764s] -- Up-to-date: /home/dakota/.local/repos/control_framework/install/control_framework_interfaces/lib/libcontrol_framework_interfaces__rosidl_typesupport_introspection_cpp.so
[0.764s] -- Up-to-date: /home/dakota/.local/repos/control_framework/install/control_framework_interfaces/lib/libcontrol_framework_interfaces__rosidl_typesupport_cpp.so
[0.764s] -- Up-to-date: /home/dakota/.local/repos/control_framework/install/control_framework_interfaces/share/control_framework_interfaces/environment/pythonpath.sh
[0.764s] -- Installing: /home/dakota/.local/repos/control_framework/install/control_framework_interfaces/share/control_framework_interfaces/environment/pythonpath.dsv
[0.764s] -- Up-to-date: /home/dakota/.local/repos/control_framework/install/control_framework_interfaces/local/lib/python3.10/dist-packages/control_framework_interfaces-0.0.0-py3.10.egg-info
[0.764s] -- Installing: /home/dakota/.local/repos/control_framework/install/control_framework_interfaces/local/lib/python3.10/dist-packages/control_framework_interfaces-0.0.0-py3.10.egg-info/PKG-INFO
[0.764s] -- Installing: /home/dakota/.local/repos/control_framework/install/control_framework_interfaces/local/lib/python3.10/dist-packages/control_framework_interfaces-0.0.0-py3.10.egg-info/top_level.txt
[0.764s] -- Installing: /home/dakota/.local/repos/control_framework/install/control_framework_interfaces/local/lib/python3.10/dist-packages/control_framework_interfaces-0.0.0-py3.10.egg-info/dependency_links.txt
[0.764s] -- Installing: /home/dakota/.local/repos/control_framework/install/control_framework_interfaces/local/lib/python3.10/dist-packages/control_framework_interfaces-0.0.0-py3.10.egg-info/SOURCES.txt
[0.764s] -- Up-to-date: /home/dakota/.local/repos/control_framework/install/control_framework_interfaces/local/lib/python3.10/dist-packages/control_framework_interfaces
[0.764s] -- Up-to-date: /home/dakota/.local/repos/control_framework/install/control_framework_interfaces/local/lib/python3.10/dist-packages/control_framework_interfaces/_control_framework_interfaces_s.ep.rosidl_typesupport_introspection_c.c
[0.765s] -- Up-to-date: /home/dakota/.local/repos/control_framework/install/control_framework_interfaces/local/lib/python3.10/dist-packages/control_framework_interfaces/control_framework_interfaces_s__rosidl_typesupport_fastrtps_c.cpython-310-x86_64-linux-gnu.so
[0.765s] -- Up-to-date: /home/dakota/.local/repos/control_framework/install/control_framework_interfaces/local/lib/python3.10/dist-packages/control_framework_interfaces/libcontrol_framework_interfaces__rosidl_generator_py.so
[0.765s] -- Up-to-date: /home/dakota/.local/repos/control_framework/install/control_framework_interfaces/local/lib/python3.10/dist-packages/control_framework_interfaces/control_framework_interfaces_s__rosidl_typesupport_introspection_c.cpython-310-x86_64-linux-gnu.so
[0.765s] -- Up-to-date: /home/dakota/.local/repos/control_framework/install/control_framework_interfaces/local/lib/python3.10/dist-packages/control_framework_interfaces/msg
[0.765s] -- Up-to-date: /home/dakota/.local/repos/control_framework/install/control_framework_interfaces/local/lib/python3.10/dist-packages/control_framework_interfaces/msg/_joint_state.py
[0.765s] -- Up-to-date: /home/dakota/.local/repos/control_framework/install/control_framework_interfaces/local/lib/python3.10/dist-packages/control_framework_interfaces/msg/_joint_state_s.c
[0.765s] -- Up-to-date: /home/dakota/.local/repos/control_framework/install/control_framework_interfaces/local/lib/python3.10/dist-packages/control_framework_interfaces/msg/_control_input.py
[0.765s] -- Up-to-date: /home/dakota/.local/repos/control_framework/install/control_framework_interfaces/local/lib/python3.10/dist-packages/control_framework_interfaces/msg/__init__.py
[0.765s] -- Up-to-date: /home/dakota/.local/repos/control_framework/install/control_framework_interfaces/local/lib/python3.10/dist-packages/control_framework_interfaces/msg/_control_input_s.c
[0.765s] -- Up-to-date: /home/dakota/.local/repos/control_framework/install/control_framework_interfaces/local/lib/python3.10/dist-packages/control_framework_interfaces/control_framework_interfaces_s__rosidl_typesupport_c.cpython-310-x86_64-linux-gnu.so
[0.765s] -- Installing: /home/dakota/.local/repos/control_framework/install/control_framework_interfaces/local/lib/python3.10/dist-packages/control_framework_interfaces/__init__.py
[0.765s] -- Up-to-date: /home/dakota/.local/repos/control_framework/install/control_framework_interfaces/local/lib/python3.10/dist-packages/control_framework_interfaces/_control_framework_interfaces_s.ep.rosidl_typesupport_c.c
[0.765s] -- Up-to-date: /home/dakota/.local/repos/control_framework/install/control_framework_interfaces/local/lib/python3.10/dist-packages/control_framework_interfaces/_control_framework_interfaces_s.ep.rosidl_typesupport_fastrtps_c.c
[0.779s] Listing '/home/dakota/.local/repos/control_framework/install/control_framework_interfaces/local/lib/python3.10/dist-packages/control_framework_interfaces'...
[0.779s] Compiling '/home/dakota/.local/repos/control_framework/install/control_framework_interfaces/local/lib/python3.10/dist-packages/control_framework_interfaces/__init__.py'...
[0.779s] Listing '/home/dakota/.local/repos/control_framework/install/control_framework_interfaces/local/lib/python3.10/dist-packages/control_framework_interfaces/msg'...
[0.781s] -- Up-to-date: /home/dakota/.local/repos/control_framework/install/control_framework_interfaces/local/lib/python3.10/dist-packages/control_framework_interfaces/control_framework_interfaces_s__rosidl_typesupport_fastrtps_c.cpython-310-x86_64-linux-gnu.so
[0.781s] -- Up-to-date: /home/dakota/.local/repos/control_framework/install/control_framework_interfaces/local/lib/python3.10/dist-packages/control_framework_interfaces/control_framework_interfaces_s__rosidl_typesupport_introspection_c.cpython-310-x86_64-linux-gnu.so
[0.781s] -- Up-to-date: /home/dakota/.local/repos/control_framework/install/control_framework_interfaces/local/lib/python3.10/dist-packages/control_framework_interfaces/control_framework_interfaces_s__rosidl_typesupport_c.cpython-310-x86_64-linux-gnu.so
[0.781s] -- Up-to-date: /home/dakota/.local/repos/control_framework/install/control_framework_interfaces/lib/libcontrol_framework_interfaces__rosidl_generator_py.so
[0.781s] -- Up-to-date: /home/dakota/.local/repos/control_framework/install/control_framework_interfaces/share/ament_index/resource_index/rust_packages/control_framework_interfaces
[0.781s] -- Up-to-date: /home/dakota/.local/repos/control_framework/install/control_framework_interfaces/share/control_framework_interfaces/rust
[0.781s] -- Up-to-date: /home/dakota/.local/repos/control_framework/install/control_framework_interfaces/share/control_framework_interfaces/rust/src
[0.781s] -- Up-to-date: /home/dakota/.local/repos/control_framework/install/control_framework_interfaces/share/control_framework_interfaces/rust/src/lib.rs
[0.782s] -- Up-to-date: /home/dakota/.local/repos/control_framework/install/control_framework_interfaces/share/control_framework_interfaces/rust/src/msg
[0.782s] -- Up-to-date: /home/dakota/.local/repos/control_framework/install/control_framework_interfaces/share/control_framework_interfaces/rust/src/msg/rmw.rs
[0.782s] -- Up-to-date: /home/dakota/.local/repos/control_framework/install/control_framework_interfaces/share/control_framework_interfaces/rust/src/msg.rs
[0.782s] -- Up-to-date: /home/dakota/.local/repos/control_framework/install/control_framework_interfaces/share/control_framework_interfaces/rust/build.rs
[0.782s] -- Up-to-date: /home/dakota/.local/repos/control_framework/install/control_framework_interfaces/share/control_framework_interfaces/rust/Cargo.toml
[0.782s] -- Up-to-date: /home/dakota/.local/repos/control_framework/install/control_framework_interfaces/share/control_framework_interfaces/msg/ControlInput.idl
[0.782s] -- Up-to-date: /home/dakota/.local/repos/control_framework/install/control_framework_interfaces/share/control_framework_interfaces/msg/JointState.idl
[0.782s] -- Up-to-date: /home/dakota/.local/repos/control_framework/install/control_framework_interfaces/share/control_framework_interfaces/msg/ControlInput.msg
[0.782s] -- Installing: /home/dakota/.local/repos/control_framework/install/control_framework_interfaces/share/control_framework_interfaces/msg/JointState.msg
[0.782s] -- Up-to-date: /home/dakota/.local/repos/control_framework/install/control_framework_interfaces/share/ament_index/resource_index/package_run_dependencies/control_framework_interfaces
[0.782s] -- Installing: /home/dakota/.local/repos/control_framework/install/control_framework_interfaces/share/ament_index/resource_index/parent_prefix_path/control_framework_interfaces
[0.782s] -- Up-to-date: /home/dakota/.local/repos/control_framework/install/control_framework_interfaces/share/control_framework_interfaces/environment/ament_prefix_path.sh
[0.782s] -- Installing: /home/dakota/.local/repos/control_framework/install/control_framework_interfaces/share/control_framework_interfaces/environment/ament_prefix_path.dsv
[0.782s] -- Up-to-date: /home/dakota/.local/repos/control_framework/install/control_framework_interfaces/share/control_framework_interfaces/environment/path.sh
[0.782s] -- Installing: /home/dakota/.local/repos/control_framework/install/control_framework_interfaces/share/control_framework_interfaces/environment/path.dsv
[0.783s] -- Up-to-date: /home/dakota/.local/repos/control_framework/install/control_framework_interfaces/share/control_framework_interfaces/local_setup.bash
[0.783s] -- Up-to-date: /home/dakota/.local/repos/control_framework/install/control_framework_interfaces/share/control_framework_interfaces/local_setup.sh
[0.783s] -- Up-to-date: /home/dakota/.local/repos/control_framework/install/control_framework_interfaces/share/control_framework_interfaces/local_setup.zsh
[0.783s] -- Installing: /home/dakota/.local/repos/control_framework/install/control_framework_interfaces/share/control_framework_interfaces/local_setup.dsv
[0.783s] -- Installing: /home/dakota/.local/repos/control_framework/install/control_framework_interfaces/share/control_framework_interfaces/package.dsv
[0.783s] -- Up-to-date: /home/dakota/.local/repos/control_framework/install/control_framework_interfaces/share/ament_index/resource_index/packages/control_framework_interfaces
[0.783s] -- Up-to-date: /home/dakota/.local/repos/control_framework/install/control_framework_interfaces/share/control_framework_interfaces/cmake/export_control_framework_interfaces__rosidl_generator_cExport.cmake
[0.783s] -- Up-to-date: /home/dakota/.local/repos/control_framework/install/control_framework_interfaces/share/control_framework_interfaces/cmake/export_control_framework_interfaces__rosidl_generator_cExport-noconfig.cmake
[0.783s] -- Up-to-date: /home/dakota/.local/repos/control_framework/install/control_framework_interfaces/share/control_framework_interfaces/cmake/export_control_framework_interfaces__rosidl_typesupport_fastrtps_cExport.cmake
[0.783s] -- Up-to-date: /home/dakota/.local/repos/control_framework/install/control_framework_interfaces/share/control_framework_interfaces/cmake/export_control_framework_interfaces__rosidl_typesupport_fastrtps_cExport-noconfig.cmake
[0.783s] -- Up-to-date: /home/dakota/.local/repos/control_framework/install/control_framework_interfaces/share/control_framework_interfaces/cmake/control_framework_interfaces__rosidl_typesupport_introspection_cExport.cmake
[0.783s] -- Up-to-date: /home/dakota/.local/repos/control_framework/install/control_framework_interfaces/share/control_framework_interfaces/cmake/control_framework_interfaces__rosidl_typesupport_introspection_cExport-noconfig.cmake
[0.783s] -- Up-to-date: /home/dakota/.local/repos/control_framework/install/control_framework_interfaces/share/control_framework_interfaces/cmake/control_framework_interfaces__rosidl_typesupport_cExport.cmake
[0.783s] -- Up-to-date: /home/dakota/.local/repos/control_framework/install/control_framework_interfaces/share/control_framework_interfaces/cmake/control_framework_interfaces__rosidl_typesupport_cExport-noconfig.cmake
[0.784s] -- Up-to-date: /home/dakota/.local/repos/control_framework/install/control_framework_interfaces/share/control_framework_interfaces/cmake/export_control_framework_interfaces__rosidl_generator_cppExport.cmake
[0.784s] -- Up-to-date: /home/dakota/.local/repos/control_framework/install/control_framework_interfaces/share/control_framework_interfaces/cmake/export_control_framework_interfaces__rosidl_typesupport_fastrtps_cppExport.cmake
[0.784s] -- Up-to-date: /home/dakota/.local/repos/control_framework/install/control_framework_interfaces/share/control_framework_interfaces/cmake/export_control_framework_interfaces__rosidl_typesupport_fastrtps_cppExport-noconfig.cmake
[0.784s] -- Up-to-date: /home/dakota/.local/repos/control_framework/install/control_framework_interfaces/share/control_framework_interfaces/cmake/control_framework_interfaces__rosidl_typesupport_introspection_cppExport.cmake
[0.784s] -- Up-to-date: /home/dakota/.local/repos/control_framework/install/control_framework_interfaces/share/control_framework_interfaces/cmake/control_framework_interfaces__rosidl_typesupport_introspection_cppExport-noconfig.cmake
[0.784s] -- Up-to-date: /home/dakota/.local/repos/control_framework/install/control_framework_interfaces/share/control_framework_interfaces/cmake/control_framework_interfaces__rosidl_typesupport_cppExport.cmake
[0.784s] -- Up-to-date: /home/dakota/.local/repos/control_framework/install/control_framework_interfaces/share/control_framework_interfaces/cmake/control_framework_interfaces__rosidl_typesupport_cppExport-noconfig.cmake
[0.784s] -- Up-to-date: /home/dakota/.local/repos/control_framework/install/control_framework_interfaces/share/control_framework_interfaces/cmake/export_control_framework_interfaces__rosidl_generator_pyExport.cmake
[0.784s] -- Up-to-date: /home/dakota/.local/repos/control_framework/install/control_framework_interfaces/share/control_framework_interfaces/cmake/export_control_framework_interfaces__rosidl_generator_pyExport-noconfig.cmake
[0.784s] -- Up-to-date: /home/dakota/.local/repos/control_framework/install/control_framework_interfaces/share/control_framework_interfaces/cmake/rosidl_cmake-extras.cmake
[0.784s] -- Up-to-date: /home/dakota/.local/repos/control_framework/install/control_framework_interfaces/share/control_framework_interfaces/cmake/ament_cmake_export_include_directories-extras.cmake
[0.784s] -- Up-to-date: /home/dakota/.local/repos/control_framework/install/control_framework_interfaces/share/control_framework_interfaces/cmake/ament_cmake_export_libraries-extras.cmake
[0.784s] -- Up-to-date: /home/dakota/.local/repos/control_framework/install/control_framework_interfaces/share/control_framework_interfaces/cmake/ament_cmake_export_targets-extras.cmake
[0.784s] -- Up-to-date: /home/dakota/.local/repos/control_framework/install/control_framework_interfaces/share/control_framework_interfaces/cmake/rosidl_cmake_export_typesupport_targets-extras.cmake
[0.784s] -- Up-to-date: /home/dakota/.local/repos/control_framework/install/control_framework_interfaces/share/control_framework_interfaces/cmake/ament_cmake_export_dependencies-extras.cmake
[0.784s] -- Up-to-date: /home/dakota/.local/repos/control_framework/install/control_framework_interfaces/share/control_framework_interfaces/cmake/rosidl_cmake_export_typesupport_libraries-extras.cmake
[0.785s] -- Up-to-date: /home/dakota/.local/repos/control_framework/install/control_framework_interfaces/share/control_framework_interfaces/cmake/control_framework_interfacesConfig.cmake
[0.785s] -- Up-to-date: /home/dakota/.local/repos/control_framework/install/control_framework_interfaces/share/control_framework_interfaces/cmake/control_framework_interfacesConfig-version.cmake
[0.785s] -- Up-to-date: /home/dakota/.local/repos/control_framework/install/control_framework_interfaces/share/control_framework_interfaces/package.xml
[0.785s] Invoked command in '/home/dakota/.local/repos/control_framework/build/control_framework_interfaces' returned '0': CMAKE_PREFIX_PATH=${CMAKE_PREFIX_PATH}:/opt/ros/humble /usr/bin/cmake --install /home/dakota/.local/repos/control_framework/build/control_framework_interfaces
