[0.005s] Invoking command in '/home/dakota/.local/repos/control_framework/build/lockstep_sim': CMAKE_PREFIX_PATH=/home/dakota/.local/repos/control_framework/install/control_framework_interfaces:/home/dakota/.local/repos/control_framework/install/services:/home/dakota/.local/repos/control_framework/install/lockstep_sim:/opt/ros/humble /usr/bin/cmake --build /home/dakota/.local/repos/control_framework/build/lockstep_sim -- -j28 -l28
[0.033s] [35m[1mConsolidate compiler generated dependencies of target lockstep_sim[0m
[0.047s] [ 25%] [32mBuilding CXX object CMakeFiles/lockstep_sim.dir/src/main.cpp.o[0m
[1.348s] [ 50%] [32m[1mLinking CXX executable lockstep_sim[0m
[1.490s] [100%] Built target lockstep_sim
[1.497s] Invoked command in '/home/dakota/.local/repos/control_framework/build/lockstep_sim' returned '0': CMAKE_PREFIX_PATH=/home/dakota/.local/repos/control_framework/install/control_framework_interfaces:/home/dakota/.local/repos/control_framework/install/services:/home/dakota/.local/repos/control_framework/install/lockstep_sim:/opt/ros/humble /usr/bin/cmake --build /home/dakota/.local/repos/control_framework/build/lockstep_sim -- -j28 -l28
[1.498s] Invoking command in '/home/dakota/.local/repos/control_framework/build/lockstep_sim': CMAKE_PREFIX_PATH=/home/dakota/.local/repos/control_framework/install/control_framework_interfaces:/home/dakota/.local/repos/control_framework/install/services:/home/dakota/.local/repos/control_framework/install/lockstep_sim:/opt/ros/humble /usr/bin/cmake --install /home/dakota/.local/repos/control_framework/build/lockstep_sim
[1.502s] -- Install configuration: ""
[1.502s] -- Installing: /home/dakota/.local/repos/control_framework/install/lockstep_sim/lib/lockstep_sim/lockstep_sim
[1.504s] -- Set runtime path of "/home/dakota/.local/repos/control_framework/install/lockstep_sim/lib/lockstep_sim/lockstep_sim" to ""
[1.504s] -- Up-to-date: /home/dakota/.local/repos/control_framework/install/lockstep_sim/share/lockstep_sim/models
[1.504s] -- Up-to-date: /home/dakota/.local/repos/control_framework/install/lockstep_sim/share/lockstep_sim/models/cart_pole_urdf.xml
[1.504s] -- Up-to-date: /home/dakota/.local/repos/control_framework/install/lockstep_sim/share/lockstep_sim/models/cart_pole_mjcf.xml
[1.504s] -- Up-to-date: /home/dakota/.local/repos/control_framework/install/lockstep_sim/share/ament_index/resource_index/package_run_dependencies/lockstep_sim
[1.504s] -- Up-to-date: /home/dakota/.local/repos/control_framework/install/lockstep_sim/share/ament_index/resource_index/parent_prefix_path/lockstep_sim
[1.504s] -- Up-to-date: /home/dakota/.local/repos/control_framework/install/lockstep_sim/share/lockstep_sim/environment/ament_prefix_path.sh
[1.504s] -- Up-to-date: /home/dakota/.local/repos/control_framework/install/lockstep_sim/share/lockstep_sim/environment/ament_prefix_path.dsv
[1.504s] -- Up-to-date: /home/dakota/.local/repos/control_framework/install/lockstep_sim/share/lockstep_sim/environment/path.sh
[1.504s] -- Up-to-date: /home/dakota/.local/repos/control_framework/install/lockstep_sim/share/lockstep_sim/environment/path.dsv
[1.504s] -- Up-to-date: /home/dakota/.local/repos/control_framework/install/lockstep_sim/share/lockstep_sim/local_setup.bash
[1.505s] -- Up-to-date: /home/dakota/.local/repos/control_framework/install/lockstep_sim/share/lockstep_sim/local_setup.sh
[1.505s] -- Up-to-date: /home/dakota/.local/repos/control_framework/install/lockstep_sim/share/lockstep_sim/local_setup.zsh
[1.505s] -- Up-to-date: /home/dakota/.local/repos/control_framework/install/lockstep_sim/share/lockstep_sim/local_setup.dsv
[1.505s] -- Installing: /home/dakota/.local/repos/control_framework/install/lockstep_sim/share/lockstep_sim/package.dsv
[1.505s] -- Up-to-date: /home/dakota/.local/repos/control_framework/install/lockstep_sim/share/ament_index/resource_index/packages/lockstep_sim
[1.505s] -- Up-to-date: /home/dakota/.local/repos/control_framework/install/lockstep_sim/share/lockstep_sim/cmake/lockstep_simConfig.cmake
[1.505s] -- Up-to-date: /home/dakota/.local/repos/control_framework/install/lockstep_sim/share/lockstep_sim/cmake/lockstep_simConfig-version.cmake
[1.505s] -- Up-to-date: /home/dakota/.local/repos/control_framework/install/lockstep_sim/share/lockstep_sim/package.xml
[1.506s] Invoked command in '/home/dakota/.local/repos/control_framework/build/lockstep_sim' returned '0': CMAKE_PREFIX_PATH=/home/dakota/.local/repos/control_framework/install/control_framework_interfaces:/home/dakota/.local/repos/control_framework/install/services:/home/dakota/.local/repos/control_framework/install/lockstep_sim:/opt/ros/humble /usr/bin/cmake --install /home/dakota/.local/repos/control_framework/build/lockstep_sim
