[0.005s] Invoking command in '/home/dakota/.local/repos/control_framework/build/lockstep_sim': AMENT_PREFIX_PATH=/home/dakota/.local/repos/control_framework/install/control_framework_interfaces:${AMENT_PREFIX_PATH} CMAKE_PREFIX_PATH=/home/dakota/.local/repos/control_framework/install/control_framework_interfaces:/opt/ros/humble LD_LIBRARY_PATH=/home/dakota/.local/repos/control_framework/install/control_framework_interfaces/lib:${LD_LIBRARY_PATH} PYTHONPATH=/home/dakota/.local/repos/control_framework/install/control_framework_interfaces/local/lib/python3.10/dist-packages:${PYTHONPATH} /usr/bin/cmake /home/dakota/.local/repos/control_framework/src/lockstep_sim -DCMAKE_INSTALL_PREFIX=/home/dakota/.local/repos/control_framework/install/lockstep_sim
[0.035s] -- The C compiler identification is GNU 11.4.0
[0.065s] -- The CXX compiler identification is GNU 11.4.0
[0.068s] -- Detecting C compiler ABI info
[0.108s] -- Detecting C compiler ABI info - done
[0.112s] -- Check for working C compiler: /usr/bin/cc - skipped
[0.112s] -- Detecting C compile features
[0.113s] -- Detecting C compile features - done
[0.114s] -- Detecting CXX compiler ABI info
[0.158s] -- Detecting CXX compiler ABI info - done
[0.161s] -- Check for working CXX compiler: /usr/bin/c++ - skipped
[0.162s] -- Detecting CXX compile features
[0.162s] -- Detecting CXX compile features - done
[0.163s] -- Found ament_cmake: 1.3.14 (/opt/ros/humble/share/ament_cmake/cmake)
[0.241s] -- Found Python3: /usr/bin/python3 (found version "3.10.12") found components: Interpreter 
[0.281s] -- Found rclcpp: 16.0.19 (/opt/ros/humble/share/rclcpp/cmake)
[0.298s] -- Found rosidl_generator_c: 3.1.8 (/opt/ros/humble/share/rosidl_generator_c/cmake)
[0.300s] -- Found rosidl_adapter: 3.1.8 (/opt/ros/humble/share/rosidl_adapter/cmake)
[0.303s] -- Found rosidl_generator_cpp: 3.1.8 (/opt/ros/humble/share/rosidl_generator_cpp/cmake)
[0.308s] -- Using all available rosidl_typesupport_c: rosidl_typesupport_fastrtps_c;rosidl_typesupport_introspection_c
[0.315s] -- Using all available rosidl_typesupport_cpp: rosidl_typesupport_fastrtps_cpp;rosidl_typesupport_introspection_cpp
[0.334s] -- Found rmw_implementation_cmake: 6.1.2 (/opt/ros/humble/share/rmw_implementation_cmake/cmake)
[0.334s] -- Found rmw_fastrtps_cpp: 6.2.10 (/opt/ros/humble/share/rmw_fastrtps_cpp/cmake)
[0.381s] -- Found OpenSSL: /usr/lib/x86_64-linux-gnu/libcrypto.so (found version "3.0.2")  
[0.396s] -- Found FastRTPS: /opt/ros/humble/include  
[0.416s] -- Using RMW implementation 'rmw_fastrtps_cpp' as default
[0.419s] -- Looking for pthread.h
[0.461s] -- Looking for pthread.h - found
[0.461s] -- Performing Test CMAKE_HAVE_LIBC_PTHREAD
[0.503s] -- Performing Test CMAKE_HAVE_LIBC_PTHREAD - Success
[0.504s] -- Found Threads: TRUE  
[0.526s] -- Found control_framework_interfaces: 0.0.0 (/home/dakota/.local/repos/control_framework/install/control_framework_interfaces/share/control_framework_interfaces/cmake)
[0.531s] -- Found ament_lint_auto: 0.12.15 (/opt/ros/humble/share/ament_lint_auto/cmake)
[0.565s] -- Added test 'cppcheck' to perform static code analysis on C / C++ code
[0.565s] -- Configured cppcheck include dirs: 
[0.565s] -- Configured cppcheck exclude dirs and/or files: 
[0.566s] -- Added test 'lint_cmake' to check CMake code style
[0.566s] -- Added test 'uncrustify' to check C / C++ code style
[0.566s] -- Configured uncrustify additional arguments: 
[0.566s] -- Added test 'xmllint' to check XML markup files
[0.567s] -- Configuring done
[0.570s] -- Generating done
[0.572s] -- Build files have been written to: /home/dakota/.local/repos/control_framework/build/lockstep_sim
[0.577s] Invoked command in '/home/dakota/.local/repos/control_framework/build/lockstep_sim' returned '0': AMENT_PREFIX_PATH=/home/dakota/.local/repos/control_framework/install/control_framework_interfaces:${AMENT_PREFIX_PATH} CMAKE_PREFIX_PATH=/home/dakota/.local/repos/control_framework/install/control_framework_interfaces:/opt/ros/humble LD_LIBRARY_PATH=/home/dakota/.local/repos/control_framework/install/control_framework_interfaces/lib:${LD_LIBRARY_PATH} PYTHONPATH=/home/dakota/.local/repos/control_framework/install/control_framework_interfaces/local/lib/python3.10/dist-packages:${PYTHONPATH} /usr/bin/cmake /home/dakota/.local/repos/control_framework/src/lockstep_sim -DCMAKE_INSTALL_PREFIX=/home/dakota/.local/repos/control_framework/install/lockstep_sim
[0.577s] Invoking command in '/home/dakota/.local/repos/control_framework/build/lockstep_sim': AMENT_PREFIX_PATH=/home/dakota/.local/repos/control_framework/install/control_framework_interfaces:${AMENT_PREFIX_PATH} CMAKE_PREFIX_PATH=/home/dakota/.local/repos/control_framework/install/control_framework_interfaces:/opt/ros/humble LD_LIBRARY_PATH=/home/dakota/.local/repos/control_framework/install/control_framework_interfaces/lib:${LD_LIBRARY_PATH} PYTHONPATH=/home/dakota/.local/repos/control_framework/install/control_framework_interfaces/local/lib/python3.10/dist-packages:${PYTHONPATH} /usr/bin/cmake --build /home/dakota/.local/repos/control_framework/build/lockstep_sim -- -j28 -l28
[0.613s] [ 33%] [32mBuilding CXX object CMakeFiles/lockstep_sim.dir/src/lockstep_sim.cpp.o[0m
[0.613s] [ 66%] [32mBuilding CXX object CMakeFiles/lockstep_sim.dir/src/main.cpp.o[0m
[2.392s] [100%] [32m[1mLinking CXX executable lockstep_sim[0m
[2.485s] [100%] Built target lockstep_sim
[2.493s] Invoked command in '/home/dakota/.local/repos/control_framework/build/lockstep_sim' returned '0': AMENT_PREFIX_PATH=/home/dakota/.local/repos/control_framework/install/control_framework_interfaces:${AMENT_PREFIX_PATH} CMAKE_PREFIX_PATH=/home/dakota/.local/repos/control_framework/install/control_framework_interfaces:/opt/ros/humble LD_LIBRARY_PATH=/home/dakota/.local/repos/control_framework/install/control_framework_interfaces/lib:${LD_LIBRARY_PATH} PYTHONPATH=/home/dakota/.local/repos/control_framework/install/control_framework_interfaces/local/lib/python3.10/dist-packages:${PYTHONPATH} /usr/bin/cmake --build /home/dakota/.local/repos/control_framework/build/lockstep_sim -- -j28 -l28
[2.494s] Invoking command in '/home/dakota/.local/repos/control_framework/build/lockstep_sim': AMENT_PREFIX_PATH=/home/dakota/.local/repos/control_framework/install/control_framework_interfaces:${AMENT_PREFIX_PATH} CMAKE_PREFIX_PATH=/home/dakota/.local/repos/control_framework/install/control_framework_interfaces:/opt/ros/humble LD_LIBRARY_PATH=/home/dakota/.local/repos/control_framework/install/control_framework_interfaces/lib:${LD_LIBRARY_PATH} PYTHONPATH=/home/dakota/.local/repos/control_framework/install/control_framework_interfaces/local/lib/python3.10/dist-packages:${PYTHONPATH} /usr/bin/cmake --install /home/dakota/.local/repos/control_framework/build/lockstep_sim
[2.499s] -- Install configuration: ""
[2.499s] -- Installing: /home/dakota/.local/repos/control_framework/install/lockstep_sim/lib/lockstep_sim/lockstep_sim
[2.499s] -- Set runtime path of "/home/dakota/.local/repos/control_framework/install/lockstep_sim/lib/lockstep_sim/lockstep_sim" to ""
[2.499s] -- Installing: /home/dakota/.local/repos/control_framework/install/lockstep_sim/share/lockstep_sim/models
[2.499s] -- Installing: /home/dakota/.local/repos/control_framework/install/lockstep_sim/share/lockstep_sim/models/cart_pole.xml
[2.499s] -- Installing: /home/dakota/.local/repos/control_framework/install/lockstep_sim/share/ament_index/resource_index/package_run_dependencies/lockstep_sim
[2.499s] -- Installing: /home/dakota/.local/repos/control_framework/install/lockstep_sim/share/ament_index/resource_index/parent_prefix_path/lockstep_sim
[2.500s] -- Installing: /home/dakota/.local/repos/control_framework/install/lockstep_sim/share/lockstep_sim/environment/ament_prefix_path.sh
[2.500s] -- Installing: /home/dakota/.local/repos/control_framework/install/lockstep_sim/share/lockstep_sim/environment/ament_prefix_path.dsv
[2.500s] -- Installing: /home/dakota/.local/repos/control_framework/install/lockstep_sim/share/lockstep_sim/environment/path.sh
[2.500s] -- Installing: /home/dakota/.local/repos/control_framework/install/lockstep_sim/share/lockstep_sim/environment/path.dsv
[2.500s] -- Installing: /home/dakota/.local/repos/control_framework/install/lockstep_sim/share/lockstep_sim/local_setup.bash
[2.500s] -- Installing: /home/dakota/.local/repos/control_framework/install/lockstep_sim/share/lockstep_sim/local_setup.sh
[2.500s] -- Installing: /home/dakota/.local/repos/control_framework/install/lockstep_sim/share/lockstep_sim/local_setup.zsh
[2.500s] -- Installing: /home/dakota/.local/repos/control_framework/install/lockstep_sim/share/lockstep_sim/local_setup.dsv
[2.500s] -- Installing: /home/dakota/.local/repos/control_framework/install/lockstep_sim/share/lockstep_sim/package.dsv
[2.500s] -- Installing: /home/dakota/.local/repos/control_framework/install/lockstep_sim/share/ament_index/resource_index/packages/lockstep_sim
[2.500s] -- Installing: /home/dakota/.local/repos/control_framework/install/lockstep_sim/share/lockstep_sim/cmake/lockstep_simConfig.cmake
[2.500s] -- Installing: /home/dakota/.local/repos/control_framework/install/lockstep_sim/share/lockstep_sim/cmake/lockstep_simConfig-version.cmake
[2.500s] -- Installing: /home/dakota/.local/repos/control_framework/install/lockstep_sim/share/lockstep_sim/package.xml
[2.501s] Invoked command in '/home/dakota/.local/repos/control_framework/build/lockstep_sim' returned '0': AMENT_PREFIX_PATH=/home/dakota/.local/repos/control_framework/install/control_framework_interfaces:${AMENT_PREFIX_PATH} CMAKE_PREFIX_PATH=/home/dakota/.local/repos/control_framework/install/control_framework_interfaces:/opt/ros/humble LD_LIBRARY_PATH=/home/dakota/.local/repos/control_framework/install/control_framework_interfaces/lib:${LD_LIBRARY_PATH} PYTHONPATH=/home/dakota/.local/repos/control_framework/install/control_framework_interfaces/local/lib/python3.10/dist-packages:${PYTHONPATH} /usr/bin/cmake --install /home/dakota/.local/repos/control_framework/build/lockstep_sim
