[0.044s] DEBUG:colcon:Command line arguments: ['/usr/bin/colcon', 'build']
[0.044s] DEBUG:colcon:Parsed command line arguments: Namespace(log_base=None, log_level=None, verb_name='build', build_base='build', install_base='install', merge_install=False, symlink_install=False, test_result_base=None, continue_on_error=False, executor='parallel', parallel_workers=24, event_handlers=None, ignore_user_meta=False, metas=['./colcon.meta'], base_paths=['.'], packages_ignore=None, packages_ignore_regex=None, paths=None, packages_up_to=None, packages_up_to_regex=None, packages_above=None, packages_above_and_dependencies=None, packages_above_depth=None, packages_select_by_dep=None, packages_skip_by_dep=None, packages_skip_up_to=None, packages_select_build_failed=False, packages_skip_build_finished=False, packages_select_test_failures=False, packages_skip_test_passed=False, packages_select=None, packages_skip=None, packages_select_regex=None, packages_skip_regex=None, packages_start=None, packages_end=None, allow_overriding=[], cmake_args=None, cmake_target=None, cmake_target_skip_unavailable=False, cmake_clean_cache=False, cmake_clean_first=False, cmake_force_configure=False, ament_cmake_args=None, catkin_cmake_args=None, catkin_skip_building_tests=False, mixin_files=None, mixin=None, verb_parser=<colcon_mixin.mixin.mixin_argument.MixinArgumentDecorator object at 0x731f01f111e0>, verb_extension=<colcon_core.verb.build.BuildVerb object at 0x731f0206e440>, main=<bound method BuildVerb.main of <colcon_core.verb.build.BuildVerb object at 0x731f0206e440>>, mixin_verb=('build',))
[0.101s] Level 1:colcon.colcon_core.package_discovery:discover_packages(colcon_meta) check parameters
[0.101s] Level 1:colcon.colcon_core.package_discovery:discover_packages(recursive) check parameters
[0.101s] Level 1:colcon.colcon_core.package_discovery:discover_packages(ignore) check parameters
[0.102s] Level 1:colcon.colcon_core.package_discovery:discover_packages(path) check parameters
[0.102s] Level 1:colcon.colcon_core.package_discovery:discover_packages(colcon_meta) discover
[0.102s] Level 1:colcon.colcon_core.package_discovery:discover_packages(recursive) discover
[0.102s] INFO:colcon.colcon_core.package_discovery:Crawling recursively for packages in '/home/dakota/.local/repos/control_framework'
[0.102s] Level 1:colcon.colcon_core.package_identification:_identify(.) by extensions ['ignore', 'ignore_ament_install']
[0.102s] Level 1:colcon.colcon_core.package_identification:_identify(.) by extension 'ignore'
[0.102s] Level 1:colcon.colcon_core.package_identification:_identify(.) by extension 'ignore_ament_install'
[0.102s] Level 1:colcon.colcon_core.package_identification:_identify(.) by extensions ['colcon_pkg']
[0.102s] Level 1:colcon.colcon_core.package_identification:_identify(.) by extension 'colcon_pkg'
[0.102s] Level 1:colcon.colcon_core.package_identification:_identify(.) by extensions ['colcon_meta']
[0.102s] Level 1:colcon.colcon_core.package_identification:_identify(.) by extension 'colcon_meta'
[0.102s] Level 1:colcon.colcon_core.package_identification:_identify(.) by extensions ['ros']
[0.102s] Level 1:colcon.colcon_core.package_identification:_identify(.) by extension 'ros'
[0.106s] Level 1:colcon.colcon_core.package_identification:_identify(.) by extensions ['cmake', 'python']
[0.106s] Level 1:colcon.colcon_core.package_identification:_identify(.) by extension 'cmake'
[0.106s] Level 1:colcon.colcon_core.package_identification:_identify(.) by extension 'python'
[0.106s] Level 1:colcon.colcon_core.package_identification:_identify(.) by extensions ['python_setup_py']
[0.106s] Level 1:colcon.colcon_core.package_identification:_identify(.) by extension 'python_setup_py'
[0.106s] Level 1:colcon.colcon_core.package_identification:_identify(build) by extensions ['ignore', 'ignore_ament_install']
[0.106s] Level 1:colcon.colcon_core.package_identification:_identify(build) by extension 'ignore'
[0.106s] Level 1:colcon.colcon_core.package_identification:_identify(build) ignored
[0.106s] Level 1:colcon.colcon_core.package_identification:_identify(csv_data) by extensions ['ignore', 'ignore_ament_install']
[0.106s] Level 1:colcon.colcon_core.package_identification:_identify(csv_data) by extension 'ignore'
[0.106s] Level 1:colcon.colcon_core.package_identification:_identify(csv_data) by extension 'ignore_ament_install'
[0.106s] Level 1:colcon.colcon_core.package_identification:_identify(csv_data) by extensions ['colcon_pkg']
[0.106s] Level 1:colcon.colcon_core.package_identification:_identify(csv_data) by extension 'colcon_pkg'
[0.107s] Level 1:colcon.colcon_core.package_identification:_identify(csv_data) by extensions ['colcon_meta']
[0.107s] Level 1:colcon.colcon_core.package_identification:_identify(csv_data) by extension 'colcon_meta'
[0.107s] Level 1:colcon.colcon_core.package_identification:_identify(csv_data) by extensions ['ros']
[0.107s] Level 1:colcon.colcon_core.package_identification:_identify(csv_data) by extension 'ros'
[0.107s] Level 1:colcon.colcon_core.package_identification:_identify(csv_data) by extensions ['cmake', 'python']
[0.107s] Level 1:colcon.colcon_core.package_identification:_identify(csv_data) by extension 'cmake'
[0.107s] Level 1:colcon.colcon_core.package_identification:_identify(csv_data) by extension 'python'
[0.107s] Level 1:colcon.colcon_core.package_identification:_identify(csv_data) by extensions ['python_setup_py']
[0.107s] Level 1:colcon.colcon_core.package_identification:_identify(csv_data) by extension 'python_setup_py'
[0.107s] Level 1:colcon.colcon_core.package_identification:_identify(csv_data/cart_pole) by extensions ['ignore', 'ignore_ament_install']
[0.107s] Level 1:colcon.colcon_core.package_identification:_identify(csv_data/cart_pole) by extension 'ignore'
[0.107s] Level 1:colcon.colcon_core.package_identification:_identify(csv_data/cart_pole) by extension 'ignore_ament_install'
[0.107s] Level 1:colcon.colcon_core.package_identification:_identify(csv_data/cart_pole) by extensions ['colcon_pkg']
[0.107s] Level 1:colcon.colcon_core.package_identification:_identify(csv_data/cart_pole) by extension 'colcon_pkg'
[0.107s] Level 1:colcon.colcon_core.package_identification:_identify(csv_data/cart_pole) by extensions ['colcon_meta']
[0.107s] Level 1:colcon.colcon_core.package_identification:_identify(csv_data/cart_pole) by extension 'colcon_meta'
[0.107s] Level 1:colcon.colcon_core.package_identification:_identify(csv_data/cart_pole) by extensions ['ros']
[0.107s] Level 1:colcon.colcon_core.package_identification:_identify(csv_data/cart_pole) by extension 'ros'
[0.107s] Level 1:colcon.colcon_core.package_identification:_identify(csv_data/cart_pole) by extensions ['cmake', 'python']
[0.107s] Level 1:colcon.colcon_core.package_identification:_identify(csv_data/cart_pole) by extension 'cmake'
[0.107s] Level 1:colcon.colcon_core.package_identification:_identify(csv_data/cart_pole) by extension 'python'
[0.107s] Level 1:colcon.colcon_core.package_identification:_identify(csv_data/cart_pole) by extensions ['python_setup_py']
[0.107s] Level 1:colcon.colcon_core.package_identification:_identify(csv_data/cart_pole) by extension 'python_setup_py'
[0.107s] Level 1:colcon.colcon_core.package_identification:_identify(install) by extensions ['ignore', 'ignore_ament_install']
[0.107s] Level 1:colcon.colcon_core.package_identification:_identify(install) by extension 'ignore'
[0.107s] Level 1:colcon.colcon_core.package_identification:_identify(install) ignored
[0.107s] Level 1:colcon.colcon_core.package_identification:_identify(launch) by extensions ['ignore', 'ignore_ament_install']
[0.107s] Level 1:colcon.colcon_core.package_identification:_identify(launch) by extension 'ignore'
[0.107s] Level 1:colcon.colcon_core.package_identification:_identify(launch) by extension 'ignore_ament_install'
[0.107s] Level 1:colcon.colcon_core.package_identification:_identify(launch) by extensions ['colcon_pkg']
[0.107s] Level 1:colcon.colcon_core.package_identification:_identify(launch) by extension 'colcon_pkg'
[0.107s] Level 1:colcon.colcon_core.package_identification:_identify(launch) by extensions ['colcon_meta']
[0.107s] Level 1:colcon.colcon_core.package_identification:_identify(launch) by extension 'colcon_meta'
[0.107s] Level 1:colcon.colcon_core.package_identification:_identify(launch) by extensions ['ros']
[0.107s] Level 1:colcon.colcon_core.package_identification:_identify(launch) by extension 'ros'
[0.107s] Level 1:colcon.colcon_core.package_identification:_identify(launch) by extensions ['cmake', 'python']
[0.107s] Level 1:colcon.colcon_core.package_identification:_identify(launch) by extension 'cmake'
[0.107s] Level 1:colcon.colcon_core.package_identification:_identify(launch) by extension 'python'
[0.107s] Level 1:colcon.colcon_core.package_identification:_identify(launch) by extensions ['python_setup_py']
[0.107s] Level 1:colcon.colcon_core.package_identification:_identify(launch) by extension 'python_setup_py'
[0.107s] Level 1:colcon.colcon_core.package_identification:_identify(launch/__pycache__) by extensions ['ignore', 'ignore_ament_install']
[0.107s] Level 1:colcon.colcon_core.package_identification:_identify(launch/__pycache__) by extension 'ignore'
[0.107s] Level 1:colcon.colcon_core.package_identification:_identify(launch/__pycache__) by extension 'ignore_ament_install'
[0.107s] Level 1:colcon.colcon_core.package_identification:_identify(launch/__pycache__) by extensions ['colcon_pkg']
[0.107s] Level 1:colcon.colcon_core.package_identification:_identify(launch/__pycache__) by extension 'colcon_pkg'
[0.107s] Level 1:colcon.colcon_core.package_identification:_identify(launch/__pycache__) by extensions ['colcon_meta']
[0.107s] Level 1:colcon.colcon_core.package_identification:_identify(launch/__pycache__) by extension 'colcon_meta'
[0.107s] Level 1:colcon.colcon_core.package_identification:_identify(launch/__pycache__) by extensions ['ros']
[0.107s] Level 1:colcon.colcon_core.package_identification:_identify(launch/__pycache__) by extension 'ros'
[0.107s] Level 1:colcon.colcon_core.package_identification:_identify(launch/__pycache__) by extensions ['cmake', 'python']
[0.107s] Level 1:colcon.colcon_core.package_identification:_identify(launch/__pycache__) by extension 'cmake'
[0.107s] Level 1:colcon.colcon_core.package_identification:_identify(launch/__pycache__) by extension 'python'
[0.107s] Level 1:colcon.colcon_core.package_identification:_identify(launch/__pycache__) by extensions ['python_setup_py']
[0.107s] Level 1:colcon.colcon_core.package_identification:_identify(launch/__pycache__) by extension 'python_setup_py'
[0.107s] Level 1:colcon.colcon_core.package_identification:_identify(log) by extensions ['ignore', 'ignore_ament_install']
[0.107s] Level 1:colcon.colcon_core.package_identification:_identify(log) by extension 'ignore'
[0.107s] Level 1:colcon.colcon_core.package_identification:_identify(log) ignored
[0.108s] Level 1:colcon.colcon_core.package_identification:_identify(src) by extensions ['ignore', 'ignore_ament_install']
[0.108s] Level 1:colcon.colcon_core.package_identification:_identify(src) by extension 'ignore'
[0.108s] Level 1:colcon.colcon_core.package_identification:_identify(src) by extension 'ignore_ament_install'
[0.108s] Level 1:colcon.colcon_core.package_identification:_identify(src) by extensions ['colcon_pkg']
[0.108s] Level 1:colcon.colcon_core.package_identification:_identify(src) by extension 'colcon_pkg'
[0.108s] Level 1:colcon.colcon_core.package_identification:_identify(src) by extensions ['colcon_meta']
[0.108s] Level 1:colcon.colcon_core.package_identification:_identify(src) by extension 'colcon_meta'
[0.108s] Level 1:colcon.colcon_core.package_identification:_identify(src) by extensions ['ros']
[0.108s] Level 1:colcon.colcon_core.package_identification:_identify(src) by extension 'ros'
[0.108s] Level 1:colcon.colcon_core.package_identification:_identify(src) by extensions ['cmake', 'python']
[0.108s] Level 1:colcon.colcon_core.package_identification:_identify(src) by extension 'cmake'
[0.108s] Level 1:colcon.colcon_core.package_identification:_identify(src) by extension 'python'
[0.108s] Level 1:colcon.colcon_core.package_identification:_identify(src) by extensions ['python_setup_py']
[0.108s] Level 1:colcon.colcon_core.package_identification:_identify(src) by extension 'python_setup_py'
[0.108s] Level 1:colcon.colcon_core.package_identification:_identify(src/control_framework_interfaces) by extensions ['ignore', 'ignore_ament_install']
[0.108s] Level 1:colcon.colcon_core.package_identification:_identify(src/control_framework_interfaces) by extension 'ignore'
[0.108s] Level 1:colcon.colcon_core.package_identification:_identify(src/control_framework_interfaces) by extension 'ignore_ament_install'
[0.108s] Level 1:colcon.colcon_core.package_identification:_identify(src/control_framework_interfaces) by extensions ['colcon_pkg']
[0.108s] Level 1:colcon.colcon_core.package_identification:_identify(src/control_framework_interfaces) by extension 'colcon_pkg'
[0.108s] Level 1:colcon.colcon_core.package_identification:_identify(src/control_framework_interfaces) by extensions ['colcon_meta']
[0.108s] Level 1:colcon.colcon_core.package_identification:_identify(src/control_framework_interfaces) by extension 'colcon_meta'
[0.108s] Level 1:colcon.colcon_core.package_identification:_identify(src/control_framework_interfaces) by extensions ['ros']
[0.108s] Level 1:colcon.colcon_core.package_identification:_identify(src/control_framework_interfaces) by extension 'ros'
[0.109s] DEBUG:colcon.colcon_core.package_identification:Package 'src/control_framework_interfaces' with type 'ros.ament_cmake' and name 'control_framework_interfaces'
[0.109s] Level 1:colcon.colcon_core.package_identification:_identify(src/controller) by extensions ['ignore', 'ignore_ament_install']
[0.109s] Level 1:colcon.colcon_core.package_identification:_identify(src/controller) by extension 'ignore'
[0.109s] Level 1:colcon.colcon_core.package_identification:_identify(src/controller) by extension 'ignore_ament_install'
[0.109s] Level 1:colcon.colcon_core.package_identification:_identify(src/controller) by extensions ['colcon_pkg']
[0.109s] Level 1:colcon.colcon_core.package_identification:_identify(src/controller) by extension 'colcon_pkg'
[0.109s] Level 1:colcon.colcon_core.package_identification:_identify(src/controller) by extensions ['colcon_meta']
[0.109s] Level 1:colcon.colcon_core.package_identification:_identify(src/controller) by extension 'colcon_meta'
[0.109s] Level 1:colcon.colcon_core.package_identification:_identify(src/controller) by extensions ['ros']
[0.109s] Level 1:colcon.colcon_core.package_identification:_identify(src/controller) by extension 'ros'
[0.109s] DEBUG:colcon.colcon_core.package_identification:Package 'src/controller' with type 'ros.ament_cmake' and name 'controller'
[0.109s] Level 1:colcon.colcon_core.package_identification:_identify(src/excel_record_logging) by extensions ['ignore', 'ignore_ament_install']
[0.110s] Level 1:colcon.colcon_core.package_identification:_identify(src/excel_record_logging) by extension 'ignore'
[0.110s] Level 1:colcon.colcon_core.package_identification:_identify(src/excel_record_logging) by extension 'ignore_ament_install'
[0.110s] Level 1:colcon.colcon_core.package_identification:_identify(src/excel_record_logging) by extensions ['colcon_pkg']
[0.110s] Level 1:colcon.colcon_core.package_identification:_identify(src/excel_record_logging) by extension 'colcon_pkg'
[0.110s] Level 1:colcon.colcon_core.package_identification:_identify(src/excel_record_logging) by extensions ['colcon_meta']
[0.110s] Level 1:colcon.colcon_core.package_identification:_identify(src/excel_record_logging) by extension 'colcon_meta'
[0.110s] Level 1:colcon.colcon_core.package_identification:_identify(src/excel_record_logging) by extensions ['ros']
[0.110s] Level 1:colcon.colcon_core.package_identification:_identify(src/excel_record_logging) by extension 'ros'
[0.110s] DEBUG:colcon.colcon_core.package_identification:Package 'src/excel_record_logging' with type 'ros.ament_cmake' and name 'excel_record_logging'
[0.110s] Level 1:colcon.colcon_core.package_identification:_identify(src/lockstep_sim) by extensions ['ignore', 'ignore_ament_install']
[0.110s] Level 1:colcon.colcon_core.package_identification:_identify(src/lockstep_sim) by extension 'ignore'
[0.110s] Level 1:colcon.colcon_core.package_identification:_identify(src/lockstep_sim) by extension 'ignore_ament_install'
[0.110s] Level 1:colcon.colcon_core.package_identification:_identify(src/lockstep_sim) by extensions ['colcon_pkg']
[0.110s] Level 1:colcon.colcon_core.package_identification:_identify(src/lockstep_sim) by extension 'colcon_pkg'
[0.110s] Level 1:colcon.colcon_core.package_identification:_identify(src/lockstep_sim) by extensions ['colcon_meta']
[0.110s] Level 1:colcon.colcon_core.package_identification:_identify(src/lockstep_sim) by extension 'colcon_meta'
[0.110s] Level 1:colcon.colcon_core.package_identification:_identify(src/lockstep_sim) by extensions ['ros']
[0.110s] Level 1:colcon.colcon_core.package_identification:_identify(src/lockstep_sim) by extension 'ros'
[0.110s] DEBUG:colcon.colcon_core.package_identification:Package 'src/lockstep_sim' with type 'ros.ament_cmake' and name 'sim'
[0.110s] Level 1:colcon.colcon_core.package_discovery:discover_packages(recursive) using defaults
[0.110s] Level 1:colcon.colcon_core.package_discovery:discover_packages(ignore) discover
[0.111s] Level 1:colcon.colcon_core.package_discovery:discover_packages(ignore) using defaults
[0.111s] Level 1:colcon.colcon_core.package_discovery:discover_packages(path) discover
[0.111s] Level 1:colcon.colcon_core.package_discovery:discover_packages(path) using defaults
[0.131s] Level 1:colcon.colcon_core.package_discovery:discover_packages(prefix_path) check parameters
[0.131s] Level 1:colcon.colcon_core.package_discovery:discover_packages(prefix_path) discover
[0.132s] DEBUG:colcon.colcon_installed_package_information.package_discovery:Found 273 installed packages in /opt/ros/humble
[0.133s] Level 1:colcon.colcon_core.package_discovery:discover_packages(prefix_path) using defaults
[0.147s] Level 5:colcon.colcon_core.verb:set package 'control_framework_interfaces' build argument 'cmake_args' from command line to 'None'
[0.147s] Level 5:colcon.colcon_core.verb:set package 'control_framework_interfaces' build argument 'cmake_target' from command line to 'None'
[0.147s] Level 5:colcon.colcon_core.verb:set package 'control_framework_interfaces' build argument 'cmake_target_skip_unavailable' from command line to 'False'
[0.147s] Level 5:colcon.colcon_core.verb:set package 'control_framework_interfaces' build argument 'cmake_clean_cache' from command line to 'False'
[0.147s] Level 5:colcon.colcon_core.verb:set package 'control_framework_interfaces' build argument 'cmake_clean_first' from command line to 'False'
[0.147s] Level 5:colcon.colcon_core.verb:set package 'control_framework_interfaces' build argument 'cmake_force_configure' from command line to 'False'
[0.147s] Level 5:colcon.colcon_core.verb:set package 'control_framework_interfaces' build argument 'ament_cmake_args' from command line to 'None'
[0.147s] Level 5:colcon.colcon_core.verb:set package 'control_framework_interfaces' build argument 'catkin_cmake_args' from command line to 'None'
[0.147s] Level 5:colcon.colcon_core.verb:set package 'control_framework_interfaces' build argument 'catkin_skip_building_tests' from command line to 'False'
[0.147s] DEBUG:colcon.colcon_core.verb:Building package 'control_framework_interfaces' with the following arguments: {'ament_cmake_args': None, 'build_base': '/home/dakota/.local/repos/control_framework/build/control_framework_interfaces', 'catkin_cmake_args': None, 'catkin_skip_building_tests': False, 'cmake_args': None, 'cmake_clean_cache': False, 'cmake_clean_first': False, 'cmake_force_configure': False, 'cmake_target': None, 'cmake_target_skip_unavailable': False, 'install_base': '/home/dakota/.local/repos/control_framework/install/control_framework_interfaces', 'merge_install': False, 'path': '/home/dakota/.local/repos/control_framework/src/control_framework_interfaces', 'symlink_install': False, 'test_result_base': None}
[0.148s] Level 5:colcon.colcon_core.verb:set package 'controller' build argument 'cmake_args' from command line to 'None'
[0.148s] Level 5:colcon.colcon_core.verb:set package 'controller' build argument 'cmake_target' from command line to 'None'
[0.148s] Level 5:colcon.colcon_core.verb:set package 'controller' build argument 'cmake_target_skip_unavailable' from command line to 'False'
[0.148s] Level 5:colcon.colcon_core.verb:set package 'controller' build argument 'cmake_clean_cache' from command line to 'False'
[0.148s] Level 5:colcon.colcon_core.verb:set package 'controller' build argument 'cmake_clean_first' from command line to 'False'
[0.148s] Level 5:colcon.colcon_core.verb:set package 'controller' build argument 'cmake_force_configure' from command line to 'False'
[0.148s] Level 5:colcon.colcon_core.verb:set package 'controller' build argument 'ament_cmake_args' from command line to 'None'
[0.148s] Level 5:colcon.colcon_core.verb:set package 'controller' build argument 'catkin_cmake_args' from command line to 'None'
[0.148s] Level 5:colcon.colcon_core.verb:set package 'controller' build argument 'catkin_skip_building_tests' from command line to 'False'
[0.148s] DEBUG:colcon.colcon_core.verb:Building package 'controller' with the following arguments: {'ament_cmake_args': None, 'build_base': '/home/dakota/.local/repos/control_framework/build/controller', 'catkin_cmake_args': None, 'catkin_skip_building_tests': False, 'cmake_args': None, 'cmake_clean_cache': False, 'cmake_clean_first': False, 'cmake_force_configure': False, 'cmake_target': None, 'cmake_target_skip_unavailable': False, 'install_base': '/home/dakota/.local/repos/control_framework/install/controller', 'merge_install': False, 'path': '/home/dakota/.local/repos/control_framework/src/controller', 'symlink_install': False, 'test_result_base': None}
[0.148s] Level 5:colcon.colcon_core.verb:set package 'excel_record_logging' build argument 'cmake_args' from command line to 'None'
[0.148s] Level 5:colcon.colcon_core.verb:set package 'excel_record_logging' build argument 'cmake_target' from command line to 'None'
[0.148s] Level 5:colcon.colcon_core.verb:set package 'excel_record_logging' build argument 'cmake_target_skip_unavailable' from command line to 'False'
[0.148s] Level 5:colcon.colcon_core.verb:set package 'excel_record_logging' build argument 'cmake_clean_cache' from command line to 'False'
[0.148s] Level 5:colcon.colcon_core.verb:set package 'excel_record_logging' build argument 'cmake_clean_first' from command line to 'False'
[0.148s] Level 5:colcon.colcon_core.verb:set package 'excel_record_logging' build argument 'cmake_force_configure' from command line to 'False'
[0.148s] Level 5:colcon.colcon_core.verb:set package 'excel_record_logging' build argument 'ament_cmake_args' from command line to 'None'
[0.148s] Level 5:colcon.colcon_core.verb:set package 'excel_record_logging' build argument 'catkin_cmake_args' from command line to 'None'
[0.148s] Level 5:colcon.colcon_core.verb:set package 'excel_record_logging' build argument 'catkin_skip_building_tests' from command line to 'False'
[0.148s] DEBUG:colcon.colcon_core.verb:Building package 'excel_record_logging' with the following arguments: {'ament_cmake_args': None, 'build_base': '/home/dakota/.local/repos/control_framework/build/excel_record_logging', 'catkin_cmake_args': None, 'catkin_skip_building_tests': False, 'cmake_args': None, 'cmake_clean_cache': False, 'cmake_clean_first': False, 'cmake_force_configure': False, 'cmake_target': None, 'cmake_target_skip_unavailable': False, 'install_base': '/home/dakota/.local/repos/control_framework/install/excel_record_logging', 'merge_install': False, 'path': '/home/dakota/.local/repos/control_framework/src/excel_record_logging', 'symlink_install': False, 'test_result_base': None}
[0.148s] Level 5:colcon.colcon_core.verb:set package 'sim' build argument 'cmake_args' from command line to 'None'
[0.148s] Level 5:colcon.colcon_core.verb:set package 'sim' build argument 'cmake_target' from command line to 'None'
[0.148s] Level 5:colcon.colcon_core.verb:set package 'sim' build argument 'cmake_target_skip_unavailable' from command line to 'False'
[0.148s] Level 5:colcon.colcon_core.verb:set package 'sim' build argument 'cmake_clean_cache' from command line to 'False'
[0.148s] Level 5:colcon.colcon_core.verb:set package 'sim' build argument 'cmake_clean_first' from command line to 'False'
[0.148s] Level 5:colcon.colcon_core.verb:set package 'sim' build argument 'cmake_force_configure' from command line to 'False'
[0.148s] Level 5:colcon.colcon_core.verb:set package 'sim' build argument 'ament_cmake_args' from command line to 'None'
[0.148s] Level 5:colcon.colcon_core.verb:set package 'sim' build argument 'catkin_cmake_args' from command line to 'None'
[0.148s] Level 5:colcon.colcon_core.verb:set package 'sim' build argument 'catkin_skip_building_tests' from command line to 'False'
[0.148s] DEBUG:colcon.colcon_core.verb:Building package 'sim' with the following arguments: {'ament_cmake_args': None, 'build_base': '/home/dakota/.local/repos/control_framework/build/sim', 'catkin_cmake_args': None, 'catkin_skip_building_tests': False, 'cmake_args': None, 'cmake_clean_cache': False, 'cmake_clean_first': False, 'cmake_force_configure': False, 'cmake_target': None, 'cmake_target_skip_unavailable': False, 'install_base': '/home/dakota/.local/repos/control_framework/install/sim', 'merge_install': False, 'path': '/home/dakota/.local/repos/control_framework/src/lockstep_sim', 'symlink_install': False, 'test_result_base': None}
[0.148s] INFO:colcon.colcon_core.executor:Executing jobs using 'parallel' executor
[0.149s] DEBUG:colcon.colcon_parallel_executor.executor.parallel:run_until_complete
[0.149s] INFO:colcon.colcon_ros.task.ament_cmake.build:Building ROS package in '/home/dakota/.local/repos/control_framework/src/control_framework_interfaces' with build type 'ament_cmake'
[0.149s] INFO:colcon.colcon_cmake.task.cmake.build:Building CMake package in '/home/dakota/.local/repos/control_framework/src/control_framework_interfaces'
[0.150s] INFO:colcon.colcon_core.plugin_system:Skipping extension 'colcon_core.shell.bat': Not used on non-Windows systems
[0.150s] INFO:colcon.colcon_core.shell:Skip shell extension 'powershell' for command environment: Not usable outside of PowerShell
[0.150s] DEBUG:colcon.colcon_core.shell:Skip shell extension 'dsv' for command environment
[0.155s] DEBUG:colcon.colcon_core.event_handler.log_command:Invoking command in '/home/dakota/.local/repos/control_framework/build/control_framework_interfaces': CMAKE_PREFIX_PATH=/opt/ros/humble /usr/bin/cmake --build /home/dakota/.local/repos/control_framework/build/control_framework_interfaces -- -j24 -l24
[0.335s] DEBUG:colcon.colcon_core.event_handler.log_command:Invoked command in '/home/dakota/.local/repos/control_framework/build/control_framework_interfaces' returned '0': CMAKE_PREFIX_PATH=/opt/ros/humble /usr/bin/cmake --build /home/dakota/.local/repos/control_framework/build/control_framework_interfaces -- -j24 -l24
[0.339s] DEBUG:colcon.colcon_core.event_handler.log_command:Invoking command in '/home/dakota/.local/repos/control_framework/build/control_framework_interfaces': CMAKE_PREFIX_PATH=/opt/ros/humble /usr/bin/cmake --install /home/dakota/.local/repos/control_framework/build/control_framework_interfaces
[0.375s] Level 1:colcon.colcon_core.environment:create_environment_scripts_only(control_framework_interfaces)
[0.375s] DEBUG:colcon.colcon_core.event_handler.log_command:Invoked command in '/home/dakota/.local/repos/control_framework/build/control_framework_interfaces' returned '0': CMAKE_PREFIX_PATH=/opt/ros/humble /usr/bin/cmake --install /home/dakota/.local/repos/control_framework/build/control_framework_interfaces
[0.376s] Level 1:colcon.colcon_core.environment:checking '/home/dakota/.local/repos/control_framework/install/control_framework_interfaces' for CMake module files
[0.377s] Level 1:colcon.colcon_core.environment:checking '/home/dakota/.local/repos/control_framework/install/control_framework_interfaces' for CMake config files
[0.377s] Level 1:colcon.colcon_core.shell:create_environment_hook('control_framework_interfaces', 'cmake_prefix_path')
[0.377s] INFO:colcon.colcon_core.shell:Creating environment hook '/home/dakota/.local/repos/control_framework/install/control_framework_interfaces/share/control_framework_interfaces/hook/cmake_prefix_path.ps1'
[0.377s] INFO:colcon.colcon_core.shell:Creating environment descriptor '/home/dakota/.local/repos/control_framework/install/control_framework_interfaces/share/control_framework_interfaces/hook/cmake_prefix_path.dsv'
[0.377s] INFO:colcon.colcon_core.shell:Creating environment hook '/home/dakota/.local/repos/control_framework/install/control_framework_interfaces/share/control_framework_interfaces/hook/cmake_prefix_path.sh'
[0.378s] Level 1:colcon.colcon_core.environment:checking '/home/dakota/.local/repos/control_framework/install/control_framework_interfaces/lib'
[0.378s] Level 1:colcon.colcon_core.shell:create_environment_hook('control_framework_interfaces', 'ld_library_path_lib')
[0.378s] INFO:colcon.colcon_core.shell:Creating environment hook '/home/dakota/.local/repos/control_framework/install/control_framework_interfaces/share/control_framework_interfaces/hook/ld_library_path_lib.ps1'
[0.378s] INFO:colcon.colcon_core.shell:Creating environment descriptor '/home/dakota/.local/repos/control_framework/install/control_framework_interfaces/share/control_framework_interfaces/hook/ld_library_path_lib.dsv'
[0.378s] INFO:colcon.colcon_core.shell:Creating environment hook '/home/dakota/.local/repos/control_framework/install/control_framework_interfaces/share/control_framework_interfaces/hook/ld_library_path_lib.sh'
[0.378s] Level 1:colcon.colcon_core.environment:checking '/home/dakota/.local/repos/control_framework/install/control_framework_interfaces/bin'
[0.378s] Level 1:colcon.colcon_core.environment:checking '/home/dakota/.local/repos/control_framework/install/control_framework_interfaces/lib/pkgconfig/control_framework_interfaces.pc'
[0.379s] Level 1:colcon.colcon_core.environment:checking '/home/dakota/.local/repos/control_framework/install/control_framework_interfaces/lib/python3.10/site-packages'
[0.379s] Level 1:colcon.colcon_core.environment:checking '/home/dakota/.local/repos/control_framework/install/control_framework_interfaces/bin'
[0.379s] INFO:colcon.colcon_core.shell:Creating package script '/home/dakota/.local/repos/control_framework/install/control_framework_interfaces/share/control_framework_interfaces/package.ps1'
[0.379s] INFO:colcon.colcon_core.shell:Creating package descriptor '/home/dakota/.local/repos/control_framework/install/control_framework_interfaces/share/control_framework_interfaces/package.dsv'
[0.380s] INFO:colcon.colcon_core.shell:Creating package script '/home/dakota/.local/repos/control_framework/install/control_framework_interfaces/share/control_framework_interfaces/package.sh'
[0.380s] INFO:colcon.colcon_core.shell:Creating package script '/home/dakota/.local/repos/control_framework/install/control_framework_interfaces/share/control_framework_interfaces/package.bash'
[0.380s] INFO:colcon.colcon_core.shell:Creating package script '/home/dakota/.local/repos/control_framework/install/control_framework_interfaces/share/control_framework_interfaces/package.zsh'
[0.380s] Level 1:colcon.colcon_core.environment:create_file_with_runtime_dependencies(/home/dakota/.local/repos/control_framework/install/control_framework_interfaces/share/colcon-core/packages/control_framework_interfaces)
[0.381s] Level 1:colcon.colcon_core.environment:create_environment_scripts_only(control_framework_interfaces)
[0.381s] Level 1:colcon.colcon_core.environment:checking '/home/dakota/.local/repos/control_framework/install/control_framework_interfaces' for CMake module files
[0.381s] Level 1:colcon.colcon_core.environment:checking '/home/dakota/.local/repos/control_framework/install/control_framework_interfaces' for CMake config files
[0.381s] Level 1:colcon.colcon_core.shell:create_environment_hook('control_framework_interfaces', 'cmake_prefix_path')
[0.381s] INFO:colcon.colcon_core.shell:Creating environment hook '/home/dakota/.local/repos/control_framework/install/control_framework_interfaces/share/control_framework_interfaces/hook/cmake_prefix_path.ps1'
[0.381s] INFO:colcon.colcon_core.shell:Creating environment descriptor '/home/dakota/.local/repos/control_framework/install/control_framework_interfaces/share/control_framework_interfaces/hook/cmake_prefix_path.dsv'
[0.382s] INFO:colcon.colcon_core.shell:Creating environment hook '/home/dakota/.local/repos/control_framework/install/control_framework_interfaces/share/control_framework_interfaces/hook/cmake_prefix_path.sh'
[0.382s] Level 1:colcon.colcon_core.environment:checking '/home/dakota/.local/repos/control_framework/install/control_framework_interfaces/lib'
[0.382s] Level 1:colcon.colcon_core.shell:create_environment_hook('control_framework_interfaces', 'ld_library_path_lib')
[0.382s] INFO:colcon.colcon_core.shell:Creating environment hook '/home/dakota/.local/repos/control_framework/install/control_framework_interfaces/share/control_framework_interfaces/hook/ld_library_path_lib.ps1'
[0.382s] INFO:colcon.colcon_core.shell:Creating environment descriptor '/home/dakota/.local/repos/control_framework/install/control_framework_interfaces/share/control_framework_interfaces/hook/ld_library_path_lib.dsv'
[0.382s] INFO:colcon.colcon_core.shell:Creating environment hook '/home/dakota/.local/repos/control_framework/install/control_framework_interfaces/share/control_framework_interfaces/hook/ld_library_path_lib.sh'
[0.382s] Level 1:colcon.colcon_core.environment:checking '/home/dakota/.local/repos/control_framework/install/control_framework_interfaces/bin'
[0.382s] Level 1:colcon.colcon_core.environment:checking '/home/dakota/.local/repos/control_framework/install/control_framework_interfaces/lib/pkgconfig/control_framework_interfaces.pc'
[0.383s] Level 1:colcon.colcon_core.environment:checking '/home/dakota/.local/repos/control_framework/install/control_framework_interfaces/lib/python3.10/site-packages'
[0.383s] Level 1:colcon.colcon_core.environment:checking '/home/dakota/.local/repos/control_framework/install/control_framework_interfaces/bin'
[0.383s] INFO:colcon.colcon_core.shell:Creating package script '/home/dakota/.local/repos/control_framework/install/control_framework_interfaces/share/control_framework_interfaces/package.ps1'
[0.383s] INFO:colcon.colcon_core.shell:Creating package descriptor '/home/dakota/.local/repos/control_framework/install/control_framework_interfaces/share/control_framework_interfaces/package.dsv'
[0.383s] INFO:colcon.colcon_core.shell:Creating package script '/home/dakota/.local/repos/control_framework/install/control_framework_interfaces/share/control_framework_interfaces/package.sh'
[0.383s] INFO:colcon.colcon_core.shell:Creating package script '/home/dakota/.local/repos/control_framework/install/control_framework_interfaces/share/control_framework_interfaces/package.bash'
[0.384s] INFO:colcon.colcon_core.shell:Creating package script '/home/dakota/.local/repos/control_framework/install/control_framework_interfaces/share/control_framework_interfaces/package.zsh'
[0.384s] Level 1:colcon.colcon_core.environment:create_file_with_runtime_dependencies(/home/dakota/.local/repos/control_framework/install/control_framework_interfaces/share/colcon-core/packages/control_framework_interfaces)
[0.384s] INFO:colcon.colcon_ros.task.ament_cmake.build:Building ROS package in '/home/dakota/.local/repos/control_framework/src/controller' with build type 'ament_cmake'
[0.384s] INFO:colcon.colcon_cmake.task.cmake.build:Building CMake package in '/home/dakota/.local/repos/control_framework/src/controller'
[0.384s] INFO:colcon.colcon_core.shell:Skip shell extension 'powershell' for command environment: Not usable outside of PowerShell
[0.384s] DEBUG:colcon.colcon_core.shell:Skip shell extension 'dsv' for command environment
[0.385s] INFO:colcon.colcon_ros.task.ament_cmake.build:Building ROS package in '/home/dakota/.local/repos/control_framework/src/excel_record_logging' with build type 'ament_cmake'
[0.385s] INFO:colcon.colcon_cmake.task.cmake.build:Building CMake package in '/home/dakota/.local/repos/control_framework/src/excel_record_logging'
[0.386s] INFO:colcon.colcon_core.shell:Skip shell extension 'powershell' for command environment: Not usable outside of PowerShell
[0.386s] DEBUG:colcon.colcon_core.shell:Skip shell extension 'dsv' for command environment
[0.393s] DEBUG:colcon.colcon_core.event_handler.log_command:Invoking command in '/home/dakota/.local/repos/control_framework/build/controller': AMENT_PREFIX_PATH=/home/dakota/.local/repos/control_framework/install/control_framework_interfaces:${AMENT_PREFIX_PATH} CMAKE_PREFIX_PATH=/home/dakota/.local/repos/control_framework/install/control_framework_interfaces:/opt/ros/humble LD_LIBRARY_PATH=/home/dakota/.local/repos/control_framework/install/control_framework_interfaces/lib:${LD_LIBRARY_PATH} PYTHONPATH=/home/dakota/.local/repos/control_framework/install/control_framework_interfaces/local/lib/python3.10/dist-packages:${PYTHONPATH} /usr/bin/cmake --build /home/dakota/.local/repos/control_framework/build/controller -- -j24 -l24
[0.396s] DEBUG:colcon.colcon_core.event_handler.log_command:Invoking command in '/home/dakota/.local/repos/control_framework/build/excel_record_logging': AMENT_PREFIX_PATH=/home/dakota/.local/repos/control_framework/install/control_framework_interfaces:${AMENT_PREFIX_PATH} CMAKE_PREFIX_PATH=/home/dakota/.local/repos/control_framework/install/control_framework_interfaces:/opt/ros/humble LD_LIBRARY_PATH=/home/dakota/.local/repos/control_framework/install/control_framework_interfaces/lib:${LD_LIBRARY_PATH} PYTHONPATH=/home/dakota/.local/repos/control_framework/install/control_framework_interfaces/local/lib/python3.10/dist-packages:${PYTHONPATH} /usr/bin/cmake --build /home/dakota/.local/repos/control_framework/build/excel_record_logging -- -j24 -l24
[0.432s] DEBUG:colcon.colcon_core.event_handler.log_command:Invoked command in '/home/dakota/.local/repos/control_framework/build/excel_record_logging' returned '0': AMENT_PREFIX_PATH=/home/dakota/.local/repos/control_framework/install/control_framework_interfaces:${AMENT_PREFIX_PATH} CMAKE_PREFIX_PATH=/home/dakota/.local/repos/control_framework/install/control_framework_interfaces:/opt/ros/humble LD_LIBRARY_PATH=/home/dakota/.local/repos/control_framework/install/control_framework_interfaces/lib:${LD_LIBRARY_PATH} PYTHONPATH=/home/dakota/.local/repos/control_framework/install/control_framework_interfaces/local/lib/python3.10/dist-packages:${PYTHONPATH} /usr/bin/cmake --build /home/dakota/.local/repos/control_framework/build/excel_record_logging -- -j24 -l24
[0.433s] DEBUG:colcon.colcon_core.event_handler.log_command:Invoking command in '/home/dakota/.local/repos/control_framework/build/excel_record_logging': AMENT_PREFIX_PATH=/home/dakota/.local/repos/control_framework/install/control_framework_interfaces:${AMENT_PREFIX_PATH} CMAKE_PREFIX_PATH=/home/dakota/.local/repos/control_framework/install/control_framework_interfaces:/opt/ros/humble LD_LIBRARY_PATH=/home/dakota/.local/repos/control_framework/install/control_framework_interfaces/lib:${LD_LIBRARY_PATH} PYTHONPATH=/home/dakota/.local/repos/control_framework/install/control_framework_interfaces/local/lib/python3.10/dist-packages:${PYTHONPATH} /usr/bin/cmake --install /home/dakota/.local/repos/control_framework/build/excel_record_logging
[0.438s] Level 1:colcon.colcon_core.environment:create_environment_scripts_only(excel_record_logging)
[0.438s] Level 1:colcon.colcon_core.environment:checking '/home/dakota/.local/repos/control_framework/install/excel_record_logging' for CMake module files
[0.438s] Level 1:colcon.colcon_core.environment:checking '/home/dakota/.local/repos/control_framework/install/excel_record_logging' for CMake config files
[0.439s] DEBUG:colcon.colcon_core.event_handler.log_command:Invoked command in '/home/dakota/.local/repos/control_framework/build/excel_record_logging' returned '0': AMENT_PREFIX_PATH=/home/dakota/.local/repos/control_framework/install/control_framework_interfaces:${AMENT_PREFIX_PATH} CMAKE_PREFIX_PATH=/home/dakota/.local/repos/control_framework/install/control_framework_interfaces:/opt/ros/humble LD_LIBRARY_PATH=/home/dakota/.local/repos/control_framework/install/control_framework_interfaces/lib:${LD_LIBRARY_PATH} PYTHONPATH=/home/dakota/.local/repos/control_framework/install/control_framework_interfaces/local/lib/python3.10/dist-packages:${PYTHONPATH} /usr/bin/cmake --install /home/dakota/.local/repos/control_framework/build/excel_record_logging
[0.439s] Level 1:colcon.colcon_core.shell:create_environment_hook('excel_record_logging', 'cmake_prefix_path')
[0.439s] INFO:colcon.colcon_core.shell:Creating environment hook '/home/dakota/.local/repos/control_framework/install/excel_record_logging/share/excel_record_logging/hook/cmake_prefix_path.ps1'
[0.439s] INFO:colcon.colcon_core.shell:Creating environment descriptor '/home/dakota/.local/repos/control_framework/install/excel_record_logging/share/excel_record_logging/hook/cmake_prefix_path.dsv'
[0.439s] INFO:colcon.colcon_core.shell:Creating environment hook '/home/dakota/.local/repos/control_framework/install/excel_record_logging/share/excel_record_logging/hook/cmake_prefix_path.sh'
[0.440s] Level 1:colcon.colcon_core.environment:checking '/home/dakota/.local/repos/control_framework/install/excel_record_logging/lib'
[0.440s] Level 1:colcon.colcon_core.environment:checking '/home/dakota/.local/repos/control_framework/install/excel_record_logging/bin'
[0.440s] Level 1:colcon.colcon_core.environment:checking '/home/dakota/.local/repos/control_framework/install/excel_record_logging/lib/pkgconfig/excel_record_logging.pc'
[0.440s] Level 1:colcon.colcon_core.environment:checking '/home/dakota/.local/repos/control_framework/install/excel_record_logging/lib/python3.10/site-packages'
[0.440s] Level 1:colcon.colcon_core.environment:checking '/home/dakota/.local/repos/control_framework/install/excel_record_logging/bin'
[0.440s] INFO:colcon.colcon_core.shell:Creating package script '/home/dakota/.local/repos/control_framework/install/excel_record_logging/share/excel_record_logging/package.ps1'
[0.444s] INFO:colcon.colcon_core.shell:Creating package descriptor '/home/dakota/.local/repos/control_framework/install/excel_record_logging/share/excel_record_logging/package.dsv'
[0.444s] INFO:colcon.colcon_core.shell:Creating package script '/home/dakota/.local/repos/control_framework/install/excel_record_logging/share/excel_record_logging/package.sh'
[0.444s] INFO:colcon.colcon_core.shell:Creating package script '/home/dakota/.local/repos/control_framework/install/excel_record_logging/share/excel_record_logging/package.bash'
[0.444s] INFO:colcon.colcon_core.shell:Creating package script '/home/dakota/.local/repos/control_framework/install/excel_record_logging/share/excel_record_logging/package.zsh'
[0.445s] Level 1:colcon.colcon_core.environment:create_file_with_runtime_dependencies(/home/dakota/.local/repos/control_framework/install/excel_record_logging/share/colcon-core/packages/excel_record_logging)
[0.445s] Level 1:colcon.colcon_core.environment:create_environment_scripts_only(excel_record_logging)
[0.445s] Level 1:colcon.colcon_core.environment:checking '/home/dakota/.local/repos/control_framework/install/excel_record_logging' for CMake module files
[0.445s] Level 1:colcon.colcon_core.environment:checking '/home/dakota/.local/repos/control_framework/install/excel_record_logging' for CMake config files
[0.446s] Level 1:colcon.colcon_core.shell:create_environment_hook('excel_record_logging', 'cmake_prefix_path')
[0.446s] INFO:colcon.colcon_core.shell:Creating environment hook '/home/dakota/.local/repos/control_framework/install/excel_record_logging/share/excel_record_logging/hook/cmake_prefix_path.ps1'
[0.446s] INFO:colcon.colcon_core.shell:Creating environment descriptor '/home/dakota/.local/repos/control_framework/install/excel_record_logging/share/excel_record_logging/hook/cmake_prefix_path.dsv'
[0.446s] INFO:colcon.colcon_core.shell:Creating environment hook '/home/dakota/.local/repos/control_framework/install/excel_record_logging/share/excel_record_logging/hook/cmake_prefix_path.sh'
[0.447s] Level 1:colcon.colcon_core.environment:checking '/home/dakota/.local/repos/control_framework/install/excel_record_logging/lib'
[0.447s] Level 1:colcon.colcon_core.environment:checking '/home/dakota/.local/repos/control_framework/install/excel_record_logging/bin'
[0.447s] Level 1:colcon.colcon_core.environment:checking '/home/dakota/.local/repos/control_framework/install/excel_record_logging/lib/pkgconfig/excel_record_logging.pc'
[0.447s] Level 1:colcon.colcon_core.environment:checking '/home/dakota/.local/repos/control_framework/install/excel_record_logging/lib/python3.10/site-packages'
[0.447s] Level 1:colcon.colcon_core.environment:checking '/home/dakota/.local/repos/control_framework/install/excel_record_logging/bin'
[0.447s] INFO:colcon.colcon_core.shell:Creating package script '/home/dakota/.local/repos/control_framework/install/excel_record_logging/share/excel_record_logging/package.ps1'
[0.448s] INFO:colcon.colcon_core.shell:Creating package descriptor '/home/dakota/.local/repos/control_framework/install/excel_record_logging/share/excel_record_logging/package.dsv'
[0.448s] INFO:colcon.colcon_core.shell:Creating package script '/home/dakota/.local/repos/control_framework/install/excel_record_logging/share/excel_record_logging/package.sh'
[0.448s] INFO:colcon.colcon_core.shell:Creating package script '/home/dakota/.local/repos/control_framework/install/excel_record_logging/share/excel_record_logging/package.bash'
[0.449s] INFO:colcon.colcon_core.shell:Creating package script '/home/dakota/.local/repos/control_framework/install/excel_record_logging/share/excel_record_logging/package.zsh'
[0.449s] Level 1:colcon.colcon_core.environment:create_file_with_runtime_dependencies(/home/dakota/.local/repos/control_framework/install/excel_record_logging/share/colcon-core/packages/excel_record_logging)
[0.451s] DEBUG:colcon.colcon_core.event_handler.log_command:Invoked command in '/home/dakota/.local/repos/control_framework/build/controller' returned '0': AMENT_PREFIX_PATH=/home/dakota/.local/repos/control_framework/install/control_framework_interfaces:${AMENT_PREFIX_PATH} CMAKE_PREFIX_PATH=/home/dakota/.local/repos/control_framework/install/control_framework_interfaces:/opt/ros/humble LD_LIBRARY_PATH=/home/dakota/.local/repos/control_framework/install/control_framework_interfaces/lib:${LD_LIBRARY_PATH} PYTHONPATH=/home/dakota/.local/repos/control_framework/install/control_framework_interfaces/local/lib/python3.10/dist-packages:${PYTHONPATH} /usr/bin/cmake --build /home/dakota/.local/repos/control_framework/build/controller -- -j24 -l24
[0.452s] DEBUG:colcon.colcon_core.event_handler.log_command:Invoking command in '/home/dakota/.local/repos/control_framework/build/controller': AMENT_PREFIX_PATH=/home/dakota/.local/repos/control_framework/install/control_framework_interfaces:${AMENT_PREFIX_PATH} CMAKE_PREFIX_PATH=/home/dakota/.local/repos/control_framework/install/control_framework_interfaces:/opt/ros/humble LD_LIBRARY_PATH=/home/dakota/.local/repos/control_framework/install/control_framework_interfaces/lib:${LD_LIBRARY_PATH} PYTHONPATH=/home/dakota/.local/repos/control_framework/install/control_framework_interfaces/local/lib/python3.10/dist-packages:${PYTHONPATH} /usr/bin/cmake --install /home/dakota/.local/repos/control_framework/build/controller
[0.455s] Level 1:colcon.colcon_core.environment:create_environment_scripts_only(controller)
[0.455s] Level 1:colcon.colcon_core.environment:checking '/home/dakota/.local/repos/control_framework/install/controller' for CMake module files
[0.456s] Level 1:colcon.colcon_core.environment:checking '/home/dakota/.local/repos/control_framework/install/controller' for CMake config files
[0.456s] Level 1:colcon.colcon_core.shell:create_environment_hook('controller', 'cmake_prefix_path')
[0.456s] INFO:colcon.colcon_core.shell:Creating environment hook '/home/dakota/.local/repos/control_framework/install/controller/share/controller/hook/cmake_prefix_path.ps1'
[0.456s] INFO:colcon.colcon_core.shell:Creating environment descriptor '/home/dakota/.local/repos/control_framework/install/controller/share/controller/hook/cmake_prefix_path.dsv'
[0.456s] DEBUG:colcon.colcon_core.event_handler.log_command:Invoked command in '/home/dakota/.local/repos/control_framework/build/controller' returned '0': AMENT_PREFIX_PATH=/home/dakota/.local/repos/control_framework/install/control_framework_interfaces:${AMENT_PREFIX_PATH} CMAKE_PREFIX_PATH=/home/dakota/.local/repos/control_framework/install/control_framework_interfaces:/opt/ros/humble LD_LIBRARY_PATH=/home/dakota/.local/repos/control_framework/install/control_framework_interfaces/lib:${LD_LIBRARY_PATH} PYTHONPATH=/home/dakota/.local/repos/control_framework/install/control_framework_interfaces/local/lib/python3.10/dist-packages:${PYTHONPATH} /usr/bin/cmake --install /home/dakota/.local/repos/control_framework/build/controller
[0.457s] INFO:colcon.colcon_core.shell:Creating environment hook '/home/dakota/.local/repos/control_framework/install/controller/share/controller/hook/cmake_prefix_path.sh'
[0.457s] Level 1:colcon.colcon_core.environment:checking '/home/dakota/.local/repos/control_framework/install/controller/lib'
[0.457s] Level 1:colcon.colcon_core.environment:checking '/home/dakota/.local/repos/control_framework/install/controller/bin'
[0.457s] Level 1:colcon.colcon_core.environment:checking '/home/dakota/.local/repos/control_framework/install/controller/lib/pkgconfig/controller.pc'
[0.457s] Level 1:colcon.colcon_core.environment:checking '/home/dakota/.local/repos/control_framework/install/controller/lib/python3.10/site-packages'
[0.457s] Level 1:colcon.colcon_core.environment:checking '/home/dakota/.local/repos/control_framework/install/controller/bin'
[0.457s] INFO:colcon.colcon_core.shell:Creating package script '/home/dakota/.local/repos/control_framework/install/controller/share/controller/package.ps1'
[0.458s] INFO:colcon.colcon_core.shell:Creating package descriptor '/home/dakota/.local/repos/control_framework/install/controller/share/controller/package.dsv'
[0.458s] INFO:colcon.colcon_core.shell:Creating package script '/home/dakota/.local/repos/control_framework/install/controller/share/controller/package.sh'
[0.458s] INFO:colcon.colcon_core.shell:Creating package script '/home/dakota/.local/repos/control_framework/install/controller/share/controller/package.bash'
[0.458s] INFO:colcon.colcon_core.shell:Creating package script '/home/dakota/.local/repos/control_framework/install/controller/share/controller/package.zsh'
[0.458s] Level 1:colcon.colcon_core.environment:create_file_with_runtime_dependencies(/home/dakota/.local/repos/control_framework/install/controller/share/colcon-core/packages/controller)
[0.459s] Level 1:colcon.colcon_core.environment:create_environment_scripts_only(controller)
[0.459s] Level 1:colcon.colcon_core.environment:checking '/home/dakota/.local/repos/control_framework/install/controller' for CMake module files
[0.459s] Level 1:colcon.colcon_core.environment:checking '/home/dakota/.local/repos/control_framework/install/controller' for CMake config files
[0.459s] Level 1:colcon.colcon_core.shell:create_environment_hook('controller', 'cmake_prefix_path')
[0.459s] INFO:colcon.colcon_core.shell:Creating environment hook '/home/dakota/.local/repos/control_framework/install/controller/share/controller/hook/cmake_prefix_path.ps1'
[0.459s] INFO:colcon.colcon_core.shell:Creating environment descriptor '/home/dakota/.local/repos/control_framework/install/controller/share/controller/hook/cmake_prefix_path.dsv'
[0.459s] INFO:colcon.colcon_core.shell:Creating environment hook '/home/dakota/.local/repos/control_framework/install/controller/share/controller/hook/cmake_prefix_path.sh'
[0.460s] Level 1:colcon.colcon_core.environment:checking '/home/dakota/.local/repos/control_framework/install/controller/lib'
[0.460s] Level 1:colcon.colcon_core.environment:checking '/home/dakota/.local/repos/control_framework/install/controller/bin'
[0.460s] Level 1:colcon.colcon_core.environment:checking '/home/dakota/.local/repos/control_framework/install/controller/lib/pkgconfig/controller.pc'
[0.460s] Level 1:colcon.colcon_core.environment:checking '/home/dakota/.local/repos/control_framework/install/controller/lib/python3.10/site-packages'
[0.460s] Level 1:colcon.colcon_core.environment:checking '/home/dakota/.local/repos/control_framework/install/controller/bin'
[0.460s] INFO:colcon.colcon_core.shell:Creating package script '/home/dakota/.local/repos/control_framework/install/controller/share/controller/package.ps1'
[0.460s] INFO:colcon.colcon_core.shell:Creating package descriptor '/home/dakota/.local/repos/control_framework/install/controller/share/controller/package.dsv'
[0.461s] INFO:colcon.colcon_core.shell:Creating package script '/home/dakota/.local/repos/control_framework/install/controller/share/controller/package.sh'
[0.461s] INFO:colcon.colcon_core.shell:Creating package script '/home/dakota/.local/repos/control_framework/install/controller/share/controller/package.bash'
[0.461s] INFO:colcon.colcon_core.shell:Creating package script '/home/dakota/.local/repos/control_framework/install/controller/share/controller/package.zsh'
[0.461s] Level 1:colcon.colcon_core.environment:create_file_with_runtime_dependencies(/home/dakota/.local/repos/control_framework/install/controller/share/colcon-core/packages/controller)
[0.461s] INFO:colcon.colcon_ros.task.ament_cmake.build:Building ROS package in '/home/dakota/.local/repos/control_framework/src/lockstep_sim' with build type 'ament_cmake'
[0.461s] INFO:colcon.colcon_cmake.task.cmake.build:Building CMake package in '/home/dakota/.local/repos/control_framework/src/lockstep_sim'
[0.461s] INFO:colcon.colcon_core.shell:Skip shell extension 'powershell' for command environment: Not usable outside of PowerShell
[0.461s] DEBUG:colcon.colcon_core.shell:Skip shell extension 'dsv' for command environment
[0.468s] DEBUG:colcon.colcon_core.event_handler.log_command:Invoking command in '/home/dakota/.local/repos/control_framework/build/sim': AMENT_PREFIX_PATH=/home/dakota/.local/repos/control_framework/install/controller:/home/dakota/.local/repos/control_framework/install/control_framework_interfaces:${AMENT_PREFIX_PATH} CMAKE_PREFIX_PATH=/home/dakota/.local/repos/control_framework/install/controller:/home/dakota/.local/repos/control_framework/install/control_framework_interfaces:/opt/ros/humble LD_LIBRARY_PATH=/home/dakota/.local/repos/control_framework/install/controller/lib:/home/dakota/.local/repos/control_framework/install/control_framework_interfaces/lib:${LD_LIBRARY_PATH} PYTHONPATH=/home/dakota/.local/repos/control_framework/install/control_framework_interfaces/local/lib/python3.10/dist-packages:${PYTHONPATH} /usr/bin/cmake --build /home/dakota/.local/repos/control_framework/build/sim -- -j24 -l24
[3.019s] DEBUG:colcon.colcon_core.event_handler.log_command:Invoked command in '/home/dakota/.local/repos/control_framework/build/sim' returned '2': AMENT_PREFIX_PATH=/home/dakota/.local/repos/control_framework/install/controller:/home/dakota/.local/repos/control_framework/install/control_framework_interfaces:${AMENT_PREFIX_PATH} CMAKE_PREFIX_PATH=/home/dakota/.local/repos/control_framework/install/controller:/home/dakota/.local/repos/control_framework/install/control_framework_interfaces:/opt/ros/humble LD_LIBRARY_PATH=/home/dakota/.local/repos/control_framework/install/controller/lib:/home/dakota/.local/repos/control_framework/install/control_framework_interfaces/lib:${LD_LIBRARY_PATH} PYTHONPATH=/home/dakota/.local/repos/control_framework/install/control_framework_interfaces/local/lib/python3.10/dist-packages:${PYTHONPATH} /usr/bin/cmake --build /home/dakota/.local/repos/control_framework/build/sim -- -j24 -l24
[3.020s] Level 1:colcon.colcon_core.environment:create_environment_scripts_only(sim)
[3.020s] Level 1:colcon.colcon_core.environment:checking '/home/dakota/.local/repos/control_framework/install/sim' for CMake module files
[3.020s] Level 1:colcon.colcon_core.environment:checking '/home/dakota/.local/repos/control_framework/install/sim' for CMake config files
[3.020s] Level 1:colcon.colcon_core.shell:create_environment_hook('sim', 'cmake_prefix_path')
[3.020s] INFO:colcon.colcon_core.shell:Creating environment hook '/home/dakota/.local/repos/control_framework/install/sim/share/sim/hook/cmake_prefix_path.ps1'
[3.021s] INFO:colcon.colcon_core.shell:Creating environment descriptor '/home/dakota/.local/repos/control_framework/install/sim/share/sim/hook/cmake_prefix_path.dsv'
[3.021s] INFO:colcon.colcon_core.shell:Creating environment hook '/home/dakota/.local/repos/control_framework/install/sim/share/sim/hook/cmake_prefix_path.sh'
[3.021s] Level 1:colcon.colcon_core.environment:checking '/home/dakota/.local/repos/control_framework/install/sim/lib'
[3.021s] Level 1:colcon.colcon_core.environment:checking '/home/dakota/.local/repos/control_framework/install/sim/bin'
[3.021s] Level 1:colcon.colcon_core.environment:checking '/home/dakota/.local/repos/control_framework/install/sim/lib/pkgconfig/sim.pc'
[3.021s] Level 1:colcon.colcon_core.environment:checking '/home/dakota/.local/repos/control_framework/install/sim/lib/python3.10/site-packages'
[3.021s] Level 1:colcon.colcon_core.environment:checking '/home/dakota/.local/repos/control_framework/install/sim/bin'
[3.021s] INFO:colcon.colcon_core.shell:Creating package script '/home/dakota/.local/repos/control_framework/install/sim/share/sim/package.ps1'
[3.022s] INFO:colcon.colcon_core.shell:Creating package descriptor '/home/dakota/.local/repos/control_framework/install/sim/share/sim/package.dsv'
[3.022s] INFO:colcon.colcon_core.shell:Creating package script '/home/dakota/.local/repos/control_framework/install/sim/share/sim/package.sh'
[3.022s] INFO:colcon.colcon_core.shell:Creating package script '/home/dakota/.local/repos/control_framework/install/sim/share/sim/package.bash'
[3.022s] INFO:colcon.colcon_core.shell:Creating package script '/home/dakota/.local/repos/control_framework/install/sim/share/sim/package.zsh'
[3.022s] Level 1:colcon.colcon_core.environment:create_file_with_runtime_dependencies(/home/dakota/.local/repos/control_framework/install/sim/share/colcon-core/packages/sim)
[3.032s] DEBUG:colcon.colcon_parallel_executor.executor.parallel:closing loop
[3.033s] DEBUG:colcon.colcon_parallel_executor.executor.parallel:loop closed
[3.033s] DEBUG:colcon.colcon_parallel_executor.executor.parallel:run_until_complete finished with '2'
[3.033s] DEBUG:colcon.colcon_core.event_reactor:joining thread
[3.035s] INFO:colcon.colcon_core.plugin_system:Skipping extension 'colcon_notification.desktop_notification.terminal_notifier': Not used on non-Darwin systems
[3.035s] INFO:colcon.colcon_core.plugin_system:Skipping extension 'colcon_notification.desktop_notification.win32': Not used on non-Windows systems
[3.035s] INFO:colcon.colcon_notification.desktop_notification:Sending desktop notification using 'notify2'
[3.043s] DEBUG:colcon.colcon_core.event_reactor:joined thread
[3.043s] INFO:colcon.colcon_core.shell:Creating prefix script '/home/dakota/.local/repos/control_framework/install/local_setup.ps1'
[3.044s] INFO:colcon.colcon_core.shell:Creating prefix util module '/home/dakota/.local/repos/control_framework/install/_local_setup_util_ps1.py'
[3.044s] INFO:colcon.colcon_core.shell:Creating prefix chain script '/home/dakota/.local/repos/control_framework/install/setup.ps1'
[3.045s] INFO:colcon.colcon_core.shell:Creating prefix script '/home/dakota/.local/repos/control_framework/install/local_setup.sh'
[3.045s] INFO:colcon.colcon_core.shell:Creating prefix util module '/home/dakota/.local/repos/control_framework/install/_local_setup_util_sh.py'
[3.045s] INFO:colcon.colcon_core.shell:Creating prefix chain script '/home/dakota/.local/repos/control_framework/install/setup.sh'
[3.045s] INFO:colcon.colcon_core.shell:Creating prefix script '/home/dakota/.local/repos/control_framework/install/local_setup.bash'
[3.046s] INFO:colcon.colcon_core.shell:Creating prefix chain script '/home/dakota/.local/repos/control_framework/install/setup.bash'
[3.046s] INFO:colcon.colcon_core.shell:Creating prefix script '/home/dakota/.local/repos/control_framework/install/local_setup.zsh'
[3.046s] INFO:colcon.colcon_core.shell:Creating prefix chain script '/home/dakota/.local/repos/control_framework/install/setup.zsh'
