[0.006s] Invoking command in '/home/dakota/.local/repos/control_framework/build/control_framework_interfaces': CMAKE_PREFIX_PATH=${CMAKE_PREFIX_PATH}:/opt/ros/humble /usr/bin/cmake --build /home/dakota/.local/repos/control_framework/build/control_framework_interfaces -- -j28 -l28
[0.036s] [  2%] Built target control_framework_interfaces__cpp
[0.037s] [  5%] Built target control_framework_interfaces__rs
[0.038s] [ 15%] Built target control_framework_interfaces__rosidl_generator_c
[0.043s] [ 15%] Built target ament_cmake_python_copy_control_framework_interfaces
[0.047s] [ 25%] Built target control_framework_interfaces__rosidl_typesupport_introspection_cpp
[0.048s] [ 35%] Built target control_framework_interfaces__rosidl_typesupport_introspection_c
[0.049s] [ 45%] Built target control_framework_interfaces__rosidl_typesupport_cpp
[0.050s] [ 55%] Built target control_framework_interfaces__rosidl_typesupport_fastrtps_c
[0.050s] [ 65%] Built target control_framework_interfaces__rosidl_typesupport_c
[0.051s] [ 75%] Built target control_framework_interfaces__rosidl_typesupport_fastrtps_cpp
[0.063s] [ 75%] Built target control_framework_interfaces
[0.074s] [ 77%] Built target control_framework_interfaces__py
[0.087s] [ 85%] Built target control_framework_interfaces__rosidl_generator_py
[0.100s] [ 90%] Built target control_framework_interfaces__rosidl_typesupport_fastrtps_c__pyext
[0.100s] [ 95%] Built target control_framework_interfaces__rosidl_typesupport_introspection_c__pyext
[0.100s] [100%] Built target control_framework_interfaces__rosidl_typesupport_c__pyext
[0.151s] running egg_info
[0.151s] writing control_framework_interfaces.egg-info/PKG-INFO
[0.151s] writing dependency_links to control_framework_interfaces.egg-info/dependency_links.txt
[0.151s] writing top-level names to control_framework_interfaces.egg-info/top_level.txt
[0.152s] reading manifest file 'control_framework_interfaces.egg-info/SOURCES.txt'
[0.153s] writing manifest file 'control_framework_interfaces.egg-info/SOURCES.txt'
[0.166s] [100%] Built target ament_cmake_python_build_control_framework_interfaces_egg
