-- The C compiler identification is GNU 11.4.0
-- The CXX compiler identification is GNU 11.4.0
-- Detecting C compiler ABI info
-- Detecting C compiler ABI info - done
-- Check for working C compiler: /usr/bin/cc - skipped
-- Detecting C compile features
-- Detecting C compile features - done
-- Detecting CXX compiler ABI info
-- Detecting CXX compiler ABI info - done
-- Check for working CXX compiler: /usr/bin/c++ - skipped
-- Detecting CXX compile features
-- Detecting CXX compile features - done
-- Found ament_cmake: 1.3.14 (/opt/ros/humble/share/ament_cmake/cmake)
-- Found Python3: /usr/bin/python3 (found version "3.10.12") found components: Interpreter 
-- Found rclcpp: 16.0.19 (/opt/ros/humble/share/rclcpp/cmake)
-- Found rosidl_generator_c: 3.1.8 (/opt/ros/humble/share/rosidl_generator_c/cmake)
-- Found rosidl_adapter: 3.1.8 (/opt/ros/humble/share/rosidl_adapter/cmake)
-- Found rosidl_generator_cpp: 3.1.8 (/opt/ros/humble/share/rosidl_generator_cpp/cmake)
-- Using all available rosidl_typesupport_c: rosidl_typesupport_fastrtps_c;rosidl_typesupport_introspection_c
-- Using all available rosidl_typesupport_cpp: rosidl_typesupport_fastrtps_cpp;rosidl_typesupport_introspection_cpp
-- Found rmw_implementation_cmake: 6.1.2 (/opt/ros/humble/share/rmw_implementation_cmake/cmake)
-- Found rmw_fastrtps_cpp: 6.2.10 (/opt/ros/humble/share/rmw_fastrtps_cpp/cmake)
-- Found OpenSSL: /usr/lib/x86_64-linux-gnu/libcrypto.so (found version "3.0.2")  
-- Found FastRTPS: /opt/ros/humble/include  
-- Using RMW implementation 'rmw_fastrtps_cpp' as default
-- Looking for pthread.h
-- Looking for pthread.h - found
-- Performing Test CMAKE_HAVE_LIBC_PTHREAD
-- Performing Test CMAKE_HAVE_LIBC_PTHREAD - Success
-- Found Threads: TRUE  
-- Found control_framework_interfaces: 0.0.0 (/home/dakota/.local/repos/control_framework/install/control_framework_interfaces/share/control_framework_interfaces/cmake)
-- Found sensor_msgs: 4.9.1 (/opt/ros/humble/share/sensor_msgs/cmake)
-- Found ament_lint_auto: 0.12.15 (/opt/ros/humble/share/ament_lint_auto/cmake)
-- Added test 'cppcheck' to perform static code analysis on C / C++ code
-- Configured cppcheck include dirs: $<BUILD_INTERFACE:/home/dakota/.local/repos/control_framework/src/controller/include>
-- Configured cppcheck exclude dirs and/or files: 
-- Added test 'flake8' to check Python code syntax and style conventions
-- Added test 'lint_cmake' to check CMake code style
-- Added test 'pep257' to check Python code against some of the docstring style conventions in PEP 257
-- Added test 'uncrustify' to check C / C++ code style
-- Configured uncrustify additional arguments: 
-- Added test 'xmllint' to check XML markup files
-- Configuring done
-- Generating done
-- Build files have been written to: /home/dakota/.local/repos/control_framework/build/controller
[ 16%] [32mBuilding CXX object CMakeFiles/controller.dir/src/base_controller.cpp.o[0m
[ 33%] [32mBuilding CXX object CMakeFiles/controller.dir/src/controllers.cpp.o[0m
[ 50%] [32m[1mLinking CXX static library libcontroller.a[0m
[ 50%] Built target controller
[ 83%] [32mBuilding CXX object CMakeFiles/controller_node.dir/src/main.cpp.o[0m
[ 83%] [32mBuilding CXX object CMakeFiles/controller_node.dir/src/controller_node.cpp.o[0m
[01m[K/home/dakota/.local/repos/control_framework/src/controller/src/controller_node.cpp:[m[K In member function ‘[01m[Kvoid ControllerNode::control_timer_callback()[m[K’:
[01m[K/home/dakota/.local/repos/control_framework/src/controller/src/controller_node.cpp:119:21:[m[K [01;35m[Kwarning: [m[Kcomparison of integer expressions of different signedness: ‘[01m[Kint[m[K’ and ‘[01m[Kstd::vector<double, std::allocator<double> >::size_type[m[K’ {aka ‘[01m[Klong unsigned int[m[K’} [[01;35m[K]8;;https://gcc.gnu.org/onlinedocs/gcc/Warning-Options.html#index-Wsign-compare-Wsign-compare]8;;[m[K]
  119 |     for (int i=0; [01;35m[Ki < state_position.size()[m[K ; i++){
      |                   [01;35m[K~~^~~~~~~~~~~~~~~~~~~~~~~[m[K
[100%] [32m[1mLinking CXX executable controller_node[0m
[100%] Built target controller_node
-- Install configuration: ""
-- Installing: /home/dakota/.local/repos/control_framework/install/controller/include
-- Installing: /home/dakota/.local/repos/control_framework/install/controller/include/controller
-- Installing: /home/dakota/.local/repos/control_framework/install/controller/include/controller/controllers.hpp
-- Installing: /home/dakota/.local/repos/control_framework/install/controller/include/controller/controller_node.hpp
-- Installing: /home/dakota/.local/repos/control_framework/install/controller/include/controller/base_controller.hpp
-- Installing: /home/dakota/.local/repos/control_framework/install/controller/share/controller/config
-- Installing: /home/dakota/.local/repos/control_framework/install/controller/share/controller/config/cart_pole
-- Installing: /home/dakota/.local/repos/control_framework/install/controller/share/controller/config/cart_pole/pid.yaml
-- Installing: /home/dakota/.local/repos/control_framework/install/controller/share/controller/config/cart_pole/test.yaml
-- Installing: /home/dakota/.local/repos/control_framework/install/controller/share/controller/config/cart_pole/lqr.yaml
-- Installing: /home/dakota/.local/repos/control_framework/install/controller/share/controller/launch
-- Installing: /home/dakota/.local/repos/control_framework/install/controller/share/controller/launch/__pycache__
-- Installing: /home/dakota/.local/repos/control_framework/install/controller/share/controller/launch/__pycache__/test_controller_launch.cpython-310.pyc
-- Installing: /home/dakota/.local/repos/control_framework/install/controller/share/controller/launch/test_controller_launch.py
-- Installing: /home/dakota/.local/repos/control_framework/install/controller/lib/libcontroller.a
-- Installing: /home/dakota/.local/repos/control_framework/install/controller/lib/controller/controller_node
-- Set runtime path of "/home/dakota/.local/repos/control_framework/install/controller/lib/controller/controller_node" to ""
-- Installing: /home/dakota/.local/repos/control_framework/install/controller/share/controller/environment/library_path.sh
-- Installing: /home/dakota/.local/repos/control_framework/install/controller/share/controller/environment/library_path.dsv
-- Installing: /home/dakota/.local/repos/control_framework/install/controller/share/ament_index/resource_index/package_run_dependencies/controller
-- Installing: /home/dakota/.local/repos/control_framework/install/controller/share/ament_index/resource_index/parent_prefix_path/controller
-- Installing: /home/dakota/.local/repos/control_framework/install/controller/share/controller/environment/ament_prefix_path.sh
-- Installing: /home/dakota/.local/repos/control_framework/install/controller/share/controller/environment/ament_prefix_path.dsv
-- Installing: /home/dakota/.local/repos/control_framework/install/controller/share/controller/environment/path.sh
-- Installing: /home/dakota/.local/repos/control_framework/install/controller/share/controller/environment/path.dsv
-- Installing: /home/dakota/.local/repos/control_framework/install/controller/share/controller/local_setup.bash
-- Installing: /home/dakota/.local/repos/control_framework/install/controller/share/controller/local_setup.sh
-- Installing: /home/dakota/.local/repos/control_framework/install/controller/share/controller/local_setup.zsh
-- Installing: /home/dakota/.local/repos/control_framework/install/controller/share/controller/local_setup.dsv
-- Installing: /home/dakota/.local/repos/control_framework/install/controller/share/controller/package.dsv
-- Installing: /home/dakota/.local/repos/control_framework/install/controller/share/ament_index/resource_index/packages/controller
-- Installing: /home/dakota/.local/repos/control_framework/install/controller/share/controller/cmake/controllerTargetsExport.cmake
-- Installing: /home/dakota/.local/repos/control_framework/install/controller/share/controller/cmake/controllerTargetsExport-noconfig.cmake
-- Installing: /home/dakota/.local/repos/control_framework/install/controller/share/controller/cmake/ament_cmake_export_targets-extras.cmake
-- Installing: /home/dakota/.local/repos/control_framework/install/controller/share/controller/cmake/controllerConfig.cmake
-- Installing: /home/dakota/.local/repos/control_framework/install/controller/share/controller/cmake/controllerConfig-version.cmake
-- Installing: /home/dakota/.local/repos/control_framework/install/controller/share/controller/package.xml
