[0.005s] Invoking command in '/home/dakota/.local/repos/control_framework/build/controller': CMAKE_PREFIX_PATH=/home/dakota/.local/repos/control_framework/install/control_framework_interfaces:/home/dakota/.local/repos/control_framework/install/lockstep_sim:/home/dakota/.local/repos/control_framework/install/excel_record_logging:/home/dakota/.local/repos/control_framework/install/controller:/opt/ros/humble LD_LIBRARY_PATH=/home/dakota/.local/repos/control_framework/install/control_framework_interfaces/lib:/home/dakota/.local/repos/control_framework/install/controller/lib:/opt/ros/humble/opt/rviz_ogre_vendor/lib:/opt/ros/humble/lib/x86_64-linux-gnu:/opt/ros/humble/lib /usr/bin/cmake /home/dakota/.local/repos/control_framework/src/controller -DCMAKE_INSTALL_PREFIX=/home/dakota/.local/repos/control_framework/install/controller
[0.041s] -- The C compiler identification is GNU 11.4.0
[0.076s] -- The CXX compiler identification is GNU 11.4.0
[0.081s] -- Detecting C compiler ABI info
[0.119s] -- Detecting C compiler ABI info - done
[0.122s] -- Check for working C compiler: /usr/bin/cc - skipped
[0.122s] -- Detecting C compile features
[0.122s] -- Detecting C compile features - done
[0.124s] -- Detecting CXX compiler ABI info
[0.167s] -- Detecting CXX compiler ABI info - done
[0.173s] -- Check for working CXX compiler: /usr/bin/c++ - skipped
[0.173s] -- Detecting CXX compile features
[0.174s] -- Detecting CXX compile features - done
[0.175s] -- Found ament_cmake: 1.3.14 (/opt/ros/humble/share/ament_cmake/cmake)
[0.260s] -- Found Python3: /usr/bin/python3 (found version "3.10.12") found components: Interpreter 
[0.303s] -- Found rclcpp: 16.0.19 (/opt/ros/humble/share/rclcpp/cmake)
[0.323s] -- Found rosidl_generator_c: 3.1.8 (/opt/ros/humble/share/rosidl_generator_c/cmake)
[0.325s] -- Found rosidl_adapter: 3.1.8 (/opt/ros/humble/share/rosidl_adapter/cmake)
[0.329s] -- Found rosidl_generator_cpp: 3.1.8 (/opt/ros/humble/share/rosidl_generator_cpp/cmake)
[0.334s] -- Using all available rosidl_typesupport_c: rosidl_typesupport_fastrtps_c;rosidl_typesupport_introspection_c
[0.340s] -- Using all available rosidl_typesupport_cpp: rosidl_typesupport_fastrtps_cpp;rosidl_typesupport_introspection_cpp
[0.365s] -- Found rmw_implementation_cmake: 6.1.2 (/opt/ros/humble/share/rmw_implementation_cmake/cmake)
[0.366s] -- Found rmw_fastrtps_cpp: 6.2.10 (/opt/ros/humble/share/rmw_fastrtps_cpp/cmake)
[0.421s] -- Found OpenSSL: /usr/lib/x86_64-linux-gnu/libcrypto.so (found version "3.0.2")  
[0.437s] -- Found FastRTPS: /opt/ros/humble/include  
[0.460s] -- Using RMW implementation 'rmw_fastrtps_cpp' as default
[0.463s] -- Looking for pthread.h
[0.502s] -- Looking for pthread.h - found
[0.503s] -- Performing Test CMAKE_HAVE_LIBC_PTHREAD
[0.544s] -- Performing Test CMAKE_HAVE_LIBC_PTHREAD - Success
[0.545s] -- Found Threads: TRUE  
[0.571s] -- Found control_framework_interfaces: 0.0.0 (/home/dakota/.local/repos/control_framework/install/control_framework_interfaces/share/control_framework_interfaces/cmake)
[0.575s] -- Found sensor_msgs: 4.9.1 (/opt/ros/humble/share/sensor_msgs/cmake)
[0.591s] -- Found ament_lint_auto: 0.12.15 (/opt/ros/humble/share/ament_lint_auto/cmake)
[0.634s] -- Added test 'cppcheck' to perform static code analysis on C / C++ code
[0.634s] -- Configured cppcheck include dirs: $<BUILD_INTERFACE:/home/dakota/.local/repos/control_framework/src/controller/include>
[0.634s] -- Configured cppcheck exclude dirs and/or files: 
[0.634s] -- Added test 'flake8' to check Python code syntax and style conventions
[0.635s] -- Added test 'lint_cmake' to check CMake code style
[0.635s] -- Added test 'pep257' to check Python code against some of the docstring style conventions in PEP 257
[0.636s] -- Added test 'uncrustify' to check C / C++ code style
[0.636s] -- Configured uncrustify additional arguments: 
[0.636s] -- Added test 'xmllint' to check XML markup files
[0.636s] -- Configuring done
[0.642s] -- Generating done
[0.644s] -- Build files have been written to: /home/dakota/.local/repos/control_framework/build/controller
[0.649s] Invoked command in '/home/dakota/.local/repos/control_framework/build/controller' returned '0': CMAKE_PREFIX_PATH=/home/dakota/.local/repos/control_framework/install/control_framework_interfaces:/home/dakota/.local/repos/control_framework/install/lockstep_sim:/home/dakota/.local/repos/control_framework/install/excel_record_logging:/home/dakota/.local/repos/control_framework/install/controller:/opt/ros/humble LD_LIBRARY_PATH=/home/dakota/.local/repos/control_framework/install/control_framework_interfaces/lib:/home/dakota/.local/repos/control_framework/install/controller/lib:/opt/ros/humble/opt/rviz_ogre_vendor/lib:/opt/ros/humble/lib/x86_64-linux-gnu:/opt/ros/humble/lib /usr/bin/cmake /home/dakota/.local/repos/control_framework/src/controller -DCMAKE_INSTALL_PREFIX=/home/dakota/.local/repos/control_framework/install/controller
[0.650s] Invoking command in '/home/dakota/.local/repos/control_framework/build/controller': CMAKE_PREFIX_PATH=/home/dakota/.local/repos/control_framework/install/control_framework_interfaces:/home/dakota/.local/repos/control_framework/install/lockstep_sim:/home/dakota/.local/repos/control_framework/install/excel_record_logging:/home/dakota/.local/repos/control_framework/install/controller:/opt/ros/humble LD_LIBRARY_PATH=/home/dakota/.local/repos/control_framework/install/control_framework_interfaces/lib:/home/dakota/.local/repos/control_framework/install/controller/lib:/opt/ros/humble/opt/rviz_ogre_vendor/lib:/opt/ros/humble/lib/x86_64-linux-gnu:/opt/ros/humble/lib /usr/bin/cmake --build /home/dakota/.local/repos/control_framework/build/controller -- -j28 -l28
[0.679s] [ 16%] [32mBuilding CXX object CMakeFiles/controller.dir/src/base_controller.cpp.o[0m
[0.679s] [ 33%] [32mBuilding CXX object CMakeFiles/controller.dir/src/controllers.cpp.o[0m
[0.848s] [ 50%] [32m[1mLinking CXX static library libcontroller.a[0m
[0.870s] [ 50%] Built target controller
[0.883s] [ 83%] [32mBuilding CXX object CMakeFiles/controller_node.dir/src/main.cpp.o[0m
[0.883s] [ 83%] [32mBuilding CXX object CMakeFiles/controller_node.dir/src/controller_node.cpp.o[0m
[1.968s] [01m[K/home/dakota/.local/repos/control_framework/src/controller/src/controller_node.cpp:[m[K In member function ‘[01m[Kvoid ControllerNode::control_timer_callback()[m[K’:
[1.968s] [01m[K/home/dakota/.local/repos/control_framework/src/controller/src/controller_node.cpp:119:21:[m[K [01;35m[Kwarning: [m[Kcomparison of integer expressions of different signedness: ‘[01m[Kint[m[K’ and ‘[01m[Kstd::vector<double, std::allocator<double> >::size_type[m[K’ {aka ‘[01m[Klong unsigned int[m[K’} [[01;35m[K]8;;https://gcc.gnu.org/onlinedocs/gcc/Warning-Options.html#index-Wsign-compare-Wsign-compare]8;;[m[K]
[1.968s]   119 |     for (int i=0; [01;35m[Ki < state_position.size()[m[K ; i++){
[1.968s]       |                   [01;35m[K~~^~~~~~~~~~~~~~~~~~~~~~~[m[K
[5.162s] [100%] [32m[1mLinking CXX executable controller_node[0m
[5.391s] [100%] Built target controller_node
[5.397s] Invoked command in '/home/dakota/.local/repos/control_framework/build/controller' returned '0': CMAKE_PREFIX_PATH=/home/dakota/.local/repos/control_framework/install/control_framework_interfaces:/home/dakota/.local/repos/control_framework/install/lockstep_sim:/home/dakota/.local/repos/control_framework/install/excel_record_logging:/home/dakota/.local/repos/control_framework/install/controller:/opt/ros/humble LD_LIBRARY_PATH=/home/dakota/.local/repos/control_framework/install/control_framework_interfaces/lib:/home/dakota/.local/repos/control_framework/install/controller/lib:/opt/ros/humble/opt/rviz_ogre_vendor/lib:/opt/ros/humble/lib/x86_64-linux-gnu:/opt/ros/humble/lib /usr/bin/cmake --build /home/dakota/.local/repos/control_framework/build/controller -- -j28 -l28
[5.398s] Invoking command in '/home/dakota/.local/repos/control_framework/build/controller': CMAKE_PREFIX_PATH=/home/dakota/.local/repos/control_framework/install/control_framework_interfaces:/home/dakota/.local/repos/control_framework/install/lockstep_sim:/home/dakota/.local/repos/control_framework/install/excel_record_logging:/home/dakota/.local/repos/control_framework/install/controller:/opt/ros/humble LD_LIBRARY_PATH=/home/dakota/.local/repos/control_framework/install/control_framework_interfaces/lib:/home/dakota/.local/repos/control_framework/install/controller/lib:/opt/ros/humble/opt/rviz_ogre_vendor/lib:/opt/ros/humble/lib/x86_64-linux-gnu:/opt/ros/humble/lib /usr/bin/cmake --install /home/dakota/.local/repos/control_framework/build/controller
[5.403s] -- Install configuration: ""
[5.403s] -- Installing: /home/dakota/.local/repos/control_framework/install/controller/include
[5.403s] -- Installing: /home/dakota/.local/repos/control_framework/install/controller/include/controller
[5.403s] -- Installing: /home/dakota/.local/repos/control_framework/install/controller/include/controller/controllers.hpp
[5.403s] -- Installing: /home/dakota/.local/repos/control_framework/install/controller/include/controller/controller_node.hpp
[5.404s] -- Installing: /home/dakota/.local/repos/control_framework/install/controller/include/controller/base_controller.hpp
[5.404s] -- Installing: /home/dakota/.local/repos/control_framework/install/controller/share/controller/config
[5.404s] -- Installing: /home/dakota/.local/repos/control_framework/install/controller/share/controller/config/cart_pole
[5.404s] -- Installing: /home/dakota/.local/repos/control_framework/install/controller/share/controller/config/cart_pole/pid.yaml
[5.404s] -- Installing: /home/dakota/.local/repos/control_framework/install/controller/share/controller/config/cart_pole/test.yaml
[5.404s] -- Installing: /home/dakota/.local/repos/control_framework/install/controller/share/controller/config/cart_pole/lqr.yaml
[5.404s] -- Installing: /home/dakota/.local/repos/control_framework/install/controller/share/controller/launch
[5.404s] -- Installing: /home/dakota/.local/repos/control_framework/install/controller/share/controller/launch/__pycache__
[5.404s] -- Installing: /home/dakota/.local/repos/control_framework/install/controller/share/controller/launch/__pycache__/test_controller_launch.cpython-310.pyc
[5.404s] -- Installing: /home/dakota/.local/repos/control_framework/install/controller/share/controller/launch/test_controller_launch.py
[5.404s] -- Installing: /home/dakota/.local/repos/control_framework/install/controller/lib/libcontroller.a
[5.404s] -- Installing: /home/dakota/.local/repos/control_framework/install/controller/lib/controller/controller_node
[5.406s] -- Set runtime path of "/home/dakota/.local/repos/control_framework/install/controller/lib/controller/controller_node" to ""
[5.406s] -- Installing: /home/dakota/.local/repos/control_framework/install/controller/share/controller/environment/library_path.sh
[5.407s] -- Installing: /home/dakota/.local/repos/control_framework/install/controller/share/controller/environment/library_path.dsv
[5.407s] -- Installing: /home/dakota/.local/repos/control_framework/install/controller/share/ament_index/resource_index/package_run_dependencies/controller
[5.407s] -- Installing: /home/dakota/.local/repos/control_framework/install/controller/share/ament_index/resource_index/parent_prefix_path/controller
[5.407s] -- Installing: /home/dakota/.local/repos/control_framework/install/controller/share/controller/environment/ament_prefix_path.sh
[5.407s] -- Installing: /home/dakota/.local/repos/control_framework/install/controller/share/controller/environment/ament_prefix_path.dsv
[5.407s] -- Installing: /home/dakota/.local/repos/control_framework/install/controller/share/controller/environment/path.sh
[5.407s] -- Installing: /home/dakota/.local/repos/control_framework/install/controller/share/controller/environment/path.dsv
[5.407s] -- Installing: /home/dakota/.local/repos/control_framework/install/controller/share/controller/local_setup.bash
[5.407s] -- Installing: /home/dakota/.local/repos/control_framework/install/controller/share/controller/local_setup.sh
[5.407s] -- Installing: /home/dakota/.local/repos/control_framework/install/controller/share/controller/local_setup.zsh
[5.407s] -- Installing: /home/dakota/.local/repos/control_framework/install/controller/share/controller/local_setup.dsv
[5.407s] -- Installing: /home/dakota/.local/repos/control_framework/install/controller/share/controller/package.dsv
[5.407s] -- Installing: /home/dakota/.local/repos/control_framework/install/controller/share/ament_index/resource_index/packages/controller
[5.407s] -- Installing: /home/dakota/.local/repos/control_framework/install/controller/share/controller/cmake/controllerTargetsExport.cmake
[5.407s] -- Installing: /home/dakota/.local/repos/control_framework/install/controller/share/controller/cmake/controllerTargetsExport-noconfig.cmake
[5.407s] -- Installing: /home/dakota/.local/repos/control_framework/install/controller/share/controller/cmake/ament_cmake_export_targets-extras.cmake
[5.407s] -- Installing: /home/dakota/.local/repos/control_framework/install/controller/share/controller/cmake/controllerConfig.cmake
[5.408s] -- Installing: /home/dakota/.local/repos/control_framework/install/controller/share/controller/cmake/controllerConfig-version.cmake
[5.408s] -- Installing: /home/dakota/.local/repos/control_framework/install/controller/share/controller/package.xml
[5.409s] Invoked command in '/home/dakota/.local/repos/control_framework/build/controller' returned '0': CMAKE_PREFIX_PATH=/home/dakota/.local/repos/control_framework/install/control_framework_interfaces:/home/dakota/.local/repos/control_framework/install/lockstep_sim:/home/dakota/.local/repos/control_framework/install/excel_record_logging:/home/dakota/.local/repos/control_framework/install/controller:/opt/ros/humble LD_LIBRARY_PATH=/home/dakota/.local/repos/control_framework/install/control_framework_interfaces/lib:/home/dakota/.local/repos/control_framework/install/controller/lib:/opt/ros/humble/opt/rviz_ogre_vendor/lib:/opt/ros/humble/lib/x86_64-linux-gnu:/opt/ros/humble/lib /usr/bin/cmake --install /home/dakota/.local/repos/control_framework/build/controller
