[35m[1mConsolidate compiler generated dependencies of target lockstep_sim[0m
[ 25%] [32mBuilding CXX object CMakeFiles/lockstep_sim.dir/src/main.cpp.o[0m
[ 50%] [32mBuilding CXX object CMakeFiles/lockstep_sim.dir/src/lockstep_sim.cpp.o[0m
[01m[K/home/dakota/.local/repos/control_framework/src/lockstep_sim/src/lockstep_sim.cpp:131:6:[m[K [01;31m[Kerror: [m[Kno declaration matches ‘[01m[Kvoid LockStepSim::reset_record(std::shared_ptr<std_srvs::srv::Trigger_Request_<std::allocator<void> > >, std::shared_ptr<std_srvs::srv::Trigger_Response_<std::allocator<void> > >)[m[K’
  131 | void [01;31m[KLockStepSim[m[K::reset_record(const std::shared_ptr<std_srvs::srv::Trigger::Request> request,
      |      [01;31m[K^~~~~~~~~~~[m[K
In file included from [01m[K/home/dakota/.local/repos/control_framework/src/lockstep_sim/src/lockstep_sim.cpp:3[m[K:
[01m[K/home/dakota/.local/repos/control_framework/src/lockstep_sim/src/../include/lockstep_sim/lockstep_sim.hpp:42:14:[m[K [01;36m[Knote: [m[Kcandidate is: ‘[01m[Kvoid LockStepSim::reset_record(std::shared_ptr<control_framework_interfaces::srv::ResetRecord_Request_<std::allocator<void> > >, std::shared_ptr<control_framework_interfaces::srv::ResetRecord_Response_<std::allocator<void> > >)[m[K’
   42 |         void [01;36m[Kreset_record[m[K(const std::shared_ptr<control_framework_interfaces::srv::ResetRecord::Request> request,
      |              [01;36m[K^~~~~~~~~~~~[m[K
[01m[K/home/dakota/.local/repos/control_framework/src/lockstep_sim/src/../include/lockstep_sim/lockstep_sim.hpp:23:7:[m[K [01;36m[Knote: [m[K‘[01m[Kclass LockStepSim[m[K’ defined here
   23 | class [01;36m[KLockStepSim[m[K : public rclcpp::Node
      |       [01;36m[K^~~~~~~~~~~[m[K
[01m[K/home/dakota/.local/repos/control_framework/src/lockstep_sim/src/lockstep_sim.cpp:[m[K In member function ‘[01m[Kvoid LockStepSim::reset_to_default_initial_position(std::shared_ptr<std_srvs::srv::Trigger_Request_<std::allocator<void> > >, std::shared_ptr<std_srvs::srv::Trigger_Response_<std::allocator<void> > >)[m[K’:
[01m[K/home/dakota/.local/repos/control_framework/src/lockstep_sim/src/lockstep_sim.cpp:138:108:[m[K [01;35m[Kwarning: [m[Kunused parameter ‘[01m[Krequest[m[K’ [[01;35m[K]8;;https://gcc.gnu.org/onlinedocs/gcc/Warning-Options.html#index-Wunused-parameter-Wunused-parameter]8;;[m[K]
  138 | void LockStepSim::reset_to_default_initial_position([01;35m[Kconst std::shared_ptr<std_srvs::srv::Trigger::Request> request[m[K,
      |                                                     [01;35m[K~~~~~~~~~~~~~~~~~~~~~~~~~~~~~~~~~~~~~~~~~~~~~~~~~~~~~~~^~~~~~~[m[K
[01m[K/home/dakota/.local/repos/control_framework/src/lockstep_sim/src/lockstep_sim.cpp:[m[K In member function ‘[01m[Kvoid LockStepSim::reset_to_custom_initial_position(std::shared_ptr<std_srvs::srv::Trigger_Request_<std::allocator<void> > >, std::shared_ptr<std_srvs::srv::Trigger_Response_<std::allocator<void> > >)[m[K’:
[01m[K/home/dakota/.local/repos/control_framework/src/lockstep_sim/src/lockstep_sim.cpp:156:107:[m[K [01;35m[Kwarning: [m[Kunused parameter ‘[01m[Krequest[m[K’ [[01;35m[K]8;;https://gcc.gnu.org/onlinedocs/gcc/Warning-Options.html#index-Wunused-parameter-Wunused-parameter]8;;[m[K]
  156 | void LockStepSim::reset_to_custom_initial_position([01;35m[Kconst std::shared_ptr<std_srvs::srv::Trigger::Request> request[m[K,
      |                                                    [01;35m[K~~~~~~~~~~~~~~~~~~~~~~~~~~~~~~~~~~~~~~~~~~~~~~~~~~~~~~~^~~~~~~[m[K
gmake[2]: *** [CMakeFiles/lockstep_sim.dir/build.make:90: CMakeFiles/lockstep_sim.dir/src/lockstep_sim.cpp.o] Error 1
gmake[1]: *** [CMakeFiles/Makefile2:137: CMakeFiles/lockstep_sim.dir/all] Error 2
gmake: *** [Makefile:146: all] Error 2
