[0.006s] Invoking command in '/home/dakota/.local/repos/control_framework/build/controller': AMENT_PREFIX_PATH=/home/dakota/.local/repos/control_framework/install/control_framework_interfaces CMAKE_PREFIX_PATH=/home/dakota/.local/repos/control_framework/install/control_framework_interfaces CONDA_PROMPT_MODIFIER=(base) LD_LIBRARY_PATH=/home/dakota/.local/repos/control_framework/install/control_framework_interfaces/lib PYTHONPATH=/home/dakota/.local/repos/control_framework/install/control_framework_interfaces/local/lib/python3.10/dist-packages /usr/bin/cmake --build /home/dakota/.local/repos/control_framework/build/controller -- -j28 -l28
[0.025s] -- Found ament_cmake: 1.3.14 (/opt/ros/humble/share/ament_cmake/cmake)
[0.094s] Traceback (most recent call last):
[0.094s]   File "/opt/ros/humble/share/ament_cmake_core/cmake/package_templates/templates_2_cmake.py", line 21, in <module>
[0.094s]     from ament_package.templates import get_environment_hook_template_path
[0.094s] ModuleNotFoundError: No module named 'ament_package'
[0.099s] CMake Error at /opt/ros/humble/share/ament_cmake_core/cmake/ament_cmake_package_templates-extras.cmake:41 (message):
[0.100s]   execute_process(/usr/bin/python3
[0.100s]   /opt/ros/humble/share/ament_cmake_core/cmake/package_templates/templates_2_cmake.py
[0.100s]   /home/dakota/.local/repos/control_framework/build/controller/ament_cmake_package_templates/templates.cmake)
[0.100s]   returned error code 1
[0.100s] Call Stack (most recent call first):
[0.100s]   /opt/ros/humble/share/ament_cmake_core/cmake/ament_cmake_coreConfig.cmake:41 (include)
[0.100s]   /opt/ros/humble/share/ament_cmake/cmake/ament_cmake_export_dependencies-extras.cmake:15 (find_package)
[0.100s]   /opt/ros/humble/share/ament_cmake/cmake/ament_cmakeConfig.cmake:41 (include)
[0.100s]   CMakeLists.txt:10 (find_package)
[0.100s] 
[0.100s] 
[0.100s] -- Configuring incomplete, errors occurred!
[0.100s] See also "/home/dakota/.local/repos/control_framework/build/controller/CMakeFiles/CMakeOutput.log".
[0.101s] gmake: *** [Makefile:362: cmake_check_build_system] Error 1
[0.103s] Invoked command in '/home/dakota/.local/repos/control_framework/build/controller' returned '2': AMENT_PREFIX_PATH=/home/dakota/.local/repos/control_framework/install/control_framework_interfaces CMAKE_PREFIX_PATH=/home/dakota/.local/repos/control_framework/install/control_framework_interfaces CONDA_PROMPT_MODIFIER=(base) LD_LIBRARY_PATH=/home/dakota/.local/repos/control_framework/install/control_framework_interfaces/lib PYTHONPATH=/home/dakota/.local/repos/control_framework/install/control_framework_interfaces/local/lib/python3.10/dist-packages /usr/bin/cmake --build /home/dakota/.local/repos/control_framework/build/controller -- -j28 -l28
