[0.005s] Invoking command in '/home/dakota/.local/repos/control_framework/build/services': CMAKE_PREFIX_PATH=${CMAKE_PREFIX_PATH}:/opt/ros/humble /usr/bin/cmake --build /home/dakota/.local/repos/control_framework/build/services -- -j28 -l28
[0.020s] -- Found ament_cmake: 1.3.14 (/opt/ros/humble/share/ament_cmake/cmake)
[0.102s] -- Found rclcpp: 16.0.19 (/opt/ros/humble/share/rclcpp/cmake)
[0.115s] -- Found rosidl_generator_c: 3.1.8 (/opt/ros/humble/share/rosidl_generator_c/cmake)
[0.116s] -- Found rosidl_adapter: 3.1.8 (/opt/ros/humble/share/rosidl_adapter/cmake)
[0.119s] -- Found rosidl_generator_cpp: 3.1.8 (/opt/ros/humble/share/rosidl_generator_cpp/cmake)
[0.124s] -- Using all available rosidl_typesupport_c: rosidl_typesupport_fastrtps_c;rosidl_typesupport_introspection_c
[0.129s] -- Using all available rosidl_typesupport_cpp: rosidl_typesupport_fastrtps_cpp;rosidl_typesupport_introspection_cpp
[0.144s] -- Found rmw_implementation_cmake: 6.1.2 (/opt/ros/humble/share/rmw_implementation_cmake/cmake)
[0.144s] -- Found rmw_fastrtps_cpp: 6.2.10 (/opt/ros/humble/share/rmw_fastrtps_cpp/cmake)
[0.196s] -- Using RMW implementation 'rmw_fastrtps_cpp' as default
[0.217s] -- Found std_srvs: 4.9.1 (/opt/ros/humble/share/std_srvs/cmake)
[0.222s] -- Found ament_lint_auto: 0.12.15 (/opt/ros/humble/share/ament_lint_auto/cmake)
[0.255s] -- Added test 'cppcheck' to perform static code analysis on C / C++ code
[0.256s] -- Configured cppcheck include dirs: 
[0.256s] -- Configured cppcheck exclude dirs and/or files: 
[0.256s] -- Added test 'lint_cmake' to check CMake code style
[0.256s] -- Added test 'uncrustify' to check C / C++ code style
[0.256s] -- Configured uncrustify additional arguments: 
[0.256s] -- Added test 'xmllint' to check XML markup files
[0.256s] -- Configuring done
[0.258s] -- Generating done
[0.260s] -- Build files have been written to: /home/dakota/.local/repos/control_framework/build/services
[0.278s] [ 50%] [32mBuilding CXX object CMakeFiles/services.dir/src/services.cpp.o[0m
[0.363s] [01m[K/home/dakota/.local/repos/control_framework/src/services/src/services.cpp:2:10:[m[K [01;31m[Kfatal error: [m[Kstd_srvs.hpp: No such file or directory
[0.363s]     2 | #include [01;31m[K"std_srvs.hpp"[m[K
[0.363s]       |          [01;31m[K^~~~~~~~~~~~~~[m[K
[0.363s] compilation terminated.
[0.364s] gmake[2]: *** [CMakeFiles/services.dir/build.make:76: CMakeFiles/services.dir/src/services.cpp.o] Error 1
[0.364s] gmake[1]: *** [CMakeFiles/Makefile2:137: CMakeFiles/services.dir/all] Error 2
[0.365s] gmake: *** [Makefile:146: all] Error 2
[0.367s] Invoked command in '/home/dakota/.local/repos/control_framework/build/services' returned '2': CMAKE_PREFIX_PATH=${CMAKE_PREFIX_PATH}:/opt/ros/humble /usr/bin/cmake --build /home/dakota/.local/repos/control_framework/build/services -- -j28 -l28
