-- Found ament_cmake: 1.3.14 (/opt/ros/humble/share/ament_cmake/cmake)
-- Found rclcpp: 16.0.19 (/opt/ros/humble/share/rclcpp/cmake)
-- Found rosidl_generator_c: 3.1.8 (/opt/ros/humble/share/rosidl_generator_c/cmake)
-- Found rosidl_adapter: 3.1.8 (/opt/ros/humble/share/rosidl_adapter/cmake)
-- Found rosidl_generator_cpp: 3.1.8 (/opt/ros/humble/share/rosidl_generator_cpp/cmake)
-- Using all available rosidl_typesupport_c: rosidl_typesupport_fastrtps_c;rosidl_typesupport_introspection_c
-- Using all available rosidl_typesupport_cpp: rosidl_typesupport_fastrtps_cpp;rosidl_typesupport_introspection_cpp
-- Found rmw_implementation_cmake: 6.1.2 (/opt/ros/humble/share/rmw_implementation_cmake/cmake)
-- Found rmw_fastrtps_cpp: 6.2.10 (/opt/ros/humble/share/rmw_fastrtps_cpp/cmake)
-- Using RMW implementation 'rmw_fastrtps_cpp' as default
-- Found control_framework_interfaces: 0.0.0 (/home/dakota/.local/repos/control_framework/install/control_framework_interfaces/share/control_framework_interfaces/cmake)
-- Found ament_lint_auto: 0.12.15 (/opt/ros/humble/share/ament_lint_auto/cmake)
-- Added test 'cppcheck' to perform static code analysis on C / C++ code
-- Configured cppcheck include dirs: 
-- Configured cppcheck exclude dirs and/or files: 
-- Added test 'lint_cmake' to check CMake code style
-- Added test 'uncrustify' to check C / C++ code style
-- Configured uncrustify additional arguments: 
-- Added test 'xmllint' to check XML markup files
-- Configuring done
-- Generating done
-- Build files have been written to: /home/dakota/.local/repos/control_framework/build/excel_record_logging
[35m[1mConsolidate compiler generated dependencies of target excel_record_logging[0m
[ 33%] [32mBuilding CXX object CMakeFiles/excel_record_logging.dir/src/excel_record_logging.cpp.o[0m
[ 66%] [32mBuilding CXX object CMakeFiles/excel_record_logging.dir/src/main.cpp.o[0m
In file included from [01m[K/home/dakota/.local/repos/control_framework/src/excel_record_logging/src/excel_record_logging.cpp:1[m[K:
[01m[K/home/dakota/.local/repos/control_framework/src/excel_record_logging/src/../include/excel_record_logging/excel_record_logging.hpp:8:1:[m[K [01;31m[Kerror: [m[Knew types may not be defined in a return type
    8 | [01;31m[Kclass[m[K ExcelRecordLogging : public rclcpp::Node
      | [01;31m[K^~~~~[m[K
[01m[K/home/dakota/.local/repos/control_framework/src/excel_record_logging/src/../include/excel_record_logging/excel_record_logging.hpp:8:1:[m[K [01;36m[Knote: [m[K(perhaps a semicolon is missing after the definition of ‘[01m[KExcelRecordLogging[m[K’)
[01m[K/home/dakota/.local/repos/control_framework/src/excel_record_logging/src/../include/excel_record_logging/excel_record_logging.hpp:8:1:[m[K [01;31m[Kerror: [m[Kreturn type specification for constructor invalid
[01m[K/home/dakota/.local/repos/control_framework/src/excel_record_logging/src/excel_record_logging.cpp:[m[K In constructor ‘[01m[KExcelRecordLogging::ExcelRecordLogging()[m[K’:
[01m[K/home/dakota/.local/repos/control_framework/src/excel_record_logging/src/excel_record_logging.cpp:5:124:[m[K [01;31m[Kerror: [m[K‘[01m[KLockStepSim[m[K’ has not been declared
    5 |     reset_record_service = this->create_service<control_framework_interfaces::srv::ResetRecord>("reset_record", std::bind(&[01;31m[KLockStepSim[m[K::reset_record, this, _1, _2));
      |                                                                                                                            [01;31m[K^~~~~~~~~~~[m[K
[01m[K/home/dakota/.local/repos/control_framework/src/excel_record_logging/src/excel_record_logging.cpp:5:157:[m[K [01;31m[Kerror: [m[K‘[01m[K_1[m[K’ was not declared in this scope; did you mean ‘[01m[Kstd::placeholders::_1[m[K’?
    5 |     reset_record_service = this->create_service<control_framework_interfaces::srv::ResetRecord>("reset_record", std::bind(&LockStepSim::reset_record, this, [01;31m[K_1[m[K, _2));
      |                                                                                                                                                             [01;31m[K^~[m[K
      |                                                                                                                                                             [32m[Kstd::placeholders::_1[m[K
In file included from [01m[K/usr/include/c++/11/pstl/glue_algorithm_defs.h:13[m[K,
                 from [01m[K/usr/include/c++/11/algorithm:74[m[K,
                 from [01m[K/opt/ros/humble/include/rclcpp/rclcpp/executor.hpp:18[m[K,
                 from [01m[K/opt/ros/humble/include/rclcpp/rclcpp/executors/multi_threaded_executor.hpp:25[m[K,
                 from [01m[K/opt/ros/humble/include/rclcpp/rclcpp/executors.hpp:21[m[K,
                 from [01m[K/opt/ros/humble/include/rclcpp/rclcpp/rclcpp.hpp:155[m[K,
                 from [01m[K/home/dakota/.local/repos/control_framework/src/excel_record_logging/src/../include/excel_record_logging/excel_record_logging.hpp:4[m[K,
                 from [01m[K/home/dakota/.local/repos/control_framework/src/excel_record_logging/src/excel_record_logging.cpp:1[m[K:
[01m[K/usr/include/c++/11/functional:225:34:[m[K [01;36m[Knote: [m[K‘[01m[Kstd::placeholders::_1[m[K’ declared here
  225 |     extern const _Placeholder<1> [01;36m[K_1[m[K;
      |                                  [01;36m[K^~[m[K
[01m[K/home/dakota/.local/repos/control_framework/src/excel_record_logging/src/excel_record_logging.cpp:5:161:[m[K [01;31m[Kerror: [m[K‘[01m[K_2[m[K’ was not declared in this scope; did you mean ‘[01m[Kstd::placeholders::_2[m[K’?
    5 |     reset_record_service = this->create_service<control_framework_interfaces::srv::ResetRecord>("reset_record", std::bind(&LockStepSim::reset_record, this, _1, [01;31m[K_2[m[K));
      |                                                                                                                                                                 [01;31m[K^~[m[K
      |                                                                                                                                                                 [32m[Kstd::placeholders::_2[m[K
In file included from [01m[K/usr/include/c++/11/pstl/glue_algorithm_defs.h:13[m[K,
                 from [01m[K/usr/include/c++/11/algorithm:74[m[K,
                 from [01m[K/opt/ros/humble/include/rclcpp/rclcpp/executor.hpp:18[m[K,
                 from [01m[K/opt/ros/humble/include/rclcpp/rclcpp/executors/multi_threaded_executor.hpp:25[m[K,
                 from [01m[K/opt/ros/humble/include/rclcpp/rclcpp/executors.hpp:21[m[K,
                 from [01m[K/opt/ros/humble/include/rclcpp/rclcpp/rclcpp.hpp:155[m[K,
                 from [01m[K/home/dakota/.local/repos/control_framework/src/excel_record_logging/src/../include/excel_record_logging/excel_record_logging.hpp:4[m[K,
                 from [01m[K/home/dakota/.local/repos/control_framework/src/excel_record_logging/src/excel_record_logging.cpp:1[m[K:
[01m[K/usr/include/c++/11/functional:226:34:[m[K [01;36m[Knote: [m[K‘[01m[Kstd::placeholders::_2[m[K’ declared here
  226 |     extern const _Placeholder<2> [01;36m[K_2[m[K;
      |                                  [01;36m[K^~[m[K
In file included from [01m[K/home/dakota/.local/repos/control_framework/src/excel_record_logging/src/main.cpp:1[m[K:
[01m[K/home/dakota/.local/repos/control_framework/src/excel_record_logging/src/../include/excel_record_logging/excel_record_logging.hpp:19:2:[m[K [01;31m[Kerror: [m[Kexpected ‘[01m[K;[m[K’ after class definition
   19 | }
      |  [01;31m[K^[m[K
      |  [32m[K;[m[K
[01m[K/home/dakota/.local/repos/control_framework/src/excel_record_logging/src/excel_record_logging.cpp:[m[K At global scope:
[01m[K/home/dakota/.local/repos/control_framework/src/excel_record_logging/src/excel_record_logging.cpp:8:6:[m[K [01;31m[Kerror: [m[Kno declaration matches ‘[01m[Kvoid ExcelRecordLogging::reset_record(std::shared_ptr<control_framework_interfaces::srv::ResetRecord_Request_<std::allocator<void> > >, std::shared_ptr<control_framework_interfaces::srv::ResetRecord_Response_<std::allocator<void> > >)[m[K’
    8 | void [01;31m[KExcelRecordLogging[m[K::reset_record(const std::shared_ptr<control_framework_interfaces::srv::ResetRecord::Request> request,
      |      [01;31m[K^~~~~~~~~~~~~~~~~~[m[K
[01m[K/home/dakota/.local/repos/control_framework/src/excel_record_logging/src/excel_record_logging.cpp:8:6:[m[K [01;36m[Knote: [m[Kno functions named ‘[01m[Kvoid ExcelRecordLogging::reset_record(std::shared_ptr<control_framework_interfaces::srv::ResetRecord_Request_<std::allocator<void> > >, std::shared_ptr<control_framework_interfaces::srv::ResetRecord_Response_<std::allocator<void> > >)[m[K’
In file included from [01m[K/home/dakota/.local/repos/control_framework/src/excel_record_logging/src/excel_record_logging.cpp:1[m[K:
[01m[K/home/dakota/.local/repos/control_framework/src/excel_record_logging/src/../include/excel_record_logging/excel_record_logging.hpp:8:7:[m[K [01;36m[Knote: [m[K‘[01m[Kclass ExcelRecordLogging[m[K’ defined here
    8 | class [01;36m[KExcelRecordLogging[m[K : public rclcpp::Node
      |       [01;36m[K^~~~~~~~~~~~~~~~~~[m[K
gmake[2]: *** [CMakeFiles/excel_record_logging.dir/build.make:76: CMakeFiles/excel_record_logging.dir/src/main.cpp.o] Error 1
gmake[2]: *** Waiting for unfinished jobs....
gmake[2]: *** [CMakeFiles/excel_record_logging.dir/build.make:90: CMakeFiles/excel_record_logging.dir/src/excel_record_logging.cpp.o] Error 1
gmake[1]: *** [CMakeFiles/Makefile2:137: CMakeFiles/excel_record_logging.dir/all] Error 2
gmake: *** [Makefile:146: all] Error 2
