[ 16%] [32mBuilding CXX object CMakeFiles/controller.dir/src/base_controller.cpp.o[0m
[ 33%] [32mBuilding CXX object CMakeFiles/controller.dir/src/controllers.cpp.o[0m
[ 50%] [32m[1mLinking CXX static library libcontroller.a[0m
[ 50%] Built target controller
[35m[1mConsolidate compiler generated dependencies of target controller_node[0m
[ 83%] [32mBuilding CXX object CMakeFiles/controller_node.dir/src/main.cpp.o[0m
[ 83%] [32mBuilding CXX object CMakeFiles/controller_node.dir/src/controller_node.cpp.o[0m
[01m[K/home/dakota/.local/repos/control_framework/src/controller/src/controller_node.cpp:[m[K In constructor ‘[01m[KControllerNode::ControllerNode()[m[K’:
[01m[K/home/dakota/.local/repos/control_framework/src/controller/src/controller_node.cpp:28:154:[m[K [01;31m[Kerror: [m[K‘[01m[Kcontroller_select[m[K’ is not a member of ‘[01m[KControllerNode[m[K’
   28 |     swap_controllers_service = this->create_service<control_framework_interfaces::srv::ControllerSelect>("controller_select", std::bind(&ControllerNode::[01;31m[Kcontroller_select[m[K, this, _1, _2));
      |                                                                                                                                                          [01;31m[K^~~~~~~~~~~~~~~~~[m[K
In file included from [01m[K/opt/ros/humble/include/rclcpp/rclcpp/logging.hpp:24[m[K,
                 from [01m[K/opt/ros/humble/include/rclcpp/rclcpp/client.hpp:40[m[K,
                 from [01m[K/opt/ros/humble/include/rclcpp/rclcpp/callback_group.hpp:24[m[K,
                 from [01m[K/opt/ros/humble/include/rclcpp/rclcpp/any_executable.hpp:20[m[K,
                 from [01m[K/opt/ros/humble/include/rclcpp/rclcpp/memory_strategy.hpp:25[m[K,
                 from [01m[K/opt/ros/humble/include/rclcpp/rclcpp/memory_strategies.hpp:18[m[K,
                 from [01m[K/opt/ros/humble/include/rclcpp/rclcpp/executor_options.hpp:20[m[K,
                 from [01m[K/opt/ros/humble/include/rclcpp/rclcpp/executor.hpp:37[m[K,
                 from [01m[K/opt/ros/humble/include/rclcpp/rclcpp/executors/multi_threaded_executor.hpp:25[m[K,
                 from [01m[K/opt/ros/humble/include/rclcpp/rclcpp/executors.hpp:21[m[K,
                 from [01m[K/opt/ros/humble/include/rclcpp/rclcpp/rclcpp.hpp:155[m[K,
                 from [01m[K/home/dakota/.local/repos/control_framework/src/controller/src/../include/controller/controller_node.hpp:4[m[K,
                 from [01m[K/home/dakota/.local/repos/control_framework/src/controller/src/controller_node.cpp:2[m[K:
[01m[K/home/dakota/.local/repos/control_framework/src/controller/src/controller_node.cpp:[m[K In member function ‘[01m[Kvoid ControllerNode::set_controllers(const std::vector<std::__cxx11::basic_string<char> >&)[m[K’:
[01m[K/home/dakota/.local/repos/control_framework/src/controller/src/controller_node.cpp:153:17:[m[K [01;31m[Kerror: [m[K‘[01m[Kparam_name[m[K’ was not declared in this scope
  153 |                 [01;31m[Kparam_name[m[K.c_str()
      |                 [01;31m[K^~~~~~~~~~[m[K
[01m[K/home/dakota/.local/repos/control_framework/src/controller/src/controller_node.cpp:157:12:[m[K [01;31m[Kerror: [m[K‘[01m[Kcontroller_name[m[K’ was not declared in this scope; did you mean ‘[01m[Kcontroller_names[m[K’?
  157 |         if([01;31m[Kcontroller_name[m[K == "lqr"){
      |            [01;31m[K^~~~~~~~~~~~~~~[m[K
      |            [32m[Kcontroller_names[m[K
[01m[K/home/dakota/.local/repos/control_framework/src/controller/src/controller_node.cpp:158:57:[m[K [01;31m[Kerror: [m[K‘[01m[Kcontroller_params[m[K’ was not declared in this scope; did you mean ‘[01m[Kcontroller_names[m[K’?
  158 |             controllers.push_back(std::make_unique<Lqr>([01;31m[Kcontroller_params[m[K))
      |                                                         [01;31m[K^~~~~~~~~~~~~~~~~[m[K
      |                                                         [32m[Kcontroller_names[m[K
[01m[K/home/dakota/.local/repos/control_framework/src/controller/src/controller_node.cpp:161:58:[m[K [01;31m[Kerror: [m[K‘[01m[Kcontroller_params[m[K’ was not declared in this scope; did you mean ‘[01m[Kcontroller_names[m[K’?
  161 |             controllers.push_back(std::make_unique<Test>([01;31m[Kcontroller_params[m[K))
      |                                                          [01;31m[K^~~~~~~~~~~~~~~~~[m[K
      |                                                          [32m[Kcontroller_names[m[K
[01m[K/home/dakota/.local/repos/control_framework/src/controller/src/controller_node.cpp:[m[K At global scope:
[01m[K/home/dakota/.local/repos/control_framework/src/controller/src/controller_node.cpp:177:1:[m[K [01;31m[Kerror: [m[Kexpected declaration before ‘[01m[K}[m[K’ token
  177 | [01;31m[K}[m[K
      | [01;31m[K^[m[K
gmake[2]: *** [CMakeFiles/controller_node.dir/build.make:90: CMakeFiles/controller_node.dir/src/controller_node.cpp.o] Error 1
gmake[1]: *** [CMakeFiles/Makefile2:165: CMakeFiles/controller_node.dir/all] Error 2
gmake: *** [Makefile:146: all] Error 2
