[0.005s] Invoking command in '/home/dakota/.local/repos/control_framework/build/controller': CMAKE_PREFIX_PATH=/home/dakota/.local/repos/control_framework/install/control_framework_interfaces:/home/dakota/.local/repos/control_framework/install/lockstep_sim:/home/dakota/.local/repos/control_framework/install/excel_record_logging:/home/dakota/.local/repos/control_framework/install/controller:/opt/ros/humble LD_LIBRARY_PATH=/home/dakota/.local/repos/control_framework/install/control_framework_interfaces/lib:/home/dakota/.local/repos/control_framework/install/controller/lib:/opt/ros/humble/opt/rviz_ogre_vendor/lib:/opt/ros/humble/lib/x86_64-linux-gnu:/opt/ros/humble/lib /usr/bin/cmake --build /home/dakota/.local/repos/control_framework/build/controller -- -j28 -l28
[0.040s] [ 16%] [32mBuilding CXX object CMakeFiles/controller.dir/src/base_controller.cpp.o[0m
[0.040s] [ 33%] [32mBuilding CXX object CMakeFiles/controller.dir/src/controllers.cpp.o[0m
[0.207s] [ 50%] [32m[1mLinking CXX static library libcontroller.a[0m
[0.228s] [ 50%] Built target controller
[0.237s] [35m[1mConsolidate compiler generated dependencies of target controller_node[0m
[0.250s] [ 83%] [32mBuilding CXX object CMakeFiles/controller_node.dir/src/main.cpp.o[0m
[0.250s] [ 83%] [32mBuilding CXX object CMakeFiles/controller_node.dir/src/controller_node.cpp.o[0m
[1.297s] [01m[K/home/dakota/.local/repos/control_framework/src/controller/src/controller_node.cpp:[m[K In constructor ‘[01m[KControllerNode::ControllerNode()[m[K’:
[1.297s] [01m[K/home/dakota/.local/repos/control_framework/src/controller/src/controller_node.cpp:28:154:[m[K [01;31m[Kerror: [m[K‘[01m[Kcontroller_select[m[K’ is not a member of ‘[01m[KControllerNode[m[K’
[1.297s]    28 |     swap_controllers_service = this->create_service<control_framework_interfaces::srv::ControllerSelect>("controller_select", std::bind(&ControllerNode::[01;31m[Kcontroller_select[m[K, this, _1, _2));
[1.297s]       |                                                                                                                                                          [01;31m[K^~~~~~~~~~~~~~~~~[m[K
[1.317s] In file included from [01m[K/opt/ros/humble/include/rclcpp/rclcpp/logging.hpp:24[m[K,
[1.317s]                  from [01m[K/opt/ros/humble/include/rclcpp/rclcpp/client.hpp:40[m[K,
[1.317s]                  from [01m[K/opt/ros/humble/include/rclcpp/rclcpp/callback_group.hpp:24[m[K,
[1.317s]                  from [01m[K/opt/ros/humble/include/rclcpp/rclcpp/any_executable.hpp:20[m[K,
[1.317s]                  from [01m[K/opt/ros/humble/include/rclcpp/rclcpp/memory_strategy.hpp:25[m[K,
[1.317s]                  from [01m[K/opt/ros/humble/include/rclcpp/rclcpp/memory_strategies.hpp:18[m[K,
[1.317s]                  from [01m[K/opt/ros/humble/include/rclcpp/rclcpp/executor_options.hpp:20[m[K,
[1.317s]                  from [01m[K/opt/ros/humble/include/rclcpp/rclcpp/executor.hpp:37[m[K,
[1.317s]                  from [01m[K/opt/ros/humble/include/rclcpp/rclcpp/executors/multi_threaded_executor.hpp:25[m[K,
[1.317s]                  from [01m[K/opt/ros/humble/include/rclcpp/rclcpp/executors.hpp:21[m[K,
[1.317s]                  from [01m[K/opt/ros/humble/include/rclcpp/rclcpp/rclcpp.hpp:155[m[K,
[1.317s]                  from [01m[K/home/dakota/.local/repos/control_framework/src/controller/src/../include/controller/controller_node.hpp:4[m[K,
[1.317s]                  from [01m[K/home/dakota/.local/repos/control_framework/src/controller/src/controller_node.cpp:2[m[K:
[1.317s] [01m[K/home/dakota/.local/repos/control_framework/src/controller/src/controller_node.cpp:[m[K In member function ‘[01m[Kvoid ControllerNode::set_controllers(const std::vector<std::__cxx11::basic_string<char> >&)[m[K’:
[1.317s] [01m[K/home/dakota/.local/repos/control_framework/src/controller/src/controller_node.cpp:153:17:[m[K [01;31m[Kerror: [m[K‘[01m[Kparam_name[m[K’ was not declared in this scope
[1.317s]   153 |                 [01;31m[Kparam_name[m[K.c_str()
[1.317s]       |                 [01;31m[K^~~~~~~~~~[m[K
[1.319s] [01m[K/home/dakota/.local/repos/control_framework/src/controller/src/controller_node.cpp:157:12:[m[K [01;31m[Kerror: [m[K‘[01m[Kcontroller_name[m[K’ was not declared in this scope; did you mean ‘[01m[Kcontroller_names[m[K’?
[1.319s]   157 |         if([01;31m[Kcontroller_name[m[K == "lqr"){
[1.319s]       |            [01;31m[K^~~~~~~~~~~~~~~[m[K
[1.319s]       |            [32m[Kcontroller_names[m[K
[1.323s] [01m[K/home/dakota/.local/repos/control_framework/src/controller/src/controller_node.cpp:158:57:[m[K [01;31m[Kerror: [m[K‘[01m[Kcontroller_params[m[K’ was not declared in this scope; did you mean ‘[01m[Kcontroller_names[m[K’?
[1.323s]   158 |             controllers.push_back(std::make_unique<Lqr>([01;31m[Kcontroller_params[m[K))
[1.323s]       |                                                         [01;31m[K^~~~~~~~~~~~~~~~~[m[K
[1.323s]       |                                                         [32m[Kcontroller_names[m[K
[1.326s] [01m[K/home/dakota/.local/repos/control_framework/src/controller/src/controller_node.cpp:161:58:[m[K [01;31m[Kerror: [m[K‘[01m[Kcontroller_params[m[K’ was not declared in this scope; did you mean ‘[01m[Kcontroller_names[m[K’?
[1.326s]   161 |             controllers.push_back(std::make_unique<Test>([01;31m[Kcontroller_params[m[K))
[1.326s]       |                                                          [01;31m[K^~~~~~~~~~~~~~~~~[m[K
[1.326s]       |                                                          [32m[Kcontroller_names[m[K
[1.326s] [01m[K/home/dakota/.local/repos/control_framework/src/controller/src/controller_node.cpp:[m[K At global scope:
[1.326s] [01m[K/home/dakota/.local/repos/control_framework/src/controller/src/controller_node.cpp:177:1:[m[K [01;31m[Kerror: [m[Kexpected declaration before ‘[01m[K}[m[K’ token
[1.326s]   177 | [01;31m[K}[m[K
[1.326s]       | [01;31m[K^[m[K
[2.482s] gmake[2]: *** [CMakeFiles/controller_node.dir/build.make:90: CMakeFiles/controller_node.dir/src/controller_node.cpp.o] Error 1
[2.482s] gmake[1]: *** [CMakeFiles/Makefile2:165: CMakeFiles/controller_node.dir/all] Error 2
[2.482s] gmake: *** [Makefile:146: all] Error 2
[2.484s] Invoked command in '/home/dakota/.local/repos/control_framework/build/controller' returned '2': CMAKE_PREFIX_PATH=/home/dakota/.local/repos/control_framework/install/control_framework_interfaces:/home/dakota/.local/repos/control_framework/install/lockstep_sim:/home/dakota/.local/repos/control_framework/install/excel_record_logging:/home/dakota/.local/repos/control_framework/install/controller:/opt/ros/humble LD_LIBRARY_PATH=/home/dakota/.local/repos/control_framework/install/control_framework_interfaces/lib:/home/dakota/.local/repos/control_framework/install/controller/lib:/opt/ros/humble/opt/rviz_ogre_vendor/lib:/opt/ros/humble/lib/x86_64-linux-gnu:/opt/ros/humble/lib /usr/bin/cmake --build /home/dakota/.local/repos/control_framework/build/controller -- -j28 -l28
