[35m[1mConsolidate compiler generated dependencies of target excel_record_logging[0m
[ 33%] [32mBuilding CXX object CMakeFiles/excel_record_logging.dir/src/main.cpp.o[0m
[ 66%] [32mBuilding CXX object CMakeFiles/excel_record_logging.dir/src/excel_record_logging.cpp.o[0m
[01m[K/home/dakota/.local/repos/control_framework/src/excel_record_logging/src/excel_record_logging.cpp:[m[K In member function ‘[01m[Kvoid ExcelRecordLogging::reset_record(std::shared_ptr<control_framework_interfaces::srv::ResetRecord_Request_<std::allocator<void> > >, std::shared_ptr<control_framework_interfaces::srv::ResetRecord_Response_<std::allocator<void> > >)[m[K’:
[01m[K/home/dakota/.local/repos/control_framework/src/excel_record_logging/src/excel_record_logging.cpp:11:118:[m[K [01;35m[Kwarning: [m[Kunused parameter ‘[01m[Krequest[m[K’ [[01;35m[K]8;;https://gcc.gnu.org/onlinedocs/gcc/Warning-Options.html#index-Wunused-parameter-Wunused-parameter]8;;[m[K]
   11 | void ExcelRecordLogging::reset_record([01;35m[Kconst std::shared_ptr<control_framework_interfaces::srv::ResetRecord::Request> request[m[K,
      |                                       [01;35m[K~~~~~~~~~~~~~~~~~~~~~~~~~~~~~~~~~~~~~~~~~~~~~~~~~~~~~~~~~~~~~~~~~~~~~~~~~~~~~~~^~~~~~~[m[K
[01m[K/home/dakota/.local/repos/control_framework/src/excel_record_logging/src/excel_record_logging.cpp:12:85:[m[K [01;35m[Kwarning: [m[Kunused parameter ‘[01m[Kresponse[m[K’ [[01;35m[K]8;;https://gcc.gnu.org/onlinedocs/gcc/Warning-Options.html#index-Wunused-parameter-Wunused-parameter]8;;[m[K]
   12 |           [01;35m[Kstd::shared_ptr<control_framework_interfaces::srv::ResetRecord::Response> response[m[K)
      |           [01;35m[K~~~~~~~~~~~~~~~~~~~~~~~~~~~~~~~~~~~~~~~~~~~~~~~~~~~~~~~~~~~~~~~~~~~~~~~~~~^~~~~~~~[m[K
[100%] [32m[1mLinking CXX executable excel_record_logging[0m
[100%] Built target excel_record_logging
-- Install configuration: ""
-- Installing: /home/dakota/.local/repos/control_framework/install/excel_record_logging/share/ament_index/resource_index/package_run_dependencies/excel_record_logging
-- Up-to-date: /home/dakota/.local/repos/control_framework/install/excel_record_logging/share/ament_index/resource_index/parent_prefix_path/excel_record_logging
-- Up-to-date: /home/dakota/.local/repos/control_framework/install/excel_record_logging/share/excel_record_logging/environment/ament_prefix_path.sh
-- Installing: /home/dakota/.local/repos/control_framework/install/excel_record_logging/share/excel_record_logging/environment/ament_prefix_path.dsv
-- Up-to-date: /home/dakota/.local/repos/control_framework/install/excel_record_logging/share/excel_record_logging/environment/path.sh
-- Installing: /home/dakota/.local/repos/control_framework/install/excel_record_logging/share/excel_record_logging/environment/path.dsv
-- Up-to-date: /home/dakota/.local/repos/control_framework/install/excel_record_logging/share/excel_record_logging/local_setup.bash
-- Up-to-date: /home/dakota/.local/repos/control_framework/install/excel_record_logging/share/excel_record_logging/local_setup.sh
-- Up-to-date: /home/dakota/.local/repos/control_framework/install/excel_record_logging/share/excel_record_logging/local_setup.zsh
-- Installing: /home/dakota/.local/repos/control_framework/install/excel_record_logging/share/excel_record_logging/local_setup.dsv
-- Installing: /home/dakota/.local/repos/control_framework/install/excel_record_logging/share/excel_record_logging/package.dsv
-- Up-to-date: /home/dakota/.local/repos/control_framework/install/excel_record_logging/share/ament_index/resource_index/packages/excel_record_logging
-- Up-to-date: /home/dakota/.local/repos/control_framework/install/excel_record_logging/share/excel_record_logging/cmake/excel_record_loggingConfig.cmake
-- Up-to-date: /home/dakota/.local/repos/control_framework/install/excel_record_logging/share/excel_record_logging/cmake/excel_record_loggingConfig-version.cmake
-- Installing: /home/dakota/.local/repos/control_framework/install/excel_record_logging/share/excel_record_logging/package.xml
