[0.006s] Invoking command in '/home/dakota/.local/repos/control_framework/build/excel_record_logging': CMAKE_PREFIX_PATH=/home/dakota/.local/repos/control_framework/install/control_framework_interfaces:/home/dakota/.local/repos/control_framework/install/lockstep_sim:/home/dakota/.local/repos/control_framework/install/controller:/opt/ros/humble LD_LIBRARY_PATH=/home/dakota/.local/repos/control_framework/install/control_framework_interfaces/lib:/home/dakota/.local/repos/control_framework/install/controller/lib:/opt/ros/humble/opt/rviz_ogre_vendor/lib:/opt/ros/humble/lib/x86_64-linux-gnu:/opt/ros/humble/lib /usr/bin/cmake --build /home/dakota/.local/repos/control_framework/build/excel_record_logging -- -j28 -l28
[0.033s] [35m[1mConsolidate compiler generated dependencies of target excel_record_logging[0m
[0.047s] [ 33%] [32mBuilding CXX object CMakeFiles/excel_record_logging.dir/src/main.cpp.o[0m
[0.048s] [ 66%] [32mBuilding CXX object CMakeFiles/excel_record_logging.dir/src/excel_record_logging.cpp.o[0m
[1.070s] [01m[K/home/dakota/.local/repos/control_framework/src/excel_record_logging/src/excel_record_logging.cpp:[m[K In member function ‘[01m[Kvoid ExcelRecordLogging::reset_record(std::shared_ptr<control_framework_interfaces::srv::ResetRecord_Request_<std::allocator<void> > >, std::shared_ptr<control_framework_interfaces::srv::ResetRecord_Response_<std::allocator<void> > >)[m[K’:
[1.070s] [01m[K/home/dakota/.local/repos/control_framework/src/excel_record_logging/src/excel_record_logging.cpp:11:118:[m[K [01;35m[Kwarning: [m[Kunused parameter ‘[01m[Krequest[m[K’ [[01;35m[K]8;;https://gcc.gnu.org/onlinedocs/gcc/Warning-Options.html#index-Wunused-parameter-Wunused-parameter]8;;[m[K]
[1.070s]    11 | void ExcelRecordLogging::reset_record([01;35m[Kconst std::shared_ptr<control_framework_interfaces::srv::ResetRecord::Request> request[m[K,
[1.071s]       |                                       [01;35m[K~~~~~~~~~~~~~~~~~~~~~~~~~~~~~~~~~~~~~~~~~~~~~~~~~~~~~~~~~~~~~~~~~~~~~~~~~~~~~~~^~~~~~~[m[K
[1.071s] [01m[K/home/dakota/.local/repos/control_framework/src/excel_record_logging/src/excel_record_logging.cpp:12:85:[m[K [01;35m[Kwarning: [m[Kunused parameter ‘[01m[Kresponse[m[K’ [[01;35m[K]8;;https://gcc.gnu.org/onlinedocs/gcc/Warning-Options.html#index-Wunused-parameter-Wunused-parameter]8;;[m[K]
[1.071s]    12 |           [01;35m[Kstd::shared_ptr<control_framework_interfaces::srv::ResetRecord::Response> response[m[K)
[1.071s]       |           [01;35m[K~~~~~~~~~~~~~~~~~~~~~~~~~~~~~~~~~~~~~~~~~~~~~~~~~~~~~~~~~~~~~~~~~~~~~~~~~~^~~~~~~~[m[K
[1.556s] [100%] [32m[1mLinking CXX executable excel_record_logging[0m
[1.627s] [100%] Built target excel_record_logging
[1.634s] Invoked command in '/home/dakota/.local/repos/control_framework/build/excel_record_logging' returned '0': CMAKE_PREFIX_PATH=/home/dakota/.local/repos/control_framework/install/control_framework_interfaces:/home/dakota/.local/repos/control_framework/install/lockstep_sim:/home/dakota/.local/repos/control_framework/install/controller:/opt/ros/humble LD_LIBRARY_PATH=/home/dakota/.local/repos/control_framework/install/control_framework_interfaces/lib:/home/dakota/.local/repos/control_framework/install/controller/lib:/opt/ros/humble/opt/rviz_ogre_vendor/lib:/opt/ros/humble/lib/x86_64-linux-gnu:/opt/ros/humble/lib /usr/bin/cmake --build /home/dakota/.local/repos/control_framework/build/excel_record_logging -- -j28 -l28
[1.634s] Invoking command in '/home/dakota/.local/repos/control_framework/build/excel_record_logging': CMAKE_PREFIX_PATH=/home/dakota/.local/repos/control_framework/install/control_framework_interfaces:/home/dakota/.local/repos/control_framework/install/lockstep_sim:/home/dakota/.local/repos/control_framework/install/controller:/opt/ros/humble LD_LIBRARY_PATH=/home/dakota/.local/repos/control_framework/install/control_framework_interfaces/lib:/home/dakota/.local/repos/control_framework/install/controller/lib:/opt/ros/humble/opt/rviz_ogre_vendor/lib:/opt/ros/humble/lib/x86_64-linux-gnu:/opt/ros/humble/lib /usr/bin/cmake --install /home/dakota/.local/repos/control_framework/build/excel_record_logging
[1.640s] -- Install configuration: ""
[1.640s] -- Installing: /home/dakota/.local/repos/control_framework/install/excel_record_logging/share/ament_index/resource_index/package_run_dependencies/excel_record_logging
[1.640s] -- Up-to-date: /home/dakota/.local/repos/control_framework/install/excel_record_logging/share/ament_index/resource_index/parent_prefix_path/excel_record_logging
[1.640s] -- Up-to-date: /home/dakota/.local/repos/control_framework/install/excel_record_logging/share/excel_record_logging/environment/ament_prefix_path.sh
[1.640s] -- Installing: /home/dakota/.local/repos/control_framework/install/excel_record_logging/share/excel_record_logging/environment/ament_prefix_path.dsv
[1.640s] -- Up-to-date: /home/dakota/.local/repos/control_framework/install/excel_record_logging/share/excel_record_logging/environment/path.sh
[1.640s] -- Installing: /home/dakota/.local/repos/control_framework/install/excel_record_logging/share/excel_record_logging/environment/path.dsv
[1.640s] -- Up-to-date: /home/dakota/.local/repos/control_framework/install/excel_record_logging/share/excel_record_logging/local_setup.bash
[1.640s] -- Up-to-date: /home/dakota/.local/repos/control_framework/install/excel_record_logging/share/excel_record_logging/local_setup.sh
[1.640s] -- Up-to-date: /home/dakota/.local/repos/control_framework/install/excel_record_logging/share/excel_record_logging/local_setup.zsh
[1.640s] -- Installing: /home/dakota/.local/repos/control_framework/install/excel_record_logging/share/excel_record_logging/local_setup.dsv
[1.640s] -- Installing: /home/dakota/.local/repos/control_framework/install/excel_record_logging/share/excel_record_logging/package.dsv
[1.640s] -- Up-to-date: /home/dakota/.local/repos/control_framework/install/excel_record_logging/share/ament_index/resource_index/packages/excel_record_logging
[1.640s] -- Up-to-date: /home/dakota/.local/repos/control_framework/install/excel_record_logging/share/excel_record_logging/cmake/excel_record_loggingConfig.cmake
[1.640s] -- Up-to-date: /home/dakota/.local/repos/control_framework/install/excel_record_logging/share/excel_record_logging/cmake/excel_record_loggingConfig-version.cmake
[1.640s] -- Installing: /home/dakota/.local/repos/control_framework/install/excel_record_logging/share/excel_record_logging/package.xml
[1.641s] Invoked command in '/home/dakota/.local/repos/control_framework/build/excel_record_logging' returned '0': CMAKE_PREFIX_PATH=/home/dakota/.local/repos/control_framework/install/control_framework_interfaces:/home/dakota/.local/repos/control_framework/install/lockstep_sim:/home/dakota/.local/repos/control_framework/install/controller:/opt/ros/humble LD_LIBRARY_PATH=/home/dakota/.local/repos/control_framework/install/control_framework_interfaces/lib:/home/dakota/.local/repos/control_framework/install/controller/lib:/opt/ros/humble/opt/rviz_ogre_vendor/lib:/opt/ros/humble/lib/x86_64-linux-gnu:/opt/ros/humble/lib /usr/bin/cmake --install /home/dakota/.local/repos/control_framework/build/excel_record_logging
