[0.007s] Invoking command in '/home/dakota/.local/repos/control_framework/build/control_framework_interfaces': CMAKE_PREFIX_PATH=${CMAKE_PREFIX_PATH}:/opt/ros/humble /usr/bin/cmake --build /home/dakota/.local/repos/control_framework/build/control_framework_interfaces -- -j28 -l28
[0.039s] [  1%] Built target control_framework_interfaces__rs
[0.040s] [  3%] Built target control_framework_interfaces__cpp
[0.041s] [ 14%] Built target control_framework_interfaces__rosidl_generator_c
[0.044s] [ 14%] Built target ament_cmake_python_copy_control_framework_interfaces
[0.051s] [ 25%] Built target control_framework_interfaces__rosidl_typesupport_c
[0.056s] [ 35%] Built target control_framework_interfaces__rosidl_typesupport_introspection_cpp
[0.056s] [ 46%] Built target control_framework_interfaces__rosidl_typesupport_fastrtps_c
[0.056s] [ 57%] Built target control_framework_interfaces__rosidl_typesupport_cpp
[0.056s] [ 68%] Built target control_framework_interfaces__rosidl_typesupport_introspection_c
[0.057s] [ 79%] Built target control_framework_interfaces__rosidl_typesupport_fastrtps_cpp
[0.068s] [ 79%] Built target control_framework_interfaces
[0.081s] [ 81%] Built target control_framework_interfaces__py
[0.093s] [ 90%] Built target control_framework_interfaces__rosidl_generator_py
[0.105s] [ 93%] Built target control_framework_interfaces__rosidl_typesupport_fastrtps_c__pyext
[0.106s] [ 96%] Built target control_framework_interfaces__rosidl_typesupport_c__pyext
[0.106s] [100%] Built target control_framework_interfaces__rosidl_typesupport_introspection_c__pyext
[0.161s] running egg_info
[0.162s] writing control_framework_interfaces.egg-info/PKG-INFO
[0.162s] writing dependency_links to control_framework_interfaces.egg-info/dependency_links.txt
[0.162s] writing top-level names to control_framework_interfaces.egg-info/top_level.txt
[0.163s] reading manifest file 'control_framework_interfaces.egg-info/SOURCES.txt'
[0.163s] writing manifest file 'control_framework_interfaces.egg-info/SOURCES.txt'
[0.176s] [100%] Built target ament_cmake_python_build_control_framework_interfaces_egg
