[0.006s] Invoking command in '/home/dakota/.local/repos/control_framework/build/control_framework_interfaces': CMAKE_PREFIX_PATH=${CMAKE_PREFIX_PATH}:/opt/ros/humble /usr/bin/cmake --build /home/dakota/.local/repos/control_framework/build/control_framework_interfaces -- -j28 -l28
[0.039s] [  5%] Built target control_framework_interfaces__rs
[0.039s] [  5%] Built target control_framework_interfaces__cpp
[0.040s] [ 15%] Built target control_framework_interfaces__rosidl_generator_c
[0.046s] [ 15%] Built target ament_cmake_python_copy_control_framework_interfaces
[0.052s] [ 32%] Built target control_framework_interfaces__rosidl_typesupport_cpp
[0.052s] [ 35%] Built target control_framework_interfaces__rosidl_typesupport_introspection_cpp
[0.054s] [ 45%] Built target control_framework_interfaces__rosidl_typesupport_fastrtps_cpp
[0.060s] [ 55%] Built target control_framework_interfaces__rosidl_typesupport_c
[0.060s] [ 65%] Built target control_framework_interfaces__rosidl_typesupport_fastrtps_c
[0.060s] [ 75%] Built target control_framework_interfaces__rosidl_typesupport_introspection_c
[0.071s] [ 75%] Built target control_framework_interfaces
[0.082s] [ 77%] Built target control_framework_interfaces__py
[0.094s] [ 85%] Built target control_framework_interfaces__rosidl_generator_py
[0.109s] [100%] Built target control_framework_interfaces__rosidl_typesupport_introspection_c__pyext
[0.109s] [100%] Built target control_framework_interfaces__rosidl_typesupport_fastrtps_c__pyext
[0.109s] [100%] Built target control_framework_interfaces__rosidl_typesupport_c__pyext
[0.152s] running egg_info
[0.152s] writing control_framework_interfaces.egg-info/PKG-INFO
[0.152s] writing dependency_links to control_framework_interfaces.egg-info/dependency_links.txt
[0.152s] writing top-level names to control_framework_interfaces.egg-info/top_level.txt
[0.153s] reading manifest file 'control_framework_interfaces.egg-info/SOURCES.txt'
[0.154s] writing manifest file 'control_framework_interfaces.egg-info/SOURCES.txt'
[0.166s] [100%] Built target ament_cmake_python_build_control_framework_interfaces_egg
