[0.005s] Invoking command in '/home/dakota/.local/repos/control_framework/build/excel_record_logging': CMAKE_PREFIX_PATH=/home/dakota/.local/repos/control_framework/install/control_framework_interfaces:/home/dakota/.local/repos/control_framework/install/lockstep_sim:/home/dakota/.local/repos/control_framework/install/excel_record_logging:/home/dakota/.local/repos/control_framework/install/controller:/opt/ros/humble LD_LIBRARY_PATH=/home/dakota/.local/repos/control_framework/install/control_framework_interfaces/lib:/home/dakota/.local/repos/control_framework/install/controller/lib:/opt/ros/humble/opt/rviz_ogre_vendor/lib:/opt/ros/humble/lib/x86_64-linux-gnu:/opt/ros/humble/lib /usr/bin/cmake --build /home/dakota/.local/repos/control_framework/build/excel_record_logging -- -j28 -l28
[0.033s] [35m[1mConsolidate compiler generated dependencies of target excel_record_logging[0m
[0.047s] [ 33%] [32mBuilding CXX object CMakeFiles/excel_record_logging.dir/src/main.cpp.o[0m
[0.047s] [ 66%] [32mBuilding CXX object CMakeFiles/excel_record_logging.dir/src/excel_record_logging.cpp.o[0m
[1.166s] [01m[K/home/dakota/.local/repos/control_framework/src/excel_record_logging/src/excel_record_logging.cpp:[m[K In constructor ‘[01m[KExcelRecordLogging::ExcelRecordLogging()[m[K’:
[1.166s] [01m[K/home/dakota/.local/repos/control_framework/src/excel_record_logging/src/excel_record_logging.cpp:9:80:[m[K [01;31m[Kerror: [m[Kno matching function for call to ‘[01m[KExcelRecordLogging::create_subscription<sensor_msgs::msg::JointState>(const char [13], int)[m[K’
[1.166s]     9 |     state_subscriber_ = [01;31m[Kthis->create_subscription<sensor_msgs::msg::JointState>("joint_states", 10)[m[K; //Need custom msg
[1.166s]       |                         [01;31m[K~~~~~~~~~~~~~~~~~~~~~~~~~~~~~~~~~~~~~~~~~~~~~~~~~~~~~~~^~~~~~~~~~~~~~~~~~~~[m[K
[1.166s] In file included from [01m[K/opt/ros/humble/include/rclcpp/rclcpp/executors/single_threaded_executor.hpp:28[m[K,
[1.166s]                  from [01m[K/opt/ros/humble/include/rclcpp/rclcpp/executors.hpp:22[m[K,
[1.166s]                  from [01m[K/opt/ros/humble/include/rclcpp/rclcpp/rclcpp.hpp:155[m[K,
[1.166s]                  from [01m[K/home/dakota/.local/repos/control_framework/src/excel_record_logging/src/../include/excel_record_logging/excel_record_logging.hpp:4[m[K,
[1.166s]                  from [01m[K/home/dakota/.local/repos/control_framework/src/excel_record_logging/src/excel_record_logging.cpp:1[m[K:
[1.166s] [01m[K/opt/ros/humble/include/rclcpp/rclcpp/node.hpp:219:3:[m[K [01;36m[Knote: [m[Kcandidate: ‘[01m[Ktemplate<class MessageT, class CallbackT, class AllocatorT, class SubscriptionT, class MessageMemoryStrategyT> std::shared_ptr<ROSMessageT> rclcpp::Node::create_subscription(const string&, const rclcpp::QoS&, CallbackT&&, const rclcpp::SubscriptionOptionsWithAllocator<AllocatorT>&, typename MessageMemoryStrategyT::SharedPtr)[m[K’
[1.166s]   219 |   [01;36m[Kcreate_subscription[m[K(
[1.166s]       |   [01;36m[K^~~~~~~~~~~~~~~~~~~[m[K
[1.166s] [01m[K/opt/ros/humble/include/rclcpp/rclcpp/node.hpp:219:3:[m[K [01;36m[Knote: [m[K  template argument deduction/substitution failed:
[1.166s] [01m[K/home/dakota/.local/repos/control_framework/src/excel_record_logging/src/excel_record_logging.cpp:9:80:[m[K [01;36m[Knote: [m[K  candidate expects 5 arguments, 2 provided
[1.166s]     9 |     state_subscriber_ = [01;36m[Kthis->create_subscription<sensor_msgs::msg::JointState>("joint_states", 10)[m[K; //Need custom msg
[1.166s]       |                         [01;36m[K~~~~~~~~~~~~~~~~~~~~~~~~~~~~~~~~~~~~~~~~~~~~~~~~~~~~~~~^~~~~~~~~~~~~~~~~~~~[m[K
[1.166s] [01m[K/home/dakota/.local/repos/control_framework/src/excel_record_logging/src/excel_record_logging.cpp:10:77:[m[K [01;31m[Kerror: [m[Kno matching function for call to ‘[01m[KExcelRecordLogging::create_subscription<std_msgs::msg::Float64>(const char [9], int)[m[K’
[1.166s]    10 |     sim_time_subscriber_ = [01;31m[Kthis->create_subscription<std_msgs::msg::Float64>("sim_time", 10)[m[K; //Need custom msg
[1.166s]       |                            [01;31m[K~~~~~~~~~~~~~~~~~~~~~~~~~~~~~~~~~~~~~~~~~~~~~~~~~^~~~~~~~~~~~~~~~[m[K
[1.166s] In file included from [01m[K/opt/ros/humble/include/rclcpp/rclcpp/executors/single_threaded_executor.hpp:28[m[K,
[1.166s]                  from [01m[K/opt/ros/humble/include/rclcpp/rclcpp/executors.hpp:22[m[K,
[1.166s]                  from [01m[K/opt/ros/humble/include/rclcpp/rclcpp/rclcpp.hpp:155[m[K,
[1.166s]                  from [01m[K/home/dakota/.local/repos/control_framework/src/excel_record_logging/src/../include/excel_record_logging/excel_record_logging.hpp:4[m[K,
[1.166s]                  from [01m[K/home/dakota/.local/repos/control_framework/src/excel_record_logging/src/excel_record_logging.cpp:1[m[K:
[1.166s] [01m[K/opt/ros/humble/include/rclcpp/rclcpp/node.hpp:219:3:[m[K [01;36m[Knote: [m[Kcandidate: ‘[01m[Ktemplate<class MessageT, class CallbackT, class AllocatorT, class SubscriptionT, class MessageMemoryStrategyT> std::shared_ptr<ROSMessageT> rclcpp::Node::create_subscription(const string&, const rclcpp::QoS&, CallbackT&&, const rclcpp::SubscriptionOptionsWithAllocator<AllocatorT>&, typename MessageMemoryStrategyT::SharedPtr)[m[K’
[1.166s]   219 |   [01;36m[Kcreate_subscription[m[K(
[1.166s]       |   [01;36m[K^~~~~~~~~~~~~~~~~~~[m[K
[1.166s] [01m[K/opt/ros/humble/include/rclcpp/rclcpp/node.hpp:219:3:[m[K [01;36m[Knote: [m[K  template argument deduction/substitution failed:
[1.167s] [01m[K/home/dakota/.local/repos/control_framework/src/excel_record_logging/src/excel_record_logging.cpp:10:77:[m[K [01;36m[Knote: [m[K  candidate expects 5 arguments, 2 provided
[1.167s]    10 |     sim_time_subscriber_ = [01;36m[Kthis->create_subscription<std_msgs::msg::Float64>("sim_time", 10)[m[K; //Need custom msg
[1.167s]       |                            [01;36m[K~~~~~~~~~~~~~~~~~~~~~~~~~~~~~~~~~~~~~~~~~~~~~~~~~^~~~~~~~~~~~~~~~[m[K
[1.454s] gmake[2]: *** [CMakeFiles/excel_record_logging.dir/build.make:90: CMakeFiles/excel_record_logging.dir/src/excel_record_logging.cpp.o] Error 1
[1.454s] gmake[1]: *** [CMakeFiles/Makefile2:137: CMakeFiles/excel_record_logging.dir/all] Error 2
[1.454s] gmake: *** [Makefile:146: all] Error 2
[1.456s] Invoked command in '/home/dakota/.local/repos/control_framework/build/excel_record_logging' returned '2': CMAKE_PREFIX_PATH=/home/dakota/.local/repos/control_framework/install/control_framework_interfaces:/home/dakota/.local/repos/control_framework/install/lockstep_sim:/home/dakota/.local/repos/control_framework/install/excel_record_logging:/home/dakota/.local/repos/control_framework/install/controller:/opt/ros/humble LD_LIBRARY_PATH=/home/dakota/.local/repos/control_framework/install/control_framework_interfaces/lib:/home/dakota/.local/repos/control_framework/install/controller/lib:/opt/ros/humble/opt/rviz_ogre_vendor/lib:/opt/ros/humble/lib/x86_64-linux-gnu:/opt/ros/humble/lib /usr/bin/cmake --build /home/dakota/.local/repos/control_framework/build/excel_record_logging -- -j28 -l28
