[01m[K/home/dakota/.local/repos/control_framework/src/lockstep_sim/src/main_parallel.cpp:1:10:[m[K [01;31m[Kfatal error: [m[K../include/lockstep_sim/parallel_sim.hpp: No such file or directory
    1 | #include [01;31m[K"../include/lockstep_sim/parallel_sim.hpp"[m[K
      |          [01;31m[K^~~~~~~~~~~~~~~~~~~~~~~~~~~~~~~~~~~~~~~~~~[m[K
compilation terminated.
gmake[2]: *** [CMakeFiles/parallel_sim.dir/build.make:76: CMakeFiles/parallel_sim.dir/src/main_parallel.cpp.o] Error 1
gmake[2]: *** Waiting for unfinished jobs....
In file included from [01m[K/home/dakota/.local/repos/control_framework/src/lockstep_sim/src/sim.cpp:1[m[K:
[01m[K/home/dakota/.local/repos/control_framework/src/lockstep_sim/src/../include/sim/sim.hpp:12:10:[m[K [01;31m[Kfatal error: [m[Krclcpp/rclcpp.hpp: No such file or directory
   12 | #include [01;31m[K"rclcpp/rclcpp.hpp"[m[K
      |          [01;31m[K^~~~~~~~~~~~~~~~~~~[m[K
compilation terminated.
gmake[2]: *** [CMakeFiles/parallel_sim.dir/build.make:104: CMakeFiles/parallel_sim.dir/src/sim.cpp.o] Error 1
gmake[1]: *** [CMakeFiles/Makefile2:165: CMakeFiles/parallel_sim.dir/all] Error 2
gmake[1]: *** Waiting for unfinished jobs....
In file included from [01m[K/home/dakota/.local/repos/control_framework/src/lockstep_sim/src/sim.cpp:1[m[K:
[01m[K/home/dakota/.local/repos/control_framework/src/lockstep_sim/src/../include/sim/sim.hpp:26:5:[m[K [01;31m[Kerror: [m[KISO C++ forbids declaration of ‘[01m[KSimBase[m[K’ with no type [[01;31m[K]8;;https://gcc.gnu.org/onlinedocs/gcc/Warning-Options.html#index-fpermissive-fpermissive]8;;[m[K]
   26 |     [01;31m[KSimBase[m[K(const std::string& node_name) //Instantiation of Base Node with the passed name of the child.
      |     [01;31m[K^~~~~~~[m[K
[01m[K/home/dakota/.local/repos/control_framework/src/lockstep_sim/src/../include/sim/sim.hpp:[m[K In member function ‘[01m[Kint Simbase::SimBase(const string&)[m[K’:
[01m[K/home/dakota/.local/repos/control_framework/src/lockstep_sim/src/../include/sim/sim.hpp:27:6:[m[K [01;31m[Kerror: [m[Konly constructors take member initializers
   27 |     :[01;31m[Krclcpp[m[K::Node(node_name){}
      |      [01;31m[K^~~~~~[m[K
[01m[K/home/dakota/.local/repos/control_framework/src/lockstep_sim/src/../include/sim/sim.hpp:27:30:[m[K [01;35m[Kwarning: [m[Kno return statement in function returning non-void [[01;35m[K]8;;https://gcc.gnu.org/onlinedocs/gcc/Warning-Options.html#index-Wreturn-type-Wreturn-type]8;;[m[K]
   27 |     :rclcpp::Node(node_name){[01;35m[K}[m[K
      |                              [01;35m[K^[m[K
[01m[K/home/dakota/.local/repos/control_framework/src/lockstep_sim/src/sim.cpp:[m[K At global scope:
[01m[K/home/dakota/.local/repos/control_framework/src/lockstep_sim/src/sim.cpp:3:6:[m[K [01;31m[Kerror: [m[K‘[01m[KSimBase[m[K’ has not been declared
    3 | void [01;31m[KSimBase[m[K::glfw_render(){
      |      [01;31m[K^~~~~~~[m[K
[01m[K/home/dakota/.local/repos/control_framework/src/lockstep_sim/src/sim.cpp:[m[K In function ‘[01m[Kvoid glfw_render()[m[K’:
[01m[K/home/dakota/.local/repos/control_framework/src/lockstep_sim/src/sim.cpp:5:9:[m[K [01;31m[Kerror: [m[Kinvalid use of ‘[01m[Kthis[m[K’ in non-member function
    5 |     if ([01;31m[Kthis[m[K->get_parameter("glfw_render").as_int() == 1) //render in the simulation loop.
      |         [01;31m[K^~~~[m[K
[01m[K/home/dakota/.local/repos/control_framework/src/lockstep_sim/src/sim.cpp:8:9:[m[K [01;31m[Kerror: [m[K‘[01m[Kcount_[m[K’ was not declared in this scope
    8 |     if ([01;31m[Kcount_[m[K % render_frame_rate == 0)
      |         [01;31m[K^~~~~~[m[K
[01m[K/home/dakota/.local/repos/control_framework/src/lockstep_sim/src/sim.cpp:8:18:[m[K [01;31m[Kerror: [m[K‘[01m[Krender_frame_rate[m[K’ was not declared in this scope
    8 |     if (count_ % [01;31m[Krender_frame_rate[m[K == 0)
      |                  [01;31m[K^~~~~~~~~~~~~~~~~[m[K
[01m[K/home/dakota/.local/repos/control_framework/src/lockstep_sim/src/sim.cpp:14:5:[m[K [01;31m[Kerror: [m[K‘[01m[Kcount_[m[K’ was not declared in this scope
   14 |     [01;31m[Kcount_[m[K++;
      |     [01;31m[K^~~~~~[m[K
gmake[2]: *** [CMakeFiles/lockstep_sim.dir/build.make:104: CMakeFiles/lockstep_sim.dir/src/sim.cpp.o] Error 1
gmake[1]: *** [CMakeFiles/Makefile2:139: CMakeFiles/lockstep_sim.dir/all] Error 2
gmake: *** [Makefile:146: all] Error 2
