-- Found ament_cmake: 1.3.14 (/opt/ros/humble/share/ament_cmake/cmake)
-- Found rclcpp: 16.0.19 (/opt/ros/humble/share/rclcpp/cmake)
-- Found rosidl_generator_c: 3.1.8 (/opt/ros/humble/share/rosidl_generator_c/cmake)
-- Found rosidl_adapter: 3.1.8 (/opt/ros/humble/share/rosidl_adapter/cmake)
-- Found rosidl_generator_cpp: 3.1.8 (/opt/ros/humble/share/rosidl_generator_cpp/cmake)
-- Using all available rosidl_typesupport_c: rosidl_typesupport_fastrtps_c;rosidl_typesupport_introspection_c
-- Using all available rosidl_typesupport_cpp: rosidl_typesupport_fastrtps_cpp;rosidl_typesupport_introspection_cpp
-- Found rmw_implementation_cmake: 6.1.2 (/opt/ros/humble/share/rmw_implementation_cmake/cmake)
-- Found rmw_fastrtps_cpp: 6.2.10 (/opt/ros/humble/share/rmw_fastrtps_cpp/cmake)
-- Using RMW implementation 'rmw_fastrtps_cpp' as default
-- Found sensor_msgs: 4.9.1 (/opt/ros/humble/share/sensor_msgs/cmake)
-- Found control_framework_interfaces: 0.0.0 (/home/dakota/.local/repos/control_framework/install/control_framework_interfaces/share/control_framework_interfaces/cmake)
-- Found std_srvs: 4.9.1 (/opt/ros/humble/share/std_srvs/cmake)
-- Found controller: 0.0.0 (/home/dakota/.local/repos/control_framework/install/controller/share/controller/cmake)
-- Found ament_lint_auto: 0.12.15 (/opt/ros/humble/share/ament_lint_auto/cmake)
-- Added test 'cppcheck' to perform static code analysis on C / C++ code
-- Configured cppcheck include dirs: 
-- Configured cppcheck exclude dirs and/or files: 
-- Added test 'lint_cmake' to check CMake code style
-- Added test 'uncrustify' to check C / C++ code style
-- Configured uncrustify additional arguments: 
-- Added test 'xmllint' to check XML markup files
-- Configuring done
-- Generating done
-- Build files have been written to: /home/dakota/.local/repos/control_framework/build/sim
[35m[1mConsolidate compiler generated dependencies of target lockstep_sim[0m
[35m[1mConsolidate compiler generated dependencies of target parallel_sim[0m
[ 20%] [32mBuilding CXX object CMakeFiles/parallel_sim.dir/src/main_parallel.cpp.o[0m
[ 20%] [32mBuilding CXX object CMakeFiles/parallel_sim.dir/src/sim.cpp.o[0m
[ 30%] [32mBuilding CXX object CMakeFiles/lockstep_sim.dir/src/sim.cpp.o[0m
[01m[K/home/dakota/.local/repos/control_framework/src/lockstep_sim/src/main_parallel.cpp:1:10:[m[K [01;31m[Kfatal error: [m[K../include/lockstep_sim/parallel_sim.hpp: No such file or directory
    1 | #include [01;31m[K"../include/lockstep_sim/parallel_sim.hpp"[m[K
      |          [01;31m[K^~~~~~~~~~~~~~~~~~~~~~~~~~~~~~~~~~~~~~~~~~[m[K
compilation terminated.
gmake[2]: *** [CMakeFiles/parallel_sim.dir/build.make:76: CMakeFiles/parallel_sim.dir/src/main_parallel.cpp.o] Error 1
gmake[2]: *** Waiting for unfinished jobs....
In file included from [01m[K/home/dakota/.local/repos/control_framework/src/lockstep_sim/src/sim.cpp:1[m[K:
[01m[K/home/dakota/.local/repos/control_framework/src/lockstep_sim/src/../include/sim/sim.hpp:12:10:[m[K [01;31m[Kfatal error: [m[Krclcpp/rclcpp.hpp: No such file or directory
   12 | #include [01;31m[K"rclcpp/rclcpp.hpp"[m[K
      |          [01;31m[K^~~~~~~~~~~~~~~~~~~[m[K
compilation terminated.
gmake[2]: *** [CMakeFiles/parallel_sim.dir/build.make:104: CMakeFiles/parallel_sim.dir/src/sim.cpp.o] Error 1
gmake[1]: *** [CMakeFiles/Makefile2:165: CMakeFiles/parallel_sim.dir/all] Error 2
gmake[1]: *** Waiting for unfinished jobs....
In file included from [01m[K/home/dakota/.local/repos/control_framework/src/lockstep_sim/src/sim.cpp:1[m[K:
[01m[K/home/dakota/.local/repos/control_framework/src/lockstep_sim/src/../include/sim/sim.hpp:26:5:[m[K [01;31m[Kerror: [m[KISO C++ forbids declaration of ‘[01m[KSimBase[m[K’ with no type [[01;31m[K]8;;https://gcc.gnu.org/onlinedocs/gcc/Warning-Options.html#index-fpermissive-fpermissive]8;;[m[K]
   26 |     [01;31m[KSimBase[m[K(const std::string& node_name) //Instantiation of Base Node with the passed name of the child.
      |     [01;31m[K^~~~~~~[m[K
[01m[K/home/dakota/.local/repos/control_framework/src/lockstep_sim/src/../include/sim/sim.hpp:[m[K In member function ‘[01m[Kint Simbase::SimBase(const string&)[m[K’:
[01m[K/home/dakota/.local/repos/control_framework/src/lockstep_sim/src/../include/sim/sim.hpp:27:6:[m[K [01;31m[Kerror: [m[Konly constructors take member initializers
   27 |     :[01;31m[Krclcpp[m[K::Node(node_name){}
      |      [01;31m[K^~~~~~[m[K
[01m[K/home/dakota/.local/repos/control_framework/src/lockstep_sim/src/../include/sim/sim.hpp:27:30:[m[K [01;35m[Kwarning: [m[Kno return statement in function returning non-void [[01;35m[K]8;;https://gcc.gnu.org/onlinedocs/gcc/Warning-Options.html#index-Wreturn-type-Wreturn-type]8;;[m[K]
   27 |     :rclcpp::Node(node_name){[01;35m[K}[m[K
      |                              [01;35m[K^[m[K
[01m[K/home/dakota/.local/repos/control_framework/src/lockstep_sim/src/sim.cpp:[m[K At global scope:
[01m[K/home/dakota/.local/repos/control_framework/src/lockstep_sim/src/sim.cpp:3:6:[m[K [01;31m[Kerror: [m[K‘[01m[KSimBase[m[K’ has not been declared
    3 | void [01;31m[KSimBase[m[K::glfw_render(){
      |      [01;31m[K^~~~~~~[m[K
[01m[K/home/dakota/.local/repos/control_framework/src/lockstep_sim/src/sim.cpp:[m[K In function ‘[01m[Kvoid glfw_render()[m[K’:
[01m[K/home/dakota/.local/repos/control_framework/src/lockstep_sim/src/sim.cpp:5:9:[m[K [01;31m[Kerror: [m[Kinvalid use of ‘[01m[Kthis[m[K’ in non-member function
    5 |     if ([01;31m[Kthis[m[K->get_parameter("glfw_render").as_int() == 1) //render in the simulation loop.
      |         [01;31m[K^~~~[m[K
[01m[K/home/dakota/.local/repos/control_framework/src/lockstep_sim/src/sim.cpp:8:9:[m[K [01;31m[Kerror: [m[K‘[01m[Kcount_[m[K’ was not declared in this scope
    8 |     if ([01;31m[Kcount_[m[K % render_frame_rate == 0)
      |         [01;31m[K^~~~~~[m[K
[01m[K/home/dakota/.local/repos/control_framework/src/lockstep_sim/src/sim.cpp:8:18:[m[K [01;31m[Kerror: [m[K‘[01m[Krender_frame_rate[m[K’ was not declared in this scope
    8 |     if (count_ % [01;31m[Krender_frame_rate[m[K == 0)
      |                  [01;31m[K^~~~~~~~~~~~~~~~~[m[K
[01m[K/home/dakota/.local/repos/control_framework/src/lockstep_sim/src/sim.cpp:14:5:[m[K [01;31m[Kerror: [m[K‘[01m[Kcount_[m[K’ was not declared in this scope
   14 |     [01;31m[Kcount_[m[K++;
      |     [01;31m[K^~~~~~[m[K
gmake[2]: *** [CMakeFiles/lockstep_sim.dir/build.make:104: CMakeFiles/lockstep_sim.dir/src/sim.cpp.o] Error 1
gmake[1]: *** [CMakeFiles/Makefile2:139: CMakeFiles/lockstep_sim.dir/all] Error 2
gmake: *** [Makefile:146: all] Error 2
