[0.006s] Invoking command in '/home/dakota/.local/repos/control_framework/build/sim': CMAKE_PREFIX_PATH=/home/dakota/.local/repos/control_framework/install/controller:/home/dakota/.local/repos/control_framework/install/control_framework_interfaces:/home/dakota/.local/repos/control_framework/install/sim:/home/dakota/.local/repos/control_framework/install/excel_record_logging:/opt/ros/humble LD_LIBRARY_PATH=/home/dakota/.local/repos/control_framework/install/control_framework_interfaces/lib:/home/dakota/.local/repos/control_framework/install/controller/lib:/opt/ros/humble/opt/rviz_ogre_vendor/lib:/opt/ros/humble/lib/x86_64-linux-gnu:/opt/ros/humble/lib /usr/bin/cmake --build /home/dakota/.local/repos/control_framework/build/sim -- -j28 -l28
[0.023s] -- Found ament_cmake: 1.3.14 (/opt/ros/humble/share/ament_cmake/cmake)
[0.088s] -- Found rclcpp: 16.0.19 (/opt/ros/humble/share/rclcpp/cmake)
[0.101s] -- Found rosidl_generator_c: 3.1.8 (/opt/ros/humble/share/rosidl_generator_c/cmake)
[0.102s] -- Found rosidl_adapter: 3.1.8 (/opt/ros/humble/share/rosidl_adapter/cmake)
[0.105s] -- Found rosidl_generator_cpp: 3.1.8 (/opt/ros/humble/share/rosidl_generator_cpp/cmake)
[0.109s] -- Using all available rosidl_typesupport_c: rosidl_typesupport_fastrtps_c;rosidl_typesupport_introspection_c
[0.114s] -- Using all available rosidl_typesupport_cpp: rosidl_typesupport_fastrtps_cpp;rosidl_typesupport_introspection_cpp
[0.129s] -- Found rmw_implementation_cmake: 6.1.2 (/opt/ros/humble/share/rmw_implementation_cmake/cmake)
[0.130s] -- Found rmw_fastrtps_cpp: 6.2.10 (/opt/ros/humble/share/rmw_fastrtps_cpp/cmake)
[0.184s] -- Using RMW implementation 'rmw_fastrtps_cpp' as default
[0.207s] -- Found sensor_msgs: 4.9.1 (/opt/ros/humble/share/sensor_msgs/cmake)
[0.220s] -- Found control_framework_interfaces: 0.0.0 (/home/dakota/.local/repos/control_framework/install/control_framework_interfaces/share/control_framework_interfaces/cmake)
[0.225s] -- Found std_srvs: 4.9.1 (/opt/ros/humble/share/std_srvs/cmake)
[0.229s] -- Found controller: 0.0.0 (/home/dakota/.local/repos/control_framework/install/controller/share/controller/cmake)
[0.230s] -- Found ament_lint_auto: 0.12.15 (/opt/ros/humble/share/ament_lint_auto/cmake)
[0.263s] -- Added test 'cppcheck' to perform static code analysis on C / C++ code
[0.263s] -- Configured cppcheck include dirs: 
[0.263s] -- Configured cppcheck exclude dirs and/or files: 
[0.263s] -- Added test 'lint_cmake' to check CMake code style
[0.264s] -- Added test 'uncrustify' to check C / C++ code style
[0.264s] -- Configured uncrustify additional arguments: 
[0.264s] -- Added test 'xmllint' to check XML markup files
[0.264s] -- Configuring done
[0.270s] -- Generating done
[0.272s] -- Build files have been written to: /home/dakota/.local/repos/control_framework/build/sim
[0.289s] [35m[1mConsolidate compiler generated dependencies of target lockstep_sim[0m
[0.289s] [35m[1mConsolidate compiler generated dependencies of target parallel_sim[0m
[0.296s] [ 20%] [32mBuilding CXX object CMakeFiles/parallel_sim.dir/src/main_parallel.cpp.o[0m
[0.296s] [ 20%] [32mBuilding CXX object CMakeFiles/parallel_sim.dir/src/sim.cpp.o[0m
[0.301s] [ 30%] [32mBuilding CXX object CMakeFiles/lockstep_sim.dir/src/sim.cpp.o[0m
[0.301s] [01m[K/home/dakota/.local/repos/control_framework/src/lockstep_sim/src/main_parallel.cpp:1:10:[m[K [01;31m[Kfatal error: [m[K../include/lockstep_sim/parallel_sim.hpp: No such file or directory
[0.301s]     1 | #include [01;31m[K"../include/lockstep_sim/parallel_sim.hpp"[m[K
[0.301s]       |          [01;31m[K^~~~~~~~~~~~~~~~~~~~~~~~~~~~~~~~~~~~~~~~~~[m[K
[0.301s] compilation terminated.
[0.302s] gmake[2]: *** [CMakeFiles/parallel_sim.dir/build.make:76: CMakeFiles/parallel_sim.dir/src/main_parallel.cpp.o] Error 1
[0.302s] gmake[2]: *** Waiting for unfinished jobs....
[0.335s] In file included from [01m[K/home/dakota/.local/repos/control_framework/src/lockstep_sim/src/sim.cpp:1[m[K:
[0.335s] [01m[K/home/dakota/.local/repos/control_framework/src/lockstep_sim/src/../include/sim/sim.hpp:12:10:[m[K [01;31m[Kfatal error: [m[Krclcpp/rclcpp.hpp: No such file or directory
[0.335s]    12 | #include [01;31m[K"rclcpp/rclcpp.hpp"[m[K
[0.335s]       |          [01;31m[K^~~~~~~~~~~~~~~~~~~[m[K
[0.335s] compilation terminated.
[0.336s] gmake[2]: *** [CMakeFiles/parallel_sim.dir/build.make:104: CMakeFiles/parallel_sim.dir/src/sim.cpp.o] Error 1
[0.336s] gmake[1]: *** [CMakeFiles/Makefile2:165: CMakeFiles/parallel_sim.dir/all] Error 2
[0.336s] gmake[1]: *** Waiting for unfinished jobs....
[1.315s] In file included from [01m[K/home/dakota/.local/repos/control_framework/src/lockstep_sim/src/sim.cpp:1[m[K:
[1.315s] [01m[K/home/dakota/.local/repos/control_framework/src/lockstep_sim/src/../include/sim/sim.hpp:26:5:[m[K [01;31m[Kerror: [m[KISO C++ forbids declaration of ‘[01m[KSimBase[m[K’ with no type [[01;31m[K]8;;https://gcc.gnu.org/onlinedocs/gcc/Warning-Options.html#index-fpermissive-fpermissive]8;;[m[K]
[1.315s]    26 |     [01;31m[KSimBase[m[K(const std::string& node_name) //Instantiation of Base Node with the passed name of the child.
[1.315s]       |     [01;31m[K^~~~~~~[m[K
[1.315s] [01m[K/home/dakota/.local/repos/control_framework/src/lockstep_sim/src/../include/sim/sim.hpp:[m[K In member function ‘[01m[Kint Simbase::SimBase(const string&)[m[K’:
[1.315s] [01m[K/home/dakota/.local/repos/control_framework/src/lockstep_sim/src/../include/sim/sim.hpp:27:6:[m[K [01;31m[Kerror: [m[Konly constructors take member initializers
[1.315s]    27 |     :[01;31m[Krclcpp[m[K::Node(node_name){}
[1.315s]       |      [01;31m[K^~~~~~[m[K
[1.315s] [01m[K/home/dakota/.local/repos/control_framework/src/lockstep_sim/src/../include/sim/sim.hpp:27:30:[m[K [01;35m[Kwarning: [m[Kno return statement in function returning non-void [[01;35m[K]8;;https://gcc.gnu.org/onlinedocs/gcc/Warning-Options.html#index-Wreturn-type-Wreturn-type]8;;[m[K]
[1.315s]    27 |     :rclcpp::Node(node_name){[01;35m[K}[m[K
[1.315s]       |                              [01;35m[K^[m[K
[1.315s] [01m[K/home/dakota/.local/repos/control_framework/src/lockstep_sim/src/sim.cpp:[m[K At global scope:
[1.315s] [01m[K/home/dakota/.local/repos/control_framework/src/lockstep_sim/src/sim.cpp:3:6:[m[K [01;31m[Kerror: [m[K‘[01m[KSimBase[m[K’ has not been declared
[1.315s]     3 | void [01;31m[KSimBase[m[K::glfw_render(){
[1.315s]       |      [01;31m[K^~~~~~~[m[K
[1.315s] [01m[K/home/dakota/.local/repos/control_framework/src/lockstep_sim/src/sim.cpp:[m[K In function ‘[01m[Kvoid glfw_render()[m[K’:
[1.315s] [01m[K/home/dakota/.local/repos/control_framework/src/lockstep_sim/src/sim.cpp:5:9:[m[K [01;31m[Kerror: [m[Kinvalid use of ‘[01m[Kthis[m[K’ in non-member function
[1.315s]     5 |     if ([01;31m[Kthis[m[K->get_parameter("glfw_render").as_int() == 1) //render in the simulation loop.
[1.315s]       |         [01;31m[K^~~~[m[K
[1.318s] [01m[K/home/dakota/.local/repos/control_framework/src/lockstep_sim/src/sim.cpp:8:9:[m[K [01;31m[Kerror: [m[K‘[01m[Kcount_[m[K’ was not declared in this scope
[1.318s]     8 |     if ([01;31m[Kcount_[m[K % render_frame_rate == 0)
[1.318s]       |         [01;31m[K^~~~~~[m[K
[1.326s] [01m[K/home/dakota/.local/repos/control_framework/src/lockstep_sim/src/sim.cpp:8:18:[m[K [01;31m[Kerror: [m[K‘[01m[Krender_frame_rate[m[K’ was not declared in this scope
[1.326s]     8 |     if (count_ % [01;31m[Krender_frame_rate[m[K == 0)
[1.326s]       |                  [01;31m[K^~~~~~~~~~~~~~~~~[m[K
[1.329s] [01m[K/home/dakota/.local/repos/control_framework/src/lockstep_sim/src/sim.cpp:14:5:[m[K [01;31m[Kerror: [m[K‘[01m[Kcount_[m[K’ was not declared in this scope
[1.329s]    14 |     [01;31m[Kcount_[m[K++;
[1.329s]       |     [01;31m[K^~~~~~[m[K
[1.512s] gmake[2]: *** [CMakeFiles/lockstep_sim.dir/build.make:104: CMakeFiles/lockstep_sim.dir/src/sim.cpp.o] Error 1
[1.512s] gmake[1]: *** [CMakeFiles/Makefile2:139: CMakeFiles/lockstep_sim.dir/all] Error 2
[1.512s] gmake: *** [Makefile:146: all] Error 2
[1.514s] Invoked command in '/home/dakota/.local/repos/control_framework/build/sim' returned '2': CMAKE_PREFIX_PATH=/home/dakota/.local/repos/control_framework/install/controller:/home/dakota/.local/repos/control_framework/install/control_framework_interfaces:/home/dakota/.local/repos/control_framework/install/sim:/home/dakota/.local/repos/control_framework/install/excel_record_logging:/opt/ros/humble LD_LIBRARY_PATH=/home/dakota/.local/repos/control_framework/install/control_framework_interfaces/lib:/home/dakota/.local/repos/control_framework/install/controller/lib:/opt/ros/humble/opt/rviz_ogre_vendor/lib:/opt/ros/humble/lib/x86_64-linux-gnu:/opt/ros/humble/lib /usr/bin/cmake --build /home/dakota/.local/repos/control_framework/build/sim -- -j28 -l28
