[0.006s] Invoking command in '/home/dakota/.local/repos/control_framework/build/control_framework_interfaces': CMAKE_PREFIX_PATH=/opt/ros/humble /usr/bin/cmake --build /home/dakota/.local/repos/control_framework/build/control_framework_interfaces -- -j28 -l28
[0.022s] -- Found ament_cmake: 1.3.14 (/opt/ros/humble/share/ament_cmake/cmake)
[0.086s] -- Found rosidl_default_generators: 1.2.1 (/opt/ros/humble/share/rosidl_default_generators/cmake)
[0.086s] -- Using all available rosidl_typesupport_c: rosidl_typesupport_fastrtps_c;rosidl_typesupport_introspection_c
[0.088s] -- Found rosidl_adapter: 3.1.8 (/opt/ros/humble/share/rosidl_adapter/cmake)
[0.101s] -- Using all available rosidl_typesupport_cpp: rosidl_typesupport_fastrtps_cpp;rosidl_typesupport_introspection_cpp
[0.194s] [31mCMake Error at /opt/ros/humble/share/rosidl_adapter/cmake/rosidl_adapt_interfaces.cmake:59 (message):
[0.194s]   execute_process(/usr/bin/python3 -m rosidl_adapter --package-name
[0.194s]   control_framework_interfaces --arguments-file
[0.194s]   /home/dakota/.local/repos/control_framework/build/control_framework_interfaces/rosidl_adapter__arguments__control_framework_interfaces.json
[0.194s]   --output-dir
[0.194s]   /home/dakota/.local/repos/control_framework/build/control_framework_interfaces/rosidl_adapter/control_framework_interfaces
[0.194s]   --output-file
[0.194s]   /home/dakota/.local/repos/control_framework/build/control_framework_interfaces/rosidl_adapter/control_framework_interfaces.idls)
[0.194s]   returned error code 1:
[0.194s] 
[0.194s]   Error processing ' Vector3 linear' of 'control_framework_interfaces/State':
[0.194s]   'string index out of range'
[0.194s] 
[0.194s]   Traceback (most recent call last):
[0.194s] 
[0.194s]     File "/usr/lib/python3.10/runpy.py", line 196, in _run_module_as_main
[0.194s]       return _run_code(code, main_globals, None,
[0.194s]     File "/usr/lib/python3.10/runpy.py", line 86, in _run_code
[0.194s]       exec(code, run_globals)
[0.194s]     File "/opt/ros/humble/local/lib/python3.10/dist-packages/rosidl_adapter/__main__.py", line 19, in <module>
[0.194s]       sys.exit(main())
[0.194s]     File "/opt/ros/humble/local/lib/python3.10/dist-packages/rosidl_adapter/main.py", line 53, in main
[0.194s]       abs_idl_file = convert_to_idl(
[0.194s]     File "/opt/ros/humble/local/lib/python3.10/dist-packages/rosidl_adapter/__init__.py", line 19, in convert_to_idl
[0.194s]       return convert_msg_to_idl(
[0.194s]     File "/opt/ros/humble/local/lib/python3.10/dist-packages/rosidl_adapter/msg/__init__.py", line 28, in convert_msg_to_idl
[0.194s]       msg = parse_message_string(package_name, input_file.stem, content)
[0.194s]     File "/opt/ros/humble/local/lib/python3.10/dist-packages/rosidl_adapter/parser.py", line 520, in parse_message_string
[0.194s]       Type(type_string, context_package_name=pkg_name),
[0.194s]     File "/opt/ros/humble/local/lib/python3.10/dist-packages/rosidl_adapter/parser.py", line 241, in __init__
[0.194s]       self.is_array = type_string[-1] == ']'
[0.194s] 
[0.194s]   IndexError: string index out of range
[0.194s] 
[0.194s] Call Stack (most recent call first):
[0.194s]   /opt/ros/humble/share/rosidl_cmake/cmake/rosidl_generate_interfaces.cmake:130 (rosidl_adapt_interfaces)
[0.194s]   CMakeLists.txt:13 (rosidl_generate_interfaces)
[0.194s] 
[0.195s] [0m
[0.195s] -- Configuring incomplete, errors occurred!
[0.195s] See also "/home/dakota/.local/repos/control_framework/build/control_framework_interfaces/CMakeFiles/CMakeOutput.log".
[0.197s] gmake: *** [Makefile:977: cmake_check_build_system] Error 1
[0.199s] Invoked command in '/home/dakota/.local/repos/control_framework/build/control_framework_interfaces' returned '2': CMAKE_PREFIX_PATH=/opt/ros/humble /usr/bin/cmake --build /home/dakota/.local/repos/control_framework/build/control_framework_interfaces -- -j28 -l28
