[35m[1mConsolidate compiler generated dependencies of target services[0m
[ 50%] [32mBuilding CXX object CMakeFiles/services.dir/src/services.cpp.o[0m
[01m[K/home/dakota/.local/repos/control_framework/src/services/src/services.cpp:[m[K In function ‘[01m[Kvoid reset_to_initial_position(std::shared_ptr<std_srvs::srv::Trigger_Request_<std::allocator<void> > >, std::shared_ptr<std_srvs::srv::Trigger_Response_<std::allocator<void> > >)[m[K’:
[01m[K/home/dakota/.local/repos/control_framework/src/services/src/services.cpp:6:87:[m[K [01;35m[Kwarning: [m[Kunused parameter ‘[01m[Krequest[m[K’ [[01;35m[K]8;;https://gcc.gnu.org/onlinedocs/gcc/Warning-Options.html#index-Wunused-parameter-Wunused-parameter]8;;[m[K]
    6 | osition([01;35m[Kconst std::shared_ptr<std_srvs::srv::Trigger::Request> request[m[K,
      |         [01;35m[K~~~~~~~~~~~~~~~~~~~~~~~~~~~~~~~~~~~~~~~~~~~~~~~~~~~~~~~^~~~~~~[m[K

[100%] [32m[1mLinking CXX executable services[0m
[100%] Built target services
-- Install configuration: ""
-- Up-to-date: /home/dakota/.local/repos/control_framework/install/services/share/ament_index/resource_index/package_run_dependencies/services
-- Up-to-date: /home/dakota/.local/repos/control_framework/install/services/share/ament_index/resource_index/parent_prefix_path/services
-- Up-to-date: /home/dakota/.local/repos/control_framework/install/services/share/services/environment/ament_prefix_path.sh
-- Installing: /home/dakota/.local/repos/control_framework/install/services/share/services/environment/ament_prefix_path.dsv
-- Up-to-date: /home/dakota/.local/repos/control_framework/install/services/share/services/environment/path.sh
-- Installing: /home/dakota/.local/repos/control_framework/install/services/share/services/environment/path.dsv
-- Up-to-date: /home/dakota/.local/repos/control_framework/install/services/share/services/local_setup.bash
-- Up-to-date: /home/dakota/.local/repos/control_framework/install/services/share/services/local_setup.sh
-- Up-to-date: /home/dakota/.local/repos/control_framework/install/services/share/services/local_setup.zsh
-- Installing: /home/dakota/.local/repos/control_framework/install/services/share/services/local_setup.dsv
-- Installing: /home/dakota/.local/repos/control_framework/install/services/share/services/package.dsv
-- Up-to-date: /home/dakota/.local/repos/control_framework/install/services/share/ament_index/resource_index/packages/services
-- Up-to-date: /home/dakota/.local/repos/control_framework/install/services/share/services/cmake/servicesConfig.cmake
-- Up-to-date: /home/dakota/.local/repos/control_framework/install/services/share/services/cmake/servicesConfig-version.cmake
-- Up-to-date: /home/dakota/.local/repos/control_framework/install/services/share/services/package.xml
