[0.006s] Invoking command in '/home/dakota/.local/repos/control_framework/build/services': CMAKE_PREFIX_PATH=${CMAKE_PREFIX_PATH}:/opt/ros/humble /usr/bin/cmake --build /home/dakota/.local/repos/control_framework/build/services -- -j28 -l28
[0.031s] [35m[1mConsolidate compiler generated dependencies of target services[0m
[0.042s] [ 50%] [32mBuilding CXX object CMakeFiles/services.dir/src/services.cpp.o[0m
[1.045s] [01m[K/home/dakota/.local/repos/control_framework/src/services/src/services.cpp:[m[K In function ‘[01m[Kvoid reset_to_initial_position(std::shared_ptr<std_srvs::srv::Trigger_Request_<std::allocator<void> > >, std::shared_ptr<std_srvs::srv::Trigger_Response_<std::allocator<void> > >)[m[K’:
[1.046s] [01m[K/home/dakota/.local/repos/control_framework/src/services/src/services.cpp:6:87:[m[K [01;35m[Kwarning: [m[Kunused parameter ‘[01m[Krequest[m[K’ [[01;35m[K]8;;https://gcc.gnu.org/onlinedocs/gcc/Warning-Options.html#index-Wunused-parameter-Wunused-parameter]8;;[m[K]
[1.046s]     6 | osition([01;35m[Kconst std::shared_ptr<std_srvs::srv::Trigger::Request> request[m[K,
[1.046s]       |         [01;35m[K~~~~~~~~~~~~~~~~~~~~~~~~~~~~~~~~~~~~~~~~~~~~~~~~~~~~~~~^~~~~~~[m[K
[1.046s] 
[1.497s] [100%] [32m[1mLinking CXX executable services[0m
[1.569s] [100%] Built target services
[1.576s] Invoked command in '/home/dakota/.local/repos/control_framework/build/services' returned '0': CMAKE_PREFIX_PATH=${CMAKE_PREFIX_PATH}:/opt/ros/humble /usr/bin/cmake --build /home/dakota/.local/repos/control_framework/build/services -- -j28 -l28
[1.577s] Invoking command in '/home/dakota/.local/repos/control_framework/build/services': CMAKE_PREFIX_PATH=${CMAKE_PREFIX_PATH}:/opt/ros/humble /usr/bin/cmake --install /home/dakota/.local/repos/control_framework/build/services
[1.580s] -- Install configuration: ""
[1.580s] -- Up-to-date: /home/dakota/.local/repos/control_framework/install/services/share/ament_index/resource_index/package_run_dependencies/services
[1.580s] -- Up-to-date: /home/dakota/.local/repos/control_framework/install/services/share/ament_index/resource_index/parent_prefix_path/services
[1.581s] -- Up-to-date: /home/dakota/.local/repos/control_framework/install/services/share/services/environment/ament_prefix_path.sh
[1.581s] -- Installing: /home/dakota/.local/repos/control_framework/install/services/share/services/environment/ament_prefix_path.dsv
[1.581s] -- Up-to-date: /home/dakota/.local/repos/control_framework/install/services/share/services/environment/path.sh
[1.581s] -- Installing: /home/dakota/.local/repos/control_framework/install/services/share/services/environment/path.dsv
[1.581s] -- Up-to-date: /home/dakota/.local/repos/control_framework/install/services/share/services/local_setup.bash
[1.581s] -- Up-to-date: /home/dakota/.local/repos/control_framework/install/services/share/services/local_setup.sh
[1.581s] -- Up-to-date: /home/dakota/.local/repos/control_framework/install/services/share/services/local_setup.zsh
[1.581s] -- Installing: /home/dakota/.local/repos/control_framework/install/services/share/services/local_setup.dsv
[1.581s] -- Installing: /home/dakota/.local/repos/control_framework/install/services/share/services/package.dsv
[1.581s] -- Up-to-date: /home/dakota/.local/repos/control_framework/install/services/share/ament_index/resource_index/packages/services
[1.581s] -- Up-to-date: /home/dakota/.local/repos/control_framework/install/services/share/services/cmake/servicesConfig.cmake
[1.581s] -- Up-to-date: /home/dakota/.local/repos/control_framework/install/services/share/services/cmake/servicesConfig-version.cmake
[1.581s] -- Up-to-date: /home/dakota/.local/repos/control_framework/install/services/share/services/package.xml
[1.582s] Invoked command in '/home/dakota/.local/repos/control_framework/build/services' returned '0': CMAKE_PREFIX_PATH=${CMAKE_PREFIX_PATH}:/opt/ros/humble /usr/bin/cmake --install /home/dakota/.local/repos/control_framework/build/services
