-- Found ament_cmake: 1.3.14 (/opt/ros/humble/share/ament_cmake/cmake)
-- Found rclcpp: 16.0.19 (/opt/ros/humble/share/rclcpp/cmake)
-- Found rosidl_generator_c: 3.1.8 (/opt/ros/humble/share/rosidl_generator_c/cmake)
-- Found rosidl_adapter: 3.1.8 (/opt/ros/humble/share/rosidl_adapter/cmake)
-- Found rosidl_generator_cpp: 3.1.8 (/opt/ros/humble/share/rosidl_generator_cpp/cmake)
-- Using all available rosidl_typesupport_c: rosidl_typesupport_fastrtps_c;rosidl_typesupport_introspection_c
-- Using all available rosidl_typesupport_cpp: rosidl_typesupport_fastrtps_cpp;rosidl_typesupport_introspection_cpp
-- Found rmw_implementation_cmake: 6.1.2 (/opt/ros/humble/share/rmw_implementation_cmake/cmake)
-- Found rmw_fastrtps_cpp: 6.2.10 (/opt/ros/humble/share/rmw_fastrtps_cpp/cmake)
-- Using RMW implementation 'rmw_fastrtps_cpp' as default
-- Found std_srvs: 4.9.1 (/opt/ros/humble/share/std_srvs/cmake)
-- Found ament_lint_auto: 0.12.15 (/opt/ros/humble/share/ament_lint_auto/cmake)
-- Added test 'cppcheck' to perform static code analysis on C / C++ code
-- Configured cppcheck include dirs: 
-- Configured cppcheck exclude dirs and/or files: 
-- Added test 'lint_cmake' to check CMake code style
-- Added test 'uncrustify' to check C / C++ code style
-- Configured uncrustify additional arguments: 
-- Added test 'xmllint' to check XML markup files
-- Configuring done
-- Generating done
-- Build files have been written to: /home/dakota/.local/repos/control_framework/build/services
[35m[1mConsolidate compiler generated dependencies of target services[0m
[ 50%] [32m[1mLinking CXX executable services[0m
[100%] Built target services
-- Install configuration: ""
-- Installing: /home/dakota/.local/repos/control_framework/install/services/lib/services/services
-- Set runtime path of "/home/dakota/.local/repos/control_framework/install/services/lib/services/services" to ""
-- Up-to-date: /home/dakota/.local/repos/control_framework/install/services/share/ament_index/resource_index/package_run_dependencies/services
-- Up-to-date: /home/dakota/.local/repos/control_framework/install/services/share/ament_index/resource_index/parent_prefix_path/services
-- Up-to-date: /home/dakota/.local/repos/control_framework/install/services/share/services/environment/ament_prefix_path.sh
-- Installing: /home/dakota/.local/repos/control_framework/install/services/share/services/environment/ament_prefix_path.dsv
-- Up-to-date: /home/dakota/.local/repos/control_framework/install/services/share/services/environment/path.sh
-- Installing: /home/dakota/.local/repos/control_framework/install/services/share/services/environment/path.dsv
-- Up-to-date: /home/dakota/.local/repos/control_framework/install/services/share/services/local_setup.bash
-- Up-to-date: /home/dakota/.local/repos/control_framework/install/services/share/services/local_setup.sh
-- Up-to-date: /home/dakota/.local/repos/control_framework/install/services/share/services/local_setup.zsh
-- Installing: /home/dakota/.local/repos/control_framework/install/services/share/services/local_setup.dsv
-- Installing: /home/dakota/.local/repos/control_framework/install/services/share/services/package.dsv
-- Up-to-date: /home/dakota/.local/repos/control_framework/install/services/share/ament_index/resource_index/packages/services
-- Up-to-date: /home/dakota/.local/repos/control_framework/install/services/share/services/cmake/servicesConfig.cmake
-- Up-to-date: /home/dakota/.local/repos/control_framework/install/services/share/services/cmake/servicesConfig-version.cmake
-- Up-to-date: /home/dakota/.local/repos/control_framework/install/services/share/services/package.xml
