[0.006s] Invoking command in '/home/dakota/.local/repos/control_framework/build/services': CMAKE_PREFIX_PATH=${CMAKE_PREFIX_PATH}:/opt/ros/humble /usr/bin/cmake --build /home/dakota/.local/repos/control_framework/build/services -- -j28 -l28
[0.021s] -- Found ament_cmake: 1.3.14 (/opt/ros/humble/share/ament_cmake/cmake)
[0.101s] -- Found rclcpp: 16.0.19 (/opt/ros/humble/share/rclcpp/cmake)
[0.113s] -- Found rosidl_generator_c: 3.1.8 (/opt/ros/humble/share/rosidl_generator_c/cmake)
[0.115s] -- Found rosidl_adapter: 3.1.8 (/opt/ros/humble/share/rosidl_adapter/cmake)
[0.117s] -- Found rosidl_generator_cpp: 3.1.8 (/opt/ros/humble/share/rosidl_generator_cpp/cmake)
[0.121s] -- Using all available rosidl_typesupport_c: rosidl_typesupport_fastrtps_c;rosidl_typesupport_introspection_c
[0.127s] -- Using all available rosidl_typesupport_cpp: rosidl_typesupport_fastrtps_cpp;rosidl_typesupport_introspection_cpp
[0.142s] -- Found rmw_implementation_cmake: 6.1.2 (/opt/ros/humble/share/rmw_implementation_cmake/cmake)
[0.142s] -- Found rmw_fastrtps_cpp: 6.2.10 (/opt/ros/humble/share/rmw_fastrtps_cpp/cmake)
[0.193s] -- Using RMW implementation 'rmw_fastrtps_cpp' as default
[0.215s] -- Found std_srvs: 4.9.1 (/opt/ros/humble/share/std_srvs/cmake)
[0.220s] -- Found ament_lint_auto: 0.12.15 (/opt/ros/humble/share/ament_lint_auto/cmake)
[0.252s] -- Added test 'cppcheck' to perform static code analysis on C / C++ code
[0.252s] -- Configured cppcheck include dirs: 
[0.252s] -- Configured cppcheck exclude dirs and/or files: 
[0.252s] -- Added test 'lint_cmake' to check CMake code style
[0.252s] -- Added test 'uncrustify' to check C / C++ code style
[0.252s] -- Configured uncrustify additional arguments: 
[0.252s] -- Added test 'xmllint' to check XML markup files
[0.252s] -- Configuring done
[0.256s] -- Generating done
[0.258s] -- Build files have been written to: /home/dakota/.local/repos/control_framework/build/services
[0.271s] [35m[1mConsolidate compiler generated dependencies of target services[0m
[0.282s] [ 50%] [32m[1mLinking CXX executable services[0m
[0.347s] [100%] Built target services
[0.354s] Invoked command in '/home/dakota/.local/repos/control_framework/build/services' returned '0': CMAKE_PREFIX_PATH=${CMAKE_PREFIX_PATH}:/opt/ros/humble /usr/bin/cmake --build /home/dakota/.local/repos/control_framework/build/services -- -j28 -l28
[0.355s] Invoking command in '/home/dakota/.local/repos/control_framework/build/services': CMAKE_PREFIX_PATH=${CMAKE_PREFIX_PATH}:/opt/ros/humble /usr/bin/cmake --install /home/dakota/.local/repos/control_framework/build/services
[0.359s] -- Install configuration: ""
[0.360s] -- Installing: /home/dakota/.local/repos/control_framework/install/services/lib/services/services
[0.360s] -- Set runtime path of "/home/dakota/.local/repos/control_framework/install/services/lib/services/services" to ""
[0.360s] -- Up-to-date: /home/dakota/.local/repos/control_framework/install/services/share/ament_index/resource_index/package_run_dependencies/services
[0.360s] -- Up-to-date: /home/dakota/.local/repos/control_framework/install/services/share/ament_index/resource_index/parent_prefix_path/services
[0.360s] -- Up-to-date: /home/dakota/.local/repos/control_framework/install/services/share/services/environment/ament_prefix_path.sh
[0.360s] -- Installing: /home/dakota/.local/repos/control_framework/install/services/share/services/environment/ament_prefix_path.dsv
[0.360s] -- Up-to-date: /home/dakota/.local/repos/control_framework/install/services/share/services/environment/path.sh
[0.360s] -- Installing: /home/dakota/.local/repos/control_framework/install/services/share/services/environment/path.dsv
[0.360s] -- Up-to-date: /home/dakota/.local/repos/control_framework/install/services/share/services/local_setup.bash
[0.361s] -- Up-to-date: /home/dakota/.local/repos/control_framework/install/services/share/services/local_setup.sh
[0.361s] -- Up-to-date: /home/dakota/.local/repos/control_framework/install/services/share/services/local_setup.zsh
[0.361s] -- Installing: /home/dakota/.local/repos/control_framework/install/services/share/services/local_setup.dsv
[0.361s] -- Installing: /home/dakota/.local/repos/control_framework/install/services/share/services/package.dsv
[0.361s] -- Up-to-date: /home/dakota/.local/repos/control_framework/install/services/share/ament_index/resource_index/packages/services
[0.361s] -- Up-to-date: /home/dakota/.local/repos/control_framework/install/services/share/services/cmake/servicesConfig.cmake
[0.361s] -- Up-to-date: /home/dakota/.local/repos/control_framework/install/services/share/services/cmake/servicesConfig-version.cmake
[0.361s] -- Up-to-date: /home/dakota/.local/repos/control_framework/install/services/share/services/package.xml
[0.362s] Invoked command in '/home/dakota/.local/repos/control_framework/build/services' returned '0': CMAKE_PREFIX_PATH=${CMAKE_PREFIX_PATH}:/opt/ros/humble /usr/bin/cmake --install /home/dakota/.local/repos/control_framework/build/services
