[0.004s] Invoking command in '/home/dakota/.local/repos/control_framework/build/controller': CMAKE_PREFIX_PATH=/opt/ros/humble CONDA_PROMPT_MODIFIER=(base) /usr/bin/cmake --build /home/dakota/.local/repos/control_framework/build/controller -- -j28 -l28
[0.018s] -- Found ament_cmake: 1.3.14 (/opt/ros/humble/share/ament_cmake/cmake)
[0.097s] -- Found rclcpp: 16.0.19 (/opt/ros/humble/share/rclcpp/cmake)
[0.112s] -- Found rosidl_generator_c: 3.1.8 (/opt/ros/humble/share/rosidl_generator_c/cmake)
[0.114s] -- Found rosidl_adapter: 3.1.8 (/opt/ros/humble/share/rosidl_adapter/cmake)
[0.118s] -- Found rosidl_generator_cpp: 3.1.8 (/opt/ros/humble/share/rosidl_generator_cpp/cmake)
[0.126s] -- Using all available rosidl_typesupport_c: rosidl_typesupport_fastrtps_c;rosidl_typesupport_introspection_c
[0.132s] -- Using all available rosidl_typesupport_cpp: rosidl_typesupport_fastrtps_cpp;rosidl_typesupport_introspection_cpp
[0.147s] -- Found rmw_implementation_cmake: 6.1.2 (/opt/ros/humble/share/rmw_implementation_cmake/cmake)
[0.148s] -- Found rmw_fastrtps_cpp: 6.2.10 (/opt/ros/humble/share/rmw_fastrtps_cpp/cmake)
[0.207s] -- Using RMW implementation 'rmw_fastrtps_cpp' as default
[0.233s] -- Found ament_lint_auto: 0.12.15 (/opt/ros/humble/share/ament_lint_auto/cmake)
[0.269s] -- Added test 'cppcheck' to perform static code analysis on C / C++ code
[0.269s] -- Configured cppcheck include dirs: 
[0.269s] -- Configured cppcheck exclude dirs and/or files: 
[0.269s] -- Added test 'lint_cmake' to check CMake code style
[0.270s] -- Added test 'uncrustify' to check C / C++ code style
[0.270s] -- Configured uncrustify additional arguments: 
[0.270s] -- Added test 'xmllint' to check XML markup files
[0.271s] -- Configuring done
[0.272s] -- Generating done
[0.273s] -- Build files have been written to: /home/dakota/.local/repos/control_framework/build/controller
[30.272s] Invoked command in '/home/dakota/.local/repos/control_framework/build/controller' returned '0': CMAKE_PREFIX_PATH=/opt/ros/humble CONDA_PROMPT_MODIFIER=(base) /usr/bin/cmake --build /home/dakota/.local/repos/control_framework/build/controller -- -j28 -l28
[30.273s] Invoking command in '/home/dakota/.local/repos/control_framework/build/controller': CMAKE_PREFIX_PATH=/opt/ros/humble CONDA_PROMPT_MODIFIER=(base) /usr/bin/cmake --install /home/dakota/.local/repos/control_framework/build/controller
[30.277s] -- Install configuration: ""
[30.277s] -- Installing: /home/dakota/.local/repos/control_framework/install/controller/include
[30.278s] -- Installing: /home/dakota/.local/repos/control_framework/install/controller/include/controller
[30.278s] -- Installing: /home/dakota/.local/repos/control_framework/install/controller/include/controller/controller.hpp
[30.278s] -- Up-to-date: /home/dakota/.local/repos/control_framework/install/controller/share/ament_index/resource_index/package_run_dependencies/controller
[30.278s] -- Installing: /home/dakota/.local/repos/control_framework/install/controller/share/ament_index/resource_index/parent_prefix_path/controller
[30.278s] -- Up-to-date: /home/dakota/.local/repos/control_framework/install/controller/share/controller/environment/ament_prefix_path.sh
[30.278s] -- Installing: /home/dakota/.local/repos/control_framework/install/controller/share/controller/environment/ament_prefix_path.dsv
[30.278s] -- Up-to-date: /home/dakota/.local/repos/control_framework/install/controller/share/controller/environment/path.sh
[30.278s] -- Installing: /home/dakota/.local/repos/control_framework/install/controller/share/controller/environment/path.dsv
[30.278s] -- Up-to-date: /home/dakota/.local/repos/control_framework/install/controller/share/controller/local_setup.bash
[30.278s] -- Up-to-date: /home/dakota/.local/repos/control_framework/install/controller/share/controller/local_setup.sh
[30.278s] -- Up-to-date: /home/dakota/.local/repos/control_framework/install/controller/share/controller/local_setup.zsh
[30.278s] -- Installing: /home/dakota/.local/repos/control_framework/install/controller/share/controller/local_setup.dsv
[30.278s] -- Installing: /home/dakota/.local/repos/control_framework/install/controller/share/controller/package.dsv
[30.278s] -- Up-to-date: /home/dakota/.local/repos/control_framework/install/controller/share/ament_index/resource_index/packages/controller
[30.278s] -- Installing: /home/dakota/.local/repos/control_framework/install/controller/share/controller/cmake/ament_cmake_export_include_directories-extras.cmake
[30.278s] -- Installing: /home/dakota/.local/repos/control_framework/install/controller/share/controller/cmake/ament_cmake_export_dependencies-extras.cmake
[30.278s] -- Installing: /home/dakota/.local/repos/control_framework/install/controller/share/controller/cmake/controllerConfig.cmake
[30.278s] -- Up-to-date: /home/dakota/.local/repos/control_framework/install/controller/share/controller/cmake/controllerConfig-version.cmake
[30.278s] -- Up-to-date: /home/dakota/.local/repos/control_framework/install/controller/share/controller/package.xml
[30.279s] Invoked command in '/home/dakota/.local/repos/control_framework/build/controller' returned '0': CMAKE_PREFIX_PATH=/opt/ros/humble CONDA_PROMPT_MODIFIER=(base) /usr/bin/cmake --install /home/dakota/.local/repos/control_framework/build/controller
