[0.006s] Invoking command in '/home/dakota/.local/repos/control_framework/build/excel_record_logging': CMAKE_PREFIX_PATH=${CMAKE_PREFIX_PATH}:/opt/ros/humble /usr/bin/cmake /home/dakota/.local/repos/control_framework/src/excel_record_logging -DCMAKE_INSTALL_PREFIX=/home/dakota/.local/repos/control_framework/install/excel_record_logging
[0.036s] -- The C compiler identification is GNU 11.4.0
[0.069s] -- The CXX compiler identification is GNU 11.4.0
[0.074s] -- Detecting C compiler ABI info
[0.114s] -- Detecting C compiler ABI info - done
[0.120s] -- Check for working C compiler: /usr/bin/cc - skipped
[0.120s] -- Detecting C compile features
[0.121s] -- Detecting C compile features - done
[0.123s] -- Detecting CXX compiler ABI info
[0.168s] -- Detecting CXX compiler ABI info - done
[0.174s] -- Check for working CXX compiler: /usr/bin/c++ - skipped
[0.174s] -- Detecting CXX compile features
[0.174s] -- Detecting CXX compile features - done
[0.176s] -- Found ament_cmake: 1.3.14 (/opt/ros/humble/share/ament_cmake/cmake)
[0.259s] -- Found Python3: /usr/bin/python3 (found version "3.10.12") found components: Interpreter 
[0.299s] -- Found rclcpp: 16.0.19 (/opt/ros/humble/share/rclcpp/cmake)
[0.318s] -- Found rosidl_generator_c: 3.1.8 (/opt/ros/humble/share/rosidl_generator_c/cmake)
[0.320s] -- Found rosidl_adapter: 3.1.8 (/opt/ros/humble/share/rosidl_adapter/cmake)
[0.323s] -- Found rosidl_generator_cpp: 3.1.8 (/opt/ros/humble/share/rosidl_generator_cpp/cmake)
[0.329s] -- Using all available rosidl_typesupport_c: rosidl_typesupport_fastrtps_c;rosidl_typesupport_introspection_c
[0.336s] -- Using all available rosidl_typesupport_cpp: rosidl_typesupport_fastrtps_cpp;rosidl_typesupport_introspection_cpp
[0.355s] -- Found rmw_implementation_cmake: 6.1.2 (/opt/ros/humble/share/rmw_implementation_cmake/cmake)
[0.356s] -- Found rmw_fastrtps_cpp: 6.2.10 (/opt/ros/humble/share/rmw_fastrtps_cpp/cmake)
[0.401s] -- Found OpenSSL: /usr/lib/x86_64-linux-gnu/libcrypto.so (found version "3.0.2")  
[0.416s] -- Found FastRTPS: /opt/ros/humble/include  
[0.434s] -- Using RMW implementation 'rmw_fastrtps_cpp' as default
[0.437s] -- Looking for pthread.h
[0.483s] -- Looking for pthread.h - found
[0.483s] -- Performing Test CMAKE_HAVE_LIBC_PTHREAD
[0.525s] -- Performing Test CMAKE_HAVE_LIBC_PTHREAD - Success
[0.526s] -- Found Threads: TRUE  
[0.550s] -- Found ament_lint_auto: 0.12.15 (/opt/ros/humble/share/ament_lint_auto/cmake)
[0.593s] -- Added test 'cppcheck' to perform static code analysis on C / C++ code
[0.593s] -- Configured cppcheck include dirs: 
[0.593s] -- Configured cppcheck exclude dirs and/or files: 
[0.593s] -- Added test 'lint_cmake' to check CMake code style
[0.593s] -- Added test 'uncrustify' to check C / C++ code style
[0.593s] -- Configured uncrustify additional arguments: 
[0.594s] -- Added test 'xmllint' to check XML markup files
[0.594s] -- Configuring done
[0.596s] -- Generating done
[0.597s] -- Build files have been written to: /home/dakota/.local/repos/control_framework/build/excel_record_logging
[0.603s] Invoked command in '/home/dakota/.local/repos/control_framework/build/excel_record_logging' returned '0': CMAKE_PREFIX_PATH=${CMAKE_PREFIX_PATH}:/opt/ros/humble /usr/bin/cmake /home/dakota/.local/repos/control_framework/src/excel_record_logging -DCMAKE_INSTALL_PREFIX=/home/dakota/.local/repos/control_framework/install/excel_record_logging
[0.604s] Invoking command in '/home/dakota/.local/repos/control_framework/build/excel_record_logging': CMAKE_PREFIX_PATH=${CMAKE_PREFIX_PATH}:/opt/ros/humble /usr/bin/cmake --build /home/dakota/.local/repos/control_framework/build/excel_record_logging -- -j28 -l28
[0.635s] [ 50%] [32mBuilding CXX object CMakeFiles/excel_logger.dir/src/excel_logger.cpp.o[0m
[0.647s] [100%] [32m[1mLinking CXX executable excel_logger[0m
[0.667s] /usr/bin/ld: /usr/lib/gcc/x86_64-linux-gnu/11/../../../x86_64-linux-gnu/Scrt1.o: in function `_start':
[0.667s] (.text+0x1b): undefined reference to `main'
[0.667s] collect2: error: ld returned 1 exit status
[0.668s] gmake[2]: *** [CMakeFiles/excel_logger.dir/build.make:97: excel_logger] Error 1
[0.668s] gmake[1]: *** [CMakeFiles/Makefile2:137: CMakeFiles/excel_logger.dir/all] Error 2
[0.669s] gmake: *** [Makefile:146: all] Error 2
[0.670s] Invoked command in '/home/dakota/.local/repos/control_framework/build/excel_record_logging' returned '2': CMAKE_PREFIX_PATH=${CMAKE_PREFIX_PATH}:/opt/ros/humble /usr/bin/cmake --build /home/dakota/.local/repos/control_framework/build/excel_record_logging -- -j28 -l28
