[0.006s] Invoking command in '/home/dakota/.local/repos/control_framework/build/excel_record_logging': CMAKE_PREFIX_PATH=/home/dakota/.local/repos/control_framework/install/control_framework_interfaces:/home/dakota/.local/repos/control_framework/install/lockstep_sim:/home/dakota/.local/repos/control_framework/install/excel_record_logging:/home/dakota/.local/repos/control_framework/install/controller:/opt/ros/humble LD_LIBRARY_PATH=/home/dakota/.local/repos/control_framework/install/control_framework_interfaces/lib:/home/dakota/.local/repos/control_framework/install/controller/lib:/opt/ros/humble/opt/rviz_ogre_vendor/lib:/opt/ros/humble/lib/x86_64-linux-gnu:/opt/ros/humble/lib /usr/bin/cmake --build /home/dakota/.local/repos/control_framework/build/excel_record_logging -- -j28 -l28
[0.032s] [35m[1mConsolidate compiler generated dependencies of target excel_record_logging[0m
[0.045s] [ 33%] [32mBuilding CXX object CMakeFiles/excel_record_logging.dir/src/excel_record_logging.cpp.o[0m
[5.183s] [ 66%] [32m[1mLinking CXX executable excel_record_logging[0m
[5.455s] [100%] Built target excel_record_logging
[5.462s] Invoked command in '/home/dakota/.local/repos/control_framework/build/excel_record_logging' returned '0': CMAKE_PREFIX_PATH=/home/dakota/.local/repos/control_framework/install/control_framework_interfaces:/home/dakota/.local/repos/control_framework/install/lockstep_sim:/home/dakota/.local/repos/control_framework/install/excel_record_logging:/home/dakota/.local/repos/control_framework/install/controller:/opt/ros/humble LD_LIBRARY_PATH=/home/dakota/.local/repos/control_framework/install/control_framework_interfaces/lib:/home/dakota/.local/repos/control_framework/install/controller/lib:/opt/ros/humble/opt/rviz_ogre_vendor/lib:/opt/ros/humble/lib/x86_64-linux-gnu:/opt/ros/humble/lib /usr/bin/cmake --build /home/dakota/.local/repos/control_framework/build/excel_record_logging -- -j28 -l28
[5.463s] Invoking command in '/home/dakota/.local/repos/control_framework/build/excel_record_logging': CMAKE_PREFIX_PATH=/home/dakota/.local/repos/control_framework/install/control_framework_interfaces:/home/dakota/.local/repos/control_framework/install/lockstep_sim:/home/dakota/.local/repos/control_framework/install/excel_record_logging:/home/dakota/.local/repos/control_framework/install/controller:/opt/ros/humble LD_LIBRARY_PATH=/home/dakota/.local/repos/control_framework/install/control_framework_interfaces/lib:/home/dakota/.local/repos/control_framework/install/controller/lib:/opt/ros/humble/opt/rviz_ogre_vendor/lib:/opt/ros/humble/lib/x86_64-linux-gnu:/opt/ros/humble/lib /usr/bin/cmake --install /home/dakota/.local/repos/control_framework/build/excel_record_logging
[5.467s] -- Install configuration: ""
[5.467s] -- Installing: /home/dakota/.local/repos/control_framework/install/excel_record_logging/lib/excel_record_logging/excel_record_logging
[5.470s] -- Set runtime path of "/home/dakota/.local/repos/control_framework/install/excel_record_logging/lib/excel_record_logging/excel_record_logging" to ""
[5.470s] -- Up-to-date: /home/dakota/.local/repos/control_framework/install/excel_record_logging/share/ament_index/resource_index/package_run_dependencies/excel_record_logging
[5.470s] -- Up-to-date: /home/dakota/.local/repos/control_framework/install/excel_record_logging/share/ament_index/resource_index/parent_prefix_path/excel_record_logging
[5.470s] -- Up-to-date: /home/dakota/.local/repos/control_framework/install/excel_record_logging/share/excel_record_logging/environment/ament_prefix_path.sh
[5.470s] -- Up-to-date: /home/dakota/.local/repos/control_framework/install/excel_record_logging/share/excel_record_logging/environment/ament_prefix_path.dsv
[5.470s] -- Up-to-date: /home/dakota/.local/repos/control_framework/install/excel_record_logging/share/excel_record_logging/environment/path.sh
[5.470s] -- Up-to-date: /home/dakota/.local/repos/control_framework/install/excel_record_logging/share/excel_record_logging/environment/path.dsv
[5.470s] -- Up-to-date: /home/dakota/.local/repos/control_framework/install/excel_record_logging/share/excel_record_logging/local_setup.bash
[5.470s] -- Up-to-date: /home/dakota/.local/repos/control_framework/install/excel_record_logging/share/excel_record_logging/local_setup.sh
[5.470s] -- Up-to-date: /home/dakota/.local/repos/control_framework/install/excel_record_logging/share/excel_record_logging/local_setup.zsh
[5.470s] -- Up-to-date: /home/dakota/.local/repos/control_framework/install/excel_record_logging/share/excel_record_logging/local_setup.dsv
[5.470s] -- Installing: /home/dakota/.local/repos/control_framework/install/excel_record_logging/share/excel_record_logging/package.dsv
[5.470s] -- Up-to-date: /home/dakota/.local/repos/control_framework/install/excel_record_logging/share/ament_index/resource_index/packages/excel_record_logging
[5.470s] -- Up-to-date: /home/dakota/.local/repos/control_framework/install/excel_record_logging/share/excel_record_logging/cmake/excel_record_loggingConfig.cmake
[5.470s] -- Up-to-date: /home/dakota/.local/repos/control_framework/install/excel_record_logging/share/excel_record_logging/cmake/excel_record_loggingConfig-version.cmake
[5.470s] -- Up-to-date: /home/dakota/.local/repos/control_framework/install/excel_record_logging/share/excel_record_logging/package.xml
[5.471s] Invoked command in '/home/dakota/.local/repos/control_framework/build/excel_record_logging' returned '0': CMAKE_PREFIX_PATH=/home/dakota/.local/repos/control_framework/install/control_framework_interfaces:/home/dakota/.local/repos/control_framework/install/lockstep_sim:/home/dakota/.local/repos/control_framework/install/excel_record_logging:/home/dakota/.local/repos/control_framework/install/controller:/opt/ros/humble LD_LIBRARY_PATH=/home/dakota/.local/repos/control_framework/install/control_framework_interfaces/lib:/home/dakota/.local/repos/control_framework/install/controller/lib:/opt/ros/humble/opt/rviz_ogre_vendor/lib:/opt/ros/humble/lib/x86_64-linux-gnu:/opt/ros/humble/lib /usr/bin/cmake --install /home/dakota/.local/repos/control_framework/build/excel_record_logging
