[ 50%] Built target controller
[35m[1mConsolidate compiler generated dependencies of target controller_node[0m
[ 66%] [32mBuilding CXX object CMakeFiles/controller_node.dir/src/controller_node.cpp.o[0m
In file included from [01m[K/opt/ros/humble/include/rclcpp/rclcpp/logging.hpp:24[m[K,
                 from [01m[K/opt/ros/humble/include/rclcpp/rclcpp/client.hpp:40[m[K,
                 from [01m[K/opt/ros/humble/include/rclcpp/rclcpp/callback_group.hpp:24[m[K,
                 from [01m[K/opt/ros/humble/include/rclcpp/rclcpp/any_executable.hpp:20[m[K,
                 from [01m[K/opt/ros/humble/include/rclcpp/rclcpp/memory_strategy.hpp:25[m[K,
                 from [01m[K/opt/ros/humble/include/rclcpp/rclcpp/memory_strategies.hpp:18[m[K,
                 from [01m[K/opt/ros/humble/include/rclcpp/rclcpp/executor_options.hpp:20[m[K,
                 from [01m[K/opt/ros/humble/include/rclcpp/rclcpp/executor.hpp:37[m[K,
                 from [01m[K/opt/ros/humble/include/rclcpp/rclcpp/executors/multi_threaded_executor.hpp:25[m[K,
                 from [01m[K/opt/ros/humble/include/rclcpp/rclcpp/executors.hpp:21[m[K,
                 from [01m[K/opt/ros/humble/include/rclcpp/rclcpp/rclcpp.hpp:155[m[K,
                 from [01m[K/home/dakota/.local/repos/control_framework/src/controller/src/../include/controller/controller_node.hpp:4[m[K,
                 from [01m[K/home/dakota/.local/repos/control_framework/src/controller/src/controller_node.cpp:2[m[K:
[01m[K/home/dakota/.local/repos/control_framework/src/controller/src/controller_node.cpp:[m[K In constructor ‘[01m[KControllerNode::ControllerNode()[m[K’:
[01m[K/home/dakota/.local/repos/control_framework/src/controller/src/controller_node.cpp:37:17:[m[K [01;31m[Kerror: [m[Kexpected primary-expression before ‘[01m[K)[m[K’ token
   37 |                 [01;31m[KRCLCPP_INFO[m[K(
      |                 [01;31m[K^~~~~~~~~~~[m[K
gmake[2]: *** [CMakeFiles/controller_node.dir/build.make:90: CMakeFiles/controller_node.dir/src/controller_node.cpp.o] Error 1
gmake[1]: *** [CMakeFiles/Makefile2:165: CMakeFiles/controller_node.dir/all] Error 2
gmake: *** [Makefile:146: all] Error 2
