[0.005s] Invoking command in '/home/dakota/.local/repos/control_framework/build/excel_record_logging': CMAKE_PREFIX_PATH=/home/dakota/.local/repos/control_framework/install/control_framework_interfaces:/home/dakota/.local/repos/control_framework/install/lockstep_sim:/home/dakota/.local/repos/control_framework/install/excel_record_logging:/home/dakota/.local/repos/control_framework/install/controller:/opt/ros/humble LD_LIBRARY_PATH=/home/dakota/.local/repos/control_framework/install/control_framework_interfaces/lib:/home/dakota/.local/repos/control_framework/install/controller/lib:/opt/ros/humble/opt/rviz_ogre_vendor/lib:/opt/ros/humble/lib/x86_64-linux-gnu:/opt/ros/humble/lib /usr/bin/cmake /home/dakota/.local/repos/control_framework/src/excel_record_logging -DCMAKE_INSTALL_PREFIX=/home/dakota/.local/repos/control_framework/install/excel_record_logging
[0.038s] -- The C compiler identification is GNU 11.4.0
[0.070s] -- The CXX compiler identification is GNU 11.4.0
[0.073s] -- Detecting C compiler ABI info
[0.120s] -- Detecting C compiler ABI info - done
[0.123s] -- Check for working C compiler: /usr/bin/cc - skipped
[0.123s] -- Detecting C compile features
[0.123s] -- Detecting C compile features - done
[0.125s] -- Detecting CXX compiler ABI info
[0.168s] -- Detecting CXX compiler ABI info - done
[0.174s] -- Check for working CXX compiler: /usr/bin/c++ - skipped
[0.174s] -- Detecting CXX compile features
[0.175s] -- Detecting CXX compile features - done
[0.176s] -- Found ament_cmake: 1.3.14 (/opt/ros/humble/share/ament_cmake/cmake)
[0.252s] -- Found Python3: /usr/bin/python3 (found version "3.10.12") found components: Interpreter 
[0.294s] -- Found rclcpp: 16.0.19 (/opt/ros/humble/share/rclcpp/cmake)
[0.311s] -- Found rosidl_generator_c: 3.1.8 (/opt/ros/humble/share/rosidl_generator_c/cmake)
[0.313s] -- Found rosidl_adapter: 3.1.8 (/opt/ros/humble/share/rosidl_adapter/cmake)
[0.316s] -- Found rosidl_generator_cpp: 3.1.8 (/opt/ros/humble/share/rosidl_generator_cpp/cmake)
[0.321s] -- Using all available rosidl_typesupport_c: rosidl_typesupport_fastrtps_c;rosidl_typesupport_introspection_c
[0.328s] -- Using all available rosidl_typesupport_cpp: rosidl_typesupport_fastrtps_cpp;rosidl_typesupport_introspection_cpp
[0.346s] -- Found rmw_implementation_cmake: 6.1.2 (/opt/ros/humble/share/rmw_implementation_cmake/cmake)
[0.348s] -- Found rmw_fastrtps_cpp: 6.2.10 (/opt/ros/humble/share/rmw_fastrtps_cpp/cmake)
[0.391s] -- Found OpenSSL: /usr/lib/x86_64-linux-gnu/libcrypto.so (found version "3.0.2")  
[0.405s] -- Found FastRTPS: /opt/ros/humble/include  
[0.427s] -- Using RMW implementation 'rmw_fastrtps_cpp' as default
[0.432s] -- Looking for pthread.h
[0.469s] -- Looking for pthread.h - found
[0.469s] -- Performing Test CMAKE_HAVE_LIBC_PTHREAD
[0.509s] -- Performing Test CMAKE_HAVE_LIBC_PTHREAD - Success
[0.510s] -- Found Threads: TRUE  
[0.534s] -- Found sensor_msgs: 4.9.1 (/opt/ros/humble/share/sensor_msgs/cmake)
[0.547s] -- Found control_framework_interfaces: 0.0.0 (/home/dakota/.local/repos/control_framework/install/control_framework_interfaces/share/control_framework_interfaces/cmake)
[0.553s] -- Found ament_lint_auto: 0.12.15 (/opt/ros/humble/share/ament_lint_auto/cmake)
[0.589s] -- Added test 'cppcheck' to perform static code analysis on C / C++ code
[0.589s] -- Configured cppcheck include dirs: 
[0.589s] -- Configured cppcheck exclude dirs and/or files: 
[0.589s] -- Added test 'lint_cmake' to check CMake code style
[0.589s] -- Added test 'uncrustify' to check C / C++ code style
[0.589s] -- Configured uncrustify additional arguments: 
[0.590s] -- Added test 'xmllint' to check XML markup files
[0.590s] -- Configuring done
[0.594s] -- Generating done
[0.596s] -- Build files have been written to: /home/dakota/.local/repos/control_framework/build/excel_record_logging
[0.602s] Invoked command in '/home/dakota/.local/repos/control_framework/build/excel_record_logging' returned '0': CMAKE_PREFIX_PATH=/home/dakota/.local/repos/control_framework/install/control_framework_interfaces:/home/dakota/.local/repos/control_framework/install/lockstep_sim:/home/dakota/.local/repos/control_framework/install/excel_record_logging:/home/dakota/.local/repos/control_framework/install/controller:/opt/ros/humble LD_LIBRARY_PATH=/home/dakota/.local/repos/control_framework/install/control_framework_interfaces/lib:/home/dakota/.local/repos/control_framework/install/controller/lib:/opt/ros/humble/opt/rviz_ogre_vendor/lib:/opt/ros/humble/lib/x86_64-linux-gnu:/opt/ros/humble/lib /usr/bin/cmake /home/dakota/.local/repos/control_framework/src/excel_record_logging -DCMAKE_INSTALL_PREFIX=/home/dakota/.local/repos/control_framework/install/excel_record_logging
[0.603s] Invoking command in '/home/dakota/.local/repos/control_framework/build/excel_record_logging': CMAKE_PREFIX_PATH=/home/dakota/.local/repos/control_framework/install/control_framework_interfaces:/home/dakota/.local/repos/control_framework/install/lockstep_sim:/home/dakota/.local/repos/control_framework/install/excel_record_logging:/home/dakota/.local/repos/control_framework/install/controller:/opt/ros/humble LD_LIBRARY_PATH=/home/dakota/.local/repos/control_framework/install/control_framework_interfaces/lib:/home/dakota/.local/repos/control_framework/install/controller/lib:/opt/ros/humble/opt/rviz_ogre_vendor/lib:/opt/ros/humble/lib/x86_64-linux-gnu:/opt/ros/humble/lib /usr/bin/cmake --build /home/dakota/.local/repos/control_framework/build/excel_record_logging -- -j28 -l28
[0.631s] [ 33%] [32mBuilding CXX object CMakeFiles/excel_record_logging.dir/src/excel_record_logging.cpp.o[0m
[0.633s] [ 66%] [32mBuilding CXX object CMakeFiles/excel_record_logging.dir/src/main.cpp.o[0m
[6.945s] [100%] [32m[1mLinking CXX executable excel_record_logging[0m
[7.276s] [100%] Built target excel_record_logging
