[0.005s] Invoking command in '/home/dakota/.local/repos/control_framework/build/lockstep_sim': CMAKE_PREFIX_PATH=/home/dakota/.local/repos/control_framework/install/control_framework_interfaces:/home/dakota/.local/repos/control_framework/install/lockstep_sim:/opt/ros/humble /usr/bin/cmake --build /home/dakota/.local/repos/control_framework/build/lockstep_sim -- -j28 -l28
[0.030s] [35m[1mConsolidate compiler generated dependencies of target lockstep_sim[0m
[0.043s] [ 50%] [32mBuilding CXX object CMakeFiles/lockstep_sim.dir/src/main.cpp.o[0m
[0.043s] [ 50%] [32mBuilding CXX object CMakeFiles/lockstep_sim.dir/src/lockstep_sim.cpp.o[0m
[1.184s] [01m[K/home/dakota/.local/repos/control_framework/src/lockstep_sim/src/lockstep_sim.cpp:[m[K In constructor ‘[01m[KLockStepSim::LockStepSim()[m[K’:
[1.184s] [01m[K/home/dakota/.local/repos/control_framework/src/lockstep_sim/src/lockstep_sim.cpp:16:7:[m[K [01;31m[Kerror: [m[K‘[01m[Kbroadcaster[m[K’ was not declared in this scope; did you mean ‘[01m[Kbroadcaster_[m[K’?
[1.184s]    16 |       [01;31m[Kbroadcaster[m[K = std::make_shared<tf2_ros::TransformBroadcaster>(this);
[1.184s]       |       [01;31m[K^~~~~~~~~~~[m[K
[1.184s]       |       [32m[Kbroadcaster_[m[K
[1.184s] [01m[K/home/dakota/.local/repos/control_framework/src/lockstep_sim/src/lockstep_sim.cpp:[m[K In member function ‘[01m[Kvoid LockStepSim::sim_callback()[m[K’:
[1.184s] [01m[K/home/dakota/.local/repos/control_framework/src/lockstep_sim/src/lockstep_sim.cpp:52:11:[m[K [01;31m[Kerror: [m[K‘[01m[Kstruct sensor_msgs::msg::JointState_<std::allocator<void> >[m[K’ has no member named ‘[01m[Kpos_state[m[K’
[1.184s]    52 |     state.[01;31m[Kpos_state[m[K[i] = d->qpos[i];
[1.184s]       |           [01;31m[K^~~~~~~~~[m[K
[1.184s] [01m[K/home/dakota/.local/repos/control_framework/src/lockstep_sim/src/lockstep_sim.cpp:56:11:[m[K [01;31m[Kerror: [m[K‘[01m[Kstruct sensor_msgs::msg::JointState_<std::allocator<void> >[m[K’ has no member named ‘[01m[Kvel_state[m[K’
[1.185s]    56 |     state.[01;31m[Kvel_state[m[K[i] = d->qvel[i];
[1.185s]       |           [01;31m[K^~~~~~~~~[m[K
[1.579s] gmake[2]: *** [CMakeFiles/lockstep_sim.dir/build.make:90: CMakeFiles/lockstep_sim.dir/src/lockstep_sim.cpp.o] Error 1
[1.580s] gmake[1]: *** [CMakeFiles/Makefile2:137: CMakeFiles/lockstep_sim.dir/all] Error 2
[1.580s] gmake: *** [Makefile:146: all] Error 2
[1.582s] Invoked command in '/home/dakota/.local/repos/control_framework/build/lockstep_sim' returned '2': CMAKE_PREFIX_PATH=/home/dakota/.local/repos/control_framework/install/control_framework_interfaces:/home/dakota/.local/repos/control_framework/install/lockstep_sim:/opt/ros/humble /usr/bin/cmake --build /home/dakota/.local/repos/control_framework/build/lockstep_sim -- -j28 -l28
