[0.006s] Invoking command in '/home/dakota/.local/repos/control_framework/build/excel_record_logging': CMAKE_PREFIX_PATH=${CMAKE_PREFIX_PATH}:/opt/ros/humble /usr/bin/cmake --build /home/dakota/.local/repos/control_framework/build/excel_record_logging -- -j28 -l28
[0.030s] [35m[1mConsolidate compiler generated dependencies of target excel_record_logging[0m
[0.041s] [ 33%] [32mBuilding CXX object CMakeFiles/excel_record_logging.dir/src/excel_record_logging.cpp.o[0m
[0.043s] [ 66%] [32mBuilding CXX object CMakeFiles/excel_record_logging.dir/src/main.cpp.o[0m
[0.140s] In file included from [01m[K/home/dakota/.local/repos/control_framework/src/excel_record_logging/src/main.cpp:1[m[K:
[0.140s] [01m[K/home/dakota/.local/repos/control_framework/src/excel_record_logging/src/../include/excel_record_logging/excel_record_logging.hpp:6:10:[m[K [01;31m[Kfatal error: [m[Kcontrol_framework_interfaces/srv/reset_record.hpp: No such file or directory
[0.141s]     6 | #include [01;31m[K"control_framework_interfaces/srv/reset_record.hpp"[m[K
[0.141s]       |          [01;31m[K^~~~~~~~~~~~~~~~~~~~~~~~~~~~~~~~~~~~~~~~~~~~~~~~~~~[m[K
[0.141s] compilation terminated.
[0.142s] gmake[2]: *** [CMakeFiles/excel_record_logging.dir/build.make:76: CMakeFiles/excel_record_logging.dir/src/main.cpp.o] Error 1
[0.142s] gmake[2]: *** Waiting for unfinished jobs....
[0.153s] In file included from [01m[K/home/dakota/.local/repos/control_framework/src/excel_record_logging/src/excel_record_logging.cpp:1[m[K:
[0.153s] [01m[K/home/dakota/.local/repos/control_framework/src/excel_record_logging/src/../include/excel_record_logging/excel_record_logging.hpp:6:10:[m[K [01;31m[Kfatal error: [m[Kcontrol_framework_interfaces/srv/reset_record.hpp: No such file or directory
[0.153s]     6 | #include [01;31m[K"control_framework_interfaces/srv/reset_record.hpp"[m[K
[0.153s]       |          [01;31m[K^~~~~~~~~~~~~~~~~~~~~~~~~~~~~~~~~~~~~~~~~~~~~~~~~~~[m[K
[0.153s] compilation terminated.
[0.154s] gmake[2]: *** [CMakeFiles/excel_record_logging.dir/build.make:90: CMakeFiles/excel_record_logging.dir/src/excel_record_logging.cpp.o] Error 1
[0.154s] gmake[1]: *** [CMakeFiles/Makefile2:137: CMakeFiles/excel_record_logging.dir/all] Error 2
[0.155s] gmake: *** [Makefile:146: all] Error 2
[0.156s] Invoked command in '/home/dakota/.local/repos/control_framework/build/excel_record_logging' returned '2': CMAKE_PREFIX_PATH=${CMAKE_PREFIX_PATH}:/opt/ros/humble /usr/bin/cmake --build /home/dakota/.local/repos/control_framework/build/excel_record_logging -- -j28 -l28
