[ 50%] Built target controller
[100%] Built target controller_node
-- Install configuration: ""
-- Up-to-date: /home/dakota/.local/repos/control_framework/install/controller/include
-- Up-to-date: /home/dakota/.local/repos/control_framework/install/controller/include/controller
-- Up-to-date: /home/dakota/.local/repos/control_framework/install/controller/include/controller/base_controller.hpp
-- Up-to-date: /home/dakota/.local/repos/control_framework/install/controller/include/controller/controller_node.hpp
-- Up-to-date: /home/dakota/.local/repos/control_framework/install/controller/include/controller/controllers.hpp
-- Up-to-date: /home/dakota/.local/repos/control_framework/install/controller/share/controller/config
-- Up-to-date: /home/dakota/.local/repos/control_framework/install/controller/share/controller/config/cart_pole
-- Up-to-date: /home/dakota/.local/repos/control_framework/install/controller/share/controller/config/cart_pole/test.yaml
-- Up-to-date: /home/dakota/.local/repos/control_framework/install/controller/share/controller/config/cart_pole/pid.yaml
-- Up-to-date: /home/dakota/.local/repos/control_framework/install/controller/share/controller/config/cart_pole/lqr.yaml
-- Up-to-date: /home/dakota/.local/repos/control_framework/install/controller/share/controller/launch
-- Up-to-date: /home/dakota/.local/repos/control_framework/install/controller/share/controller/launch/__pycache__
-- Up-to-date: /home/dakota/.local/repos/control_framework/install/controller/share/controller/launch/__pycache__/test_controller_launch.cpython-310.pyc
-- Up-to-date: /home/dakota/.local/repos/control_framework/install/controller/share/controller/launch/test_controller_launch.py
-- Up-to-date: /home/dakota/.local/repos/control_framework/install/controller/lib/libcontroller.a
-- Up-to-date: /home/dakota/.local/repos/control_framework/install/controller/lib/controller/controller_node
-- Up-to-date: /home/dakota/.local/repos/control_framework/install/controller/share/controller/environment/library_path.sh
-- Up-to-date: /home/dakota/.local/repos/control_framework/install/controller/share/controller/environment/library_path.dsv
-- Up-to-date: /home/dakota/.local/repos/control_framework/install/controller/share/ament_index/resource_index/package_run_dependencies/controller
-- Up-to-date: /home/dakota/.local/repos/control_framework/install/controller/share/ament_index/resource_index/parent_prefix_path/controller
-- Up-to-date: /home/dakota/.local/repos/control_framework/install/controller/share/controller/environment/ament_prefix_path.sh
-- Up-to-date: /home/dakota/.local/repos/control_framework/install/controller/share/controller/environment/ament_prefix_path.dsv
-- Up-to-date: /home/dakota/.local/repos/control_framework/install/controller/share/controller/environment/path.sh
-- Up-to-date: /home/dakota/.local/repos/control_framework/install/controller/share/controller/environment/path.dsv
-- Up-to-date: /home/dakota/.local/repos/control_framework/install/controller/share/controller/local_setup.bash
-- Up-to-date: /home/dakota/.local/repos/control_framework/install/controller/share/controller/local_setup.sh
-- Up-to-date: /home/dakota/.local/repos/control_framework/install/controller/share/controller/local_setup.zsh
-- Up-to-date: /home/dakota/.local/repos/control_framework/install/controller/share/controller/local_setup.dsv
-- Installing: /home/dakota/.local/repos/control_framework/install/controller/share/controller/package.dsv
-- Up-to-date: /home/dakota/.local/repos/control_framework/install/controller/share/ament_index/resource_index/packages/controller
-- Up-to-date: /home/dakota/.local/repos/control_framework/install/controller/share/controller/cmake/controllerTargetsExport.cmake
-- Up-to-date: /home/dakota/.local/repos/control_framework/install/controller/share/controller/cmake/controllerTargetsExport-noconfig.cmake
-- Up-to-date: /home/dakota/.local/repos/control_framework/install/controller/share/controller/cmake/ament_cmake_export_targets-extras.cmake
-- Up-to-date: /home/dakota/.local/repos/control_framework/install/controller/share/controller/cmake/controllerConfig.cmake
-- Up-to-date: /home/dakota/.local/repos/control_framework/install/controller/share/controller/cmake/controllerConfig-version.cmake
-- Up-to-date: /home/dakota/.local/repos/control_framework/install/controller/share/controller/package.xml
