[0.005s] Invoking command in '/home/dakota/.local/repos/control_framework/build/control_framework_interfaces': CMAKE_PREFIX_PATH=${CMAKE_PREFIX_PATH}:/opt/ros/humble /usr/bin/cmake /home/dakota/.local/repos/control_framework/src/control_framework_interfaces -DCMAKE_INSTALL_PREFIX=/home/dakota/.local/repos/control_framework/install/control_framework_interfaces
[0.042s] -- The C compiler identification is GNU 11.4.0
[0.074s] -- The CXX compiler identification is GNU 11.4.0
[0.078s] -- Detecting C compiler ABI info
[0.117s] -- Detecting C compiler ABI info - done
[0.122s] -- Check for working C compiler: /usr/bin/cc - skipped
[0.122s] -- Detecting C compile features
[0.123s] -- Detecting C compile features - done
[0.124s] -- Detecting CXX compiler ABI info
[0.171s] -- Detecting CXX compiler ABI info - done
[0.176s] -- Check for working CXX compiler: /usr/bin/c++ - skipped
[0.176s] -- Detecting CXX compile features
[0.177s] -- Detecting CXX compile features - done
[0.178s] -- Found ament_cmake: 1.3.14 (/opt/ros/humble/share/ament_cmake/cmake)
[0.259s] -- Found Python3: /usr/bin/python3 (found version "3.10.12") found components: Interpreter 
[0.297s] -- Found rosidl_default_generators: 1.2.1 (/opt/ros/humble/share/rosidl_default_generators/cmake)
[0.299s] -- Using all available rosidl_typesupport_c: rosidl_typesupport_fastrtps_c;rosidl_typesupport_introspection_c
[0.301s] -- Found rosidl_adapter: 3.1.8 (/opt/ros/humble/share/rosidl_adapter/cmake)
[0.318s] -- Using all available rosidl_typesupport_cpp: rosidl_typesupport_fastrtps_cpp;rosidl_typesupport_introspection_cpp
[0.474s] -- Found ament_cmake_ros: 0.10.0 (/opt/ros/humble/share/ament_cmake_ros/cmake)
[0.586s] -- Using all available rosidl_typesupport_c: rosidl_typesupport_fastrtps_c;rosidl_typesupport_introspection_c
[0.701s] -- Using all available rosidl_typesupport_cpp: rosidl_typesupport_fastrtps_cpp;rosidl_typesupport_introspection_cpp
[0.713s] -- Found PythonInterp: /usr/bin/python3 (found suitable version "3.10.12", minimum required is "3.6") 
[0.714s] -- Found python_cmake_module: 0.10.0 (/opt/ros/humble/share/python_cmake_module/cmake)
[0.729s] -- Found PythonLibs: /usr/lib/x86_64-linux-gnu/libpython3.10.so (found suitable version "3.10.12", minimum required is "3.5") 
[0.729s] -- Using PYTHON_EXECUTABLE: /usr/bin/python3
[0.729s] -- Using PYTHON_INCLUDE_DIRS: /usr/include/python3.10
[0.729s] -- Using PYTHON_LIBRARIES: /usr/lib/x86_64-linux-gnu/libpython3.10.so
[0.739s] -- Found PythonExtra: .so  
[0.786s] -- Found ament_lint_auto: 0.12.15 (/opt/ros/humble/share/ament_lint_auto/cmake)
[0.794s] -- Added test 'lint_cmake' to check CMake code style
[0.794s] -- Added test 'xmllint' to check XML markup files
[0.795s] -- Configuring done
[0.810s] -- Generating done
[0.815s] -- Build files have been written to: /home/dakota/.local/repos/control_framework/build/control_framework_interfaces
[0.820s] Invoked command in '/home/dakota/.local/repos/control_framework/build/control_framework_interfaces' returned '0': CMAKE_PREFIX_PATH=${CMAKE_PREFIX_PATH}:/opt/ros/humble /usr/bin/cmake /home/dakota/.local/repos/control_framework/src/control_framework_interfaces -DCMAKE_INSTALL_PREFIX=/home/dakota/.local/repos/control_framework/install/control_framework_interfaces
[0.820s] Invoking command in '/home/dakota/.local/repos/control_framework/build/control_framework_interfaces': CMAKE_PREFIX_PATH=${CMAKE_PREFIX_PATH}:/opt/ros/humble /usr/bin/cmake --build /home/dakota/.local/repos/control_framework/build/control_framework_interfaces -- -j28 -l28
[0.846s] [  1%] [34m[1mGenerating C code for ROS interfaces[0m
[0.853s] [  3%] [34m[1mGenerating Rust code for ROS interfaces[0m
[0.853s] [  5%] [34m[1mGenerating C++ code for ROS interfaces[0m
[0.858s] [  5%] Built target ament_cmake_python_copy_control_framework_interfaces
[0.958s] running egg_info
[0.958s] creating control_framework_interfaces.egg-info
[0.958s] writing control_framework_interfaces.egg-info/PKG-INFO
[0.958s] writing dependency_links to control_framework_interfaces.egg-info/dependency_links.txt
[0.958s] writing top-level names to control_framework_interfaces.egg-info/top_level.txt
[0.959s] writing manifest file 'control_framework_interfaces.egg-info/SOURCES.txt'
[0.959s] reading manifest file 'control_framework_interfaces.egg-info/SOURCES.txt'
[0.959s] writing manifest file 'control_framework_interfaces.egg-info/SOURCES.txt'
[0.972s] [  5%] Built target ament_cmake_python_build_control_framework_interfaces_egg
[0.995s] [  5%] Built target control_framework_interfaces__rs
[1.049s] [  5%] Built target control_framework_interfaces__cpp
[1.050s] [  8%] [32mBuilding C object CMakeFiles/control_framework_interfaces__rosidl_generator_c.dir/rosidl_generator_c/control_framework_interfaces/msg/detail/control_input__functions.c.o[0m
[1.050s] [  8%] [32mBuilding C object CMakeFiles/control_framework_interfaces__rosidl_generator_c.dir/rosidl_generator_c/control_framework_interfaces/msg/detail/joint_state__functions.c.o[0m
[1.050s] [ 10%] [32mBuilding C object CMakeFiles/control_framework_interfaces__rosidl_generator_c.dir/rosidl_generator_c/control_framework_interfaces/srv/detail/init_state__functions.c.o[0m
[1.050s] [ 12%] [32mBuilding C object CMakeFiles/control_framework_interfaces__rosidl_generator_c.dir/rosidl_generator_c/control_framework_interfaces/srv/detail/reset_record__functions.c.o[0m
[1.054s] [ 14%] [34m[1mGenerating C++ type support for eProsima Fast-RTPS[0m
[1.056s] [ 16%] [34m[1mGenerating C++ type support dispatch for ROS interfaces[0m
[1.056s] [ 17%] [34m[1mGenerating C++ introspection for ROS interfaces[0m
[1.081s] [ 19%] [32m[1mLinking C shared library libcontrol_framework_interfaces__rosidl_generator_c.so[0m
[1.105s] [ 19%] Built target control_framework_interfaces__rosidl_generator_c
[1.111s] [ 21%] [34m[1mGenerating C type support for eProsima Fast-RTPS[0m
[1.112s] [ 25%] [34m[1mGenerating C introspection for ROS interfaces[0m
[1.112s] [ 25%] [34m[1mGenerating C type support dispatch for ROS interfaces[0m
[1.202s] [ 26%] [32mBuilding CXX object CMakeFiles/control_framework_interfaces__rosidl_typesupport_cpp.dir/rosidl_typesupport_cpp/control_framework_interfaces/srv/reset_record__type_support.cpp.o[0m
[1.203s] [ 28%] [32mBuilding CXX object CMakeFiles/control_framework_interfaces__rosidl_typesupport_cpp.dir/rosidl_typesupport_cpp/control_framework_interfaces/msg/control_input__type_support.cpp.o[0m
[1.203s] [ 32%] [32mBuilding CXX object CMakeFiles/control_framework_interfaces__rosidl_typesupport_cpp.dir/rosidl_typesupport_cpp/control_framework_interfaces/srv/init_state__type_support.cpp.o[0m
[1.203s] [ 32%] [32mBuilding CXX object CMakeFiles/control_framework_interfaces__rosidl_typesupport_cpp.dir/rosidl_typesupport_cpp/control_framework_interfaces/msg/joint_state__type_support.cpp.o[0m
[1.229s] [ 35%] [32mBuilding CXX object CMakeFiles/control_framework_interfaces__rosidl_typesupport_introspection_cpp.dir/rosidl_typesupport_introspection_cpp/control_framework_interfaces/msg/detail/control_input__type_support.cpp.o[0m
[1.229s] [ 35%] [32mBuilding CXX object CMakeFiles/control_framework_interfaces__rosidl_typesupport_introspection_cpp.dir/rosidl_typesupport_introspection_cpp/control_framework_interfaces/srv/detail/reset_record__type_support.cpp.o[0m
[1.231s] [ 37%] [32mBuilding CXX object CMakeFiles/control_framework_interfaces__rosidl_typesupport_introspection_cpp.dir/rosidl_typesupport_introspection_cpp/control_framework_interfaces/msg/detail/joint_state__type_support.cpp.o[0m
[1.231s] [ 39%] [32mBuilding CXX object CMakeFiles/control_framework_interfaces__rosidl_typesupport_introspection_cpp.dir/rosidl_typesupport_introspection_cpp/control_framework_interfaces/srv/detail/init_state__type_support.cpp.o[0m
[1.258s] [ 42%] [32mBuilding CXX object CMakeFiles/control_framework_interfaces__rosidl_typesupport_c.dir/rosidl_typesupport_c/control_framework_interfaces/srv/init_state__type_support.cpp.o[0m
[1.258s] [ 42%] [32mBuilding CXX object CMakeFiles/control_framework_interfaces__rosidl_typesupport_c.dir/rosidl_typesupport_c/control_framework_interfaces/srv/reset_record__type_support.cpp.o[0m
[1.259s] [ 44%] [32mBuilding CXX object CMakeFiles/control_framework_interfaces__rosidl_typesupport_c.dir/rosidl_typesupport_c/control_framework_interfaces/msg/control_input__type_support.cpp.o[0m
[1.260s] [ 46%] [32mBuilding CXX object CMakeFiles/control_framework_interfaces__rosidl_typesupport_c.dir/rosidl_typesupport_c/control_framework_interfaces/msg/joint_state__type_support.cpp.o[0m
[1.266s] [ 48%] [32mBuilding CXX object CMakeFiles/control_framework_interfaces__rosidl_typesupport_fastrtps_cpp.dir/rosidl_typesupport_fastrtps_cpp/control_framework_interfaces/srv/detail/dds_fastrtps/init_state__type_support.cpp.o[0m
[1.266s] [ 50%] [32mBuilding CXX object CMakeFiles/control_framework_interfaces__rosidl_typesupport_fastrtps_cpp.dir/rosidl_typesupport_fastrtps_cpp/control_framework_interfaces/srv/detail/dds_fastrtps/reset_record__type_support.cpp.o[0m
[1.267s] [ 53%] [32mBuilding CXX object CMakeFiles/control_framework_interfaces__rosidl_typesupport_fastrtps_cpp.dir/rosidl_typesupport_fastrtps_cpp/control_framework_interfaces/msg/detail/dds_fastrtps/control_input__type_support.cpp.o[0m
[1.267s] [ 53%] [32mBuilding CXX object CMakeFiles/control_framework_interfaces__rosidl_typesupport_fastrtps_cpp.dir/rosidl_typesupport_fastrtps_cpp/control_framework_interfaces/msg/detail/dds_fastrtps/joint_state__type_support.cpp.o[0m
[1.280s] [ 55%] [32m[1mLinking CXX shared library libcontrol_framework_interfaces__rosidl_typesupport_c.so[0m
[1.292s] [ 57%] [32mBuilding C object CMakeFiles/control_framework_interfaces__rosidl_typesupport_introspection_c.dir/rosidl_typesupport_introspection_c/control_framework_interfaces/srv/detail/init_state__type_support.c.o[0m
[1.293s] [ 58%] [32mBuilding C object CMakeFiles/control_framework_interfaces__rosidl_typesupport_introspection_c.dir/rosidl_typesupport_introspection_c/control_framework_interfaces/srv/detail/reset_record__type_support.c.o[0m
[1.294s] [ 62%] [32mBuilding C object CMakeFiles/control_framework_interfaces__rosidl_typesupport_introspection_c.dir/rosidl_typesupport_introspection_c/control_framework_interfaces/msg/detail/joint_state__type_support.c.o[0m
[1.294s] [ 62%] [32mBuilding C object CMakeFiles/control_framework_interfaces__rosidl_typesupport_introspection_c.dir/rosidl_typesupport_introspection_c/control_framework_interfaces/msg/detail/control_input__type_support.c.o[0m
[1.301s] [ 62%] Built target control_framework_interfaces__rosidl_typesupport_c
[1.321s] [ 64%] [32m[1mLinking C shared library libcontrol_framework_interfaces__rosidl_typesupport_introspection_c.so[0m
[1.331s] [ 66%] [32mBuilding CXX object CMakeFiles/control_framework_interfaces__rosidl_typesupport_fastrtps_c.dir/rosidl_typesupport_fastrtps_c/control_framework_interfaces/msg/detail/joint_state__type_support_c.cpp.o[0m
[1.332s] [ 67%] [32mBuilding CXX object CMakeFiles/control_framework_interfaces__rosidl_typesupport_fastrtps_c.dir/rosidl_typesupport_fastrtps_c/control_framework_interfaces/srv/detail/reset_record__type_support_c.cpp.o[0m
[1.332s] [ 71%] [32mBuilding CXX object CMakeFiles/control_framework_interfaces__rosidl_typesupport_fastrtps_c.dir/rosidl_typesupport_fastrtps_c/control_framework_interfaces/srv/detail/init_state__type_support_c.cpp.o[0m
[1.332s] [ 71%] [32mBuilding CXX object CMakeFiles/control_framework_interfaces__rosidl_typesupport_fastrtps_c.dir/rosidl_typesupport_fastrtps_c/control_framework_interfaces/msg/detail/control_input__type_support_c.cpp.o[0m
[1.341s] [ 71%] Built target control_framework_interfaces__rosidl_typesupport_introspection_c
[1.406s] [ 73%] [32m[1mLinking CXX shared library libcontrol_framework_interfaces__rosidl_typesupport_cpp.so[0m
[1.436s] [ 73%] Built target control_framework_interfaces__rosidl_typesupport_cpp
[1.467s] [ 75%] [32m[1mLinking CXX shared library libcontrol_framework_interfaces__rosidl_typesupport_fastrtps_cpp.so[0m
[1.490s] [ 76%] [32m[1mLinking CXX shared library libcontrol_framework_interfaces__rosidl_typesupport_introspection_cpp.so[0m
[1.508s] [ 76%] Built target control_framework_interfaces__rosidl_typesupport_fastrtps_cpp
[1.528s] [ 76%] Built target control_framework_interfaces__rosidl_typesupport_introspection_cpp
[1.548s] [ 78%] [32m[1mLinking CXX shared library libcontrol_framework_interfaces__rosidl_typesupport_fastrtps_c.so[0m
[1.585s] [ 78%] Built target control_framework_interfaces__rosidl_typesupport_fastrtps_c
[1.598s] [ 78%] Built target control_framework_interfaces
[1.611s] [ 80%] [34m[1mGenerating Python code for ROS interfaces[0m
[1.901s] [ 80%] Built target control_framework_interfaces__py
[1.914s] [ 87%] [32mBuilding C object CMakeFiles/control_framework_interfaces__rosidl_generator_py.dir/rosidl_generator_py/control_framework_interfaces/srv/_reset_record_s.c.o[0m
[1.914s] [ 87%] [32mBuilding C object CMakeFiles/control_framework_interfaces__rosidl_generator_py.dir/rosidl_generator_py/control_framework_interfaces/msg/_joint_state_s.c.o[0m
[1.914s] [ 87%] [32mBuilding C object CMakeFiles/control_framework_interfaces__rosidl_generator_py.dir/rosidl_generator_py/control_framework_interfaces/msg/_control_input_s.c.o[0m
[1.914s] [ 87%] [32mBuilding C object CMakeFiles/control_framework_interfaces__rosidl_generator_py.dir/rosidl_generator_py/control_framework_interfaces/srv/_init_state_s.c.o[0m
[1.983s] [ 89%] [32m[1mLinking C shared library rosidl_generator_py/control_framework_interfaces/libcontrol_framework_interfaces__rosidl_generator_py.so[0m
[2.005s] [ 89%] Built target control_framework_interfaces__rosidl_generator_py
[2.018s] [ 91%] [32mBuilding C object CMakeFiles/control_framework_interfaces__rosidl_typesupport_introspection_c__pyext.dir/rosidl_generator_py/control_framework_interfaces/_control_framework_interfaces_s.ep.rosidl_typesupport_introspection_c.c.o[0m
[2.018s] [ 94%] [32mBuilding C object CMakeFiles/control_framework_interfaces__rosidl_typesupport_c__pyext.dir/rosidl_generator_py/control_framework_interfaces/_control_framework_interfaces_s.ep.rosidl_typesupport_c.c.o[0m
[2.018s] [ 94%] [32mBuilding C object CMakeFiles/control_framework_interfaces__rosidl_typesupport_fastrtps_c__pyext.dir/rosidl_generator_py/control_framework_interfaces/_control_framework_interfaces_s.ep.rosidl_typesupport_fastrtps_c.c.o[0m
[2.067s] [ 96%] [32m[1mLinking C shared library rosidl_generator_py/control_framework_interfaces/control_framework_interfaces_s__rosidl_typesupport_introspection_c.cpython-310-x86_64-linux-gnu.so[0m
[2.068s] [ 98%] [32m[1mLinking C shared library rosidl_generator_py/control_framework_interfaces/control_framework_interfaces_s__rosidl_typesupport_c.cpython-310-x86_64-linux-gnu.so[0m
[2.074s] [100%] [32m[1mLinking C shared library rosidl_generator_py/control_framework_interfaces/control_framework_interfaces_s__rosidl_typesupport_fastrtps_c.cpython-310-x86_64-linux-gnu.so[0m
[2.086s] [100%] Built target control_framework_interfaces__rosidl_typesupport_introspection_c__pyext
[2.089s] [100%] Built target control_framework_interfaces__rosidl_typesupport_c__pyext
[2.095s] [100%] Built target control_framework_interfaces__rosidl_typesupport_fastrtps_c__pyext
[2.102s] Invoked command in '/home/dakota/.local/repos/control_framework/build/control_framework_interfaces' returned '0': CMAKE_PREFIX_PATH=${CMAKE_PREFIX_PATH}:/opt/ros/humble /usr/bin/cmake --build /home/dakota/.local/repos/control_framework/build/control_framework_interfaces -- -j28 -l28
[2.103s] Invoking command in '/home/dakota/.local/repos/control_framework/build/control_framework_interfaces': CMAKE_PREFIX_PATH=${CMAKE_PREFIX_PATH}:/opt/ros/humble /usr/bin/cmake --install /home/dakota/.local/repos/control_framework/build/control_framework_interfaces
[2.107s] -- Install configuration: ""
[2.107s] -- Installing: /home/dakota/.local/repos/control_framework/install/control_framework_interfaces/share/ament_index/resource_index/rosidl_interfaces/control_framework_interfaces
[2.107s] -- Installing: /home/dakota/.local/repos/control_framework/install/control_framework_interfaces/include/control_framework_interfaces/control_framework_interfaces
[2.108s] -- Installing: /home/dakota/.local/repos/control_framework/install/control_framework_interfaces/include/control_framework_interfaces/control_framework_interfaces/srv
[2.108s] -- Installing: /home/dakota/.local/repos/control_framework/install/control_framework_interfaces/include/control_framework_interfaces/control_framework_interfaces/srv/detail
[2.108s] -- Installing: /home/dakota/.local/repos/control_framework/install/control_framework_interfaces/include/control_framework_interfaces/control_framework_interfaces/srv/detail/init_state__functions.h
[2.108s] -- Installing: /home/dakota/.local/repos/control_framework/install/control_framework_interfaces/include/control_framework_interfaces/control_framework_interfaces/srv/detail/reset_record__functions.h
[2.108s] -- Installing: /home/dakota/.local/repos/control_framework/install/control_framework_interfaces/include/control_framework_interfaces/control_framework_interfaces/srv/detail/reset_record__functions.c
[2.108s] -- Installing: /home/dakota/.local/repos/control_framework/install/control_framework_interfaces/include/control_framework_interfaces/control_framework_interfaces/srv/detail/init_state__struct.h
[2.108s] -- Installing: /home/dakota/.local/repos/control_framework/install/control_framework_interfaces/include/control_framework_interfaces/control_framework_interfaces/srv/detail/reset_record__struct.h
[2.108s] -- Installing: /home/dakota/.local/repos/control_framework/install/control_framework_interfaces/include/control_framework_interfaces/control_framework_interfaces/srv/detail/init_state__functions.c
[2.108s] -- Installing: /home/dakota/.local/repos/control_framework/install/control_framework_interfaces/include/control_framework_interfaces/control_framework_interfaces/srv/detail/init_state__type_support.h
[2.108s] -- Installing: /home/dakota/.local/repos/control_framework/install/control_framework_interfaces/include/control_framework_interfaces/control_framework_interfaces/srv/detail/reset_record__type_support.h
[2.108s] -- Installing: /home/dakota/.local/repos/control_framework/install/control_framework_interfaces/include/control_framework_interfaces/control_framework_interfaces/srv/reset_record.h
[2.108s] -- Installing: /home/dakota/.local/repos/control_framework/install/control_framework_interfaces/include/control_framework_interfaces/control_framework_interfaces/srv/init_state.h
[2.108s] -- Installing: /home/dakota/.local/repos/control_framework/install/control_framework_interfaces/include/control_framework_interfaces/control_framework_interfaces/msg
[2.108s] -- Installing: /home/dakota/.local/repos/control_framework/install/control_framework_interfaces/include/control_framework_interfaces/control_framework_interfaces/msg/control_input.h
[2.108s] -- Installing: /home/dakota/.local/repos/control_framework/install/control_framework_interfaces/include/control_framework_interfaces/control_framework_interfaces/msg/detail
[2.108s] -- Installing: /home/dakota/.local/repos/control_framework/install/control_framework_interfaces/include/control_framework_interfaces/control_framework_interfaces/msg/detail/joint_state__struct.h
[2.108s] -- Installing: /home/dakota/.local/repos/control_framework/install/control_framework_interfaces/include/control_framework_interfaces/control_framework_interfaces/msg/detail/control_input__struct.h
[2.108s] -- Installing: /home/dakota/.local/repos/control_framework/install/control_framework_interfaces/include/control_framework_interfaces/control_framework_interfaces/msg/detail/control_input__functions.h
[2.108s] -- Installing: /home/dakota/.local/repos/control_framework/install/control_framework_interfaces/include/control_framework_interfaces/control_framework_interfaces/msg/detail/joint_state__type_support.h
[2.108s] -- Installing: /home/dakota/.local/repos/control_framework/install/control_framework_interfaces/include/control_framework_interfaces/control_framework_interfaces/msg/detail/joint_state__functions.c
[2.108s] -- Installing: /home/dakota/.local/repos/control_framework/install/control_framework_interfaces/include/control_framework_interfaces/control_framework_interfaces/msg/detail/control_input__type_support.h
[2.108s] -- Installing: /home/dakota/.local/repos/control_framework/install/control_framework_interfaces/include/control_framework_interfaces/control_framework_interfaces/msg/detail/control_input__functions.c
[2.108s] -- Installing: /home/dakota/.local/repos/control_framework/install/control_framework_interfaces/include/control_framework_interfaces/control_framework_interfaces/msg/detail/joint_state__functions.h
[2.108s] -- Installing: /home/dakota/.local/repos/control_framework/install/control_framework_interfaces/include/control_framework_interfaces/control_framework_interfaces/msg/joint_state.h
[2.108s] -- Installing: /home/dakota/.local/repos/control_framework/install/control_framework_interfaces/include/control_framework_interfaces/control_framework_interfaces/msg/rosidl_generator_c__visibility_control.h
[2.108s] -- Installing: /home/dakota/.local/repos/control_framework/install/control_framework_interfaces/share/control_framework_interfaces/environment/library_path.sh
[2.108s] -- Installing: /home/dakota/.local/repos/control_framework/install/control_framework_interfaces/share/control_framework_interfaces/environment/library_path.dsv
[2.109s] -- Installing: /home/dakota/.local/repos/control_framework/install/control_framework_interfaces/lib/libcontrol_framework_interfaces__rosidl_generator_c.so
[2.109s] -- Set runtime path of "/home/dakota/.local/repos/control_framework/install/control_framework_interfaces/lib/libcontrol_framework_interfaces__rosidl_generator_c.so" to ""
[2.109s] -- Up-to-date: /home/dakota/.local/repos/control_framework/install/control_framework_interfaces/include/control_framework_interfaces/control_framework_interfaces
[2.109s] -- Up-to-date: /home/dakota/.local/repos/control_framework/install/control_framework_interfaces/include/control_framework_interfaces/control_framework_interfaces/srv
[2.109s] -- Up-to-date: /home/dakota/.local/repos/control_framework/install/control_framework_interfaces/include/control_framework_interfaces/control_framework_interfaces/srv/detail
[2.109s] -- Installing: /home/dakota/.local/repos/control_framework/install/control_framework_interfaces/include/control_framework_interfaces/control_framework_interfaces/srv/detail/reset_record__rosidl_typesupport_fastrtps_c.h
[2.109s] -- Installing: /home/dakota/.local/repos/control_framework/install/control_framework_interfaces/include/control_framework_interfaces/control_framework_interfaces/srv/detail/init_state__rosidl_typesupport_fastrtps_c.h
[2.109s] -- Up-to-date: /home/dakota/.local/repos/control_framework/install/control_framework_interfaces/include/control_framework_interfaces/control_framework_interfaces/msg
[2.109s] -- Up-to-date: /home/dakota/.local/repos/control_framework/install/control_framework_interfaces/include/control_framework_interfaces/control_framework_interfaces/msg/detail
[2.109s] -- Installing: /home/dakota/.local/repos/control_framework/install/control_framework_interfaces/include/control_framework_interfaces/control_framework_interfaces/msg/detail/joint_state__rosidl_typesupport_fastrtps_c.h
[2.109s] -- Installing: /home/dakota/.local/repos/control_framework/install/control_framework_interfaces/include/control_framework_interfaces/control_framework_interfaces/msg/detail/control_input__rosidl_typesupport_fastrtps_c.h
[2.109s] -- Installing: /home/dakota/.local/repos/control_framework/install/control_framework_interfaces/include/control_framework_interfaces/control_framework_interfaces/msg/rosidl_typesupport_fastrtps_c__visibility_control.h
[2.109s] -- Installing: /home/dakota/.local/repos/control_framework/install/control_framework_interfaces/lib/libcontrol_framework_interfaces__rosidl_typesupport_fastrtps_c.so
[2.109s] -- Set runtime path of "/home/dakota/.local/repos/control_framework/install/control_framework_interfaces/lib/libcontrol_framework_interfaces__rosidl_typesupport_fastrtps_c.so" to ""
[2.109s] -- Up-to-date: /home/dakota/.local/repos/control_framework/install/control_framework_interfaces/include/control_framework_interfaces/control_framework_interfaces
[2.109s] -- Up-to-date: /home/dakota/.local/repos/control_framework/install/control_framework_interfaces/include/control_framework_interfaces/control_framework_interfaces/srv
[2.109s] -- Up-to-date: /home/dakota/.local/repos/control_framework/install/control_framework_interfaces/include/control_framework_interfaces/control_framework_interfaces/srv/detail
[2.109s] -- Installing: /home/dakota/.local/repos/control_framework/install/control_framework_interfaces/include/control_framework_interfaces/control_framework_interfaces/srv/detail/reset_record__rosidl_typesupport_introspection_c.h
[2.109s] -- Installing: /home/dakota/.local/repos/control_framework/install/control_framework_interfaces/include/control_framework_interfaces/control_framework_interfaces/srv/detail/init_state__rosidl_typesupport_introspection_c.h
[2.109s] -- Installing: /home/dakota/.local/repos/control_framework/install/control_framework_interfaces/include/control_framework_interfaces/control_framework_interfaces/srv/detail/init_state__type_support.c
[2.109s] -- Installing: /home/dakota/.local/repos/control_framework/install/control_framework_interfaces/include/control_framework_interfaces/control_framework_interfaces/srv/detail/reset_record__type_support.c
[2.109s] -- Up-to-date: /home/dakota/.local/repos/control_framework/install/control_framework_interfaces/include/control_framework_interfaces/control_framework_interfaces/msg
[2.109s] -- Up-to-date: /home/dakota/.local/repos/control_framework/install/control_framework_interfaces/include/control_framework_interfaces/control_framework_interfaces/msg/detail
[2.109s] -- Installing: /home/dakota/.local/repos/control_framework/install/control_framework_interfaces/include/control_framework_interfaces/control_framework_interfaces/msg/detail/control_input__rosidl_typesupport_introspection_c.h
[2.109s] -- Installing: /home/dakota/.local/repos/control_framework/install/control_framework_interfaces/include/control_framework_interfaces/control_framework_interfaces/msg/detail/joint_state__type_support.c
[2.109s] -- Installing: /home/dakota/.local/repos/control_framework/install/control_framework_interfaces/include/control_framework_interfaces/control_framework_interfaces/msg/detail/joint_state__rosidl_typesupport_introspection_c.h
[2.110s] -- Installing: /home/dakota/.local/repos/control_framework/install/control_framework_interfaces/include/control_framework_interfaces/control_framework_interfaces/msg/detail/control_input__type_support.c
[2.110s] -- Installing: /home/dakota/.local/repos/control_framework/install/control_framework_interfaces/include/control_framework_interfaces/control_framework_interfaces/msg/rosidl_typesupport_introspection_c__visibility_control.h
[2.110s] -- Installing: /home/dakota/.local/repos/control_framework/install/control_framework_interfaces/lib/libcontrol_framework_interfaces__rosidl_typesupport_introspection_c.so
[2.110s] -- Set runtime path of "/home/dakota/.local/repos/control_framework/install/control_framework_interfaces/lib/libcontrol_framework_interfaces__rosidl_typesupport_introspection_c.so" to ""
[2.110s] -- Installing: /home/dakota/.local/repos/control_framework/install/control_framework_interfaces/lib/libcontrol_framework_interfaces__rosidl_typesupport_c.so
[2.110s] -- Set runtime path of "/home/dakota/.local/repos/control_framework/install/control_framework_interfaces/lib/libcontrol_framework_interfaces__rosidl_typesupport_c.so" to ""
[2.110s] -- Up-to-date: /home/dakota/.local/repos/control_framework/install/control_framework_interfaces/include/control_framework_interfaces/control_framework_interfaces
[2.110s] -- Up-to-date: /home/dakota/.local/repos/control_framework/install/control_framework_interfaces/include/control_framework_interfaces/control_framework_interfaces/srv
[2.110s] -- Up-to-date: /home/dakota/.local/repos/control_framework/install/control_framework_interfaces/include/control_framework_interfaces/control_framework_interfaces/srv/detail
[2.110s] -- Installing: /home/dakota/.local/repos/control_framework/install/control_framework_interfaces/include/control_framework_interfaces/control_framework_interfaces/srv/detail/reset_record__traits.hpp
[2.110s] -- Installing: /home/dakota/.local/repos/control_framework/install/control_framework_interfaces/include/control_framework_interfaces/control_framework_interfaces/srv/detail/init_state__traits.hpp
[2.110s] -- Installing: /home/dakota/.local/repos/control_framework/install/control_framework_interfaces/include/control_framework_interfaces/control_framework_interfaces/srv/detail/reset_record__builder.hpp
[2.110s] -- Installing: /home/dakota/.local/repos/control_framework/install/control_framework_interfaces/include/control_framework_interfaces/control_framework_interfaces/srv/detail/reset_record__struct.hpp
[2.110s] -- Installing: /home/dakota/.local/repos/control_framework/install/control_framework_interfaces/include/control_framework_interfaces/control_framework_interfaces/srv/detail/init_state__type_support.hpp
[2.110s] -- Installing: /home/dakota/.local/repos/control_framework/install/control_framework_interfaces/include/control_framework_interfaces/control_framework_interfaces/srv/detail/init_state__builder.hpp
[2.110s] -- Installing: /home/dakota/.local/repos/control_framework/install/control_framework_interfaces/include/control_framework_interfaces/control_framework_interfaces/srv/detail/init_state__struct.hpp
[2.110s] -- Installing: /home/dakota/.local/repos/control_framework/install/control_framework_interfaces/include/control_framework_interfaces/control_framework_interfaces/srv/detail/reset_record__type_support.hpp
[2.110s] -- Installing: /home/dakota/.local/repos/control_framework/install/control_framework_interfaces/include/control_framework_interfaces/control_framework_interfaces/srv/init_state.hpp
[2.110s] -- Installing: /home/dakota/.local/repos/control_framework/install/control_framework_interfaces/include/control_framework_interfaces/control_framework_interfaces/srv/reset_record.hpp
[2.110s] -- Up-to-date: /home/dakota/.local/repos/control_framework/install/control_framework_interfaces/include/control_framework_interfaces/control_framework_interfaces/msg
[2.110s] -- Installing: /home/dakota/.local/repos/control_framework/install/control_framework_interfaces/include/control_framework_interfaces/control_framework_interfaces/msg/rosidl_generator_cpp__visibility_control.hpp
[2.110s] -- Up-to-date: /home/dakota/.local/repos/control_framework/install/control_framework_interfaces/include/control_framework_interfaces/control_framework_interfaces/msg/detail
[2.110s] -- Installing: /home/dakota/.local/repos/control_framework/install/control_framework_interfaces/include/control_framework_interfaces/control_framework_interfaces/msg/detail/joint_state__type_support.hpp
[2.110s] -- Installing: /home/dakota/.local/repos/control_framework/install/control_framework_interfaces/include/control_framework_interfaces/control_framework_interfaces/msg/detail/joint_state__traits.hpp
[2.110s] -- Installing: /home/dakota/.local/repos/control_framework/install/control_framework_interfaces/include/control_framework_interfaces/control_framework_interfaces/msg/detail/control_input__struct.hpp
[2.110s] -- Installing: /home/dakota/.local/repos/control_framework/install/control_framework_interfaces/include/control_framework_interfaces/control_framework_interfaces/msg/detail/joint_state__struct.hpp
[2.110s] -- Installing: /home/dakota/.local/repos/control_framework/install/control_framework_interfaces/include/control_framework_interfaces/control_framework_interfaces/msg/detail/control_input__type_support.hpp
[2.111s] -- Installing: /home/dakota/.local/repos/control_framework/install/control_framework_interfaces/include/control_framework_interfaces/control_framework_interfaces/msg/detail/joint_state__builder.hpp
[2.111s] -- Installing: /home/dakota/.local/repos/control_framework/install/control_framework_interfaces/include/control_framework_interfaces/control_framework_interfaces/msg/detail/control_input__traits.hpp
[2.111s] -- Installing: /home/dakota/.local/repos/control_framework/install/control_framework_interfaces/include/control_framework_interfaces/control_framework_interfaces/msg/detail/control_input__builder.hpp
[2.111s] -- Installing: /home/dakota/.local/repos/control_framework/install/control_framework_interfaces/include/control_framework_interfaces/control_framework_interfaces/msg/control_input.hpp
[2.111s] -- Installing: /home/dakota/.local/repos/control_framework/install/control_framework_interfaces/include/control_framework_interfaces/control_framework_interfaces/msg/joint_state.hpp
[2.111s] -- Up-to-date: /home/dakota/.local/repos/control_framework/install/control_framework_interfaces/include/control_framework_interfaces/control_framework_interfaces
[2.111s] -- Up-to-date: /home/dakota/.local/repos/control_framework/install/control_framework_interfaces/include/control_framework_interfaces/control_framework_interfaces/srv
[2.111s] -- Up-to-date: /home/dakota/.local/repos/control_framework/install/control_framework_interfaces/include/control_framework_interfaces/control_framework_interfaces/srv/detail
[2.111s] -- Installing: /home/dakota/.local/repos/control_framework/install/control_framework_interfaces/include/control_framework_interfaces/control_framework_interfaces/srv/detail/init_state__rosidl_typesupport_fastrtps_cpp.hpp
[2.111s] -- Installing: /home/dakota/.local/repos/control_framework/install/control_framework_interfaces/include/control_framework_interfaces/control_framework_interfaces/srv/detail/dds_fastrtps
[2.111s] -- Installing: /home/dakota/.local/repos/control_framework/install/control_framework_interfaces/include/control_framework_interfaces/control_framework_interfaces/srv/detail/reset_record__rosidl_typesupport_fastrtps_cpp.hpp
[2.111s] -- Up-to-date: /home/dakota/.local/repos/control_framework/install/control_framework_interfaces/include/control_framework_interfaces/control_framework_interfaces/msg
[2.111s] -- Up-to-date: /home/dakota/.local/repos/control_framework/install/control_framework_interfaces/include/control_framework_interfaces/control_framework_interfaces/msg/detail
[2.111s] -- Installing: /home/dakota/.local/repos/control_framework/install/control_framework_interfaces/include/control_framework_interfaces/control_framework_interfaces/msg/detail/dds_fastrtps
[2.111s] -- Installing: /home/dakota/.local/repos/control_framework/install/control_framework_interfaces/include/control_framework_interfaces/control_framework_interfaces/msg/detail/control_input__rosidl_typesupport_fastrtps_cpp.hpp
[2.111s] -- Installing: /home/dakota/.local/repos/control_framework/install/control_framework_interfaces/include/control_framework_interfaces/control_framework_interfaces/msg/detail/joint_state__rosidl_typesupport_fastrtps_cpp.hpp
[2.111s] -- Installing: /home/dakota/.local/repos/control_framework/install/control_framework_interfaces/include/control_framework_interfaces/control_framework_interfaces/msg/rosidl_typesupport_fastrtps_cpp__visibility_control.h
[2.111s] -- Installing: /home/dakota/.local/repos/control_framework/install/control_framework_interfaces/lib/libcontrol_framework_interfaces__rosidl_typesupport_fastrtps_cpp.so
[2.111s] -- Set runtime path of "/home/dakota/.local/repos/control_framework/install/control_framework_interfaces/lib/libcontrol_framework_interfaces__rosidl_typesupport_fastrtps_cpp.so" to ""
[2.111s] -- Up-to-date: /home/dakota/.local/repos/control_framework/install/control_framework_interfaces/include/control_framework_interfaces/control_framework_interfaces
[2.111s] -- Up-to-date: /home/dakota/.local/repos/control_framework/install/control_framework_interfaces/include/control_framework_interfaces/control_framework_interfaces/srv
[2.111s] -- Up-to-date: /home/dakota/.local/repos/control_framework/install/control_framework_interfaces/include/control_framework_interfaces/control_framework_interfaces/srv/detail
[2.111s] -- Installing: /home/dakota/.local/repos/control_framework/install/control_framework_interfaces/include/control_framework_interfaces/control_framework_interfaces/srv/detail/reset_record__type_support.cpp
[2.111s] -- Installing: /home/dakota/.local/repos/control_framework/install/control_framework_interfaces/include/control_framework_interfaces/control_framework_interfaces/srv/detail/reset_record__rosidl_typesupport_introspection_cpp.hpp
[2.111s] -- Installing: /home/dakota/.local/repos/control_framework/install/control_framework_interfaces/include/control_framework_interfaces/control_framework_interfaces/srv/detail/init_state__rosidl_typesupport_introspection_cpp.hpp
[2.111s] -- Installing: /home/dakota/.local/repos/control_framework/install/control_framework_interfaces/include/control_framework_interfaces/control_framework_interfaces/srv/detail/init_state__type_support.cpp
[2.111s] -- Up-to-date: /home/dakota/.local/repos/control_framework/install/control_framework_interfaces/include/control_framework_interfaces/control_framework_interfaces/msg
[2.111s] -- Up-to-date: /home/dakota/.local/repos/control_framework/install/control_framework_interfaces/include/control_framework_interfaces/control_framework_interfaces/msg/detail
[2.111s] -- Installing: /home/dakota/.local/repos/control_framework/install/control_framework_interfaces/include/control_framework_interfaces/control_framework_interfaces/msg/detail/control_input__rosidl_typesupport_introspection_cpp.hpp
[2.111s] -- Installing: /home/dakota/.local/repos/control_framework/install/control_framework_interfaces/include/control_framework_interfaces/control_framework_interfaces/msg/detail/joint_state__type_support.cpp
[2.111s] -- Installing: /home/dakota/.local/repos/control_framework/install/control_framework_interfaces/include/control_framework_interfaces/control_framework_interfaces/msg/detail/joint_state__rosidl_typesupport_introspection_cpp.hpp
[2.112s] -- Installing: /home/dakota/.local/repos/control_framework/install/control_framework_interfaces/include/control_framework_interfaces/control_framework_interfaces/msg/detail/control_input__type_support.cpp
[2.112s] -- Installing: /home/dakota/.local/repos/control_framework/install/control_framework_interfaces/lib/libcontrol_framework_interfaces__rosidl_typesupport_introspection_cpp.so
[2.112s] -- Set runtime path of "/home/dakota/.local/repos/control_framework/install/control_framework_interfaces/lib/libcontrol_framework_interfaces__rosidl_typesupport_introspection_cpp.so" to ""
[2.112s] -- Installing: /home/dakota/.local/repos/control_framework/install/control_framework_interfaces/lib/libcontrol_framework_interfaces__rosidl_typesupport_cpp.so
[2.112s] -- Set runtime path of "/home/dakota/.local/repos/control_framework/install/control_framework_interfaces/lib/libcontrol_framework_interfaces__rosidl_typesupport_cpp.so" to ""
[2.112s] -- Installing: /home/dakota/.local/repos/control_framework/install/control_framework_interfaces/share/control_framework_interfaces/environment/pythonpath.sh
[2.112s] -- Installing: /home/dakota/.local/repos/control_framework/install/control_framework_interfaces/share/control_framework_interfaces/environment/pythonpath.dsv
[2.112s] -- Installing: /home/dakota/.local/repos/control_framework/install/control_framework_interfaces/local/lib/python3.10/dist-packages/control_framework_interfaces-0.0.0-py3.10.egg-info
[2.112s] -- Installing: /home/dakota/.local/repos/control_framework/install/control_framework_interfaces/local/lib/python3.10/dist-packages/control_framework_interfaces-0.0.0-py3.10.egg-info/PKG-INFO
[2.112s] -- Installing: /home/dakota/.local/repos/control_framework/install/control_framework_interfaces/local/lib/python3.10/dist-packages/control_framework_interfaces-0.0.0-py3.10.egg-info/top_level.txt
[2.112s] -- Installing: /home/dakota/.local/repos/control_framework/install/control_framework_interfaces/local/lib/python3.10/dist-packages/control_framework_interfaces-0.0.0-py3.10.egg-info/dependency_links.txt
[2.112s] -- Installing: /home/dakota/.local/repos/control_framework/install/control_framework_interfaces/local/lib/python3.10/dist-packages/control_framework_interfaces-0.0.0-py3.10.egg-info/SOURCES.txt
[2.112s] -- Installing: /home/dakota/.local/repos/control_framework/install/control_framework_interfaces/local/lib/python3.10/dist-packages/control_framework_interfaces
[2.112s] -- Installing: /home/dakota/.local/repos/control_framework/install/control_framework_interfaces/local/lib/python3.10/dist-packages/control_framework_interfaces/_control_framework_interfaces_s.ep.rosidl_typesupport_introspection_c.c
[2.112s] -- Installing: /home/dakota/.local/repos/control_framework/install/control_framework_interfaces/local/lib/python3.10/dist-packages/control_framework_interfaces/srv
[2.112s] -- Installing: /home/dakota/.local/repos/control_framework/install/control_framework_interfaces/local/lib/python3.10/dist-packages/control_framework_interfaces/srv/_reset_record.py
[2.112s] -- Installing: /home/dakota/.local/repos/control_framework/install/control_framework_interfaces/local/lib/python3.10/dist-packages/control_framework_interfaces/srv/_reset_record_s.c
[2.112s] -- Installing: /home/dakota/.local/repos/control_framework/install/control_framework_interfaces/local/lib/python3.10/dist-packages/control_framework_interfaces/srv/__init__.py
[2.112s] -- Installing: /home/dakota/.local/repos/control_framework/install/control_framework_interfaces/local/lib/python3.10/dist-packages/control_framework_interfaces/srv/_init_state_s.c
[2.112s] -- Installing: /home/dakota/.local/repos/control_framework/install/control_framework_interfaces/local/lib/python3.10/dist-packages/control_framework_interfaces/srv/_init_state.py
[2.112s] -- Installing: /home/dakota/.local/repos/control_framework/install/control_framework_interfaces/local/lib/python3.10/dist-packages/control_framework_interfaces/control_framework_interfaces_s__rosidl_typesupport_fastrtps_c.cpython-310-x86_64-linux-gnu.so
[2.112s] -- Installing: /home/dakota/.local/repos/control_framework/install/control_framework_interfaces/local/lib/python3.10/dist-packages/control_framework_interfaces/libcontrol_framework_interfaces__rosidl_generator_py.so
[2.112s] -- Installing: /home/dakota/.local/repos/control_framework/install/control_framework_interfaces/local/lib/python3.10/dist-packages/control_framework_interfaces/control_framework_interfaces_s__rosidl_typesupport_introspection_c.cpython-310-x86_64-linux-gnu.so
[2.112s] -- Installing: /home/dakota/.local/repos/control_framework/install/control_framework_interfaces/local/lib/python3.10/dist-packages/control_framework_interfaces/msg
[2.112s] -- Installing: /home/dakota/.local/repos/control_framework/install/control_framework_interfaces/local/lib/python3.10/dist-packages/control_framework_interfaces/msg/_joint_state.py
[2.113s] -- Installing: /home/dakota/.local/repos/control_framework/install/control_framework_interfaces/local/lib/python3.10/dist-packages/control_framework_interfaces/msg/_joint_state_s.c
[2.113s] -- Installing: /home/dakota/.local/repos/control_framework/install/control_framework_interfaces/local/lib/python3.10/dist-packages/control_framework_interfaces/msg/_control_input.py
[2.113s] -- Installing: /home/dakota/.local/repos/control_framework/install/control_framework_interfaces/local/lib/python3.10/dist-packages/control_framework_interfaces/msg/__init__.py
[2.113s] -- Installing: /home/dakota/.local/repos/control_framework/install/control_framework_interfaces/local/lib/python3.10/dist-packages/control_framework_interfaces/msg/_control_input_s.c
[2.113s] -- Installing: /home/dakota/.local/repos/control_framework/install/control_framework_interfaces/local/lib/python3.10/dist-packages/control_framework_interfaces/control_framework_interfaces_s__rosidl_typesupport_c.cpython-310-x86_64-linux-gnu.so
[2.113s] -- Installing: /home/dakota/.local/repos/control_framework/install/control_framework_interfaces/local/lib/python3.10/dist-packages/control_framework_interfaces/__init__.py
[2.113s] -- Installing: /home/dakota/.local/repos/control_framework/install/control_framework_interfaces/local/lib/python3.10/dist-packages/control_framework_interfaces/_control_framework_interfaces_s.ep.rosidl_typesupport_c.c
[2.113s] -- Installing: /home/dakota/.local/repos/control_framework/install/control_framework_interfaces/local/lib/python3.10/dist-packages/control_framework_interfaces/_control_framework_interfaces_s.ep.rosidl_typesupport_fastrtps_c.c
[2.133s] Listing '/home/dakota/.local/repos/control_framework/install/control_framework_interfaces/local/lib/python3.10/dist-packages/control_framework_interfaces'...
[2.133s] Compiling '/home/dakota/.local/repos/control_framework/install/control_framework_interfaces/local/lib/python3.10/dist-packages/control_framework_interfaces/__init__.py'...
[2.133s] Listing '/home/dakota/.local/repos/control_framework/install/control_framework_interfaces/local/lib/python3.10/dist-packages/control_framework_interfaces/msg'...
[2.133s] Compiling '/home/dakota/.local/repos/control_framework/install/control_framework_interfaces/local/lib/python3.10/dist-packages/control_framework_interfaces/msg/__init__.py'...
[2.133s] Compiling '/home/dakota/.local/repos/control_framework/install/control_framework_interfaces/local/lib/python3.10/dist-packages/control_framework_interfaces/msg/_control_input.py'...
[2.133s] Compiling '/home/dakota/.local/repos/control_framework/install/control_framework_interfaces/local/lib/python3.10/dist-packages/control_framework_interfaces/msg/_joint_state.py'...
[2.133s] Listing '/home/dakota/.local/repos/control_framework/install/control_framework_interfaces/local/lib/python3.10/dist-packages/control_framework_interfaces/srv'...
[2.133s] Compiling '/home/dakota/.local/repos/control_framework/install/control_framework_interfaces/local/lib/python3.10/dist-packages/control_framework_interfaces/srv/__init__.py'...
[2.133s] Compiling '/home/dakota/.local/repos/control_framework/install/control_framework_interfaces/local/lib/python3.10/dist-packages/control_framework_interfaces/srv/_init_state.py'...
[2.133s] Compiling '/home/dakota/.local/repos/control_framework/install/control_framework_interfaces/local/lib/python3.10/dist-packages/control_framework_interfaces/srv/_reset_record.py'...
[2.135s] -- Installing: /home/dakota/.local/repos/control_framework/install/control_framework_interfaces/local/lib/python3.10/dist-packages/control_framework_interfaces/control_framework_interfaces_s__rosidl_typesupport_fastrtps_c.cpython-310-x86_64-linux-gnu.so
[2.135s] -- Set runtime path of "/home/dakota/.local/repos/control_framework/install/control_framework_interfaces/local/lib/python3.10/dist-packages/control_framework_interfaces/control_framework_interfaces_s__rosidl_typesupport_fastrtps_c.cpython-310-x86_64-linux-gnu.so" to ""
[2.135s] -- Installing: /home/dakota/.local/repos/control_framework/install/control_framework_interfaces/local/lib/python3.10/dist-packages/control_framework_interfaces/control_framework_interfaces_s__rosidl_typesupport_introspection_c.cpython-310-x86_64-linux-gnu.so
[2.136s] -- Set runtime path of "/home/dakota/.local/repos/control_framework/install/control_framework_interfaces/local/lib/python3.10/dist-packages/control_framework_interfaces/control_framework_interfaces_s__rosidl_typesupport_introspection_c.cpython-310-x86_64-linux-gnu.so" to ""
[2.136s] -- Installing: /home/dakota/.local/repos/control_framework/install/control_framework_interfaces/local/lib/python3.10/dist-packages/control_framework_interfaces/control_framework_interfaces_s__rosidl_typesupport_c.cpython-310-x86_64-linux-gnu.so
[2.136s] -- Set runtime path of "/home/dakota/.local/repos/control_framework/install/control_framework_interfaces/local/lib/python3.10/dist-packages/control_framework_interfaces/control_framework_interfaces_s__rosidl_typesupport_c.cpython-310-x86_64-linux-gnu.so" to ""
[2.136s] -- Installing: /home/dakota/.local/repos/control_framework/install/control_framework_interfaces/lib/libcontrol_framework_interfaces__rosidl_generator_py.so
[2.136s] -- Set runtime path of "/home/dakota/.local/repos/control_framework/install/control_framework_interfaces/lib/libcontrol_framework_interfaces__rosidl_generator_py.so" to ""
[2.136s] -- Installing: /home/dakota/.local/repos/control_framework/install/control_framework_interfaces/share/ament_index/resource_index/rust_packages/control_framework_interfaces
[2.136s] -- Installing: /home/dakota/.local/repos/control_framework/install/control_framework_interfaces/share/control_framework_interfaces/rust
[2.136s] -- Installing: /home/dakota/.local/repos/control_framework/install/control_framework_interfaces/share/control_framework_interfaces/rust/src
[2.136s] -- Installing: /home/dakota/.local/repos/control_framework/install/control_framework_interfaces/share/control_framework_interfaces/rust/src/lib.rs
[2.136s] -- Installing: /home/dakota/.local/repos/control_framework/install/control_framework_interfaces/share/control_framework_interfaces/rust/src/srv
[2.136s] -- Installing: /home/dakota/.local/repos/control_framework/install/control_framework_interfaces/share/control_framework_interfaces/rust/src/srv/rmw.rs
[2.136s] -- Installing: /home/dakota/.local/repos/control_framework/install/control_framework_interfaces/share/control_framework_interfaces/rust/src/srv.rs
[2.136s] -- Installing: /home/dakota/.local/repos/control_framework/install/control_framework_interfaces/share/control_framework_interfaces/rust/src/msg
[2.136s] -- Installing: /home/dakota/.local/repos/control_framework/install/control_framework_interfaces/share/control_framework_interfaces/rust/src/msg/rmw.rs
[2.136s] -- Installing: /home/dakota/.local/repos/control_framework/install/control_framework_interfaces/share/control_framework_interfaces/rust/src/msg.rs
[2.136s] -- Installing: /home/dakota/.local/repos/control_framework/install/control_framework_interfaces/share/control_framework_interfaces/rust/build.rs
[2.136s] -- Installing: /home/dakota/.local/repos/control_framework/install/control_framework_interfaces/share/control_framework_interfaces/rust/Cargo.toml
[2.136s] -- Installing: /home/dakota/.local/repos/control_framework/install/control_framework_interfaces/share/control_framework_interfaces/msg/ControlInput.idl
[2.136s] -- Installing: /home/dakota/.local/repos/control_framework/install/control_framework_interfaces/share/control_framework_interfaces/msg/JointState.idl
[2.136s] -- Installing: /home/dakota/.local/repos/control_framework/install/control_framework_interfaces/share/control_framework_interfaces/srv/InitState.idl
[2.137s] -- Installing: /home/dakota/.local/repos/control_framework/install/control_framework_interfaces/share/control_framework_interfaces/srv/ResetRecord.idl
[2.137s] -- Installing: /home/dakota/.local/repos/control_framework/install/control_framework_interfaces/share/control_framework_interfaces/msg/ControlInput.msg
[2.137s] -- Installing: /home/dakota/.local/repos/control_framework/install/control_framework_interfaces/share/control_framework_interfaces/msg/JointState.msg
[2.137s] -- Installing: /home/dakota/.local/repos/control_framework/install/control_framework_interfaces/share/control_framework_interfaces/srv/InitState.srv
[2.137s] -- Installing: /home/dakota/.local/repos/control_framework/install/control_framework_interfaces/share/control_framework_interfaces/srv/InitState_Request.msg
[2.137s] -- Installing: /home/dakota/.local/repos/control_framework/install/control_framework_interfaces/share/control_framework_interfaces/srv/InitState_Response.msg
[2.137s] -- Installing: /home/dakota/.local/repos/control_framework/install/control_framework_interfaces/share/control_framework_interfaces/srv/ResetRecord.srv
[2.137s] -- Installing: /home/dakota/.local/repos/control_framework/install/control_framework_interfaces/share/control_framework_interfaces/srv/ResetRecord_Request.msg
[2.137s] -- Installing: /home/dakota/.local/repos/control_framework/install/control_framework_interfaces/share/control_framework_interfaces/srv/ResetRecord_Response.msg
[2.137s] -- Installing: /home/dakota/.local/repos/control_framework/install/control_framework_interfaces/share/ament_index/resource_index/package_run_dependencies/control_framework_interfaces
[2.137s] -- Installing: /home/dakota/.local/repos/control_framework/install/control_framework_interfaces/share/ament_index/resource_index/parent_prefix_path/control_framework_interfaces
[2.137s] -- Installing: /home/dakota/.local/repos/control_framework/install/control_framework_interfaces/share/control_framework_interfaces/environment/ament_prefix_path.sh
[2.137s] -- Installing: /home/dakota/.local/repos/control_framework/install/control_framework_interfaces/share/control_framework_interfaces/environment/ament_prefix_path.dsv
[2.137s] -- Installing: /home/dakota/.local/repos/control_framework/install/control_framework_interfaces/share/control_framework_interfaces/environment/path.sh
[2.137s] -- Installing: /home/dakota/.local/repos/control_framework/install/control_framework_interfaces/share/control_framework_interfaces/environment/path.dsv
[2.137s] -- Installing: /home/dakota/.local/repos/control_framework/install/control_framework_interfaces/share/control_framework_interfaces/local_setup.bash
[2.137s] -- Installing: /home/dakota/.local/repos/control_framework/install/control_framework_interfaces/share/control_framework_interfaces/local_setup.sh
[2.137s] -- Installing: /home/dakota/.local/repos/control_framework/install/control_framework_interfaces/share/control_framework_interfaces/local_setup.zsh
[2.137s] -- Installing: /home/dakota/.local/repos/control_framework/install/control_framework_interfaces/share/control_framework_interfaces/local_setup.dsv
[2.137s] -- Installing: /home/dakota/.local/repos/control_framework/install/control_framework_interfaces/share/control_framework_interfaces/package.dsv
[2.137s] -- Installing: /home/dakota/.local/repos/control_framework/install/control_framework_interfaces/share/ament_index/resource_index/packages/control_framework_interfaces
[2.137s] -- Installing: /home/dakota/.local/repos/control_framework/install/control_framework_interfaces/share/control_framework_interfaces/cmake/export_control_framework_interfaces__rosidl_generator_cExport.cmake
[2.137s] -- Installing: /home/dakota/.local/repos/control_framework/install/control_framework_interfaces/share/control_framework_interfaces/cmake/export_control_framework_interfaces__rosidl_generator_cExport-noconfig.cmake
[2.137s] -- Installing: /home/dakota/.local/repos/control_framework/install/control_framework_interfaces/share/control_framework_interfaces/cmake/export_control_framework_interfaces__rosidl_typesupport_fastrtps_cExport.cmake
[2.137s] -- Installing: /home/dakota/.local/repos/control_framework/install/control_framework_interfaces/share/control_framework_interfaces/cmake/export_control_framework_interfaces__rosidl_typesupport_fastrtps_cExport-noconfig.cmake
[2.138s] -- Installing: /home/dakota/.local/repos/control_framework/install/control_framework_interfaces/share/control_framework_interfaces/cmake/control_framework_interfaces__rosidl_typesupport_introspection_cExport.cmake
[2.138s] -- Installing: /home/dakota/.local/repos/control_framework/install/control_framework_interfaces/share/control_framework_interfaces/cmake/control_framework_interfaces__rosidl_typesupport_introspection_cExport-noconfig.cmake
[2.138s] -- Installing: /home/dakota/.local/repos/control_framework/install/control_framework_interfaces/share/control_framework_interfaces/cmake/control_framework_interfaces__rosidl_typesupport_cExport.cmake
[2.138s] -- Installing: /home/dakota/.local/repos/control_framework/install/control_framework_interfaces/share/control_framework_interfaces/cmake/control_framework_interfaces__rosidl_typesupport_cExport-noconfig.cmake
[2.138s] -- Installing: /home/dakota/.local/repos/control_framework/install/control_framework_interfaces/share/control_framework_interfaces/cmake/export_control_framework_interfaces__rosidl_generator_cppExport.cmake
[2.138s] -- Installing: /home/dakota/.local/repos/control_framework/install/control_framework_interfaces/share/control_framework_interfaces/cmake/export_control_framework_interfaces__rosidl_typesupport_fastrtps_cppExport.cmake
[2.138s] -- Installing: /home/dakota/.local/repos/control_framework/install/control_framework_interfaces/share/control_framework_interfaces/cmake/export_control_framework_interfaces__rosidl_typesupport_fastrtps_cppExport-noconfig.cmake
[2.138s] -- Installing: /home/dakota/.local/repos/control_framework/install/control_framework_interfaces/share/control_framework_interfaces/cmake/control_framework_interfaces__rosidl_typesupport_introspection_cppExport.cmake
[2.138s] -- Installing: /home/dakota/.local/repos/control_framework/install/control_framework_interfaces/share/control_framework_interfaces/cmake/control_framework_interfaces__rosidl_typesupport_introspection_cppExport-noconfig.cmake
[2.138s] -- Installing: /home/dakota/.local/repos/control_framework/install/control_framework_interfaces/share/control_framework_interfaces/cmake/control_framework_interfaces__rosidl_typesupport_cppExport.cmake
[2.138s] -- Installing: /home/dakota/.local/repos/control_framework/install/control_framework_interfaces/share/control_framework_interfaces/cmake/control_framework_interfaces__rosidl_typesupport_cppExport-noconfig.cmake
[2.138s] -- Installing: /home/dakota/.local/repos/control_framework/install/control_framework_interfaces/share/control_framework_interfaces/cmake/export_control_framework_interfaces__rosidl_generator_pyExport.cmake
[2.138s] -- Installing: /home/dakota/.local/repos/control_framework/install/control_framework_interfaces/share/control_framework_interfaces/cmake/export_control_framework_interfaces__rosidl_generator_pyExport-noconfig.cmake
[2.138s] -- Installing: /home/dakota/.local/repos/control_framework/install/control_framework_interfaces/share/control_framework_interfaces/cmake/rosidl_cmake-extras.cmake
[2.138s] -- Installing: /home/dakota/.local/repos/control_framework/install/control_framework_interfaces/share/control_framework_interfaces/cmake/ament_cmake_export_include_directories-extras.cmake
[2.138s] -- Installing: /home/dakota/.local/repos/control_framework/install/control_framework_interfaces/share/control_framework_interfaces/cmake/ament_cmake_export_libraries-extras.cmake
[2.138s] -- Installing: /home/dakota/.local/repos/control_framework/install/control_framework_interfaces/share/control_framework_interfaces/cmake/ament_cmake_export_targets-extras.cmake
[2.138s] -- Installing: /home/dakota/.local/repos/control_framework/install/control_framework_interfaces/share/control_framework_interfaces/cmake/rosidl_cmake_export_typesupport_targets-extras.cmake
[2.138s] -- Installing: /home/dakota/.local/repos/control_framework/install/control_framework_interfaces/share/control_framework_interfaces/cmake/ament_cmake_export_dependencies-extras.cmake
[2.138s] -- Installing: /home/dakota/.local/repos/control_framework/install/control_framework_interfaces/share/control_framework_interfaces/cmake/rosidl_cmake_export_typesupport_libraries-extras.cmake
[2.138s] -- Installing: /home/dakota/.local/repos/control_framework/install/control_framework_interfaces/share/control_framework_interfaces/cmake/control_framework_interfacesConfig.cmake
[2.139s] -- Installing: /home/dakota/.local/repos/control_framework/install/control_framework_interfaces/share/control_framework_interfaces/cmake/control_framework_interfacesConfig-version.cmake
[2.139s] -- Installing: /home/dakota/.local/repos/control_framework/install/control_framework_interfaces/share/control_framework_interfaces/package.xml
[2.140s] Invoked command in '/home/dakota/.local/repos/control_framework/build/control_framework_interfaces' returned '0': CMAKE_PREFIX_PATH=${CMAKE_PREFIX_PATH}:/opt/ros/humble /usr/bin/cmake --install /home/dakota/.local/repos/control_framework/build/control_framework_interfaces
