[0.004s] Invoking command in '/home/dakota/.local/repos/control_framework/build/controller': CMAKE_PREFIX_PATH=${CMAKE_PREFIX_PATH}:/opt/ros/humble /usr/bin/cmake /home/dakota/.local/repos/control_framework/src/controller -DCMAKE_INSTALL_PREFIX=/home/dakota/.local/repos/control_framework/install/controller
[0.042s] -- The C compiler identification is GNU 11.4.0
[0.073s] -- The CXX compiler identification is GNU 11.4.0
[0.078s] -- Detecting C compiler ABI info
[0.120s] -- Detecting C compiler ABI info - done
[0.123s] -- Check for working C compiler: /usr/bin/cc - skipped
[0.124s] -- Detecting C compile features
[0.124s] -- Detecting C compile features - done
[0.125s] -- Detecting CXX compiler ABI info
[0.169s] -- Detecting CXX compiler ABI info - done
[0.174s] -- Check for working CXX compiler: /usr/bin/c++ - skipped
[0.174s] -- Detecting CXX compile features
[0.174s] -- Detecting CXX compile features - done
[0.176s] -- Found ament_cmake: 1.3.14 (/opt/ros/humble/share/ament_cmake/cmake)
[0.260s] -- Found Python3: /usr/bin/python3 (found version "3.10.12") found components: Interpreter 
[0.300s] -- Found ament_lint_auto: 0.12.15 (/opt/ros/humble/share/ament_lint_auto/cmake)
[0.337s] -- Added test 'cppcheck' to perform static code analysis on C / C++ code
[0.337s] -- Configured cppcheck include dirs: 
[0.337s] -- Configured cppcheck exclude dirs and/or files: 
[0.337s] -- Added test 'lint_cmake' to check CMake code style
[0.338s] -- Added test 'uncrustify' to check C / C++ code style
[0.338s] -- Configured uncrustify additional arguments: 
[0.338s] -- Added test 'xmllint' to check XML markup files
[0.338s] -- Configuring done
[0.340s] -- Generating done
[0.341s] -- Build files have been written to: /home/dakota/.local/repos/control_framework/build/controller
[0.343s] Invoked command in '/home/dakota/.local/repos/control_framework/build/controller' returned '0': CMAKE_PREFIX_PATH=${CMAKE_PREFIX_PATH}:/opt/ros/humble /usr/bin/cmake /home/dakota/.local/repos/control_framework/src/controller -DCMAKE_INSTALL_PREFIX=/home/dakota/.local/repos/control_framework/install/controller
[0.345s] Invoking command in '/home/dakota/.local/repos/control_framework/build/controller': CMAKE_PREFIX_PATH=${CMAKE_PREFIX_PATH}:/opt/ros/humble /usr/bin/cmake --build /home/dakota/.local/repos/control_framework/build/controller -- -j28 -l28
[0.372s] [ 33%] [32mBuilding CXX object CMakeFiles/controller.dir/src/base_controller.cpp.o[0m
[0.372s] [ 66%] [32mBuilding CXX object CMakeFiles/controller.dir/src/controllers.cpp.o[0m
[0.489s] [100%] [32m[1mLinking CXX static library libcontroller.a[0m
[0.508s] [100%] Built target controller
[0.515s] Invoked command in '/home/dakota/.local/repos/control_framework/build/controller' returned '0': CMAKE_PREFIX_PATH=${CMAKE_PREFIX_PATH}:/opt/ros/humble /usr/bin/cmake --build /home/dakota/.local/repos/control_framework/build/controller -- -j28 -l28
[0.522s] Invoking command in '/home/dakota/.local/repos/control_framework/build/controller': CMAKE_PREFIX_PATH=${CMAKE_PREFIX_PATH}:/opt/ros/humble /usr/bin/cmake --install /home/dakota/.local/repos/control_framework/build/controller
[0.527s] -- Install configuration: ""
[0.527s] -- Installing: /home/dakota/.local/repos/control_framework/install/controller/include
[0.527s] -- Installing: /home/dakota/.local/repos/control_framework/install/controller/include/controller
[0.527s] -- Installing: /home/dakota/.local/repos/control_framework/install/controller/include/controller/controllers.hpp
[0.527s] -- Installing: /home/dakota/.local/repos/control_framework/install/controller/include/controller/base_controller.hpp
[0.527s] -- Installing: /home/dakota/.local/repos/control_framework/install/controller/share/controller/config
[0.527s] -- Installing: /home/dakota/.local/repos/control_framework/install/controller/share/controller/config/cart_pole
[0.528s] -- Installing: /home/dakota/.local/repos/control_framework/install/controller/share/controller/config/cart_pole/pid.yaml
[0.528s] -- Installing: /home/dakota/.local/repos/control_framework/install/controller/share/controller/config/cart_pole/lqr.yaml
[0.528s] -- Installing: /home/dakota/.local/repos/control_framework/install/controller/lib/libcontroller.a
[0.528s] -- Installing: /home/dakota/.local/repos/control_framework/install/controller/share/controller/environment/library_path.sh
[0.528s] -- Installing: /home/dakota/.local/repos/control_framework/install/controller/share/controller/environment/library_path.dsv
[0.528s] -- Installing: /home/dakota/.local/repos/control_framework/install/controller/share/ament_index/resource_index/package_run_dependencies/controller
[0.528s] -- Installing: /home/dakota/.local/repos/control_framework/install/controller/share/ament_index/resource_index/parent_prefix_path/controller
[0.528s] -- Installing: /home/dakota/.local/repos/control_framework/install/controller/share/controller/environment/ament_prefix_path.sh
[0.529s] -- Installing: /home/dakota/.local/repos/control_framework/install/controller/share/controller/environment/ament_prefix_path.dsv
[0.529s] -- Installing: /home/dakota/.local/repos/control_framework/install/controller/share/controller/environment/path.sh
[0.529s] -- Installing: /home/dakota/.local/repos/control_framework/install/controller/share/controller/environment/path.dsv
[0.529s] -- Installing: /home/dakota/.local/repos/control_framework/install/controller/share/controller/local_setup.bash
[0.529s] -- Installing: /home/dakota/.local/repos/control_framework/install/controller/share/controller/local_setup.sh
[0.529s] -- Installing: /home/dakota/.local/repos/control_framework/install/controller/share/controller/local_setup.zsh
[0.529s] -- Installing: /home/dakota/.local/repos/control_framework/install/controller/share/controller/local_setup.dsv
[0.529s] -- Installing: /home/dakota/.local/repos/control_framework/install/controller/share/controller/package.dsv
[0.529s] -- Installing: /home/dakota/.local/repos/control_framework/install/controller/share/ament_index/resource_index/packages/controller
[0.529s] -- Installing: /home/dakota/.local/repos/control_framework/install/controller/share/controller/cmake/controllerTargetsExport.cmake
[0.530s] -- Installing: /home/dakota/.local/repos/control_framework/install/controller/share/controller/cmake/controllerTargetsExport-noconfig.cmake
[0.530s] -- Installing: /home/dakota/.local/repos/control_framework/install/controller/share/controller/cmake/ament_cmake_export_targets-extras.cmake
[0.530s] -- Installing: /home/dakota/.local/repos/control_framework/install/controller/share/controller/cmake/controllerConfig.cmake
[0.530s] -- Installing: /home/dakota/.local/repos/control_framework/install/controller/share/controller/cmake/controllerConfig-version.cmake
[0.530s] -- Installing: /home/dakota/.local/repos/control_framework/install/controller/share/controller/package.xml
[0.531s] Invoked command in '/home/dakota/.local/repos/control_framework/build/controller' returned '0': CMAKE_PREFIX_PATH=${CMAKE_PREFIX_PATH}:/opt/ros/humble /usr/bin/cmake --install /home/dakota/.local/repos/control_framework/build/controller
