[0.005s] Invoking command in '/home/dakota/.local/repos/control_framework/build/excel_record_logging': CMAKE_PREFIX_PATH=/home/dakota/.local/repos/control_framework/install/control_framework_interfaces:/home/dakota/.local/repos/control_framework/install/lockstep_sim:/home/dakota/.local/repos/control_framework/install/excel_record_logging:/home/dakota/.local/repos/control_framework/install/controller:/opt/ros/humble LD_LIBRARY_PATH=/home/dakota/.local/repos/control_framework/install/control_framework_interfaces/lib:/home/dakota/.local/repos/control_framework/install/controller/lib:/opt/ros/humble/opt/rviz_ogre_vendor/lib:/opt/ros/humble/lib/x86_64-linux-gnu:/opt/ros/humble/lib /usr/bin/cmake --build /home/dakota/.local/repos/control_framework/build/excel_record_logging -- -j28 -l28
[0.033s] [35m[1mConsolidate compiler generated dependencies of target excel_record_logging[0m
[0.045s] [ 33%] [32mBuilding CXX object CMakeFiles/excel_record_logging.dir/src/main.cpp.o[0m
[0.045s] [ 66%] [32mBuilding CXX object CMakeFiles/excel_record_logging.dir/src/excel_record_logging.cpp.o[0m
[1.079s] In file included from [01m[K/home/dakota/.local/repos/control_framework/src/excel_record_logging/src/main.cpp:1[m[K:
[1.079s] [01m[K/home/dakota/.local/repos/control_framework/src/excel_record_logging/src/../include/excel_record_logging/excel_record_logging.hpp:22:30:[m[K [01;31m[Kerror: [m[K‘[01m[Ksensor_msgs[m[K’ was not declared in this scope
[1.079s]    22 |         rclcpp::Subscription<[01;31m[Ksensor_msgs[m[K::msg::JointState>::SharedPtr state_subscriber_;
[1.079s]       |                              [01;31m[K^~~~~~~~~~~[m[K
[1.079s] [01m[K/home/dakota/.local/repos/control_framework/src/excel_record_logging/src/../include/excel_record_logging/excel_record_logging.hpp:22:58:[m[K [01;31m[Kerror: [m[Ktemplate argument 1 is invalid
[1.079s]    22 |         rclcpp::Subscription<sensor_msgs::msg::JointState[01;31m[K>[m[K::SharedPtr state_subscriber_;
[1.080s]       |                                                          [01;31m[K^[m[K
[1.080s] [01m[K/home/dakota/.local/repos/control_framework/src/excel_record_logging/src/../include/excel_record_logging/excel_record_logging.hpp:22:58:[m[K [01;31m[Kerror: [m[Ktemplate argument 3 is invalid
[1.080s] [01m[K/home/dakota/.local/repos/control_framework/src/excel_record_logging/src/../include/excel_record_logging/excel_record_logging.hpp:22:58:[m[K [01;31m[Kerror: [m[Ktemplate argument 4 is invalid
[1.080s] [01m[K/home/dakota/.local/repos/control_framework/src/excel_record_logging/src/../include/excel_record_logging/excel_record_logging.hpp:22:58:[m[K [01;31m[Kerror: [m[Ktemplate argument 5 is invalid
[1.080s] [01m[K/home/dakota/.local/repos/control_framework/src/excel_record_logging/src/../include/excel_record_logging/excel_record_logging.hpp:22:61:[m[K [01;31m[Kerror: [m[Kexpected ‘[01m[K;[m[K’ at end of member declaration
[1.080s]    22 |         rclcpp::Subscription<sensor_msgs::msg::JointState>::[01;31m[KSharedPtr[m[K state_subscriber_;
[1.080s]       |                                                             [01;31m[K^~~~~~~~~[m[K
[1.080s]       |                                                                      [32m[K;[m[K
[1.080s] [01m[K/home/dakota/.local/repos/control_framework/src/excel_record_logging/src/../include/excel_record_logging/excel_record_logging.hpp:22:71:[m[K [01;31m[Kerror: [m[K‘[01m[Kstate_subscriber_[m[K’ does not name a type
[1.080s]    22 |         rclcpp::Subscription<sensor_msgs::msg::JointState>::SharedPtr [01;31m[Kstate_subscriber_[m[K;
[1.080s]       |                                                                       [01;31m[K^~~~~~~~~~~~~~~~~[m[K
[1.083s] [01m[K/home/dakota/.local/repos/control_framework/src/excel_record_logging/src/../include/excel_record_logging/excel_record_logging.hpp:23:30:[m[K [01;31m[Kerror: [m[K‘[01m[Kstd_msgs[m[K’ was not declared in this scope
[1.083s]    23 |         rclcpp::Subscription<[01;31m[Kstd_msgs[m[K::msg::Float64>::SharedPtr sim_time_subscriber_;
[1.083s]       |                              [01;31m[K^~~~~~~~[m[K
[1.083s] [01m[K/home/dakota/.local/repos/control_framework/src/excel_record_logging/src/../include/excel_record_logging/excel_record_logging.hpp:23:52:[m[K [01;31m[Kerror: [m[Ktemplate argument 1 is invalid
[1.083s]    23 |         rclcpp::Subscription<std_msgs::msg::Float64[01;31m[K>[m[K::SharedPtr sim_time_subscriber_;
[1.083s]       |                                                    [01;31m[K^[m[K
[1.084s] [01m[K/home/dakota/.local/repos/control_framework/src/excel_record_logging/src/../include/excel_record_logging/excel_record_logging.hpp:23:52:[m[K [01;31m[Kerror: [m[Ktemplate argument 3 is invalid
[1.084s] [01m[K/home/dakota/.local/repos/control_framework/src/excel_record_logging/src/../include/excel_record_logging/excel_record_logging.hpp:23:52:[m[K [01;31m[Kerror: [m[Ktemplate argument 4 is invalid
[1.084s] [01m[K/home/dakota/.local/repos/control_framework/src/excel_record_logging/src/../include/excel_record_logging/excel_record_logging.hpp:23:52:[m[K [01;31m[Kerror: [m[Ktemplate argument 5 is invalid
[1.084s] [01m[K/home/dakota/.local/repos/control_framework/src/excel_record_logging/src/../include/excel_record_logging/excel_record_logging.hpp:23:55:[m[K [01;31m[Kerror: [m[Kexpected ‘[01m[K;[m[K’ at end of member declaration
[1.084s]    23 |         rclcpp::Subscription<std_msgs::msg::Float64>::[01;31m[KSharedPtr[m[K sim_time_subscriber_;
[1.084s]       |                                                       [01;31m[K^~~~~~~~~[m[K
[1.084s]       |                                                                [32m[K;[m[K
[1.084s] [01m[K/home/dakota/.local/repos/control_framework/src/excel_record_logging/src/../include/excel_record_logging/excel_record_logging.hpp:23:55:[m[K [01;31m[Kerror: [m[Kredeclaration of ‘[01m[Kint ExcelRecordLogging::SharedPtr[m[K’
[1.084s] [01m[K/home/dakota/.local/repos/control_framework/src/excel_record_logging/src/../include/excel_record_logging/excel_record_logging.hpp:22:61:[m[K [01;36m[Knote: [m[Kprevious declaration ‘[01m[Kint ExcelRecordLogging::SharedPtr[m[K’
[1.084s]    22 |         rclcpp::Subscription<sensor_msgs::msg::JointState>::[01;36m[KSharedPtr[m[K state_subscriber_;
[1.084s]       |                                                             [01;36m[K^~~~~~~~~[m[K
[1.085s] [01m[K/home/dakota/.local/repos/control_framework/src/excel_record_logging/src/../include/excel_record_logging/excel_record_logging.hpp:23:65:[m[K [01;31m[Kerror: [m[K‘[01m[Ksim_time_subscriber_[m[K’ does not name a type
[1.085s]    23 |         rclcpp::Subscription<std_msgs::msg::Float64>::SharedPtr [01;31m[Ksim_time_subscriber_[m[K;
[1.085s]       |                                                                 [01;31m[K^~~~~~~~~~~~~~~~~~~~[m[K
[1.111s] In file included from [01m[K/home/dakota/.local/repos/control_framework/src/excel_record_logging/src/excel_record_logging.cpp:1[m[K:
[1.112s] [01m[K/home/dakota/.local/repos/control_framework/src/excel_record_logging/src/../include/excel_record_logging/excel_record_logging.hpp:22:30:[m[K [01;31m[Kerror: [m[K‘[01m[Ksensor_msgs[m[K’ was not declared in this scope
[1.112s]    22 |         rclcpp::Subscription<[01;31m[Ksensor_msgs[m[K::msg::JointState>::SharedPtr state_subscriber_;
[1.112s]       |                              [01;31m[K^~~~~~~~~~~[m[K
[1.112s] [01m[K/home/dakota/.local/repos/control_framework/src/excel_record_logging/src/../include/excel_record_logging/excel_record_logging.hpp:22:58:[m[K [01;31m[Kerror: [m[Ktemplate argument 1 is invalid
[1.112s]    22 |         rclcpp::Subscription<sensor_msgs::msg::JointState[01;31m[K>[m[K::SharedPtr state_subscriber_;
[1.112s]       |                                                          [01;31m[K^[m[K
[1.112s] [01m[K/home/dakota/.local/repos/control_framework/src/excel_record_logging/src/../include/excel_record_logging/excel_record_logging.hpp:22:58:[m[K [01;31m[Kerror: [m[Ktemplate argument 3 is invalid
[1.112s] [01m[K/home/dakota/.local/repos/control_framework/src/excel_record_logging/src/../include/excel_record_logging/excel_record_logging.hpp:22:58:[m[K [01;31m[Kerror: [m[Ktemplate argument 4 is invalid
[1.112s] [01m[K/home/dakota/.local/repos/control_framework/src/excel_record_logging/src/../include/excel_record_logging/excel_record_logging.hpp:22:58:[m[K [01;31m[Kerror: [m[Ktemplate argument 5 is invalid
[1.112s] [01m[K/home/dakota/.local/repos/control_framework/src/excel_record_logging/src/../include/excel_record_logging/excel_record_logging.hpp:22:61:[m[K [01;31m[Kerror: [m[Kexpected ‘[01m[K;[m[K’ at end of member declaration
[1.112s]    22 |         rclcpp::Subscription<sensor_msgs::msg::JointState>::[01;31m[KSharedPtr[m[K state_subscriber_;
[1.112s]       |                                                             [01;31m[K^~~~~~~~~[m[K
[1.112s]       |                                                                      [32m[K;[m[K
[1.113s] [01m[K/home/dakota/.local/repos/control_framework/src/excel_record_logging/src/../include/excel_record_logging/excel_record_logging.hpp:22:71:[m[K [01;31m[Kerror: [m[K‘[01m[Kstate_subscriber_[m[K’ does not name a type
[1.113s]    22 |         rclcpp::Subscription<sensor_msgs::msg::JointState>::SharedPtr [01;31m[Kstate_subscriber_[m[K;
[1.113s]       |                                                                       [01;31m[K^~~~~~~~~~~~~~~~~[m[K
[1.116s] [01m[K/home/dakota/.local/repos/control_framework/src/excel_record_logging/src/../include/excel_record_logging/excel_record_logging.hpp:23:30:[m[K [01;31m[Kerror: [m[K‘[01m[Kstd_msgs[m[K’ was not declared in this scope
[1.116s]    23 |         rclcpp::Subscription<[01;31m[Kstd_msgs[m[K::msg::Float64>::SharedPtr sim_time_subscriber_;
[1.116s]       |                              [01;31m[K^~~~~~~~[m[K
[1.116s] [01m[K/home/dakota/.local/repos/control_framework/src/excel_record_logging/src/../include/excel_record_logging/excel_record_logging.hpp:23:52:[m[K [01;31m[Kerror: [m[Ktemplate argument 1 is invalid
[1.116s]    23 |         rclcpp::Subscription<std_msgs::msg::Float64[01;31m[K>[m[K::SharedPtr sim_time_subscriber_;
[1.116s]       |                                                    [01;31m[K^[m[K
[1.116s] [01m[K/home/dakota/.local/repos/control_framework/src/excel_record_logging/src/../include/excel_record_logging/excel_record_logging.hpp:23:52:[m[K [01;31m[Kerror: [m[Ktemplate argument 3 is invalid
[1.116s] [01m[K/home/dakota/.local/repos/control_framework/src/excel_record_logging/src/../include/excel_record_logging/excel_record_logging.hpp:23:52:[m[K [01;31m[Kerror: [m[Ktemplate argument 4 is invalid
[1.116s] [01m[K/home/dakota/.local/repos/control_framework/src/excel_record_logging/src/../include/excel_record_logging/excel_record_logging.hpp:23:52:[m[K [01;31m[Kerror: [m[Ktemplate argument 5 is invalid
[1.116s] [01m[K/home/dakota/.local/repos/control_framework/src/excel_record_logging/src/../include/excel_record_logging/excel_record_logging.hpp:23:55:[m[K [01;31m[Kerror: [m[Kexpected ‘[01m[K;[m[K’ at end of member declaration
[1.116s]    23 |         rclcpp::Subscription<std_msgs::msg::Float64>::[01;31m[KSharedPtr[m[K sim_time_subscriber_;
[1.116s]       |                                                       [01;31m[K^~~~~~~~~[m[K
[1.116s]       |                                                                [32m[K;[m[K
[1.116s] [01m[K/home/dakota/.local/repos/control_framework/src/excel_record_logging/src/../include/excel_record_logging/excel_record_logging.hpp:23:55:[m[K [01;31m[Kerror: [m[Kredeclaration of ‘[01m[Kint ExcelRecordLogging::SharedPtr[m[K’
[1.116s] [01m[K/home/dakota/.local/repos/control_framework/src/excel_record_logging/src/../include/excel_record_logging/excel_record_logging.hpp:22:61:[m[K [01;36m[Knote: [m[Kprevious declaration ‘[01m[Kint ExcelRecordLogging::SharedPtr[m[K’
[1.116s]    22 |         rclcpp::Subscription<sensor_msgs::msg::JointState>::[01;36m[KSharedPtr[m[K state_subscriber_;
[1.116s]       |                                                             [01;36m[K^~~~~~~~~[m[K
[1.117s] [01m[K/home/dakota/.local/repos/control_framework/src/excel_record_logging/src/../include/excel_record_logging/excel_record_logging.hpp:23:65:[m[K [01;31m[Kerror: [m[K‘[01m[Ksim_time_subscriber_[m[K’ does not name a type
[1.117s]    23 |         rclcpp::Subscription<std_msgs::msg::Float64>::SharedPtr [01;31m[Ksim_time_subscriber_[m[K;
[1.117s]       |                                                                 [01;31m[K^~~~~~~~~~~~~~~~~~~~[m[K
[1.125s] [01m[K/home/dakota/.local/repos/control_framework/src/excel_record_logging/src/excel_record_logging.cpp:[m[K In constructor ‘[01m[KExcelRecordLogging::ExcelRecordLogging()[m[K’:
[1.125s] [01m[K/home/dakota/.local/repos/control_framework/src/excel_record_logging/src/excel_record_logging.cpp:9:5:[m[K [01;31m[Kerror: [m[K‘[01m[Kstate_subscriber_[m[K’ was not declared in this scope
[1.125s]     9 |     [01;31m[Kstate_subscriber_[m[K = this->create_subscription<sensor_msgs::msg::JointState>("joint_states", 10); //Need custom msg
[1.125s]       |     [01;31m[K^~~~~~~~~~~~~~~~~[m[K
[1.128s] [01m[K/home/dakota/.local/repos/control_framework/src/excel_record_logging/src/excel_record_logging.cpp:9:51:[m[K [01;31m[Kerror: [m[K‘[01m[Ksensor_msgs[m[K’ was not declared in this scope
[1.128s]     9 |     state_subscriber_ = this->create_subscription<[01;31m[Ksensor_msgs[m[K::msg::JointState>("joint_states", 10); //Need custom msg
[1.129s]       |                                                   [01;31m[K^~~~~~~~~~~[m[K
[1.129s] [01m[K/home/dakota/.local/repos/control_framework/src/excel_record_logging/src/excel_record_logging.cpp:9:31:[m[K [01;31m[Kerror: [m[Kparse error in template argument list
[1.129s]     9 |     state_subscriber_ = this->[01;31m[Kcreate_subscription<sensor_msgs::msg::JointState>[m[K("joint_states", 10); //Need custom msg
[1.129s]       |                               [01;31m[K^~~~~~~~~~~~~~~~~~~~~~~~~~~~~~~~~~~~~~~~~~~~~~~~~[m[K
[1.129s] [01m[K/home/dakota/.local/repos/control_framework/src/excel_record_logging/src/excel_record_logging.cpp:9:80:[m[K [01;31m[Kerror: [m[Kno matching function for call to ‘[01m[KExcelRecordLogging::create_subscription<<expression error> >(const char [13], int)[m[K’
[1.129s]     9 |     state_subscriber_ = [01;31m[Kthis->create_subscription<sensor_msgs::msg::JointState>("joint_states", 10)[m[K; //Need custom msg
[1.129s]       |                         [01;31m[K~~~~~~~~~~~~~~~~~~~~~~~~~~~~~~~~~~~~~~~~~~~~~~~~~~~~~~~^~~~~~~~~~~~~~~~~~~~[m[K
[1.129s] In file included from [01m[K/opt/ros/humble/include/rclcpp/rclcpp/executors/single_threaded_executor.hpp:28[m[K,
[1.129s]                  from [01m[K/opt/ros/humble/include/rclcpp/rclcpp/executors.hpp:22[m[K,
[1.129s]                  from [01m[K/opt/ros/humble/include/rclcpp/rclcpp/rclcpp.hpp:155[m[K,
[1.130s]                  from [01m[K/home/dakota/.local/repos/control_framework/src/excel_record_logging/src/../include/excel_record_logging/excel_record_logging.hpp:4[m[K,
[1.130s]                  from [01m[K/home/dakota/.local/repos/control_framework/src/excel_record_logging/src/excel_record_logging.cpp:1[m[K:
[1.130s] [01m[K/opt/ros/humble/include/rclcpp/rclcpp/node.hpp:219:3:[m[K [01;36m[Knote: [m[Kcandidate: ‘[01m[Ktemplate<class MessageT, class CallbackT, class AllocatorT, class SubscriptionT, class MessageMemoryStrategyT> std::shared_ptr<ROSMessageT> rclcpp::Node::create_subscription(const string&, const rclcpp::QoS&, CallbackT&&, const rclcpp::SubscriptionOptionsWithAllocator<AllocatorT>&, typename MessageMemoryStrategyT::SharedPtr)[m[K’
[1.130s]   219 |   [01;36m[Kcreate_subscription[m[K(
[1.130s]       |   [01;36m[K^~~~~~~~~~~~~~~~~~~[m[K
[1.130s] [01m[K/opt/ros/humble/include/rclcpp/rclcpp/node.hpp:219:3:[m[K [01;36m[Knote: [m[K  template argument deduction/substitution failed:
[1.130s] [01m[K/home/dakota/.local/repos/control_framework/src/excel_record_logging/src/excel_record_logging.cpp:9:80:[m[K [01;31m[Kerror: [m[Ktemplate argument 1 is invalid
[1.130s]     9 |     state_subscriber_ = [01;31m[Kthis->create_subscription<sensor_msgs::msg::JointState>("joint_states", 10)[m[K; //Need custom msg
[1.130s]       |                         [01;31m[K~~~~~~~~~~~~~~~~~~~~~~~~~~~~~~~~~~~~~~~~~~~~~~~~~~~~~~~^~~~~~~~~~~~~~~~~~~~[m[K
[1.134s] [01m[K/home/dakota/.local/repos/control_framework/src/excel_record_logging/src/excel_record_logging.cpp:10:5:[m[K [01;31m[Kerror: [m[K‘[01m[Ksim_time_subscriber_[m[K’ was not declared in this scope
[1.134s]    10 |     [01;31m[Ksim_time_subscriber_[m[K = this->create_subscription<std_msgs::msg::Float64>("sim_time", 10); //Need custom msg
[1.134s]       |     [01;31m[K^~~~~~~~~~~~~~~~~~~~[m[K
[1.137s] [01m[K/home/dakota/.local/repos/control_framework/src/excel_record_logging/src/excel_record_logging.cpp:10:54:[m[K [01;31m[Kerror: [m[K‘[01m[Kstd_msgs[m[K’ was not declared in this scope
[1.137s]    10 |     sim_time_subscriber_ = this->create_subscription<[01;31m[Kstd_msgs[m[K::msg::Float64>("sim_time", 10); //Need custom msg
[1.137s]       |                                                      [01;31m[K^~~~~~~~[m[K
[1.137s] [01m[K/home/dakota/.local/repos/control_framework/src/excel_record_logging/src/excel_record_logging.cpp:10:34:[m[K [01;31m[Kerror: [m[Kparse error in template argument list
[1.137s]    10 |     sim_time_subscriber_ = this->[01;31m[Kcreate_subscription<std_msgs::msg::Float64>[m[K("sim_time", 10); //Need custom msg
[1.137s]       |                                  [01;31m[K^~~~~~~~~~~~~~~~~~~~~~~~~~~~~~~~~~~~~~~~~~~[m[K
[1.138s] [01m[K/home/dakota/.local/repos/control_framework/src/excel_record_logging/src/excel_record_logging.cpp:10:77:[m[K [01;31m[Kerror: [m[Kno matching function for call to ‘[01m[KExcelRecordLogging::create_subscription<<expression error> >(const char [9], int)[m[K’
[1.138s]    10 |     sim_time_subscriber_ = [01;31m[Kthis->create_subscription<std_msgs::msg::Float64>("sim_time", 10)[m[K; //Need custom msg
[1.138s]       |                            [01;31m[K~~~~~~~~~~~~~~~~~~~~~~~~~~~~~~~~~~~~~~~~~~~~~~~~~^~~~~~~~~~~~~~~~[m[K
[1.138s] In file included from [01m[K/opt/ros/humble/include/rclcpp/rclcpp/executors/single_threaded_executor.hpp:28[m[K,
[1.138s]                  from [01m[K/opt/ros/humble/include/rclcpp/rclcpp/executors.hpp:22[m[K,
[1.138s]                  from [01m[K/opt/ros/humble/include/rclcpp/rclcpp/rclcpp.hpp:155[m[K,
[1.138s]                  from [01m[K/home/dakota/.local/repos/control_framework/src/excel_record_logging/src/../include/excel_record_logging/excel_record_logging.hpp:4[m[K,
[1.138s]                  from [01m[K/home/dakota/.local/repos/control_framework/src/excel_record_logging/src/excel_record_logging.cpp:1[m[K:
[1.138s] [01m[K/opt/ros/humble/include/rclcpp/rclcpp/node.hpp:219:3:[m[K [01;36m[Knote: [m[Kcandidate: ‘[01m[Ktemplate<class MessageT, class CallbackT, class AllocatorT, class SubscriptionT, class MessageMemoryStrategyT> std::shared_ptr<ROSMessageT> rclcpp::Node::create_subscription(const string&, const rclcpp::QoS&, CallbackT&&, const rclcpp::SubscriptionOptionsWithAllocator<AllocatorT>&, typename MessageMemoryStrategyT::SharedPtr)[m[K’
[1.138s]   219 |   [01;36m[Kcreate_subscription[m[K(
[1.138s]       |   [01;36m[K^~~~~~~~~~~~~~~~~~~[m[K
[1.138s] [01m[K/opt/ros/humble/include/rclcpp/rclcpp/node.hpp:219:3:[m[K [01;36m[Knote: [m[K  template argument deduction/substitution failed:
[1.138s] [01m[K/home/dakota/.local/repos/control_framework/src/excel_record_logging/src/excel_record_logging.cpp:10:77:[m[K [01;31m[Kerror: [m[Ktemplate argument 1 is invalid
[1.138s]    10 |     sim_time_subscriber_ = [01;31m[Kthis->create_subscription<std_msgs::msg::Float64>("sim_time", 10)[m[K; //Need custom msg
[1.138s]       |                            [01;31m[K~~~~~~~~~~~~~~~~~~~~~~~~~~~~~~~~~~~~~~~~~~~~~~~~~^~~~~~~~~~~~~~~~[m[K
[1.284s] gmake[2]: *** [CMakeFiles/excel_record_logging.dir/build.make:76: CMakeFiles/excel_record_logging.dir/src/main.cpp.o] Error 1
[1.285s] gmake[2]: *** Waiting for unfinished jobs....
[1.415s] gmake[2]: *** [CMakeFiles/excel_record_logging.dir/build.make:90: CMakeFiles/excel_record_logging.dir/src/excel_record_logging.cpp.o] Error 1
[1.416s] gmake[1]: *** [CMakeFiles/Makefile2:137: CMakeFiles/excel_record_logging.dir/all] Error 2
[1.416s] gmake: *** [Makefile:146: all] Error 2
[1.418s] Invoked command in '/home/dakota/.local/repos/control_framework/build/excel_record_logging' returned '2': CMAKE_PREFIX_PATH=/home/dakota/.local/repos/control_framework/install/control_framework_interfaces:/home/dakota/.local/repos/control_framework/install/lockstep_sim:/home/dakota/.local/repos/control_framework/install/excel_record_logging:/home/dakota/.local/repos/control_framework/install/controller:/opt/ros/humble LD_LIBRARY_PATH=/home/dakota/.local/repos/control_framework/install/control_framework_interfaces/lib:/home/dakota/.local/repos/control_framework/install/controller/lib:/opt/ros/humble/opt/rviz_ogre_vendor/lib:/opt/ros/humble/lib/x86_64-linux-gnu:/opt/ros/humble/lib /usr/bin/cmake --build /home/dakota/.local/repos/control_framework/build/excel_record_logging -- -j28 -l28
