[35m[1mConsolidate compiler generated dependencies of target lockstep_sim[0m
[ 25%] [32mBuilding CXX object CMakeFiles/lockstep_sim.dir/src/lockstep_sim.cpp.o[0m
[01m[K/home/dakota/.local/repos/control_framework/src/lockstep_sim/src/lockstep_sim.cpp:[m[K In member function ‘[01m[Kvoid LockStepSim::reset_to_default_initial_position(std::shared_ptr<std_srvs::srv::Trigger_Request_<std::allocator<void> > >, std::shared_ptr<std_srvs::srv::Trigger_Response_<std::allocator<void> > >)[m[K’:
[01m[K/home/dakota/.local/repos/control_framework/src/lockstep_sim/src/lockstep_sim.cpp:95:108:[m[K [01;35m[Kwarning: [m[Kunused parameter ‘[01m[Krequest[m[K’ [[01;35m[K]8;;https://gcc.gnu.org/onlinedocs/gcc/Warning-Options.html#index-Wunused-parameter-Wunused-parameter]8;;[m[K]
   95 | osition([01;35m[Kconst std::shared_ptr<std_srvs::srv::Trigger::Request> request[m[K,
      |         [01;35m[K~~~~~~~~~~~~~~~~~~~~~~~~~~~~~~~~~~~~~~~~~~~~~~~~~~~~~~~^~~~~~~[m[K

[01m[K/home/dakota/.local/repos/control_framework/src/lockstep_sim/src/lockstep_sim.cpp:[m[K In member function ‘[01m[Kvoid LockStepSim::reset_to_custom_initial_position(std::shared_ptr<std_srvs::srv::Trigger_Request_<std::allocator<void> > >, std::shared_ptr<std_srvs::srv::Trigger_Response_<std::allocator<void> > >)[m[K’:
[01m[K/home/dakota/.local/repos/control_framework/src/lockstep_sim/src/lockstep_sim.cpp:113:107:[m[K [01;35m[Kwarning: [m[Kunused parameter ‘[01m[Krequest[m[K’ [[01;35m[K]8;;https://gcc.gnu.org/onlinedocs/gcc/Warning-Options.html#index-Wunused-parameter-Wunused-parameter]8;;[m[K]
  113 | osition([01;35m[Kconst std::shared_ptr<std_srvs::srv::Trigger::Request> request[m[K,
      |         [01;35m[K~~~~~~~~~~~~~~~~~~~~~~~~~~~~~~~~~~~~~~~~~~~~~~~~~~~~~~~^~~~~~~[m[K

[01m[K/home/dakota/.local/repos/control_framework/src/lockstep_sim/src/lockstep_sim.cpp:[m[K In member function ‘[01m[Kvoid LockStepSim::change_initial_position(std::shared_ptr<control_framework_interfaces::srv::InitState_Request_<std::allocator<void> > >, std::shared_ptr<control_framework_interfaces::srv::InitState_Response_<std::allocator<void> > >)[m[K’:
[01m[K/home/dakota/.local/repos/control_framework/src/lockstep_sim/src/lockstep_sim.cpp:142:90:[m[K [01;31m[Kerror: [m[Kno match for ‘[01m[Koperator=[m[K’ (operand types are ‘[01m[Kcontrol_framework_interfaces::srv::InitState_Response_<std::allocator<void> >::_message_type[m[K’ {aka ‘[01m[Kstd::vector<std::__cxx11::basic_string<char> >[m[K’} and ‘[01m[Kstd::__cxx11::basic_string<char>[m[K’)
  142 |     " and vel_init size " + std::to_string(static_cast<size_t>(m->nv)[01;31m[K)[m[K;
      |                                                                      [01;31m[K^[m[K

In file included from [01m[K/usr/include/c++/11/vector:72[m[K,
                 from [01m[K/home/dakota/.local/repos/control_framework/src/lockstep_sim/src/../include/lockstep_sim/lockstep_sim.hpp:8[m[K,
                 from [01m[K/home/dakota/.local/repos/control_framework/src/lockstep_sim/src/lockstep_sim.cpp:3[m[K:
[01m[K/usr/include/c++/11/bits/vector.tcc:198:5:[m[K [01;36m[Knote: [m[Kcandidate: ‘[01m[Kstd::vector<_Tp, _Alloc>& std::vector<_Tp, _Alloc>::operator=(const std::vector<_Tp, _Alloc>&) [with _Tp = std::__cxx11::basic_string<char>; _Alloc = std::allocator<std::__cxx11::basic_string<char> >][m[K’
  198 |     [01;36m[Kvector<_Tp, _Alloc>[m[K::
      |     [01;36m[K^~~~~~~~~~~~~~~~~~~[m[K
[01m[K/usr/include/c++/11/bits/vector.tcc:199:42:[m[K [01;36m[Knote: [m[K  no known conversion for argument 1 from ‘[01m[Kstd::__cxx11::basic_string<char>[m[K’ to ‘[01m[Kconst std::vector<std::__cxx11::basic_string<char> >&[m[K’
  199 |     operator=([01;36m[Kconst vector<_Tp, _Alloc>& __x[m[K)
      |               [01;36m[K~~~~~~~~~~~~~~~~~~~~~~~~~~~^~~[m[K
In file included from [01m[K/usr/include/c++/11/vector:67[m[K,
                 from [01m[K/home/dakota/.local/repos/control_framework/src/lockstep_sim/src/../include/lockstep_sim/lockstep_sim.hpp:8[m[K,
                 from [01m[K/home/dakota/.local/repos/control_framework/src/lockstep_sim/src/lockstep_sim.cpp:3[m[K:
[01m[K/usr/include/c++/11/bits/stl_vector.h:709:7:[m[K [01;36m[Knote: [m[Kcandidate: ‘[01m[Kstd::vector<_Tp, _Alloc>& std::vector<_Tp, _Alloc>::operator=(std::vector<_Tp, _Alloc>&&) [with _Tp = std::__cxx11::basic_string<char>; _Alloc = std::allocator<std::__cxx11::basic_string<char> >][m[K’
  709 |       [01;36m[Koperator[m[K=(vector&& __x) noexcept(_Alloc_traits::_S_nothrow_move())
      |       [01;36m[K^~~~~~~~[m[K
[01m[K/usr/include/c++/11/bits/stl_vector.h:709:26:[m[K [01;36m[Knote: [m[K  no known conversion for argument 1 from ‘[01m[Kstd::__cxx11::basic_string<char>[m[K’ to ‘[01m[Kstd::vector<std::__cxx11::basic_string<char> >&&[m[K’
  709 |       operator=([01;36m[Kvector&& __x[m[K) noexcept(_Alloc_traits::_S_nothrow_move())
      |                 [01;36m[K~~~~~~~~~^~~[m[K
[01m[K/usr/include/c++/11/bits/stl_vector.h:730:7:[m[K [01;36m[Knote: [m[Kcandidate: ‘[01m[Kstd::vector<_Tp, _Alloc>& std::vector<_Tp, _Alloc>::operator=(std::initializer_list<_Tp>) [with _Tp = std::__cxx11::basic_string<char>; _Alloc = std::allocator<std::__cxx11::basic_string<char> >][m[K’
  730 |       [01;36m[Koperator[m[K=(initializer_list<value_type> __l)
      |       [01;36m[K^~~~~~~~[m[K
[01m[K/usr/include/c++/11/bits/stl_vector.h:730:46:[m[K [01;36m[Knote: [m[K  no known conversion for argument 1 from ‘[01m[Kstd::__cxx11::basic_string<char>[m[K’ to ‘[01m[Kstd::initializer_list<std::__cxx11::basic_string<char> >[m[K’
  730 |       operator=([01;36m[Kinitializer_list<value_type> __l[m[K)
      |                 [01;36m[K~~~~~~~~~~~~~~~~~~~~~~~~~~~~~^~~[m[K
gmake[2]: *** [CMakeFiles/lockstep_sim.dir/build.make:90: CMakeFiles/lockstep_sim.dir/src/lockstep_sim.cpp.o] Error 1
gmake[1]: *** [CMakeFiles/Makefile2:137: CMakeFiles/lockstep_sim.dir/all] Error 2
gmake: *** [Makefile:146: all] Error 2
