[0.005s] Invoking command in '/home/dakota/.local/repos/control_framework/build/lockstep_sim': AMENT_PREFIX_PATH=/home/dakota/.local/repos/control_framework/install/control_framework_interfaces CMAKE_PREFIX_PATH=/home/dakota/.local/repos/control_framework/install/control_framework_interfaces CONDA_PROMPT_MODIFIER=(base) LD_LIBRARY_PATH=/home/dakota/.local/repos/control_framework/install/control_framework_interfaces/lib PYTHONPATH=/home/dakota/.local/repos/control_framework/install/control_framework_interfaces/local/lib/python3.10/dist-packages /usr/bin/cmake --build /home/dakota/.local/repos/control_framework/build/lockstep_sim -- -j28 -l28
[0.033s] Consolidate compiler generated dependencies of target lockstep_sim
[0.043s] [ 50%] Building CXX object CMakeFiles/lockstep_sim.dir/src/lockstep_sim.cpp.o
[0.043s] [ 50%] Building CXX object CMakeFiles/lockstep_sim.dir/src/main.cpp.o
[1.198s] /home/dakota/.local/repos/control_framework/src/lockstep_sim/src/lockstep_sim.cpp: In member function ‘void LockStepSim::reset_to_default_initial_position(std::shared_ptr<std_srvs::srv::Trigger_Request_<std::allocator<void> > >, std::shared_ptr<std_srvs::srv::Trigger_Response_<std::allocator<void> > >)’:
[1.198s] /home/dakota/.local/repos/control_framework/src/lockstep_sim/src/lockstep_sim.cpp:95:108: warning: unused parameter ‘request’ [-Wunused-parameter]
[1.198s]    95 | void LockStepSim::reset_to_default_initial_position(const std::shared_ptr<std_srvs::srv::Trigger::Request> request,
[1.199s]       |                                                     ~~~~~~~~~~~~~~~~~~~~~~~~~~~~~~~~~~~~~~~~~~~~~~~~~~~~~~~^~~~~~~
[1.199s] /home/dakota/.local/repos/control_framework/src/lockstep_sim/src/lockstep_sim.cpp: In member function ‘void LockStepSim::reset_to_custom_initial_position(std::shared_ptr<std_srvs::srv::Trigger_Request_<std::allocator<void> > >, std::shared_ptr<std_srvs::srv::Trigger_Response_<std::allocator<void> > >)’:
[1.199s] /home/dakota/.local/repos/control_framework/src/lockstep_sim/src/lockstep_sim.cpp:113:107: warning: unused parameter ‘request’ [-Wunused-parameter]
[1.199s]   113 | void LockStepSim::reset_to_custom_initial_position(const std::shared_ptr<std_srvs::srv::Trigger::Request> request,
[1.199s]       |                                                    ~~~~~~~~~~~~~~~~~~~~~~~~~~~~~~~~~~~~~~~~~~~~~~~~~~~~~~~^~~~~~~
[2.774s] [ 75%] Linking CXX executable lockstep_sim
[2.914s] [100%] Built target lockstep_sim
[2.920s] Invoked command in '/home/dakota/.local/repos/control_framework/build/lockstep_sim' returned '0': AMENT_PREFIX_PATH=/home/dakota/.local/repos/control_framework/install/control_framework_interfaces CMAKE_PREFIX_PATH=/home/dakota/.local/repos/control_framework/install/control_framework_interfaces CONDA_PROMPT_MODIFIER=(base) LD_LIBRARY_PATH=/home/dakota/.local/repos/control_framework/install/control_framework_interfaces/lib PYTHONPATH=/home/dakota/.local/repos/control_framework/install/control_framework_interfaces/local/lib/python3.10/dist-packages /usr/bin/cmake --build /home/dakota/.local/repos/control_framework/build/lockstep_sim -- -j28 -l28
[2.921s] Invoking command in '/home/dakota/.local/repos/control_framework/build/lockstep_sim': AMENT_PREFIX_PATH=/home/dakota/.local/repos/control_framework/install/control_framework_interfaces CMAKE_PREFIX_PATH=/home/dakota/.local/repos/control_framework/install/control_framework_interfaces CONDA_PROMPT_MODIFIER=(base) LD_LIBRARY_PATH=/home/dakota/.local/repos/control_framework/install/control_framework_interfaces/lib PYTHONPATH=/home/dakota/.local/repos/control_framework/install/control_framework_interfaces/local/lib/python3.10/dist-packages /usr/bin/cmake --install /home/dakota/.local/repos/control_framework/build/lockstep_sim
[2.925s] -- Install configuration: ""
[2.926s] -- Installing: /home/dakota/.local/repos/control_framework/install/lockstep_sim/lib/lockstep_sim/lockstep_sim
[2.928s] -- Set runtime path of "/home/dakota/.local/repos/control_framework/install/lockstep_sim/lib/lockstep_sim/lockstep_sim" to ""
[2.928s] -- Up-to-date: /home/dakota/.local/repos/control_framework/install/lockstep_sim/share/lockstep_sim/models
[2.928s] -- Up-to-date: /home/dakota/.local/repos/control_framework/install/lockstep_sim/share/lockstep_sim/models/cart_pole_urdf.xml
[2.928s] -- Up-to-date: /home/dakota/.local/repos/control_framework/install/lockstep_sim/share/lockstep_sim/models/cart_pole_mjcf.xml
[2.928s] -- Up-to-date: /home/dakota/.local/repos/control_framework/install/lockstep_sim/share/ament_index/resource_index/package_run_dependencies/lockstep_sim
[2.928s] -- Up-to-date: /home/dakota/.local/repos/control_framework/install/lockstep_sim/share/ament_index/resource_index/parent_prefix_path/lockstep_sim
[2.928s] -- Up-to-date: /home/dakota/.local/repos/control_framework/install/lockstep_sim/share/lockstep_sim/environment/ament_prefix_path.sh
[2.928s] -- Up-to-date: /home/dakota/.local/repos/control_framework/install/lockstep_sim/share/lockstep_sim/environment/ament_prefix_path.dsv
[2.928s] -- Up-to-date: /home/dakota/.local/repos/control_framework/install/lockstep_sim/share/lockstep_sim/environment/path.sh
[2.928s] -- Up-to-date: /home/dakota/.local/repos/control_framework/install/lockstep_sim/share/lockstep_sim/environment/path.dsv
[2.928s] -- Up-to-date: /home/dakota/.local/repos/control_framework/install/lockstep_sim/share/lockstep_sim/local_setup.bash
[2.928s] -- Up-to-date: /home/dakota/.local/repos/control_framework/install/lockstep_sim/share/lockstep_sim/local_setup.sh
[2.929s] -- Up-to-date: /home/dakota/.local/repos/control_framework/install/lockstep_sim/share/lockstep_sim/local_setup.zsh
[2.929s] -- Up-to-date: /home/dakota/.local/repos/control_framework/install/lockstep_sim/share/lockstep_sim/local_setup.dsv
[2.929s] -- Installing: /home/dakota/.local/repos/control_framework/install/lockstep_sim/share/lockstep_sim/package.dsv
[2.929s] -- Up-to-date: /home/dakota/.local/repos/control_framework/install/lockstep_sim/share/ament_index/resource_index/packages/lockstep_sim
[2.929s] -- Up-to-date: /home/dakota/.local/repos/control_framework/install/lockstep_sim/share/lockstep_sim/cmake/lockstep_simConfig.cmake
[2.929s] -- Up-to-date: /home/dakota/.local/repos/control_framework/install/lockstep_sim/share/lockstep_sim/cmake/lockstep_simConfig-version.cmake
[2.929s] -- Up-to-date: /home/dakota/.local/repos/control_framework/install/lockstep_sim/share/lockstep_sim/package.xml
[2.930s] Invoked command in '/home/dakota/.local/repos/control_framework/build/lockstep_sim' returned '0': AMENT_PREFIX_PATH=/home/dakota/.local/repos/control_framework/install/control_framework_interfaces CMAKE_PREFIX_PATH=/home/dakota/.local/repos/control_framework/install/control_framework_interfaces CONDA_PROMPT_MODIFIER=(base) LD_LIBRARY_PATH=/home/dakota/.local/repos/control_framework/install/control_framework_interfaces/lib PYTHONPATH=/home/dakota/.local/repos/control_framework/install/control_framework_interfaces/local/lib/python3.10/dist-packages /usr/bin/cmake --install /home/dakota/.local/repos/control_framework/build/lockstep_sim
