[0.007s] Invoking command in '/home/dakota/.local/repos/control_framework/build/control_framework_interfaces': CMAKE_PREFIX_PATH=${CMAKE_PREFIX_PATH}:/opt/ros/humble /usr/bin/cmake --build /home/dakota/.local/repos/control_framework/build/control_framework_interfaces -- -j28 -l28
[0.033s] -- Found ament_cmake: 1.3.14 (/opt/ros/humble/share/ament_cmake/cmake)
[0.116s] -- Found rosidl_default_generators: 1.2.1 (/opt/ros/humble/share/rosidl_default_generators/cmake)
[0.118s] -- Using all available rosidl_typesupport_c: rosidl_typesupport_fastrtps_c;rosidl_typesupport_introspection_c
[0.120s] -- Found rosidl_adapter: 3.1.8 (/opt/ros/humble/share/rosidl_adapter/cmake)
[0.140s] -- Using all available rosidl_typesupport_cpp: rosidl_typesupport_fastrtps_cpp;rosidl_typesupport_introspection_cpp
[0.303s] -- Found ament_cmake_ros: 0.10.0 (/opt/ros/humble/share/ament_cmake_ros/cmake)
[0.397s] -- Using all available rosidl_typesupport_c: rosidl_typesupport_fastrtps_c;rosidl_typesupport_introspection_c
[0.525s] -- Using all available rosidl_typesupport_cpp: rosidl_typesupport_fastrtps_cpp;rosidl_typesupport_introspection_cpp
[0.539s] -- Found python_cmake_module: 0.10.0 (/opt/ros/humble/share/python_cmake_module/cmake)
[0.551s] -- Using PYTHON_EXECUTABLE: /usr/bin/python3
[0.551s] -- Using PYTHON_INCLUDE_DIRS: /usr/include/python3.10
[0.551s] -- Using PYTHON_LIBRARIES: /usr/lib/x86_64-linux-gnu/libpython3.10.so
[0.593s] -- Found ament_lint_auto: 0.12.15 (/opt/ros/humble/share/ament_lint_auto/cmake)
[0.603s] -- Added test 'lint_cmake' to check CMake code style
[0.604s] -- Added test 'xmllint' to check XML markup files
[0.605s] -- Configuring done
[0.631s] -- Generating done
[0.636s] -- Build files have been written to: /home/dakota/.local/repos/control_framework/build/control_framework_interfaces
[0.653s] [  1%] [34m[1mGenerating C code for ROS interfaces[0m
[0.660s] [  4%] [34m[1mGenerating C++ code for ROS interfaces[0m
[0.660s] [  4%] [34m[1mGenerating Rust code for ROS interfaces[0m
[0.670s] [  4%] Built target ament_cmake_python_copy_control_framework_interfaces
[0.777s] running egg_info
[0.777s] writing control_framework_interfaces.egg-info/PKG-INFO
[0.777s] writing dependency_links to control_framework_interfaces.egg-info/dependency_links.txt
[0.777s] writing top-level names to control_framework_interfaces.egg-info/top_level.txt
[0.778s] reading manifest file 'control_framework_interfaces.egg-info/SOURCES.txt'
[0.779s] writing manifest file 'control_framework_interfaces.egg-info/SOURCES.txt'
[0.791s] [  4%] Built target ament_cmake_python_build_control_framework_interfaces_egg
[0.811s] [  4%] Built target control_framework_interfaces__rs
[0.887s] [35m[1mConsolidate compiler generated dependencies of target control_framework_interfaces__rosidl_generator_c[0m
[0.893s] [  4%] Built target control_framework_interfaces__cpp
[0.896s] [  6%] [32mBuilding C object CMakeFiles/control_framework_interfaces__rosidl_generator_c.dir/rosidl_generator_c/control_framework_interfaces/msg/detail/control_input__functions.c.o[0m
[0.896s] [  9%] [32mBuilding C object CMakeFiles/control_framework_interfaces__rosidl_generator_c.dir/rosidl_generator_c/control_framework_interfaces/msg/detail/joint_state__functions.c.o[0m
[0.896s] [  9%] [32mBuilding C object CMakeFiles/control_framework_interfaces__rosidl_generator_c.dir/rosidl_generator_c/control_framework_interfaces/srv/detail/reset_record__functions.c.o[0m
[0.896s] [ 12%] [32mBuilding C object CMakeFiles/control_framework_interfaces__rosidl_generator_c.dir/rosidl_generator_c/control_framework_interfaces/srv/detail/controller_select__functions.c.o[0m
[0.897s] [ 12%] [32mBuilding C object CMakeFiles/control_framework_interfaces__rosidl_generator_c.dir/rosidl_generator_c/control_framework_interfaces/srv/detail/init_state__functions.c.o[0m
[0.897s] [ 15%] [34m[1mGenerating C++ type support dispatch for ROS interfaces[0m
[0.897s] [ 15%] [34m[1mGenerating C++ introspection for ROS interfaces[0m
[0.900s] [ 17%] [34m[1mGenerating C++ type support for eProsima Fast-RTPS[0m
[0.938s] [ 18%] [32m[1mLinking C shared library libcontrol_framework_interfaces__rosidl_generator_c.so[0m
[0.965s] [ 18%] Built target control_framework_interfaces__rosidl_generator_c
[0.972s] [ 23%] [34m[1mGenerating C introspection for ROS interfaces[0m
[0.972s] [ 23%] [34m[1mGenerating C type support dispatch for ROS interfaces[0m
[0.972s] [ 23%] [34m[1mGenerating C type support for eProsima Fast-RTPS[0m
[1.055s] [35m[1mConsolidate compiler generated dependencies of target control_framework_interfaces__rosidl_typesupport_cpp[0m
[1.068s] [ 31%] [32mBuilding CXX object CMakeFiles/control_framework_interfaces__rosidl_typesupport_cpp.dir/rosidl_typesupport_cpp/control_framework_interfaces/msg/joint_state__type_support.cpp.o[0m
[1.068s] [ 31%] [32mBuilding CXX object CMakeFiles/control_framework_interfaces__rosidl_typesupport_cpp.dir/rosidl_typesupport_cpp/control_framework_interfaces/srv/reset_record__type_support.cpp.o[0m
[1.068s] [ 31%] [32mBuilding CXX object CMakeFiles/control_framework_interfaces__rosidl_typesupport_cpp.dir/rosidl_typesupport_cpp/control_framework_interfaces/msg/control_input__type_support.cpp.o[0m
[1.068s] [ 31%] [32mBuilding CXX object CMakeFiles/control_framework_interfaces__rosidl_typesupport_cpp.dir/rosidl_typesupport_cpp/control_framework_interfaces/srv/init_state__type_support.cpp.o[0m
[1.068s] [ 31%] [32mBuilding CXX object CMakeFiles/control_framework_interfaces__rosidl_typesupport_cpp.dir/rosidl_typesupport_cpp/control_framework_interfaces/srv/controller_select__type_support.cpp.o[0m
[1.081s] [35m[1mConsolidate compiler generated dependencies of target control_framework_interfaces__rosidl_typesupport_introspection_cpp[0m
[1.091s] [ 35%] [32mBuilding CXX object CMakeFiles/control_framework_interfaces__rosidl_typesupport_introspection_cpp.dir/rosidl_typesupport_introspection_cpp/control_framework_interfaces/srv/detail/reset_record__type_support.cpp.o[0m
[1.091s] [ 35%] [32mBuilding CXX object CMakeFiles/control_framework_interfaces__rosidl_typesupport_introspection_cpp.dir/rosidl_typesupport_introspection_cpp/control_framework_interfaces/srv/detail/controller_select__type_support.cpp.o[0m
[1.091s] [ 35%] [32mBuilding CXX object CMakeFiles/control_framework_interfaces__rosidl_typesupport_introspection_cpp.dir/rosidl_typesupport_introspection_cpp/control_framework_interfaces/srv/detail/init_state__type_support.cpp.o[0m
[1.091s] [ 37%] [32mBuilding CXX object CMakeFiles/control_framework_interfaces__rosidl_typesupport_introspection_cpp.dir/rosidl_typesupport_introspection_cpp/control_framework_interfaces/msg/detail/control_input__type_support.cpp.o[0m
[1.091s] [ 39%] [32mBuilding CXX object CMakeFiles/control_framework_interfaces__rosidl_typesupport_introspection_cpp.dir/rosidl_typesupport_introspection_cpp/control_framework_interfaces/msg/detail/joint_state__type_support.cpp.o[0m
[1.110s] [35m[1mConsolidate compiler generated dependencies of target control_framework_interfaces__rosidl_typesupport_fastrtps_cpp[0m
[1.119s] [ 40%] [32mBuilding CXX object CMakeFiles/control_framework_interfaces__rosidl_typesupport_fastrtps_cpp.dir/rosidl_typesupport_fastrtps_cpp/control_framework_interfaces/msg/detail/dds_fastrtps/control_input__type_support.cpp.o[0m
[1.120s] [ 42%] [32mBuilding CXX object CMakeFiles/control_framework_interfaces__rosidl_typesupport_fastrtps_cpp.dir/rosidl_typesupport_fastrtps_cpp/control_framework_interfaces/msg/detail/dds_fastrtps/joint_state__type_support.cpp.o[0m
[1.120s] [ 43%] [32mBuilding CXX object CMakeFiles/control_framework_interfaces__rosidl_typesupport_fastrtps_cpp.dir/rosidl_typesupport_fastrtps_cpp/control_framework_interfaces/srv/detail/dds_fastrtps/init_state__type_support.cpp.o[0m
[1.120s] [ 46%] [32mBuilding CXX object CMakeFiles/control_framework_interfaces__rosidl_typesupport_fastrtps_cpp.dir/rosidl_typesupport_fastrtps_cpp/control_framework_interfaces/srv/detail/dds_fastrtps/controller_select__type_support.cpp.o[0m
[1.120s] [ 46%] [32mBuilding CXX object CMakeFiles/control_framework_interfaces__rosidl_typesupport_fastrtps_cpp.dir/rosidl_typesupport_fastrtps_cpp/control_framework_interfaces/srv/detail/dds_fastrtps/reset_record__type_support.cpp.o[0m
[1.168s] [35m[1mConsolidate compiler generated dependencies of target control_framework_interfaces__rosidl_typesupport_introspection_c[0m
[1.177s] [ 48%] [32mBuilding C object CMakeFiles/control_framework_interfaces__rosidl_typesupport_introspection_c.dir/rosidl_typesupport_introspection_c/control_framework_interfaces/msg/detail/control_input__type_support.c.o[0m
[1.177s] [ 50%] [32mBuilding C object CMakeFiles/control_framework_interfaces__rosidl_typesupport_introspection_c.dir/rosidl_typesupport_introspection_c/control_framework_interfaces/srv/detail/init_state__type_support.c.o[0m
[1.178s] [ 51%] [32mBuilding C object CMakeFiles/control_framework_interfaces__rosidl_typesupport_introspection_c.dir/rosidl_typesupport_introspection_c/control_framework_interfaces/srv/detail/reset_record__type_support.c.o[0m
[1.178s] [ 53%] [32mBuilding C object CMakeFiles/control_framework_interfaces__rosidl_typesupport_introspection_c.dir/rosidl_typesupport_introspection_c/control_framework_interfaces/srv/detail/controller_select__type_support.c.o[0m
[1.182s] [ 54%] [32mBuilding C object CMakeFiles/control_framework_interfaces__rosidl_typesupport_introspection_c.dir/rosidl_typesupport_introspection_c/control_framework_interfaces/msg/detail/joint_state__type_support.c.o[0m
[1.190s] [35m[1mConsolidate compiler generated dependencies of target control_framework_interfaces__rosidl_typesupport_c[0m
[1.190s] [35m[1mConsolidate compiler generated dependencies of target control_framework_interfaces__rosidl_typesupport_fastrtps_c[0m
[1.197s] [ 56%] [32mBuilding CXX object CMakeFiles/control_framework_interfaces__rosidl_typesupport_c.dir/rosidl_typesupport_c/control_framework_interfaces/msg/control_input__type_support.cpp.o[0m
[1.198s] [ 57%] [32mBuilding CXX object CMakeFiles/control_framework_interfaces__rosidl_typesupport_c.dir/rosidl_typesupport_c/control_framework_interfaces/srv/init_state__type_support.cpp.o[0m
[1.199s] [ 59%] [32mBuilding CXX object CMakeFiles/control_framework_interfaces__rosidl_typesupport_c.dir/rosidl_typesupport_c/control_framework_interfaces/srv/reset_record__type_support.cpp.o[0m
[1.200s] [ 60%] [32mBuilding CXX object CMakeFiles/control_framework_interfaces__rosidl_typesupport_c.dir/rosidl_typesupport_c/control_framework_interfaces/msg/joint_state__type_support.cpp.o[0m
[1.201s] [ 62%] [32mBuilding CXX object CMakeFiles/control_framework_interfaces__rosidl_typesupport_c.dir/rosidl_typesupport_c/control_framework_interfaces/srv/controller_select__type_support.cpp.o[0m
[1.208s] [ 67%] [32mBuilding CXX object CMakeFiles/control_framework_interfaces__rosidl_typesupport_fastrtps_c.dir/rosidl_typesupport_fastrtps_c/control_framework_interfaces/msg/detail/joint_state__type_support_c.cpp.o[0m
[1.208s] [ 67%] [32mBuilding CXX object CMakeFiles/control_framework_interfaces__rosidl_typesupport_fastrtps_c.dir/rosidl_typesupport_fastrtps_c/control_framework_interfaces/srv/detail/init_state__type_support_c.cpp.o[0m
[1.208s] [ 67%] [32mBuilding CXX object CMakeFiles/control_framework_interfaces__rosidl_typesupport_fastrtps_c.dir/rosidl_typesupport_fastrtps_c/control_framework_interfaces/msg/detail/control_input__type_support_c.cpp.o[0m
[1.208s] [ 68%] [32mBuilding CXX object CMakeFiles/control_framework_interfaces__rosidl_typesupport_fastrtps_c.dir/rosidl_typesupport_fastrtps_c/control_framework_interfaces/srv/detail/reset_record__type_support_c.cpp.o[0m
[1.208s] [ 70%] [32mBuilding CXX object CMakeFiles/control_framework_interfaces__rosidl_typesupport_fastrtps_c.dir/rosidl_typesupport_fastrtps_c/control_framework_interfaces/srv/detail/controller_select__type_support_c.cpp.o[0m
[1.209s] [ 71%] [32m[1mLinking C shared library libcontrol_framework_interfaces__rosidl_typesupport_introspection_c.so[0m
[1.225s] [ 73%] [32m[1mLinking CXX shared library libcontrol_framework_interfaces__rosidl_typesupport_c.so[0m
[1.237s] [ 73%] Built target control_framework_interfaces__rosidl_typesupport_introspection_c
[1.254s] [ 73%] Built target control_framework_interfaces__rosidl_typesupport_c
[1.286s] [ 75%] [32m[1mLinking CXX shared library libcontrol_framework_interfaces__rosidl_typesupport_cpp.so[0m
[1.308s] [ 75%] Built target control_framework_interfaces__rosidl_typesupport_cpp
[1.407s] [ 76%] [32m[1mLinking CXX shared library libcontrol_framework_interfaces__rosidl_typesupport_introspection_cpp.so[0m
[1.439s] [ 78%] [32m[1mLinking CXX shared library libcontrol_framework_interfaces__rosidl_typesupport_fastrtps_cpp.so[0m
[1.444s] [ 78%] Built target control_framework_interfaces__rosidl_typesupport_introspection_cpp
[1.463s] [ 79%] [32m[1mLinking CXX shared library libcontrol_framework_interfaces__rosidl_typesupport_fastrtps_c.so[0m
[1.480s] [ 79%] Built target control_framework_interfaces__rosidl_typesupport_fastrtps_cpp
[1.503s] [ 79%] Built target control_framework_interfaces__rosidl_typesupport_fastrtps_c
[1.514s] [ 79%] Built target control_framework_interfaces
[1.527s] [ 81%] [34m[1mGenerating Python code for ROS interfaces[0m
[1.880s] [ 81%] Built target control_framework_interfaces__py
[1.889s] [35m[1mConsolidate compiler generated dependencies of target control_framework_interfaces__rosidl_generator_py[0m
[1.902s] [ 89%] [32mBuilding C object CMakeFiles/control_framework_interfaces__rosidl_generator_py.dir/rosidl_generator_py/control_framework_interfaces/srv/_reset_record_s.c.o[0m
[1.902s] [ 89%] [32mBuilding C object CMakeFiles/control_framework_interfaces__rosidl_generator_py.dir/rosidl_generator_py/control_framework_interfaces/srv/_controller_select_s.c.o[0m
[1.902s] [ 89%] [32mBuilding C object CMakeFiles/control_framework_interfaces__rosidl_generator_py.dir/rosidl_generator_py/control_framework_interfaces/srv/_init_state_s.c.o[0m
[1.902s] [ 89%] [32mBuilding C object CMakeFiles/control_framework_interfaces__rosidl_generator_py.dir/rosidl_generator_py/control_framework_interfaces/msg/_control_input_s.c.o[0m
[1.902s] [ 89%] [32mBuilding C object CMakeFiles/control_framework_interfaces__rosidl_generator_py.dir/rosidl_generator_py/control_framework_interfaces/msg/_joint_state_s.c.o[0m
[1.972s] [ 90%] [32m[1mLinking C shared library rosidl_generator_py/control_framework_interfaces/libcontrol_framework_interfaces__rosidl_generator_py.so[0m
[1.993s] [ 90%] Built target control_framework_interfaces__rosidl_generator_py
[2.000s] [35m[1mConsolidate compiler generated dependencies of target control_framework_interfaces__rosidl_typesupport_fastrtps_c__pyext[0m
[2.000s] [35m[1mConsolidate compiler generated dependencies of target control_framework_interfaces__rosidl_typesupport_c__pyext[0m
[2.001s] [35m[1mConsolidate compiler generated dependencies of target control_framework_interfaces__rosidl_typesupport_introspection_c__pyext[0m
[2.009s] [ 92%] [32mBuilding C object CMakeFiles/control_framework_interfaces__rosidl_typesupport_fastrtps_c__pyext.dir/rosidl_generator_py/control_framework_interfaces/_control_framework_interfaces_s.ep.rosidl_typesupport_fastrtps_c.c.o[0m
[2.009s] [ 93%] [32mBuilding C object CMakeFiles/control_framework_interfaces__rosidl_typesupport_introspection_c__pyext.dir/rosidl_generator_py/control_framework_interfaces/_control_framework_interfaces_s.ep.rosidl_typesupport_introspection_c.c.o[0m
[2.009s] [ 95%] [32mBuilding C object CMakeFiles/control_framework_interfaces__rosidl_typesupport_c__pyext.dir/rosidl_generator_py/control_framework_interfaces/_control_framework_interfaces_s.ep.rosidl_typesupport_c.c.o[0m
[2.067s] [ 96%] [32m[1mLinking C shared library rosidl_generator_py/control_framework_interfaces/control_framework_interfaces_s__rosidl_typesupport_introspection_c.cpython-310-x86_64-linux-gnu.so[0m
[2.069s] [ 98%] [32m[1mLinking C shared library rosidl_generator_py/control_framework_interfaces/control_framework_interfaces_s__rosidl_typesupport_c.cpython-310-x86_64-linux-gnu.so[0m
[2.073s] [100%] [32m[1mLinking C shared library rosidl_generator_py/control_framework_interfaces/control_framework_interfaces_s__rosidl_typesupport_fastrtps_c.cpython-310-x86_64-linux-gnu.so[0m
[2.089s] [100%] Built target control_framework_interfaces__rosidl_typesupport_introspection_c__pyext
[2.091s] [100%] Built target control_framework_interfaces__rosidl_typesupport_c__pyext
[2.095s] [100%] Built target control_framework_interfaces__rosidl_typesupport_fastrtps_c__pyext
[2.103s] Invoked command in '/home/dakota/.local/repos/control_framework/build/control_framework_interfaces' returned '0': CMAKE_PREFIX_PATH=${CMAKE_PREFIX_PATH}:/opt/ros/humble /usr/bin/cmake --build /home/dakota/.local/repos/control_framework/build/control_framework_interfaces -- -j28 -l28
[2.103s] Invoking command in '/home/dakota/.local/repos/control_framework/build/control_framework_interfaces': CMAKE_PREFIX_PATH=${CMAKE_PREFIX_PATH}:/opt/ros/humble /usr/bin/cmake --install /home/dakota/.local/repos/control_framework/build/control_framework_interfaces
[2.109s] -- Install configuration: ""
[2.109s] -- Up-to-date: /home/dakota/.local/repos/control_framework/install/control_framework_interfaces/share/ament_index/resource_index/rosidl_interfaces/control_framework_interfaces
[2.109s] -- Up-to-date: /home/dakota/.local/repos/control_framework/install/control_framework_interfaces/include/control_framework_interfaces/control_framework_interfaces
[2.109s] -- Up-to-date: /home/dakota/.local/repos/control_framework/install/control_framework_interfaces/include/control_framework_interfaces/control_framework_interfaces/srv
[2.109s] -- Up-to-date: /home/dakota/.local/repos/control_framework/install/control_framework_interfaces/include/control_framework_interfaces/control_framework_interfaces/srv/detail
[2.109s] -- Installing: /home/dakota/.local/repos/control_framework/install/control_framework_interfaces/include/control_framework_interfaces/control_framework_interfaces/srv/detail/init_state__functions.h
[2.109s] -- Installing: /home/dakota/.local/repos/control_framework/install/control_framework_interfaces/include/control_framework_interfaces/control_framework_interfaces/srv/detail/controller_select__functions.h
[2.109s] -- Installing: /home/dakota/.local/repos/control_framework/install/control_framework_interfaces/include/control_framework_interfaces/control_framework_interfaces/srv/detail/controller_select__type_support.h
[2.109s] -- Installing: /home/dakota/.local/repos/control_framework/install/control_framework_interfaces/include/control_framework_interfaces/control_framework_interfaces/srv/detail/reset_record__functions.h
[2.110s] -- Installing: /home/dakota/.local/repos/control_framework/install/control_framework_interfaces/include/control_framework_interfaces/control_framework_interfaces/srv/detail/reset_record__functions.c
[2.110s] -- Installing: /home/dakota/.local/repos/control_framework/install/control_framework_interfaces/include/control_framework_interfaces/control_framework_interfaces/srv/detail/controller_select__struct.h
[2.110s] -- Installing: /home/dakota/.local/repos/control_framework/install/control_framework_interfaces/include/control_framework_interfaces/control_framework_interfaces/srv/detail/init_state__struct.h
[2.110s] -- Installing: /home/dakota/.local/repos/control_framework/install/control_framework_interfaces/include/control_framework_interfaces/control_framework_interfaces/srv/detail/reset_record__struct.h
[2.110s] -- Installing: /home/dakota/.local/repos/control_framework/install/control_framework_interfaces/include/control_framework_interfaces/control_framework_interfaces/srv/detail/controller_select__functions.c
[2.110s] -- Installing: /home/dakota/.local/repos/control_framework/install/control_framework_interfaces/include/control_framework_interfaces/control_framework_interfaces/srv/detail/init_state__functions.c
[2.110s] -- Installing: /home/dakota/.local/repos/control_framework/install/control_framework_interfaces/include/control_framework_interfaces/control_framework_interfaces/srv/detail/init_state__type_support.h
[2.110s] -- Installing: /home/dakota/.local/repos/control_framework/install/control_framework_interfaces/include/control_framework_interfaces/control_framework_interfaces/srv/detail/reset_record__type_support.h
[2.110s] -- Installing: /home/dakota/.local/repos/control_framework/install/control_framework_interfaces/include/control_framework_interfaces/control_framework_interfaces/srv/reset_record.h
[2.110s] -- Installing: /home/dakota/.local/repos/control_framework/install/control_framework_interfaces/include/control_framework_interfaces/control_framework_interfaces/srv/controller_select.h
[2.110s] -- Installing: /home/dakota/.local/repos/control_framework/install/control_framework_interfaces/include/control_framework_interfaces/control_framework_interfaces/srv/init_state.h
[2.111s] -- Up-to-date: /home/dakota/.local/repos/control_framework/install/control_framework_interfaces/include/control_framework_interfaces/control_framework_interfaces/msg
[2.111s] -- Installing: /home/dakota/.local/repos/control_framework/install/control_framework_interfaces/include/control_framework_interfaces/control_framework_interfaces/msg/control_input.h
[2.111s] -- Up-to-date: /home/dakota/.local/repos/control_framework/install/control_framework_interfaces/include/control_framework_interfaces/control_framework_interfaces/msg/detail
[2.111s] -- Installing: /home/dakota/.local/repos/control_framework/install/control_framework_interfaces/include/control_framework_interfaces/control_framework_interfaces/msg/detail/joint_state__struct.h
[2.111s] -- Installing: /home/dakota/.local/repos/control_framework/install/control_framework_interfaces/include/control_framework_interfaces/control_framework_interfaces/msg/detail/control_input__struct.h
[2.111s] -- Installing: /home/dakota/.local/repos/control_framework/install/control_framework_interfaces/include/control_framework_interfaces/control_framework_interfaces/msg/detail/control_input__functions.h
[2.111s] -- Installing: /home/dakota/.local/repos/control_framework/install/control_framework_interfaces/include/control_framework_interfaces/control_framework_interfaces/msg/detail/joint_state__type_support.h
[2.111s] -- Installing: /home/dakota/.local/repos/control_framework/install/control_framework_interfaces/include/control_framework_interfaces/control_framework_interfaces/msg/detail/joint_state__functions.c
[2.111s] -- Installing: /home/dakota/.local/repos/control_framework/install/control_framework_interfaces/include/control_framework_interfaces/control_framework_interfaces/msg/detail/control_input__type_support.h
[2.111s] -- Installing: /home/dakota/.local/repos/control_framework/install/control_framework_interfaces/include/control_framework_interfaces/control_framework_interfaces/msg/detail/control_input__functions.c
[2.111s] -- Installing: /home/dakota/.local/repos/control_framework/install/control_framework_interfaces/include/control_framework_interfaces/control_framework_interfaces/msg/detail/joint_state__functions.h
[2.111s] -- Installing: /home/dakota/.local/repos/control_framework/install/control_framework_interfaces/include/control_framework_interfaces/control_framework_interfaces/msg/joint_state.h
[2.112s] -- Up-to-date: /home/dakota/.local/repos/control_framework/install/control_framework_interfaces/include/control_framework_interfaces/control_framework_interfaces/msg/rosidl_generator_c__visibility_control.h
[2.112s] -- Up-to-date: /home/dakota/.local/repos/control_framework/install/control_framework_interfaces/share/control_framework_interfaces/environment/library_path.sh
[2.112s] -- Installing: /home/dakota/.local/repos/control_framework/install/control_framework_interfaces/share/control_framework_interfaces/environment/library_path.dsv
[2.112s] -- Installing: /home/dakota/.local/repos/control_framework/install/control_framework_interfaces/lib/libcontrol_framework_interfaces__rosidl_generator_c.so
[2.112s] -- Set runtime path of "/home/dakota/.local/repos/control_framework/install/control_framework_interfaces/lib/libcontrol_framework_interfaces__rosidl_generator_c.so" to ""
[2.112s] -- Up-to-date: /home/dakota/.local/repos/control_framework/install/control_framework_interfaces/include/control_framework_interfaces/control_framework_interfaces
[2.112s] -- Up-to-date: /home/dakota/.local/repos/control_framework/install/control_framework_interfaces/include/control_framework_interfaces/control_framework_interfaces/srv
[2.112s] -- Up-to-date: /home/dakota/.local/repos/control_framework/install/control_framework_interfaces/include/control_framework_interfaces/control_framework_interfaces/srv/detail
[2.113s] -- Installing: /home/dakota/.local/repos/control_framework/install/control_framework_interfaces/include/control_framework_interfaces/control_framework_interfaces/srv/detail/reset_record__rosidl_typesupport_fastrtps_c.h
[2.113s] -- Installing: /home/dakota/.local/repos/control_framework/install/control_framework_interfaces/include/control_framework_interfaces/control_framework_interfaces/srv/detail/init_state__rosidl_typesupport_fastrtps_c.h
[2.113s] -- Installing: /home/dakota/.local/repos/control_framework/install/control_framework_interfaces/include/control_framework_interfaces/control_framework_interfaces/srv/detail/controller_select__rosidl_typesupport_fastrtps_c.h
[2.113s] -- Up-to-date: /home/dakota/.local/repos/control_framework/install/control_framework_interfaces/include/control_framework_interfaces/control_framework_interfaces/msg
[2.113s] -- Up-to-date: /home/dakota/.local/repos/control_framework/install/control_framework_interfaces/include/control_framework_interfaces/control_framework_interfaces/msg/detail
[2.113s] -- Installing: /home/dakota/.local/repos/control_framework/install/control_framework_interfaces/include/control_framework_interfaces/control_framework_interfaces/msg/detail/joint_state__rosidl_typesupport_fastrtps_c.h
[2.113s] -- Installing: /home/dakota/.local/repos/control_framework/install/control_framework_interfaces/include/control_framework_interfaces/control_framework_interfaces/msg/detail/control_input__rosidl_typesupport_fastrtps_c.h
[2.113s] -- Up-to-date: /home/dakota/.local/repos/control_framework/install/control_framework_interfaces/include/control_framework_interfaces/control_framework_interfaces/msg/rosidl_typesupport_fastrtps_c__visibility_control.h
[2.114s] -- Installing: /home/dakota/.local/repos/control_framework/install/control_framework_interfaces/lib/libcontrol_framework_interfaces__rosidl_typesupport_fastrtps_c.so
[2.114s] -- Set runtime path of "/home/dakota/.local/repos/control_framework/install/control_framework_interfaces/lib/libcontrol_framework_interfaces__rosidl_typesupport_fastrtps_c.so" to ""
[2.114s] -- Up-to-date: /home/dakota/.local/repos/control_framework/install/control_framework_interfaces/include/control_framework_interfaces/control_framework_interfaces
[2.114s] -- Up-to-date: /home/dakota/.local/repos/control_framework/install/control_framework_interfaces/include/control_framework_interfaces/control_framework_interfaces/srv
[2.114s] -- Up-to-date: /home/dakota/.local/repos/control_framework/install/control_framework_interfaces/include/control_framework_interfaces/control_framework_interfaces/srv/detail
[2.114s] -- Installing: /home/dakota/.local/repos/control_framework/install/control_framework_interfaces/include/control_framework_interfaces/control_framework_interfaces/srv/detail/reset_record__rosidl_typesupport_introspection_c.h
[2.114s] -- Installing: /home/dakota/.local/repos/control_framework/install/control_framework_interfaces/include/control_framework_interfaces/control_framework_interfaces/srv/detail/init_state__rosidl_typesupport_introspection_c.h
[2.114s] -- Installing: /home/dakota/.local/repos/control_framework/install/control_framework_interfaces/include/control_framework_interfaces/control_framework_interfaces/srv/detail/controller_select__rosidl_typesupport_introspection_c.h
[2.114s] -- Installing: /home/dakota/.local/repos/control_framework/install/control_framework_interfaces/include/control_framework_interfaces/control_framework_interfaces/srv/detail/controller_select__type_support.c
[2.114s] -- Installing: /home/dakota/.local/repos/control_framework/install/control_framework_interfaces/include/control_framework_interfaces/control_framework_interfaces/srv/detail/init_state__type_support.c
[2.114s] -- Installing: /home/dakota/.local/repos/control_framework/install/control_framework_interfaces/include/control_framework_interfaces/control_framework_interfaces/srv/detail/reset_record__type_support.c
[2.115s] -- Up-to-date: /home/dakota/.local/repos/control_framework/install/control_framework_interfaces/include/control_framework_interfaces/control_framework_interfaces/msg
[2.115s] -- Up-to-date: /home/dakota/.local/repos/control_framework/install/control_framework_interfaces/include/control_framework_interfaces/control_framework_interfaces/msg/detail
[2.115s] -- Installing: /home/dakota/.local/repos/control_framework/install/control_framework_interfaces/include/control_framework_interfaces/control_framework_interfaces/msg/detail/control_input__rosidl_typesupport_introspection_c.h
[2.115s] -- Installing: /home/dakota/.local/repos/control_framework/install/control_framework_interfaces/include/control_framework_interfaces/control_framework_interfaces/msg/detail/joint_state__type_support.c
[2.115s] -- Installing: /home/dakota/.local/repos/control_framework/install/control_framework_interfaces/include/control_framework_interfaces/control_framework_interfaces/msg/detail/joint_state__rosidl_typesupport_introspection_c.h
[2.115s] -- Installing: /home/dakota/.local/repos/control_framework/install/control_framework_interfaces/include/control_framework_interfaces/control_framework_interfaces/msg/detail/control_input__type_support.c
[2.115s] -- Up-to-date: /home/dakota/.local/repos/control_framework/install/control_framework_interfaces/include/control_framework_interfaces/control_framework_interfaces/msg/rosidl_typesupport_introspection_c__visibility_control.h
[2.115s] -- Installing: /home/dakota/.local/repos/control_framework/install/control_framework_interfaces/lib/libcontrol_framework_interfaces__rosidl_typesupport_introspection_c.so
[2.116s] -- Set runtime path of "/home/dakota/.local/repos/control_framework/install/control_framework_interfaces/lib/libcontrol_framework_interfaces__rosidl_typesupport_introspection_c.so" to ""
[2.116s] -- Installing: /home/dakota/.local/repos/control_framework/install/control_framework_interfaces/lib/libcontrol_framework_interfaces__rosidl_typesupport_c.so
[2.116s] -- Set runtime path of "/home/dakota/.local/repos/control_framework/install/control_framework_interfaces/lib/libcontrol_framework_interfaces__rosidl_typesupport_c.so" to ""
[2.116s] -- Up-to-date: /home/dakota/.local/repos/control_framework/install/control_framework_interfaces/include/control_framework_interfaces/control_framework_interfaces
[2.116s] -- Up-to-date: /home/dakota/.local/repos/control_framework/install/control_framework_interfaces/include/control_framework_interfaces/control_framework_interfaces/srv
[2.116s] -- Up-to-date: /home/dakota/.local/repos/control_framework/install/control_framework_interfaces/include/control_framework_interfaces/control_framework_interfaces/srv/detail
[2.116s] -- Installing: /home/dakota/.local/repos/control_framework/install/control_framework_interfaces/include/control_framework_interfaces/control_framework_interfaces/srv/detail/reset_record__traits.hpp
[2.116s] -- Installing: /home/dakota/.local/repos/control_framework/install/control_framework_interfaces/include/control_framework_interfaces/control_framework_interfaces/srv/detail/controller_select__type_support.hpp
[2.116s] -- Installing: /home/dakota/.local/repos/control_framework/install/control_framework_interfaces/include/control_framework_interfaces/control_framework_interfaces/srv/detail/init_state__traits.hpp
[2.116s] -- Installing: /home/dakota/.local/repos/control_framework/install/control_framework_interfaces/include/control_framework_interfaces/control_framework_interfaces/srv/detail/controller_select__traits.hpp
[2.116s] -- Installing: /home/dakota/.local/repos/control_framework/install/control_framework_interfaces/include/control_framework_interfaces/control_framework_interfaces/srv/detail/reset_record__builder.hpp
[2.116s] -- Installing: /home/dakota/.local/repos/control_framework/install/control_framework_interfaces/include/control_framework_interfaces/control_framework_interfaces/srv/detail/reset_record__struct.hpp
[2.116s] -- Installing: /home/dakota/.local/repos/control_framework/install/control_framework_interfaces/include/control_framework_interfaces/control_framework_interfaces/srv/detail/controller_select__builder.hpp
[2.116s] -- Installing: /home/dakota/.local/repos/control_framework/install/control_framework_interfaces/include/control_framework_interfaces/control_framework_interfaces/srv/detail/init_state__type_support.hpp
[2.116s] -- Installing: /home/dakota/.local/repos/control_framework/install/control_framework_interfaces/include/control_framework_interfaces/control_framework_interfaces/srv/detail/init_state__builder.hpp
[2.116s] -- Installing: /home/dakota/.local/repos/control_framework/install/control_framework_interfaces/include/control_framework_interfaces/control_framework_interfaces/srv/detail/controller_select__struct.hpp
[2.117s] -- Installing: /home/dakota/.local/repos/control_framework/install/control_framework_interfaces/include/control_framework_interfaces/control_framework_interfaces/srv/detail/init_state__struct.hpp
[2.117s] -- Installing: /home/dakota/.local/repos/control_framework/install/control_framework_interfaces/include/control_framework_interfaces/control_framework_interfaces/srv/detail/reset_record__type_support.hpp
[2.117s] -- Installing: /home/dakota/.local/repos/control_framework/install/control_framework_interfaces/include/control_framework_interfaces/control_framework_interfaces/srv/controller_select.hpp
[2.117s] -- Installing: /home/dakota/.local/repos/control_framework/install/control_framework_interfaces/include/control_framework_interfaces/control_framework_interfaces/srv/init_state.hpp
[2.117s] -- Installing: /home/dakota/.local/repos/control_framework/install/control_framework_interfaces/include/control_framework_interfaces/control_framework_interfaces/srv/reset_record.hpp
[2.117s] -- Up-to-date: /home/dakota/.local/repos/control_framework/install/control_framework_interfaces/include/control_framework_interfaces/control_framework_interfaces/msg
[2.117s] -- Up-to-date: /home/dakota/.local/repos/control_framework/install/control_framework_interfaces/include/control_framework_interfaces/control_framework_interfaces/msg/rosidl_generator_cpp__visibility_control.hpp
[2.117s] -- Up-to-date: /home/dakota/.local/repos/control_framework/install/control_framework_interfaces/include/control_framework_interfaces/control_framework_interfaces/msg/detail
[2.117s] -- Installing: /home/dakota/.local/repos/control_framework/install/control_framework_interfaces/include/control_framework_interfaces/control_framework_interfaces/msg/detail/joint_state__type_support.hpp
[2.117s] -- Installing: /home/dakota/.local/repos/control_framework/install/control_framework_interfaces/include/control_framework_interfaces/control_framework_interfaces/msg/detail/joint_state__traits.hpp
[2.117s] -- Installing: /home/dakota/.local/repos/control_framework/install/control_framework_interfaces/include/control_framework_interfaces/control_framework_interfaces/msg/detail/control_input__struct.hpp
[2.117s] -- Installing: /home/dakota/.local/repos/control_framework/install/control_framework_interfaces/include/control_framework_interfaces/control_framework_interfaces/msg/detail/joint_state__struct.hpp
[2.117s] -- Installing: /home/dakota/.local/repos/control_framework/install/control_framework_interfaces/include/control_framework_interfaces/control_framework_interfaces/msg/detail/control_input__type_support.hpp
[2.117s] -- Installing: /home/dakota/.local/repos/control_framework/install/control_framework_interfaces/include/control_framework_interfaces/control_framework_interfaces/msg/detail/joint_state__builder.hpp
[2.117s] -- Installing: /home/dakota/.local/repos/control_framework/install/control_framework_interfaces/include/control_framework_interfaces/control_framework_interfaces/msg/detail/control_input__traits.hpp
[2.117s] -- Installing: /home/dakota/.local/repos/control_framework/install/control_framework_interfaces/include/control_framework_interfaces/control_framework_interfaces/msg/detail/control_input__builder.hpp
[2.117s] -- Installing: /home/dakota/.local/repos/control_framework/install/control_framework_interfaces/include/control_framework_interfaces/control_framework_interfaces/msg/control_input.hpp
[2.117s] -- Installing: /home/dakota/.local/repos/control_framework/install/control_framework_interfaces/include/control_framework_interfaces/control_framework_interfaces/msg/joint_state.hpp
[2.117s] -- Up-to-date: /home/dakota/.local/repos/control_framework/install/control_framework_interfaces/include/control_framework_interfaces/control_framework_interfaces
[2.117s] -- Up-to-date: /home/dakota/.local/repos/control_framework/install/control_framework_interfaces/include/control_framework_interfaces/control_framework_interfaces/srv
[2.117s] -- Up-to-date: /home/dakota/.local/repos/control_framework/install/control_framework_interfaces/include/control_framework_interfaces/control_framework_interfaces/srv/detail
[2.117s] -- Installing: /home/dakota/.local/repos/control_framework/install/control_framework_interfaces/include/control_framework_interfaces/control_framework_interfaces/srv/detail/init_state__rosidl_typesupport_fastrtps_cpp.hpp
[2.117s] -- Up-to-date: /home/dakota/.local/repos/control_framework/install/control_framework_interfaces/include/control_framework_interfaces/control_framework_interfaces/srv/detail/dds_fastrtps
[2.117s] -- Installing: /home/dakota/.local/repos/control_framework/install/control_framework_interfaces/include/control_framework_interfaces/control_framework_interfaces/srv/detail/controller_select__rosidl_typesupport_fastrtps_cpp.hpp
[2.118s] -- Installing: /home/dakota/.local/repos/control_framework/install/control_framework_interfaces/include/control_framework_interfaces/control_framework_interfaces/srv/detail/reset_record__rosidl_typesupport_fastrtps_cpp.hpp
[2.118s] -- Up-to-date: /home/dakota/.local/repos/control_framework/install/control_framework_interfaces/include/control_framework_interfaces/control_framework_interfaces/msg
[2.118s] -- Up-to-date: /home/dakota/.local/repos/control_framework/install/control_framework_interfaces/include/control_framework_interfaces/control_framework_interfaces/msg/detail
[2.118s] -- Up-to-date: /home/dakota/.local/repos/control_framework/install/control_framework_interfaces/include/control_framework_interfaces/control_framework_interfaces/msg/detail/dds_fastrtps
[2.118s] -- Installing: /home/dakota/.local/repos/control_framework/install/control_framework_interfaces/include/control_framework_interfaces/control_framework_interfaces/msg/detail/control_input__rosidl_typesupport_fastrtps_cpp.hpp
[2.118s] -- Installing: /home/dakota/.local/repos/control_framework/install/control_framework_interfaces/include/control_framework_interfaces/control_framework_interfaces/msg/detail/joint_state__rosidl_typesupport_fastrtps_cpp.hpp
[2.118s] -- Up-to-date: /home/dakota/.local/repos/control_framework/install/control_framework_interfaces/include/control_framework_interfaces/control_framework_interfaces/msg/rosidl_typesupport_fastrtps_cpp__visibility_control.h
[2.118s] -- Installing: /home/dakota/.local/repos/control_framework/install/control_framework_interfaces/lib/libcontrol_framework_interfaces__rosidl_typesupport_fastrtps_cpp.so
[2.118s] -- Set runtime path of "/home/dakota/.local/repos/control_framework/install/control_framework_interfaces/lib/libcontrol_framework_interfaces__rosidl_typesupport_fastrtps_cpp.so" to ""
[2.118s] -- Up-to-date: /home/dakota/.local/repos/control_framework/install/control_framework_interfaces/include/control_framework_interfaces/control_framework_interfaces
[2.118s] -- Up-to-date: /home/dakota/.local/repos/control_framework/install/control_framework_interfaces/include/control_framework_interfaces/control_framework_interfaces/srv
[2.118s] -- Up-to-date: /home/dakota/.local/repos/control_framework/install/control_framework_interfaces/include/control_framework_interfaces/control_framework_interfaces/srv/detail
[2.118s] -- Installing: /home/dakota/.local/repos/control_framework/install/control_framework_interfaces/include/control_framework_interfaces/control_framework_interfaces/srv/detail/reset_record__type_support.cpp
[2.118s] -- Installing: /home/dakota/.local/repos/control_framework/install/control_framework_interfaces/include/control_framework_interfaces/control_framework_interfaces/srv/detail/reset_record__rosidl_typesupport_introspection_cpp.hpp
[2.118s] -- Installing: /home/dakota/.local/repos/control_framework/install/control_framework_interfaces/include/control_framework_interfaces/control_framework_interfaces/srv/detail/controller_select__rosidl_typesupport_introspection_cpp.hpp
[2.118s] -- Installing: /home/dakota/.local/repos/control_framework/install/control_framework_interfaces/include/control_framework_interfaces/control_framework_interfaces/srv/detail/init_state__rosidl_typesupport_introspection_cpp.hpp
[2.118s] -- Installing: /home/dakota/.local/repos/control_framework/install/control_framework_interfaces/include/control_framework_interfaces/control_framework_interfaces/srv/detail/init_state__type_support.cpp
[2.118s] -- Installing: /home/dakota/.local/repos/control_framework/install/control_framework_interfaces/include/control_framework_interfaces/control_framework_interfaces/srv/detail/controller_select__type_support.cpp
[2.118s] -- Up-to-date: /home/dakota/.local/repos/control_framework/install/control_framework_interfaces/include/control_framework_interfaces/control_framework_interfaces/msg
[2.118s] -- Up-to-date: /home/dakota/.local/repos/control_framework/install/control_framework_interfaces/include/control_framework_interfaces/control_framework_interfaces/msg/detail
[2.118s] -- Installing: /home/dakota/.local/repos/control_framework/install/control_framework_interfaces/include/control_framework_interfaces/control_framework_interfaces/msg/detail/control_input__rosidl_typesupport_introspection_cpp.hpp
[2.118s] -- Installing: /home/dakota/.local/repos/control_framework/install/control_framework_interfaces/include/control_framework_interfaces/control_framework_interfaces/msg/detail/joint_state__type_support.cpp
[2.118s] -- Installing: /home/dakota/.local/repos/control_framework/install/control_framework_interfaces/include/control_framework_interfaces/control_framework_interfaces/msg/detail/joint_state__rosidl_typesupport_introspection_cpp.hpp
[2.118s] -- Installing: /home/dakota/.local/repos/control_framework/install/control_framework_interfaces/include/control_framework_interfaces/control_framework_interfaces/msg/detail/control_input__type_support.cpp
[2.118s] -- Installing: /home/dakota/.local/repos/control_framework/install/control_framework_interfaces/lib/libcontrol_framework_interfaces__rosidl_typesupport_introspection_cpp.so
[2.119s] -- Set runtime path of "/home/dakota/.local/repos/control_framework/install/control_framework_interfaces/lib/libcontrol_framework_interfaces__rosidl_typesupport_introspection_cpp.so" to ""
[2.119s] -- Installing: /home/dakota/.local/repos/control_framework/install/control_framework_interfaces/lib/libcontrol_framework_interfaces__rosidl_typesupport_cpp.so
[2.119s] -- Set runtime path of "/home/dakota/.local/repos/control_framework/install/control_framework_interfaces/lib/libcontrol_framework_interfaces__rosidl_typesupport_cpp.so" to ""
[2.119s] -- Up-to-date: /home/dakota/.local/repos/control_framework/install/control_framework_interfaces/share/control_framework_interfaces/environment/pythonpath.sh
[2.119s] -- Installing: /home/dakota/.local/repos/control_framework/install/control_framework_interfaces/share/control_framework_interfaces/environment/pythonpath.dsv
[2.119s] -- Up-to-date: /home/dakota/.local/repos/control_framework/install/control_framework_interfaces/local/lib/python3.10/dist-packages/control_framework_interfaces-0.0.0-py3.10.egg-info
[2.119s] -- Installing: /home/dakota/.local/repos/control_framework/install/control_framework_interfaces/local/lib/python3.10/dist-packages/control_framework_interfaces-0.0.0-py3.10.egg-info/PKG-INFO
[2.119s] -- Installing: /home/dakota/.local/repos/control_framework/install/control_framework_interfaces/local/lib/python3.10/dist-packages/control_framework_interfaces-0.0.0-py3.10.egg-info/top_level.txt
[2.119s] -- Installing: /home/dakota/.local/repos/control_framework/install/control_framework_interfaces/local/lib/python3.10/dist-packages/control_framework_interfaces-0.0.0-py3.10.egg-info/dependency_links.txt
[2.119s] -- Installing: /home/dakota/.local/repos/control_framework/install/control_framework_interfaces/local/lib/python3.10/dist-packages/control_framework_interfaces-0.0.0-py3.10.egg-info/SOURCES.txt
[2.119s] -- Up-to-date: /home/dakota/.local/repos/control_framework/install/control_framework_interfaces/local/lib/python3.10/dist-packages/control_framework_interfaces
[2.119s] -- Installing: /home/dakota/.local/repos/control_framework/install/control_framework_interfaces/local/lib/python3.10/dist-packages/control_framework_interfaces/_control_framework_interfaces_s.ep.rosidl_typesupport_introspection_c.c
[2.119s] -- Up-to-date: /home/dakota/.local/repos/control_framework/install/control_framework_interfaces/local/lib/python3.10/dist-packages/control_framework_interfaces/srv
[2.119s] -- Installing: /home/dakota/.local/repos/control_framework/install/control_framework_interfaces/local/lib/python3.10/dist-packages/control_framework_interfaces/srv/_reset_record.py
[2.119s] -- Installing: /home/dakota/.local/repos/control_framework/install/control_framework_interfaces/local/lib/python3.10/dist-packages/control_framework_interfaces/srv/_reset_record_s.c
[2.119s] -- Installing: /home/dakota/.local/repos/control_framework/install/control_framework_interfaces/local/lib/python3.10/dist-packages/control_framework_interfaces/srv/_controller_select_s.c
[2.119s] -- Installing: /home/dakota/.local/repos/control_framework/install/control_framework_interfaces/local/lib/python3.10/dist-packages/control_framework_interfaces/srv/_controller_select.py
[2.119s] -- Installing: /home/dakota/.local/repos/control_framework/install/control_framework_interfaces/local/lib/python3.10/dist-packages/control_framework_interfaces/srv/__init__.py
[2.119s] -- Installing: /home/dakota/.local/repos/control_framework/install/control_framework_interfaces/local/lib/python3.10/dist-packages/control_framework_interfaces/srv/_init_state_s.c
[2.119s] -- Installing: /home/dakota/.local/repos/control_framework/install/control_framework_interfaces/local/lib/python3.10/dist-packages/control_framework_interfaces/srv/_init_state.py
[2.119s] -- Installing: /home/dakota/.local/repos/control_framework/install/control_framework_interfaces/local/lib/python3.10/dist-packages/control_framework_interfaces/control_framework_interfaces_s__rosidl_typesupport_fastrtps_c.cpython-310-x86_64-linux-gnu.so
[2.120s] -- Installing: /home/dakota/.local/repos/control_framework/install/control_framework_interfaces/local/lib/python3.10/dist-packages/control_framework_interfaces/libcontrol_framework_interfaces__rosidl_generator_py.so
[2.120s] -- Installing: /home/dakota/.local/repos/control_framework/install/control_framework_interfaces/local/lib/python3.10/dist-packages/control_framework_interfaces/control_framework_interfaces_s__rosidl_typesupport_introspection_c.cpython-310-x86_64-linux-gnu.so
[2.120s] -- Up-to-date: /home/dakota/.local/repos/control_framework/install/control_framework_interfaces/local/lib/python3.10/dist-packages/control_framework_interfaces/msg
[2.120s] -- Installing: /home/dakota/.local/repos/control_framework/install/control_framework_interfaces/local/lib/python3.10/dist-packages/control_framework_interfaces/msg/_joint_state.py
[2.120s] -- Installing: /home/dakota/.local/repos/control_framework/install/control_framework_interfaces/local/lib/python3.10/dist-packages/control_framework_interfaces/msg/_joint_state_s.c
[2.120s] -- Installing: /home/dakota/.local/repos/control_framework/install/control_framework_interfaces/local/lib/python3.10/dist-packages/control_framework_interfaces/msg/_control_input.py
[2.120s] -- Installing: /home/dakota/.local/repos/control_framework/install/control_framework_interfaces/local/lib/python3.10/dist-packages/control_framework_interfaces/msg/__init__.py
[2.120s] -- Installing: /home/dakota/.local/repos/control_framework/install/control_framework_interfaces/local/lib/python3.10/dist-packages/control_framework_interfaces/msg/_control_input_s.c
[2.120s] -- Installing: /home/dakota/.local/repos/control_framework/install/control_framework_interfaces/local/lib/python3.10/dist-packages/control_framework_interfaces/control_framework_interfaces_s__rosidl_typesupport_c.cpython-310-x86_64-linux-gnu.so
[2.120s] -- Installing: /home/dakota/.local/repos/control_framework/install/control_framework_interfaces/local/lib/python3.10/dist-packages/control_framework_interfaces/__init__.py
[2.120s] -- Installing: /home/dakota/.local/repos/control_framework/install/control_framework_interfaces/local/lib/python3.10/dist-packages/control_framework_interfaces/_control_framework_interfaces_s.ep.rosidl_typesupport_c.c
[2.120s] -- Installing: /home/dakota/.local/repos/control_framework/install/control_framework_interfaces/local/lib/python3.10/dist-packages/control_framework_interfaces/_control_framework_interfaces_s.ep.rosidl_typesupport_fastrtps_c.c
[2.141s] Listing '/home/dakota/.local/repos/control_framework/install/control_framework_interfaces/local/lib/python3.10/dist-packages/control_framework_interfaces'...
[2.141s] Compiling '/home/dakota/.local/repos/control_framework/install/control_framework_interfaces/local/lib/python3.10/dist-packages/control_framework_interfaces/__init__.py'...
[2.141s] Listing '/home/dakota/.local/repos/control_framework/install/control_framework_interfaces/local/lib/python3.10/dist-packages/control_framework_interfaces/msg'...
[2.141s] Compiling '/home/dakota/.local/repos/control_framework/install/control_framework_interfaces/local/lib/python3.10/dist-packages/control_framework_interfaces/msg/__init__.py'...
[2.141s] Compiling '/home/dakota/.local/repos/control_framework/install/control_framework_interfaces/local/lib/python3.10/dist-packages/control_framework_interfaces/msg/_control_input.py'...
[2.141s] Compiling '/home/dakota/.local/repos/control_framework/install/control_framework_interfaces/local/lib/python3.10/dist-packages/control_framework_interfaces/msg/_joint_state.py'...
[2.141s] Listing '/home/dakota/.local/repos/control_framework/install/control_framework_interfaces/local/lib/python3.10/dist-packages/control_framework_interfaces/srv'...
[2.141s] Compiling '/home/dakota/.local/repos/control_framework/install/control_framework_interfaces/local/lib/python3.10/dist-packages/control_framework_interfaces/srv/__init__.py'...
[2.141s] Compiling '/home/dakota/.local/repos/control_framework/install/control_framework_interfaces/local/lib/python3.10/dist-packages/control_framework_interfaces/srv/_controller_select.py'...
[2.141s] Compiling '/home/dakota/.local/repos/control_framework/install/control_framework_interfaces/local/lib/python3.10/dist-packages/control_framework_interfaces/srv/_init_state.py'...
[2.141s] Compiling '/home/dakota/.local/repos/control_framework/install/control_framework_interfaces/local/lib/python3.10/dist-packages/control_framework_interfaces/srv/_reset_record.py'...
[2.143s] -- Installing: /home/dakota/.local/repos/control_framework/install/control_framework_interfaces/local/lib/python3.10/dist-packages/control_framework_interfaces/control_framework_interfaces_s__rosidl_typesupport_fastrtps_c.cpython-310-x86_64-linux-gnu.so
[2.143s] -- Set runtime path of "/home/dakota/.local/repos/control_framework/install/control_framework_interfaces/local/lib/python3.10/dist-packages/control_framework_interfaces/control_framework_interfaces_s__rosidl_typesupport_fastrtps_c.cpython-310-x86_64-linux-gnu.so" to ""
[2.143s] -- Installing: /home/dakota/.local/repos/control_framework/install/control_framework_interfaces/local/lib/python3.10/dist-packages/control_framework_interfaces/control_framework_interfaces_s__rosidl_typesupport_introspection_c.cpython-310-x86_64-linux-gnu.so
[2.143s] -- Set runtime path of "/home/dakota/.local/repos/control_framework/install/control_framework_interfaces/local/lib/python3.10/dist-packages/control_framework_interfaces/control_framework_interfaces_s__rosidl_typesupport_introspection_c.cpython-310-x86_64-linux-gnu.so" to ""
[2.144s] -- Installing: /home/dakota/.local/repos/control_framework/install/control_framework_interfaces/local/lib/python3.10/dist-packages/control_framework_interfaces/control_framework_interfaces_s__rosidl_typesupport_c.cpython-310-x86_64-linux-gnu.so
[2.144s] -- Set runtime path of "/home/dakota/.local/repos/control_framework/install/control_framework_interfaces/local/lib/python3.10/dist-packages/control_framework_interfaces/control_framework_interfaces_s__rosidl_typesupport_c.cpython-310-x86_64-linux-gnu.so" to ""
[2.144s] -- Installing: /home/dakota/.local/repos/control_framework/install/control_framework_interfaces/lib/libcontrol_framework_interfaces__rosidl_generator_py.so
[2.144s] -- Set runtime path of "/home/dakota/.local/repos/control_framework/install/control_framework_interfaces/lib/libcontrol_framework_interfaces__rosidl_generator_py.so" to ""
[2.144s] -- Up-to-date: /home/dakota/.local/repos/control_framework/install/control_framework_interfaces/share/ament_index/resource_index/rust_packages/control_framework_interfaces
[2.144s] -- Up-to-date: /home/dakota/.local/repos/control_framework/install/control_framework_interfaces/share/control_framework_interfaces/rust
[2.144s] -- Up-to-date: /home/dakota/.local/repos/control_framework/install/control_framework_interfaces/share/control_framework_interfaces/rust/src
[2.144s] -- Installing: /home/dakota/.local/repos/control_framework/install/control_framework_interfaces/share/control_framework_interfaces/rust/src/lib.rs
[2.144s] -- Up-to-date: /home/dakota/.local/repos/control_framework/install/control_framework_interfaces/share/control_framework_interfaces/rust/src/srv
[2.144s] -- Installing: /home/dakota/.local/repos/control_framework/install/control_framework_interfaces/share/control_framework_interfaces/rust/src/srv/rmw.rs
[2.144s] -- Installing: /home/dakota/.local/repos/control_framework/install/control_framework_interfaces/share/control_framework_interfaces/rust/src/srv.rs
[2.144s] -- Up-to-date: /home/dakota/.local/repos/control_framework/install/control_framework_interfaces/share/control_framework_interfaces/rust/src/msg
[2.144s] -- Installing: /home/dakota/.local/repos/control_framework/install/control_framework_interfaces/share/control_framework_interfaces/rust/src/msg/rmw.rs
[2.144s] -- Installing: /home/dakota/.local/repos/control_framework/install/control_framework_interfaces/share/control_framework_interfaces/rust/src/msg.rs
[2.144s] -- Installing: /home/dakota/.local/repos/control_framework/install/control_framework_interfaces/share/control_framework_interfaces/rust/build.rs
[2.144s] -- Installing: /home/dakota/.local/repos/control_framework/install/control_framework_interfaces/share/control_framework_interfaces/rust/Cargo.toml
[2.144s] -- Installing: /home/dakota/.local/repos/control_framework/install/control_framework_interfaces/share/control_framework_interfaces/msg/ControlInput.idl
[2.145s] -- Up-to-date: /home/dakota/.local/repos/control_framework/install/control_framework_interfaces/share/control_framework_interfaces/msg/JointState.idl
[2.145s] -- Up-to-date: /home/dakota/.local/repos/control_framework/install/control_framework_interfaces/share/control_framework_interfaces/srv/InitState.idl
[2.145s] -- Up-to-date: /home/dakota/.local/repos/control_framework/install/control_framework_interfaces/share/control_framework_interfaces/srv/ResetRecord.idl
[2.145s] -- Up-to-date: /home/dakota/.local/repos/control_framework/install/control_framework_interfaces/share/control_framework_interfaces/srv/ControllerSelect.idl
[2.145s] -- Installing: /home/dakota/.local/repos/control_framework/install/control_framework_interfaces/share/control_framework_interfaces/msg/ControlInput.msg
[2.145s] -- Up-to-date: /home/dakota/.local/repos/control_framework/install/control_framework_interfaces/share/control_framework_interfaces/msg/JointState.msg
[2.145s] -- Up-to-date: /home/dakota/.local/repos/control_framework/install/control_framework_interfaces/share/control_framework_interfaces/srv/InitState.srv
[2.145s] -- Up-to-date: /home/dakota/.local/repos/control_framework/install/control_framework_interfaces/share/control_framework_interfaces/srv/InitState_Request.msg
[2.145s] -- Up-to-date: /home/dakota/.local/repos/control_framework/install/control_framework_interfaces/share/control_framework_interfaces/srv/InitState_Response.msg
[2.145s] -- Up-to-date: /home/dakota/.local/repos/control_framework/install/control_framework_interfaces/share/control_framework_interfaces/srv/ResetRecord.srv
[2.145s] -- Up-to-date: /home/dakota/.local/repos/control_framework/install/control_framework_interfaces/share/control_framework_interfaces/srv/ResetRecord_Request.msg
[2.145s] -- Up-to-date: /home/dakota/.local/repos/control_framework/install/control_framework_interfaces/share/control_framework_interfaces/srv/ResetRecord_Response.msg
[2.145s] -- Up-to-date: /home/dakota/.local/repos/control_framework/install/control_framework_interfaces/share/control_framework_interfaces/srv/ControllerSelect.srv
[2.145s] -- Up-to-date: /home/dakota/.local/repos/control_framework/install/control_framework_interfaces/share/control_framework_interfaces/srv/ControllerSelect_Request.msg
[2.145s] -- Up-to-date: /home/dakota/.local/repos/control_framework/install/control_framework_interfaces/share/control_framework_interfaces/srv/ControllerSelect_Response.msg
[2.145s] -- Up-to-date: /home/dakota/.local/repos/control_framework/install/control_framework_interfaces/share/ament_index/resource_index/package_run_dependencies/control_framework_interfaces
[2.145s] -- Up-to-date: /home/dakota/.local/repos/control_framework/install/control_framework_interfaces/share/ament_index/resource_index/parent_prefix_path/control_framework_interfaces
[2.145s] -- Up-to-date: /home/dakota/.local/repos/control_framework/install/control_framework_interfaces/share/control_framework_interfaces/environment/ament_prefix_path.sh
[2.145s] -- Installing: /home/dakota/.local/repos/control_framework/install/control_framework_interfaces/share/control_framework_interfaces/environment/ament_prefix_path.dsv
[2.145s] -- Up-to-date: /home/dakota/.local/repos/control_framework/install/control_framework_interfaces/share/control_framework_interfaces/environment/path.sh
[2.145s] -- Installing: /home/dakota/.local/repos/control_framework/install/control_framework_interfaces/share/control_framework_interfaces/environment/path.dsv
[2.145s] -- Up-to-date: /home/dakota/.local/repos/control_framework/install/control_framework_interfaces/share/control_framework_interfaces/local_setup.bash
[2.145s] -- Up-to-date: /home/dakota/.local/repos/control_framework/install/control_framework_interfaces/share/control_framework_interfaces/local_setup.sh
[2.145s] -- Up-to-date: /home/dakota/.local/repos/control_framework/install/control_framework_interfaces/share/control_framework_interfaces/local_setup.zsh
[2.145s] -- Installing: /home/dakota/.local/repos/control_framework/install/control_framework_interfaces/share/control_framework_interfaces/local_setup.dsv
[2.145s] -- Installing: /home/dakota/.local/repos/control_framework/install/control_framework_interfaces/share/control_framework_interfaces/package.dsv
[2.145s] -- Up-to-date: /home/dakota/.local/repos/control_framework/install/control_framework_interfaces/share/ament_index/resource_index/packages/control_framework_interfaces
[2.145s] -- Up-to-date: /home/dakota/.local/repos/control_framework/install/control_framework_interfaces/share/control_framework_interfaces/cmake/export_control_framework_interfaces__rosidl_generator_cExport.cmake
[2.145s] -- Up-to-date: /home/dakota/.local/repos/control_framework/install/control_framework_interfaces/share/control_framework_interfaces/cmake/export_control_framework_interfaces__rosidl_generator_cExport-noconfig.cmake
[2.145s] -- Up-to-date: /home/dakota/.local/repos/control_framework/install/control_framework_interfaces/share/control_framework_interfaces/cmake/export_control_framework_interfaces__rosidl_typesupport_fastrtps_cExport.cmake
[2.145s] -- Up-to-date: /home/dakota/.local/repos/control_framework/install/control_framework_interfaces/share/control_framework_interfaces/cmake/export_control_framework_interfaces__rosidl_typesupport_fastrtps_cExport-noconfig.cmake
[2.146s] -- Up-to-date: /home/dakota/.local/repos/control_framework/install/control_framework_interfaces/share/control_framework_interfaces/cmake/control_framework_interfaces__rosidl_typesupport_introspection_cExport.cmake
[2.146s] -- Up-to-date: /home/dakota/.local/repos/control_framework/install/control_framework_interfaces/share/control_framework_interfaces/cmake/control_framework_interfaces__rosidl_typesupport_introspection_cExport-noconfig.cmake
[2.146s] -- Up-to-date: /home/dakota/.local/repos/control_framework/install/control_framework_interfaces/share/control_framework_interfaces/cmake/control_framework_interfaces__rosidl_typesupport_cExport.cmake
[2.146s] -- Up-to-date: /home/dakota/.local/repos/control_framework/install/control_framework_interfaces/share/control_framework_interfaces/cmake/control_framework_interfaces__rosidl_typesupport_cExport-noconfig.cmake
[2.146s] -- Up-to-date: /home/dakota/.local/repos/control_framework/install/control_framework_interfaces/share/control_framework_interfaces/cmake/export_control_framework_interfaces__rosidl_generator_cppExport.cmake
[2.146s] -- Up-to-date: /home/dakota/.local/repos/control_framework/install/control_framework_interfaces/share/control_framework_interfaces/cmake/export_control_framework_interfaces__rosidl_typesupport_fastrtps_cppExport.cmake
[2.146s] -- Up-to-date: /home/dakota/.local/repos/control_framework/install/control_framework_interfaces/share/control_framework_interfaces/cmake/export_control_framework_interfaces__rosidl_typesupport_fastrtps_cppExport-noconfig.cmake
[2.146s] -- Up-to-date: /home/dakota/.local/repos/control_framework/install/control_framework_interfaces/share/control_framework_interfaces/cmake/control_framework_interfaces__rosidl_typesupport_introspection_cppExport.cmake
[2.146s] -- Up-to-date: /home/dakota/.local/repos/control_framework/install/control_framework_interfaces/share/control_framework_interfaces/cmake/control_framework_interfaces__rosidl_typesupport_introspection_cppExport-noconfig.cmake
[2.146s] -- Up-to-date: /home/dakota/.local/repos/control_framework/install/control_framework_interfaces/share/control_framework_interfaces/cmake/control_framework_interfaces__rosidl_typesupport_cppExport.cmake
[2.146s] -- Up-to-date: /home/dakota/.local/repos/control_framework/install/control_framework_interfaces/share/control_framework_interfaces/cmake/control_framework_interfaces__rosidl_typesupport_cppExport-noconfig.cmake
[2.147s] -- Up-to-date: /home/dakota/.local/repos/control_framework/install/control_framework_interfaces/share/control_framework_interfaces/cmake/export_control_framework_interfaces__rosidl_generator_pyExport.cmake
[2.147s] -- Up-to-date: /home/dakota/.local/repos/control_framework/install/control_framework_interfaces/share/control_framework_interfaces/cmake/export_control_framework_interfaces__rosidl_generator_pyExport-noconfig.cmake
[2.147s] -- Up-to-date: /home/dakota/.local/repos/control_framework/install/control_framework_interfaces/share/control_framework_interfaces/cmake/rosidl_cmake-extras.cmake
[2.147s] -- Up-to-date: /home/dakota/.local/repos/control_framework/install/control_framework_interfaces/share/control_framework_interfaces/cmake/ament_cmake_export_include_directories-extras.cmake
[2.147s] -- Up-to-date: /home/dakota/.local/repos/control_framework/install/control_framework_interfaces/share/control_framework_interfaces/cmake/ament_cmake_export_libraries-extras.cmake
[2.147s] -- Up-to-date: /home/dakota/.local/repos/control_framework/install/control_framework_interfaces/share/control_framework_interfaces/cmake/ament_cmake_export_targets-extras.cmake
[2.147s] -- Up-to-date: /home/dakota/.local/repos/control_framework/install/control_framework_interfaces/share/control_framework_interfaces/cmake/rosidl_cmake_export_typesupport_targets-extras.cmake
[2.147s] -- Up-to-date: /home/dakota/.local/repos/control_framework/install/control_framework_interfaces/share/control_framework_interfaces/cmake/ament_cmake_export_dependencies-extras.cmake
[2.147s] -- Up-to-date: /home/dakota/.local/repos/control_framework/install/control_framework_interfaces/share/control_framework_interfaces/cmake/rosidl_cmake_export_typesupport_libraries-extras.cmake
[2.147s] -- Up-to-date: /home/dakota/.local/repos/control_framework/install/control_framework_interfaces/share/control_framework_interfaces/cmake/control_framework_interfacesConfig.cmake
[2.147s] -- Up-to-date: /home/dakota/.local/repos/control_framework/install/control_framework_interfaces/share/control_framework_interfaces/cmake/control_framework_interfacesConfig-version.cmake
[2.147s] -- Up-to-date: /home/dakota/.local/repos/control_framework/install/control_framework_interfaces/share/control_framework_interfaces/package.xml
[2.148s] Invoked command in '/home/dakota/.local/repos/control_framework/build/control_framework_interfaces' returned '0': CMAKE_PREFIX_PATH=${CMAKE_PREFIX_PATH}:/opt/ros/humble /usr/bin/cmake --install /home/dakota/.local/repos/control_framework/build/control_framework_interfaces
