[  1%] Built target control_framework_interfaces__rs
[  5%] Built target control_framework_interfaces__cpp
[ 14%] Built target control_framework_interfaces__rosidl_generator_c
[ 14%] Built target ament_cmake_python_copy_control_framework_interfaces
[ 25%] Built target control_framework_interfaces__rosidl_typesupport_introspection_cpp
[ 35%] Built target control_framework_interfaces__rosidl_typesupport_cpp
[ 46%] Built target control_framework_interfaces__rosidl_typesupport_fastrtps_cpp
[ 57%] Built target control_framework_interfaces__rosidl_typesupport_c
[ 67%] Built target control_framework_interfaces__rosidl_typesupport_introspection_c
[ 78%] Built target control_framework_interfaces__rosidl_typesupport_fastrtps_c
[ 78%] Built target control_framework_interfaces
[ 80%] Built target control_framework_interfaces__py
[ 89%] Built target control_framework_interfaces__rosidl_generator_py
[ 92%] Built target control_framework_interfaces__rosidl_typesupport_fastrtps_c__pyext
[ 96%] Built target control_framework_interfaces__rosidl_typesupport_introspection_c__pyext
[100%] Built target control_framework_interfaces__rosidl_typesupport_c__pyext
running egg_info
writing control_framework_interfaces.egg-info/PKG-INFO
writing dependency_links to control_framework_interfaces.egg-info/dependency_links.txt
writing top-level names to control_framework_interfaces.egg-info/top_level.txt
reading manifest file 'control_framework_interfaces.egg-info/SOURCES.txt'
writing manifest file 'control_framework_interfaces.egg-info/SOURCES.txt'
[100%] Built target ament_cmake_python_build_control_framework_interfaces_egg
