gmake[2]: *** No rule to make target '/usr/local/lib/libmujoco.so', needed by 'lockstep_sim'.  Stop.
gmake[2]: *** Waiting for unfinished jobs....
[01m[K/home/dakota/.local/repos/control_framework/src/lockstep_sim/src/main_parallel.cpp:1:10:[m[K [01;31m[Kfatal error: [m[K../include/lockstep_sim/parallel_sim.hpp: No such file or directory
    1 | #include [01;31m[K"../include/lockstep_sim/parallel_sim.hpp"[m[K
      |          [01;31m[K^~~~~~~~~~~~~~~~~~~~~~~~~~~~~~~~~~~~~~~~~~[m[K
compilation terminated.
gmake[2]: *** [CMakeFiles/parallel_sim.dir/build.make:76: CMakeFiles/parallel_sim.dir/src/main_parallel.cpp.o] Error 1
gmake[2]: *** Waiting for unfinished jobs....
In file included from [01m[K/home/dakota/.local/repos/control_framework/src/lockstep_sim/src/render.cpp:1[m[K:
[01m[K/home/dakota/.local/repos/control_framework/src/lockstep_sim/src/../include/sim/render.hpp:5:10:[m[K [01;31m[Kfatal error: [m[Kmujoco/mujoco.h: No such file or directory
    5 | #include [01;31m[K"mujoco/mujoco.h"[m[K
      |          [01;31m[K^~~~~~~~~~~~~~~~~[m[K
compilation terminated.
gmake[2]: *** [CMakeFiles/parallel_sim.dir/build.make:118: CMakeFiles/parallel_sim.dir/src/render.cpp.o] Error 1
In file included from [01m[K/home/dakota/.local/repos/control_framework/src/lockstep_sim/src/render.cpp:1[m[K:
[01m[K/home/dakota/.local/repos/control_framework/src/lockstep_sim/src/../include/sim/render.hpp:5:10:[m[K [01;31m[Kfatal error: [m[Kmujoco/mujoco.h: No such file or directory
    5 | #include [01;31m[K"mujoco/mujoco.h"[m[K
      |          [01;31m[K^~~~~~~~~~~~~~~~~[m[K
compilation terminated.
gmake[2]: *** [CMakeFiles/lockstep_sim.dir/build.make:118: CMakeFiles/lockstep_sim.dir/src/render.cpp.o] Error 1
In file included from [01m[K/home/dakota/.local/repos/control_framework/src/lockstep_sim/src/../include/sim/parallel_sim.hpp:4[m[K,
                 from [01m[K/home/dakota/.local/repos/control_framework/src/lockstep_sim/src/parallel_sim.cpp:2[m[K:
[01m[K/home/dakota/.local/repos/control_framework/src/lockstep_sim/src/../include/sim/sim.hpp:10:10:[m[K [01;31m[Kfatal error: [m[Kmujoco/mujoco.h: No such file or directory
   10 | #include [01;31m[K"mujoco/mujoco.h"[m[K
      |          [01;31m[K^~~~~~~~~~~~~~~~~[m[K
compilation terminated.
gmake[2]: *** [CMakeFiles/parallel_sim.dir/build.make:90: CMakeFiles/parallel_sim.dir/src/parallel_sim.cpp.o] Error 1
In file included from [01m[K/home/dakota/.local/repos/control_framework/src/lockstep_sim/src/sim.cpp:1[m[K:
[01m[K/home/dakota/.local/repos/control_framework/src/lockstep_sim/src/../include/sim/sim.hpp:10:10:[m[K [01;31m[Kfatal error: [m[Kmujoco/mujoco.h: No such file or directory
   10 | #include [01;31m[K"mujoco/mujoco.h"[m[K
      |          [01;31m[K^~~~~~~~~~~~~~~~~[m[K
compilation terminated.
gmake[2]: *** [CMakeFiles/parallel_sim.dir/build.make:104: CMakeFiles/parallel_sim.dir/src/sim.cpp.o] Error 1
gmake[1]: *** [CMakeFiles/Makefile2:165: CMakeFiles/parallel_sim.dir/all] Error 2
gmake[1]: *** Waiting for unfinished jobs....
In file included from [01m[K/home/dakota/.local/repos/control_framework/src/lockstep_sim/src/sim.cpp:1[m[K:
[01m[K/home/dakota/.local/repos/control_framework/src/lockstep_sim/src/../include/sim/sim.hpp:10:10:[m[K [01;31m[Kfatal error: [m[Kmujoco/mujoco.h: No such file or directory
   10 | #include [01;31m[K"mujoco/mujoco.h"[m[K
      |          [01;31m[K^~~~~~~~~~~~~~~~~[m[K
compilation terminated.
In file included from [01m[K/home/dakota/.local/repos/control_framework/src/lockstep_sim/src/../include/sim/lockstep_sim.hpp:4[m[K,
                 from [01m[K/home/dakota/.local/repos/control_framework/src/lockstep_sim/src/lockstep_sim.cpp:3[m[K:
[01m[K/home/dakota/.local/repos/control_framework/src/lockstep_sim/src/../include/sim/sim.hpp:10:10:[m[K [01;31m[Kfatal error: [m[Kmujoco/mujoco.h: No such file or directory
   10 | #include [01;31m[K"mujoco/mujoco.h"[m[K
      |          [01;31m[K^~~~~~~~~~~~~~~~~[m[K
compilation terminated.
gmake[2]: *** [CMakeFiles/lockstep_sim.dir/build.make:104: CMakeFiles/lockstep_sim.dir/src/sim.cpp.o] Error 1
In file included from [01m[K/home/dakota/.local/repos/control_framework/src/lockstep_sim/src/../include/sim/lockstep_sim.hpp:4[m[K,
                 from [01m[K/home/dakota/.local/repos/control_framework/src/lockstep_sim/src/main_lockstep.cpp:4[m[K:
[01m[K/home/dakota/.local/repos/control_framework/src/lockstep_sim/src/../include/sim/sim.hpp:10:10:[m[K [01;31m[Kfatal error: [m[Kmujoco/mujoco.h: No such file or directory
   10 | #include [01;31m[K"mujoco/mujoco.h"[m[K
      |          [01;31m[K^~~~~~~~~~~~~~~~~[m[K
compilation terminated.
gmake[2]: *** [CMakeFiles/lockstep_sim.dir/build.make:90: CMakeFiles/lockstep_sim.dir/src/lockstep_sim.cpp.o] Error 1
gmake[2]: *** [CMakeFiles/lockstep_sim.dir/build.make:76: CMakeFiles/lockstep_sim.dir/src/main_lockstep.cpp.o] Error 1
gmake[1]: *** [CMakeFiles/Makefile2:139: CMakeFiles/lockstep_sim.dir/all] Error 2
gmake: *** [Makefile:146: all] Error 2
