-- Found ament_cmake: 1.3.14 (/opt/ros/humble/share/ament_cmake/cmake)
-- Found rclcpp: 16.0.19 (/opt/ros/humble/share/rclcpp/cmake)
-- Found rosidl_generator_c: 3.1.9 (/opt/ros/humble/share/rosidl_generator_c/cmake)
-- Found rosidl_adapter: 3.1.9 (/opt/ros/humble/share/rosidl_adapter/cmake)
-- Found rosidl_generator_cpp: 3.1.9 (/opt/ros/humble/share/rosidl_generator_cpp/cmake)
-- Using all available rosidl_typesupport_c: rosidl_typesupport_fastrtps_c;rosidl_typesupport_introspection_c
-- Using all available rosidl_typesupport_cpp: rosidl_typesupport_fastrtps_cpp;rosidl_typesupport_introspection_cpp
-- Found rmw_implementation_cmake: 6.1.2 (/opt/ros/humble/share/rmw_implementation_cmake/cmake)
-- Found rmw_fastrtps_cpp: 6.2.10 (/opt/ros/humble/share/rmw_fastrtps_cpp/cmake)
-- Using RMW implementation 'rmw_fastrtps_cpp' as default
-- Found sensor_msgs: 4.9.1 (/opt/ros/humble/share/sensor_msgs/cmake)
-- Found control_framework_interfaces: 0.0.0 (/home/dakota/.local/repos/control_framework/install/control_framework_interfaces/share/control_framework_interfaces/cmake)
-- Found std_srvs: 4.9.1 (/opt/ros/humble/share/std_srvs/cmake)
-- Found controller: 0.0.0 (/home/dakota/.local/repos/control_framework/install/controller/share/controller/cmake)
-- Found ament_lint_auto: 0.12.15 (/opt/ros/humble/share/ament_lint_auto/cmake)
-- Added test 'cppcheck' to perform static code analysis on C / C++ code
-- Configured cppcheck include dirs: 
-- Configured cppcheck exclude dirs and/or files: 
-- Added test 'lint_cmake' to check CMake code style
-- Added test 'uncrustify' to check C / C++ code style
-- Configured uncrustify additional arguments: 
-- Added test 'xmllint' to check XML markup files
-- Configuring done
-- Generating done
-- Build files have been written to: /home/dakota/.local/repos/control_framework/build/sim
[35m[1mConsolidate compiler generated dependencies of target parallel_sim[0m
[35m[1mConsolidate compiler generated dependencies of target lockstep_sim[0m
[ 10%] [32mBuilding CXX object CMakeFiles/parallel_sim.dir/src/main_parallel.cpp.o[0m
[ 20%] [32mBuilding CXX object CMakeFiles/parallel_sim.dir/src/parallel_sim.cpp.o[0m
[ 40%] [32mBuilding CXX object CMakeFiles/parallel_sim.dir/src/render.cpp.o[0m
[ 40%] [32mBuilding CXX object CMakeFiles/parallel_sim.dir/src/sim.cpp.o[0m
gmake[2]: *** No rule to make target '/usr/local/lib/libmujoco.so', needed by 'lockstep_sim'.  Stop.
gmake[2]: *** Waiting for unfinished jobs....
[01m[K/home/dakota/.local/repos/control_framework/src/lockstep_sim/src/main_parallel.cpp:1:10:[m[K [01;31m[Kfatal error: [m[K../include/lockstep_sim/parallel_sim.hpp: No such file or directory
    1 | #include [01;31m[K"../include/lockstep_sim/parallel_sim.hpp"[m[K
      |          [01;31m[K^~~~~~~~~~~~~~~~~~~~~~~~~~~~~~~~~~~~~~~~~~[m[K
compilation terminated.
gmake[2]: *** [CMakeFiles/parallel_sim.dir/build.make:76: CMakeFiles/parallel_sim.dir/src/main_parallel.cpp.o] Error 1
gmake[2]: *** Waiting for unfinished jobs....
[ 50%] [32mBuilding CXX object CMakeFiles/lockstep_sim.dir/src/lockstep_sim.cpp.o[0m
[ 60%] [32mBuilding CXX object CMakeFiles/lockstep_sim.dir/src/sim.cpp.o[0m
[ 70%] [32mBuilding CXX object CMakeFiles/lockstep_sim.dir/src/render.cpp.o[0m
[ 80%] [32mBuilding CXX object CMakeFiles/lockstep_sim.dir/src/main_lockstep.cpp.o[0m
In file included from [01m[K/home/dakota/.local/repos/control_framework/src/lockstep_sim/src/render.cpp:1[m[K:
[01m[K/home/dakota/.local/repos/control_framework/src/lockstep_sim/src/../include/sim/render.hpp:5:10:[m[K [01;31m[Kfatal error: [m[Kmujoco/mujoco.h: No such file or directory
    5 | #include [01;31m[K"mujoco/mujoco.h"[m[K
      |          [01;31m[K^~~~~~~~~~~~~~~~~[m[K
compilation terminated.
gmake[2]: *** [CMakeFiles/parallel_sim.dir/build.make:118: CMakeFiles/parallel_sim.dir/src/render.cpp.o] Error 1
In file included from [01m[K/home/dakota/.local/repos/control_framework/src/lockstep_sim/src/render.cpp:1[m[K:
[01m[K/home/dakota/.local/repos/control_framework/src/lockstep_sim/src/../include/sim/render.hpp:5:10:[m[K [01;31m[Kfatal error: [m[Kmujoco/mujoco.h: No such file or directory
    5 | #include [01;31m[K"mujoco/mujoco.h"[m[K
      |          [01;31m[K^~~~~~~~~~~~~~~~~[m[K
compilation terminated.
gmake[2]: *** [CMakeFiles/lockstep_sim.dir/build.make:118: CMakeFiles/lockstep_sim.dir/src/render.cpp.o] Error 1
In file included from [01m[K/home/dakota/.local/repos/control_framework/src/lockstep_sim/src/../include/sim/parallel_sim.hpp:4[m[K,
                 from [01m[K/home/dakota/.local/repos/control_framework/src/lockstep_sim/src/parallel_sim.cpp:2[m[K:
[01m[K/home/dakota/.local/repos/control_framework/src/lockstep_sim/src/../include/sim/sim.hpp:10:10:[m[K [01;31m[Kfatal error: [m[Kmujoco/mujoco.h: No such file or directory
   10 | #include [01;31m[K"mujoco/mujoco.h"[m[K
      |          [01;31m[K^~~~~~~~~~~~~~~~~[m[K
compilation terminated.
gmake[2]: *** [CMakeFiles/parallel_sim.dir/build.make:90: CMakeFiles/parallel_sim.dir/src/parallel_sim.cpp.o] Error 1
In file included from [01m[K/home/dakota/.local/repos/control_framework/src/lockstep_sim/src/sim.cpp:1[m[K:
[01m[K/home/dakota/.local/repos/control_framework/src/lockstep_sim/src/../include/sim/sim.hpp:10:10:[m[K [01;31m[Kfatal error: [m[Kmujoco/mujoco.h: No such file or directory
   10 | #include [01;31m[K"mujoco/mujoco.h"[m[K
      |          [01;31m[K^~~~~~~~~~~~~~~~~[m[K
compilation terminated.
gmake[2]: *** [CMakeFiles/parallel_sim.dir/build.make:104: CMakeFiles/parallel_sim.dir/src/sim.cpp.o] Error 1
gmake[1]: *** [CMakeFiles/Makefile2:165: CMakeFiles/parallel_sim.dir/all] Error 2
gmake[1]: *** Waiting for unfinished jobs....
In file included from [01m[K/home/dakota/.local/repos/control_framework/src/lockstep_sim/src/sim.cpp:1[m[K:
[01m[K/home/dakota/.local/repos/control_framework/src/lockstep_sim/src/../include/sim/sim.hpp:10:10:[m[K [01;31m[Kfatal error: [m[Kmujoco/mujoco.h: No such file or directory
   10 | #include [01;31m[K"mujoco/mujoco.h"[m[K
      |          [01;31m[K^~~~~~~~~~~~~~~~~[m[K
compilation terminated.
In file included from [01m[K/home/dakota/.local/repos/control_framework/src/lockstep_sim/src/../include/sim/lockstep_sim.hpp:4[m[K,
                 from [01m[K/home/dakota/.local/repos/control_framework/src/lockstep_sim/src/lockstep_sim.cpp:3[m[K:
[01m[K/home/dakota/.local/repos/control_framework/src/lockstep_sim/src/../include/sim/sim.hpp:10:10:[m[K [01;31m[Kfatal error: [m[Kmujoco/mujoco.h: No such file or directory
   10 | #include [01;31m[K"mujoco/mujoco.h"[m[K
      |          [01;31m[K^~~~~~~~~~~~~~~~~[m[K
compilation terminated.
gmake[2]: *** [CMakeFiles/lockstep_sim.dir/build.make:104: CMakeFiles/lockstep_sim.dir/src/sim.cpp.o] Error 1
In file included from [01m[K/home/dakota/.local/repos/control_framework/src/lockstep_sim/src/../include/sim/lockstep_sim.hpp:4[m[K,
                 from [01m[K/home/dakota/.local/repos/control_framework/src/lockstep_sim/src/main_lockstep.cpp:4[m[K:
[01m[K/home/dakota/.local/repos/control_framework/src/lockstep_sim/src/../include/sim/sim.hpp:10:10:[m[K [01;31m[Kfatal error: [m[Kmujoco/mujoco.h: No such file or directory
   10 | #include [01;31m[K"mujoco/mujoco.h"[m[K
      |          [01;31m[K^~~~~~~~~~~~~~~~~[m[K
compilation terminated.
gmake[2]: *** [CMakeFiles/lockstep_sim.dir/build.make:90: CMakeFiles/lockstep_sim.dir/src/lockstep_sim.cpp.o] Error 1
gmake[2]: *** [CMakeFiles/lockstep_sim.dir/build.make:76: CMakeFiles/lockstep_sim.dir/src/main_lockstep.cpp.o] Error 1
gmake[1]: *** [CMakeFiles/Makefile2:139: CMakeFiles/lockstep_sim.dir/all] Error 2
gmake: *** [Makefile:146: all] Error 2
