[0.008s] Invoking command in '/home/dakota/.local/repos/control_framework/build/sim': AMENT_PREFIX_PATH=/home/dakota/.local/repos/control_framework/install/controller:/home/dakota/.local/repos/control_framework/install/control_framework_interfaces:${AMENT_PREFIX_PATH} CMAKE_PREFIX_PATH=/home/dakota/.local/repos/control_framework/install/controller:/home/dakota/.local/repos/control_framework/install/control_framework_interfaces:/opt/ros/humble LD_LIBRARY_PATH=/home/dakota/.local/repos/control_framework/install/controller/lib:/home/dakota/.local/repos/control_framework/install/control_framework_interfaces/lib:${LD_LIBRARY_PATH} PYTHONPATH=/home/dakota/.local/repos/control_framework/install/control_framework_interfaces/local/lib/python3.10/dist-packages:${PYTHONPATH} /usr/bin/cmake --build /home/dakota/.local/repos/control_framework/build/sim -- -j24 -l24
[0.024s] -- Found ament_cmake: 1.3.14 (/opt/ros/humble/share/ament_cmake/cmake)
[0.096s] -- Found rclcpp: 16.0.19 (/opt/ros/humble/share/rclcpp/cmake)
[0.107s] -- Found rosidl_generator_c: 3.1.9 (/opt/ros/humble/share/rosidl_generator_c/cmake)
[0.108s] -- Found rosidl_adapter: 3.1.9 (/opt/ros/humble/share/rosidl_adapter/cmake)
[0.111s] -- Found rosidl_generator_cpp: 3.1.9 (/opt/ros/humble/share/rosidl_generator_cpp/cmake)
[0.115s] -- Using all available rosidl_typesupport_c: rosidl_typesupport_fastrtps_c;rosidl_typesupport_introspection_c
[0.121s] -- Using all available rosidl_typesupport_cpp: rosidl_typesupport_fastrtps_cpp;rosidl_typesupport_introspection_cpp
[0.137s] -- Found rmw_implementation_cmake: 6.1.2 (/opt/ros/humble/share/rmw_implementation_cmake/cmake)
[0.137s] -- Found rmw_fastrtps_cpp: 6.2.10 (/opt/ros/humble/share/rmw_fastrtps_cpp/cmake)
[0.201s] -- Using RMW implementation 'rmw_fastrtps_cpp' as default
[0.226s] -- Found sensor_msgs: 4.9.1 (/opt/ros/humble/share/sensor_msgs/cmake)
[0.241s] -- Found control_framework_interfaces: 0.0.0 (/home/dakota/.local/repos/control_framework/install/control_framework_interfaces/share/control_framework_interfaces/cmake)
[0.247s] -- Found std_srvs: 4.9.1 (/opt/ros/humble/share/std_srvs/cmake)
[0.250s] -- Found controller: 0.0.0 (/home/dakota/.local/repos/control_framework/install/controller/share/controller/cmake)
[0.251s] -- Found ament_lint_auto: 0.12.15 (/opt/ros/humble/share/ament_lint_auto/cmake)
[0.291s] -- Added test 'cppcheck' to perform static code analysis on C / C++ code
[0.291s] -- Configured cppcheck include dirs: 
[0.292s] -- Configured cppcheck exclude dirs and/or files: 
[0.292s] -- Added test 'lint_cmake' to check CMake code style
[0.292s] -- Added test 'uncrustify' to check C / C++ code style
[0.292s] -- Configured uncrustify additional arguments: 
[0.292s] -- Added test 'xmllint' to check XML markup files
[0.292s] -- Configuring done
[0.304s] -- Generating done
[0.306s] -- Build files have been written to: /home/dakota/.local/repos/control_framework/build/sim
[0.327s] [35m[1mConsolidate compiler generated dependencies of target parallel_sim[0m
[0.327s] [35m[1mConsolidate compiler generated dependencies of target lockstep_sim[0m
[0.336s] [ 10%] [32mBuilding CXX object CMakeFiles/parallel_sim.dir/src/main_parallel.cpp.o[0m
[0.336s] [ 20%] [32mBuilding CXX object CMakeFiles/parallel_sim.dir/src/parallel_sim.cpp.o[0m
[0.338s] [ 40%] [32mBuilding CXX object CMakeFiles/parallel_sim.dir/src/render.cpp.o[0m
[0.338s] [ 40%] [32mBuilding CXX object CMakeFiles/parallel_sim.dir/src/sim.cpp.o[0m
[0.343s] gmake[2]: *** No rule to make target '/usr/local/lib/libmujoco.so', needed by 'lockstep_sim'.  Stop.
[0.343s] gmake[2]: *** Waiting for unfinished jobs....
[0.343s] [01m[K/home/dakota/.local/repos/control_framework/src/lockstep_sim/src/main_parallel.cpp:1:10:[m[K [01;31m[Kfatal error: [m[K../include/lockstep_sim/parallel_sim.hpp: No such file or directory
[0.343s]     1 | #include [01;31m[K"../include/lockstep_sim/parallel_sim.hpp"[m[K
[0.343s]       |          [01;31m[K^~~~~~~~~~~~~~~~~~~~~~~~~~~~~~~~~~~~~~~~~~[m[K
[0.343s] compilation terminated.
[0.343s] gmake[2]: *** [CMakeFiles/parallel_sim.dir/build.make:76: CMakeFiles/parallel_sim.dir/src/main_parallel.cpp.o] Error 1
[0.343s] gmake[2]: *** Waiting for unfinished jobs....
[0.345s] [ 50%] [32mBuilding CXX object CMakeFiles/lockstep_sim.dir/src/lockstep_sim.cpp.o[0m
[0.345s] [ 60%] [32mBuilding CXX object CMakeFiles/lockstep_sim.dir/src/sim.cpp.o[0m
[0.345s] [ 70%] [32mBuilding CXX object CMakeFiles/lockstep_sim.dir/src/render.cpp.o[0m
[0.346s] [ 80%] [32mBuilding CXX object CMakeFiles/lockstep_sim.dir/src/main_lockstep.cpp.o[0m
[0.358s] In file included from [01m[K/home/dakota/.local/repos/control_framework/src/lockstep_sim/src/render.cpp:1[m[K:
[0.358s] [01m[K/home/dakota/.local/repos/control_framework/src/lockstep_sim/src/../include/sim/render.hpp:5:10:[m[K [01;31m[Kfatal error: [m[Kmujoco/mujoco.h: No such file or directory
[0.358s]     5 | #include [01;31m[K"mujoco/mujoco.h"[m[K
[0.358s]       |          [01;31m[K^~~~~~~~~~~~~~~~~[m[K
[0.358s] compilation terminated.
[0.360s] gmake[2]: *** [CMakeFiles/parallel_sim.dir/build.make:118: CMakeFiles/parallel_sim.dir/src/render.cpp.o] Error 1
[0.366s] In file included from [01m[K/home/dakota/.local/repos/control_framework/src/lockstep_sim/src/render.cpp:1[m[K:
[0.366s] [01m[K/home/dakota/.local/repos/control_framework/src/lockstep_sim/src/../include/sim/render.hpp:5:10:[m[K [01;31m[Kfatal error: [m[Kmujoco/mujoco.h: No such file or directory
[0.366s]     5 | #include [01;31m[K"mujoco/mujoco.h"[m[K
[0.367s]       |          [01;31m[K^~~~~~~~~~~~~~~~~[m[K
[0.367s] compilation terminated.
[0.367s] gmake[2]: *** [CMakeFiles/lockstep_sim.dir/build.make:118: CMakeFiles/lockstep_sim.dir/src/render.cpp.o] Error 1
[0.367s] In file included from [01m[K/home/dakota/.local/repos/control_framework/src/lockstep_sim/src/../include/sim/parallel_sim.hpp:4[m[K,
[0.368s]                  from [01m[K/home/dakota/.local/repos/control_framework/src/lockstep_sim/src/parallel_sim.cpp:2[m[K:
[0.368s] [01m[K/home/dakota/.local/repos/control_framework/src/lockstep_sim/src/../include/sim/sim.hpp:10:10:[m[K [01;31m[Kfatal error: [m[Kmujoco/mujoco.h: No such file or directory
[0.368s]    10 | #include [01;31m[K"mujoco/mujoco.h"[m[K
[0.369s]       |          [01;31m[K^~~~~~~~~~~~~~~~~[m[K
[0.369s] compilation terminated.
[0.369s] gmake[2]: *** [CMakeFiles/parallel_sim.dir/build.make:90: CMakeFiles/parallel_sim.dir/src/parallel_sim.cpp.o] Error 1
[0.371s] In file included from [01m[K/home/dakota/.local/repos/control_framework/src/lockstep_sim/src/sim.cpp:1[m[K:
[0.371s] [01m[K/home/dakota/.local/repos/control_framework/src/lockstep_sim/src/../include/sim/sim.hpp:10:10:[m[K [01;31m[Kfatal error: [m[Kmujoco/mujoco.h: No such file or directory
[0.371s]    10 | #include [01;31m[K"mujoco/mujoco.h"[m[K
[0.371s]       |          [01;31m[K^~~~~~~~~~~~~~~~~[m[K
[0.372s] compilation terminated.
[0.374s] gmake[2]: *** [CMakeFiles/parallel_sim.dir/build.make:104: CMakeFiles/parallel_sim.dir/src/sim.cpp.o] Error 1
[0.378s] gmake[1]: *** [CMakeFiles/Makefile2:165: CMakeFiles/parallel_sim.dir/all] Error 2
[0.378s] gmake[1]: *** Waiting for unfinished jobs....
[0.400s] In file included from [01m[K/home/dakota/.local/repos/control_framework/src/lockstep_sim/src/sim.cpp:1[m[K:
[0.400s] [01m[K/home/dakota/.local/repos/control_framework/src/lockstep_sim/src/../include/sim/sim.hpp:10:10:[m[K [01;31m[Kfatal error: [m[Kmujoco/mujoco.h: No such file or directory
[0.400s]    10 | #include [01;31m[K"mujoco/mujoco.h"[m[K
[0.400s]       |          [01;31m[K^~~~~~~~~~~~~~~~~[m[K
[0.400s] compilation terminated.
[0.401s] In file included from [01m[K/home/dakota/.local/repos/control_framework/src/lockstep_sim/src/../include/sim/lockstep_sim.hpp:4[m[K,
[0.401s]                  from [01m[K/home/dakota/.local/repos/control_framework/src/lockstep_sim/src/lockstep_sim.cpp:3[m[K:
[0.401s] [01m[K/home/dakota/.local/repos/control_framework/src/lockstep_sim/src/../include/sim/sim.hpp:10:10:[m[K [01;31m[Kfatal error: [m[Kmujoco/mujoco.h: No such file or directory
[0.401s]    10 | #include [01;31m[K"mujoco/mujoco.h"[m[K
[0.401s]       |          [01;31m[K^~~~~~~~~~~~~~~~~[m[K
[0.401s] compilation terminated.
[0.401s] gmake[2]: *** [CMakeFiles/lockstep_sim.dir/build.make:104: CMakeFiles/lockstep_sim.dir/src/sim.cpp.o] Error 1
[0.401s] In file included from [01m[K/home/dakota/.local/repos/control_framework/src/lockstep_sim/src/../include/sim/lockstep_sim.hpp:4[m[K,
[0.401s]                  from [01m[K/home/dakota/.local/repos/control_framework/src/lockstep_sim/src/main_lockstep.cpp:4[m[K:
[0.401s] [01m[K/home/dakota/.local/repos/control_framework/src/lockstep_sim/src/../include/sim/sim.hpp:10:10:[m[K [01;31m[Kfatal error: [m[Kmujoco/mujoco.h: No such file or directory
[0.401s]    10 | #include [01;31m[K"mujoco/mujoco.h"[m[K
[0.401s]       |          [01;31m[K^~~~~~~~~~~~~~~~~[m[K
[0.401s] compilation terminated.
[0.402s] gmake[2]: *** [CMakeFiles/lockstep_sim.dir/build.make:90: CMakeFiles/lockstep_sim.dir/src/lockstep_sim.cpp.o] Error 1
[0.402s] gmake[2]: *** [CMakeFiles/lockstep_sim.dir/build.make:76: CMakeFiles/lockstep_sim.dir/src/main_lockstep.cpp.o] Error 1
[0.402s] gmake[1]: *** [CMakeFiles/Makefile2:139: CMakeFiles/lockstep_sim.dir/all] Error 2
[0.402s] gmake: *** [Makefile:146: all] Error 2
[0.407s] Invoked command in '/home/dakota/.local/repos/control_framework/build/sim' returned '2': AMENT_PREFIX_PATH=/home/dakota/.local/repos/control_framework/install/controller:/home/dakota/.local/repos/control_framework/install/control_framework_interfaces:${AMENT_PREFIX_PATH} CMAKE_PREFIX_PATH=/home/dakota/.local/repos/control_framework/install/controller:/home/dakota/.local/repos/control_framework/install/control_framework_interfaces:/opt/ros/humble LD_LIBRARY_PATH=/home/dakota/.local/repos/control_framework/install/controller/lib:/home/dakota/.local/repos/control_framework/install/control_framework_interfaces/lib:${LD_LIBRARY_PATH} PYTHONPATH=/home/dakota/.local/repos/control_framework/install/control_framework_interfaces/local/lib/python3.10/dist-packages:${PYTHONPATH} /usr/bin/cmake --build /home/dakota/.local/repos/control_framework/build/sim -- -j24 -l24
