[0.005s] Invoking command in '/home/dakota/.local/repos/control_framework/build/lockstep_sim': AMENT_PREFIX_PATH=/home/dakota/.local/repos/control_framework/install/control_framework_interfaces:${AMENT_PREFIX_PATH} CMAKE_PREFIX_PATH=/home/dakota/.local/repos/control_framework/install/control_framework_interfaces:/opt/ros/humble LD_LIBRARY_PATH=/home/dakota/.local/repos/control_framework/install/control_framework_interfaces/lib:${LD_LIBRARY_PATH} PYTHONPATH=/home/dakota/.local/repos/control_framework/install/control_framework_interfaces/local/lib/python3.10/dist-packages:${PYTHONPATH} /usr/bin/cmake --build /home/dakota/.local/repos/control_framework/build/lockstep_sim -- -j28 -l28
[0.020s] -- Found ament_cmake: 1.3.14 (/opt/ros/humble/share/ament_cmake/cmake)
[0.083s] -- Found rclcpp: 16.0.19 (/opt/ros/humble/share/rclcpp/cmake)
[0.097s] -- Found rosidl_generator_c: 3.1.8 (/opt/ros/humble/share/rosidl_generator_c/cmake)
[0.098s] -- Found rosidl_adapter: 3.1.8 (/opt/ros/humble/share/rosidl_adapter/cmake)
[0.101s] -- Found rosidl_generator_cpp: 3.1.8 (/opt/ros/humble/share/rosidl_generator_cpp/cmake)
[0.105s] -- Using all available rosidl_typesupport_c: rosidl_typesupport_fastrtps_c;rosidl_typesupport_introspection_c
[0.113s] -- Using all available rosidl_typesupport_cpp: rosidl_typesupport_fastrtps_cpp;rosidl_typesupport_introspection_cpp
[0.128s] -- Found rmw_implementation_cmake: 6.1.2 (/opt/ros/humble/share/rmw_implementation_cmake/cmake)
[0.128s] -- Found rmw_fastrtps_cpp: 6.2.10 (/opt/ros/humble/share/rmw_fastrtps_cpp/cmake)
[0.182s] -- Using RMW implementation 'rmw_fastrtps_cpp' as default
[0.205s] -- Found control_framework_interfaces: 0.0.0 (/home/dakota/.local/repos/control_framework/install/control_framework_interfaces/share/control_framework_interfaces/cmake)
[0.209s] -- Found ament_lint_auto: 0.12.15 (/opt/ros/humble/share/ament_lint_auto/cmake)
[0.243s] -- Added test 'cppcheck' to perform static code analysis on C / C++ code
[0.243s] -- Configured cppcheck include dirs: 
[0.243s] -- Configured cppcheck exclude dirs and/or files: 
[0.243s] -- Added test 'lint_cmake' to check CMake code style
[0.243s] -- Added test 'uncrustify' to check C / C++ code style
[0.243s] -- Configured uncrustify additional arguments: 
[0.243s] -- Added test 'xmllint' to check XML markup files
[0.243s] -- Configuring done
[0.247s] -- Generating done
[0.249s] -- Build files have been written to: /home/dakota/.local/repos/control_framework/build/lockstep_sim
[0.266s] [35m[1mConsolidate compiler generated dependencies of target lockstep_sim[0m
[0.280s] [ 33%] [32m[1mLinking CXX executable lockstep_sim[0m
[0.372s] [100%] Built target lockstep_sim
[0.380s] Invoked command in '/home/dakota/.local/repos/control_framework/build/lockstep_sim' returned '0': AMENT_PREFIX_PATH=/home/dakota/.local/repos/control_framework/install/control_framework_interfaces:${AMENT_PREFIX_PATH} CMAKE_PREFIX_PATH=/home/dakota/.local/repos/control_framework/install/control_framework_interfaces:/opt/ros/humble LD_LIBRARY_PATH=/home/dakota/.local/repos/control_framework/install/control_framework_interfaces/lib:${LD_LIBRARY_PATH} PYTHONPATH=/home/dakota/.local/repos/control_framework/install/control_framework_interfaces/local/lib/python3.10/dist-packages:${PYTHONPATH} /usr/bin/cmake --build /home/dakota/.local/repos/control_framework/build/lockstep_sim -- -j28 -l28
[0.381s] Invoking command in '/home/dakota/.local/repos/control_framework/build/lockstep_sim': AMENT_PREFIX_PATH=/home/dakota/.local/repos/control_framework/install/control_framework_interfaces:${AMENT_PREFIX_PATH} CMAKE_PREFIX_PATH=/home/dakota/.local/repos/control_framework/install/control_framework_interfaces:/opt/ros/humble LD_LIBRARY_PATH=/home/dakota/.local/repos/control_framework/install/control_framework_interfaces/lib:${LD_LIBRARY_PATH} PYTHONPATH=/home/dakota/.local/repos/control_framework/install/control_framework_interfaces/local/lib/python3.10/dist-packages:${PYTHONPATH} /usr/bin/cmake --install /home/dakota/.local/repos/control_framework/build/lockstep_sim
[0.385s] -- Install configuration: ""
[0.385s] -- Installing: /home/dakota/.local/repos/control_framework/install/lockstep_sim/lib/lockstep_sim/lockstep_sim
[0.385s] -- Set runtime path of "/home/dakota/.local/repos/control_framework/install/lockstep_sim/lib/lockstep_sim/lockstep_sim" to ""
[0.386s] -- Up-to-date: /home/dakota/.local/repos/control_framework/install/lockstep_sim/share/lockstep_sim/models
[0.386s] -- Up-to-date: /home/dakota/.local/repos/control_framework/install/lockstep_sim/share/lockstep_sim/models/cart_pole.xml
[0.386s] -- Up-to-date: /home/dakota/.local/repos/control_framework/install/lockstep_sim/share/ament_index/resource_index/package_run_dependencies/lockstep_sim
[0.386s] -- Up-to-date: /home/dakota/.local/repos/control_framework/install/lockstep_sim/share/ament_index/resource_index/parent_prefix_path/lockstep_sim
[0.386s] -- Up-to-date: /home/dakota/.local/repos/control_framework/install/lockstep_sim/share/lockstep_sim/environment/ament_prefix_path.sh
[0.386s] -- Installing: /home/dakota/.local/repos/control_framework/install/lockstep_sim/share/lockstep_sim/environment/ament_prefix_path.dsv
[0.386s] -- Up-to-date: /home/dakota/.local/repos/control_framework/install/lockstep_sim/share/lockstep_sim/environment/path.sh
[0.386s] -- Installing: /home/dakota/.local/repos/control_framework/install/lockstep_sim/share/lockstep_sim/environment/path.dsv
[0.386s] -- Up-to-date: /home/dakota/.local/repos/control_framework/install/lockstep_sim/share/lockstep_sim/local_setup.bash
[0.386s] -- Up-to-date: /home/dakota/.local/repos/control_framework/install/lockstep_sim/share/lockstep_sim/local_setup.sh
[0.386s] -- Up-to-date: /home/dakota/.local/repos/control_framework/install/lockstep_sim/share/lockstep_sim/local_setup.zsh
[0.386s] -- Installing: /home/dakota/.local/repos/control_framework/install/lockstep_sim/share/lockstep_sim/local_setup.dsv
[0.386s] -- Installing: /home/dakota/.local/repos/control_framework/install/lockstep_sim/share/lockstep_sim/package.dsv
[0.386s] -- Up-to-date: /home/dakota/.local/repos/control_framework/install/lockstep_sim/share/ament_index/resource_index/packages/lockstep_sim
[0.386s] -- Up-to-date: /home/dakota/.local/repos/control_framework/install/lockstep_sim/share/lockstep_sim/cmake/lockstep_simConfig.cmake
[0.386s] -- Up-to-date: /home/dakota/.local/repos/control_framework/install/lockstep_sim/share/lockstep_sim/cmake/lockstep_simConfig-version.cmake
[0.387s] -- Up-to-date: /home/dakota/.local/repos/control_framework/install/lockstep_sim/share/lockstep_sim/package.xml
[0.387s] Invoked command in '/home/dakota/.local/repos/control_framework/build/lockstep_sim' returned '0': AMENT_PREFIX_PATH=/home/dakota/.local/repos/control_framework/install/control_framework_interfaces:${AMENT_PREFIX_PATH} CMAKE_PREFIX_PATH=/home/dakota/.local/repos/control_framework/install/control_framework_interfaces:/opt/ros/humble LD_LIBRARY_PATH=/home/dakota/.local/repos/control_framework/install/control_framework_interfaces/lib:${LD_LIBRARY_PATH} PYTHONPATH=/home/dakota/.local/repos/control_framework/install/control_framework_interfaces/local/lib/python3.10/dist-packages:${PYTHONPATH} /usr/bin/cmake --install /home/dakota/.local/repos/control_framework/build/lockstep_sim
