[ 10%] Built target control_framework_interfaces__rosidl_generator_c
[ 12%] Built target control_framework_interfaces__rs
[ 14%] Built target control_framework_interfaces__cpp
[ 14%] Built target ament_cmake_python_copy_control_framework_interfaces
[ 34%] Built target control_framework_interfaces__rosidl_typesupport_introspection_cpp
[ 35%] Built target control_framework_interfaces__rosidl_typesupport_fastrtps_cpp
[ 46%] Built target control_framework_interfaces__rosidl_typesupport_introspection_c
[ 57%] Built target control_framework_interfaces__rosidl_typesupport_c
[ 68%] Built target control_framework_interfaces__rosidl_typesupport_fastrtps_c
[ 79%] Built target control_framework_interfaces__rosidl_typesupport_cpp
[ 79%] Built target control_framework_interfaces
[ 81%] Built target control_framework_interfaces__py
[ 90%] Built target control_framework_interfaces__rosidl_generator_py
[ 93%] Built target control_framework_interfaces__rosidl_typesupport_fastrtps_c__pyext
[ 96%] Built target control_framework_interfaces__rosidl_typesupport_c__pyext
[100%] Built target control_framework_interfaces__rosidl_typesupport_introspection_c__pyext
running egg_info
writing control_framework_interfaces.egg-info/PKG-INFO
writing dependency_links to control_framework_interfaces.egg-info/dependency_links.txt
writing top-level names to control_framework_interfaces.egg-info/top_level.txt
reading manifest file 'control_framework_interfaces.egg-info/SOURCES.txt'
writing manifest file 'control_framework_interfaces.egg-info/SOURCES.txt'
[100%] Built target ament_cmake_python_build_control_framework_interfaces_egg
